[äz[2020-01-15 10:08:13,334] ERROR Metadata response reported invalid topics [topic] (org.apache.kafka.clients.Metadata:274)
‘Êù[2020-01-15 10:08:13,984] ERROR Connection to node 1 (null) failed authentication due to: Authentication failed (org.apache.kafka.clients.NetworkClient:745)
‘Êù[2020-01-15 10:08:14,076] ERROR Connection to node 1 (null) failed authentication due to: Authentication failed (org.apache.kafka.clients.NetworkClient:745)
ı˜´[2020-01-15 10:08:14,037] ERROR Attempt to join group failed due to fatal error: The session timeout is not within the range allowed by the broker (as configured by group.min.session.timeout.ms and group.max.session.timeout.ms). (org.apache.kafka.clients.consumer.internals.AbstractCoordinator:620)
[èv[2020-01-15 10:08:16,416] ERROR Topic authorization failed for topics [topic] (org.apache.kafka.clients.Metadata:281)
ıµË[2020-01-15 10:08:17,400] ERROR Offset commit failed on partition test1-0 at offset 100: The server experienced an unexpected error when processing the request. (org.apache.kafka.clients.consumer.internals.ConsumerCoordinator:1145)
ıƒ—[2020-01-15 10:08:17,559] ERROR Offset commit failed on partition test1-0 at offset 100: The group is rebalancing, so a rejoin is needed. (org.apache.kafka.clients.consumer.internals.ConsumerCoordinator:1145)
¶„¯[2020-01-15 10:08:18,021] ERROR User provided listener org.apache.kafka.clients.consumer.KafkaConsumerTest$7 failed on invocation of onPartitionsAssigned for partitions [test-0] (org.apache.kafka.clients.consumer.internals.ConsumerCoordinator:284)
¶„:java.lang.RuntimeException: Hit partition assign [test-0]
¶„l	at org.apache.kafka.clients.consumer.KafkaConsumerTest$7.onPartitionsAssigned(KafkaConsumerTest.java:1963)
¶„{	at org.apache.kafka.clients.consumer.internals.ConsumerCoordinator.invokePartitionsAssigned(ConsumerCoordinator.java:279)
¶„q	at org.apache.kafka.clients.consumer.internals.ConsumerCoordinator.onJoinComplete(ConsumerCoordinator.java:407)
¶„t	at org.apache.kafka.clients.consumer.internals.AbstractCoordinator.joinGroupIfNeeded(AbstractCoordinator.java:439)
¶„t	at org.apache.kafka.clients.consumer.internals.AbstractCoordinator.ensureActiveGroup(AbstractCoordinator.java:358)
¶„g	at org.apache.kafka.clients.consumer.internals.ConsumerCoordinator.poll(ConsumerCoordinator.java:478)
¶„n	at org.apache.kafka.clients.consumer.KafkaConsumer.updateAssignmentMetadataIfNeeded(KafkaConsumer.java:1273)
¶„ü	at org.apache.kafka.clients.consumer.KafkaConsumerTest.lambda$testUnsubscribeShouldTriggerPartitionsRevokedWithValidGeneration$1(KafkaConsumerTest.java:1165)
¶„4	at org.junit.Assert.assertThrows(Assert.java:1001)
¶„3	at org.junit.Assert.assertThrows(Assert.java:981)
¶„ñ	at org.apache.kafka.clients.consumer.KafkaConsumerTest.testUnsubscribeShouldTriggerPartitionsRevokedWithValidGeneration(KafkaConsumerTest.java:1164)
¶„@	at sun.reflect.NativeMethodAccessorImpl.invoke0(Native Method)
¶„R	at sun.reflect.NativeMethodAccessorImpl.invoke(NativeMethodAccessorImpl.java:62)
¶„Z	at sun.reflect.DelegatingMethodAccessorImpl.invoke(DelegatingMethodAccessorImpl.java:43)
¶„5	at java.lang.reflect.Method.invoke(Method.java:498)
¶„Y	at org.junit.runners.model.FrameworkMethod$1.runReflectiveCall(FrameworkMethod.java:59)
¶„X	at org.junit.internal.runners.model.ReflectiveCallable.run(ReflectiveCallable.java:12)
¶„W	at org.junit.runners.model.FrameworkMethod.invokeExplosively(FrameworkMethod.java:56)
¶„V	at org.junit.internal.runners.statements.InvokeMethod.evaluate(InvokeMethod.java:17)
¶„E	at org.junit.runners.ParentRunner$3.evaluate(ParentRunner.java:306)
¶„Y	at org.junit.runners.BlockJUnit4ClassRunner$1.evaluate(BlockJUnit4ClassRunner.java:100)
¶„B	at org.junit.runners.ParentRunner.runLeaf(ParentRunner.java:366)
¶„W	at org.junit.runners.BlockJUnit4ClassRunner.runChild(BlockJUnit4ClassRunner.java:103)
¶„V	at org.junit.runners.BlockJUnit4ClassRunner.runChild(BlockJUnit4ClassRunner.java:63)
¶„@	at org.junit.runners.ParentRunner$4.run(ParentRunner.java:331)
¶„D	at org.junit.runners.ParentRunner$1.schedule(ParentRunner.java:79)
¶„F	at org.junit.runners.ParentRunner.runChildren(ParentRunner.java:329)
¶„D	at org.junit.runners.ParentRunner.access$100(ParentRunner.java:66)
¶„E	at org.junit.runners.ParentRunner$2.evaluate(ParentRunner.java:293)
¶„E	at org.junit.runners.ParentRunner$3.evaluate(ParentRunner.java:306)
¶„>	at org.junit.runners.ParentRunner.run(ParentRunner.java:413)
¶„u	at org.gradle.api.internal.tasks.testing.junit.JUnitTestClassExecutor.runTestClass(JUnitTestClassExecutor.java:110)
¶„o	at org.gradle.api.internal.tasks.testing.junit.JUnitTestClassExecutor.execute(JUnitTestClassExecutor.java:58)
¶„o	at org.gradle.api.internal.tasks.testing.junit.JUnitTestClassExecutor.execute(JUnitTestClassExecutor.java:38)
¶„ä	at org.gradle.api.internal.tasks.testing.junit.AbstractJUnitTestClassProcessor.processTestClass(AbstractJUnitTestClassProcessor.java:62)
¶„t	at org.gradle.api.internal.tasks.testing.SuiteTestClassProcessor.processTestClass(SuiteTestClassProcessor.java:51)
¶„@	at sun.reflect.NativeMethodAccessorImpl.invoke0(Native Method)
¶„R	at sun.reflect.NativeMethodAccessorImpl.invoke(NativeMethodAccessorImpl.java:62)
¶„Z	at sun.reflect.DelegatingMethodAccessorImpl.invoke(DelegatingMethodAccessorImpl.java:43)
¶„5	at java.lang.reflect.Method.invoke(Method.java:498)
¶„Y	at org.gradle.internal.dispatch.ReflectionDispatch.dispatch(ReflectionDispatch.java:36)
¶„Y	at org.gradle.internal.dispatch.ReflectionDispatch.dispatch(ReflectionDispatch.java:24)
¶„i	at org.gradle.internal.dispatch.ContextClassLoaderDispatch.dispatch(ContextClassLoaderDispatch.java:33)
¶„x	at org.gradle.internal.dispatch.ProxyDispatchAdapter$DispatchingInvocationHandler.invoke(ProxyDispatchAdapter.java:94)
¶„;	at com.sun.proxy.$Proxy2.processTestClass(Unknown Source)
¶„b	at org.gradle.api.internal.tasks.testing.worker.TestWorker.processTestClass(TestWorker.java:118)
¶„@	at sun.reflect.NativeMethodAccessorImpl.invoke0(Native Method)
¶„R	at sun.reflect.NativeMethodAccessorImpl.invoke(NativeMethodAccessorImpl.java:62)
¶„Z	at sun.reflect.DelegatingMethodAccessorImpl.invoke(DelegatingMethodAccessorImpl.java:43)
¶„5	at java.lang.reflect.Method.invoke(Method.java:498)
¶„Y	at org.gradle.internal.dispatch.ReflectionDispatch.dispatch(ReflectionDispatch.java:36)
¶„Y	at org.gradle.internal.dispatch.ReflectionDispatch.dispatch(ReflectionDispatch.java:24)
¶„ë	at org.gradle.internal.remote.internal.hub.MessageHubBackedObjectConnection$DispatchWrapper.dispatch(MessageHubBackedObjectConnection.java:182)
¶„ë	at org.gradle.internal.remote.internal.hub.MessageHubBackedObjectConnection$DispatchWrapper.dispatch(MessageHubBackedObjectConnection.java:164)
¶„X	at org.gradle.internal.remote.internal.hub.MessageHub$Handler.run(MessageHub.java:412)
¶„k	at org.gradle.internal.concurrent.ExecutorPolicy$CatchAndRecordFailures.onExecute(ExecutorPolicy.java:64)
¶„Z	at org.gradle.internal.concurrent.ManagedExecutorImpl$1.run(ManagedExecutorImpl.java:48)
¶„T	at java.util.concurrent.ThreadPoolExecutor.runWorker(ThreadPoolExecutor.java:1149)
¶„T	at java.util.concurrent.ThreadPoolExecutor$Worker.run(ThreadPoolExecutor.java:624)
¶„j	at org.gradle.internal.concurrent.ThreadFactoryImpl$ManagedThreadRunnable.run(ThreadFactoryImpl.java:56)
¶„*	at java.lang.Thread.run(Thread.java:748)
¶„˜[2020-01-15 10:08:18,033] ERROR User provided listener org.apache.kafka.clients.consumer.KafkaConsumerTest$7 failed on invocation of onPartitionsRevoked for partitions [test-0] (org.apache.kafka.clients.consumer.internals.ConsumerCoordinator:303)
¶„:java.lang.RuntimeException: Hit partition revoke [test-0]
¶„k	at org.apache.kafka.clients.consumer.KafkaConsumerTest$7.onPartitionsRevoked(KafkaConsumerTest.java:1958)
¶„z	at org.apache.kafka.clients.consumer.internals.ConsumerCoordinator.invokePartitionsRevoked(ConsumerCoordinator.java:298)
¶„q	at org.apache.kafka.clients.consumer.internals.ConsumerCoordinator.onLeavePrepare(ConsumerCoordinator.java:714)
¶„Y	at org.apache.kafka.clients.consumer.KafkaConsumer.unsubscribe(KafkaConsumer.java:1076)
¶„4	at org.junit.Assert.assertThrows(Assert.java:1001)
¶„3	at org.junit.Assert.assertThrows(Assert.java:981)
¶„ñ	at org.apache.kafka.clients.consumer.KafkaConsumerTest.testUnsubscribeShouldTriggerPartitionsRevokedWithValidGeneration(KafkaConsumerTest.java:1168)
¶„@	at sun.reflect.NativeMethodAccessorImpl.invoke0(Native Method)
¶„R	at sun.reflect.NativeMethodAccessorImpl.invoke(NativeMethodAccessorImpl.java:62)
¶„Z	at sun.reflect.DelegatingMethodAccessorImpl.invoke(DelegatingMethodAccessorImpl.java:43)
¶„5	at java.lang.reflect.Method.invoke(Method.java:498)
¶„Y	at org.junit.runners.model.FrameworkMethod$1.runReflectiveCall(FrameworkMethod.java:59)
¶„X	at org.junit.internal.runners.model.ReflectiveCallable.run(ReflectiveCallable.java:12)
¶„W	at org.junit.runners.model.FrameworkMethod.invokeExplosively(FrameworkMethod.java:56)
¶„V	at org.junit.internal.runners.statements.InvokeMethod.evaluate(InvokeMethod.java:17)
¶„E	at org.junit.runners.ParentRunner$3.evaluate(ParentRunner.java:306)
¶„Y	at org.junit.runners.BlockJUnit4ClassRunner$1.evaluate(BlockJUnit4ClassRunner.java:100)
¶„B	at org.junit.runners.ParentRunner.runLeaf(ParentRunner.java:366)
¶„W	at org.junit.runners.BlockJUnit4ClassRunner.runChild(BlockJUnit4ClassRunner.java:103)
¶„V	at org.junit.runners.BlockJUnit4ClassRunner.runChild(BlockJUnit4ClassRunner.java:63)
¶„@	at org.junit.runners.ParentRunner$4.run(ParentRunner.java:331)
¶„D	at org.junit.runners.ParentRunner$1.schedule(ParentRunner.java:79)
¶„F	at org.junit.runners.ParentRunner.runChildren(ParentRunner.java:329)
¶„D	at org.junit.runners.ParentRunner.access$100(ParentRunner.java:66)
¶„E	at org.junit.runners.ParentRunner$2.evaluate(ParentRunner.java:293)
¶„E	at org.junit.runners.ParentRunner$3.evaluate(ParentRunner.java:306)
¶„>	at org.junit.runners.ParentRunner.run(ParentRunner.java:413)
¶„u	at org.gradle.api.internal.tasks.testing.junit.JUnitTestClassExecutor.runTestClass(JUnitTestClassExecutor.java:110)
¶„o	at org.gradle.api.internal.tasks.testing.junit.JUnitTestClassExecutor.execute(JUnitTestClassExecutor.java:58)
¶„o	at org.gradle.api.internal.tasks.testing.junit.JUnitTestClassExecutor.execute(JUnitTestClassExecutor.java:38)
¶„ä	at org.gradle.api.internal.tasks.testing.junit.AbstractJUnitTestClassProcessor.processTestClass(AbstractJUnitTestClassProcessor.java:62)
¶„t	at org.gradle.api.internal.tasks.testing.SuiteTestClassProcessor.processTestClass(SuiteTestClassProcessor.java:51)
¶„@	at sun.reflect.NativeMethodAccessorImpl.invoke0(Native Method)
¶„R	at sun.reflect.NativeMethodAccessorImpl.invoke(NativeMethodAccessorImpl.java:62)
¶„Z	at sun.reflect.DelegatingMethodAccessorImpl.invoke(DelegatingMethodAccessorImpl.java:43)
¶„5	at java.lang.reflect.Method.invoke(Method.java:498)
¶„Y	at org.gradle.internal.dispatch.ReflectionDispatch.dispatch(ReflectionDispatch.java:36)
¶„Y	at org.gradle.internal.dispatch.ReflectionDispatch.dispatch(ReflectionDispatch.java:24)
¶„i	at org.gradle.internal.dispatch.ContextClassLoaderDispatch.dispatch(ContextClassLoaderDispatch.java:33)
¶„x	at org.gradle.internal.dispatch.ProxyDispatchAdapter$DispatchingInvocationHandler.invoke(ProxyDispatchAdapter.java:94)
¶„;	at com.sun.proxy.$Proxy2.processTestClass(Unknown Source)
¶„b	at org.gradle.api.internal.tasks.testing.worker.TestWorker.processTestClass(TestWorker.java:118)
¶„@	at sun.reflect.NativeMethodAccessorImpl.invoke0(Native Method)
¶„R	at sun.reflect.NativeMethodAccessorImpl.invoke(NativeMethodAccessorImpl.java:62)
¶„Z	at sun.reflect.DelegatingMethodAccessorImpl.invoke(DelegatingMethodAccessorImpl.java:43)
¶„5	at java.lang.reflect.Method.invoke(Method.java:498)
¶„Y	at org.gradle.internal.dispatch.ReflectionDispatch.dispatch(ReflectionDispatch.java:36)
¶„Y	at org.gradle.internal.dispatch.ReflectionDispatch.dispatch(ReflectionDispatch.java:24)
¶„ë	at org.gradle.internal.remote.internal.hub.MessageHubBackedObjectConnection$DispatchWrapper.dispatch(MessageHubBackedObjectConnection.java:182)
¶„ë	at org.gradle.internal.remote.internal.hub.MessageHubBackedObjectConnection$DispatchWrapper.dispatch(MessageHubBackedObjectConnection.java:164)
¶„X	at org.gradle.internal.remote.internal.hub.MessageHub$Handler.run(MessageHub.java:412)
¶„k	at org.gradle.internal.concurrent.ExecutorPolicy$CatchAndRecordFailures.onExecute(ExecutorPolicy.java:64)
¶„Z	at org.gradle.internal.concurrent.ManagedExecutorImpl$1.run(ManagedExecutorImpl.java:48)
¶„T	at java.util.concurrent.ThreadPoolExecutor.runWorker(ThreadPoolExecutor.java:1149)
¶„T	at java.util.concurrent.ThreadPoolExecutor$Worker.run(ThreadPoolExecutor.java:624)
¶„j	at org.gradle.internal.concurrent.ThreadFactoryImpl$ManagedThreadRunnable.run(ThreadFactoryImpl.java:56)
¶„*	at java.lang.Thread.run(Thread.java:748)
¶Ìs[2020-01-15 10:08:18,247] ERROR Failed to close coordinator (org.apache.kafka.clients.consumer.KafkaConsumer:2344)
¶ÌRorg.apache.kafka.common.errors.InterruptException: java.lang.InterruptedException
¶ÌÉ	at org.apache.kafka.clients.consumer.internals.ConsumerNetworkClient.maybeThrowInterruptException(ConsumerNetworkClient.java:517)
¶Ìk	at org.apache.kafka.clients.consumer.internals.ConsumerNetworkClient.poll(ConsumerNetworkClient.java:278)
¶Ìk	at org.apache.kafka.clients.consumer.internals.ConsumerNetworkClient.poll(ConsumerNetworkClient.java:233)
¶Ìk	at org.apache.kafka.clients.consumer.internals.ConsumerNetworkClient.poll(ConsumerNetworkClient.java:224)
¶Ì{	at org.apache.kafka.clients.consumer.internals.ConsumerNetworkClient.awaitPendingRequests(ConsumerNetworkClient.java:335)
¶Ìh	at org.apache.kafka.clients.consumer.internals.AbstractCoordinator.close(AbstractCoordinator.java:918)
¶Ìh	at org.apache.kafka.clients.consumer.internals.ConsumerCoordinator.close(ConsumerCoordinator.java:857)
¶ÌS	at org.apache.kafka.clients.consumer.KafkaConsumer.close(KafkaConsumer.java:2341)
¶ÌS	at org.apache.kafka.clients.consumer.KafkaConsumer.close(KafkaConsumer.java:2308)
¶Ì[	at org.apache.kafka.clients.consumer.KafkaConsumerTest$4.run(KafkaConsumerTest.java:1628)
¶ÌL	at java.util.concurrent.Executors$RunnableAdapter.call(Executors.java:511)
¶Ì=	at java.util.concurrent.FutureTask.run(FutureTask.java:266)
¶ÌT	at java.util.concurrent.ThreadPoolExecutor.runWorker(ThreadPoolExecutor.java:1149)
¶ÌT	at java.util.concurrent.ThreadPoolExecutor$Worker.run(ThreadPoolExecutor.java:624)
¶Ì*	at java.lang.Thread.run(Thread.java:748)
¶Ì*Caused by: java.lang.InterruptedException
¶Ì	... 15 more
ıÛ´[2020-01-15 10:08:18,293] ERROR Offset commit failed on partition test1-0 at offset 100: The broker rejected this static consumer since another consumer with the same group.instance.id has registered with a different member.id. (org.apache.kafka.clients.consumer.internals.ConsumerCoordinator:1145)
ıÛü[2020-01-15 10:08:18,294] ERROR Received fatal exception: group.instance.id gets fenced (org.apache.kafka.clients.consumer.internals.ConsumerCoordinator:1170)
¶Ö¯[2020-01-15 10:08:18,397] ERROR User provided listener org.apache.kafka.clients.consumer.KafkaConsumerTest$7 failed on invocation of onPartitionsAssigned for partitions [test-0] (org.apache.kafka.clients.consumer.internals.ConsumerCoordinator:284)
¶Ö:java.lang.RuntimeException: Hit partition assign [test-0]
¶Öl	at org.apache.kafka.clients.consumer.KafkaConsumerTest$7.onPartitionsAssigned(KafkaConsumerTest.java:1963)
¶Ö{	at org.apache.kafka.clients.consumer.internals.ConsumerCoordinator.invokePartitionsAssigned(ConsumerCoordinator.java:279)
¶Öq	at org.apache.kafka.clients.consumer.internals.ConsumerCoordinator.onJoinComplete(ConsumerCoordinator.java:407)
¶Öt	at org.apache.kafka.clients.consumer.internals.AbstractCoordinator.joinGroupIfNeeded(AbstractCoordinator.java:439)
¶Öt	at org.apache.kafka.clients.consumer.internals.AbstractCoordinator.ensureActiveGroup(AbstractCoordinator.java:358)
¶Ög	at org.apache.kafka.clients.consumer.internals.ConsumerCoordinator.poll(ConsumerCoordinator.java:478)
¶Ön	at org.apache.kafka.clients.consumer.KafkaConsumer.updateAssignmentMetadataIfNeeded(KafkaConsumer.java:1273)
¶Öl	at org.apache.kafka.clients.consumer.KafkaConsumerTest.testRebalanceException(KafkaConsumerTest.java:1753)
¶Ö@	at sun.reflect.NativeMethodAccessorImpl.invoke0(Native Method)
¶ÖR	at sun.reflect.NativeMethodAccessorImpl.invoke(NativeMethodAccessorImpl.java:62)
¶ÖZ	at sun.reflect.DelegatingMethodAccessorImpl.invoke(DelegatingMethodAccessorImpl.java:43)
¶Ö5	at java.lang.reflect.Method.invoke(Method.java:498)
¶ÖY	at org.junit.runners.model.FrameworkMethod$1.runReflectiveCall(FrameworkMethod.java:59)
¶ÖX	at org.junit.internal.runners.model.ReflectiveCallable.run(ReflectiveCallable.java:12)
¶ÖW	at org.junit.runners.model.FrameworkMethod.invokeExplosively(FrameworkMethod.java:56)
¶ÖV	at org.junit.internal.runners.statements.InvokeMethod.evaluate(InvokeMethod.java:17)
¶ÖE	at org.junit.runners.ParentRunner$3.evaluate(ParentRunner.java:306)
¶ÖY	at org.junit.runners.BlockJUnit4ClassRunner$1.evaluate(BlockJUnit4ClassRunner.java:100)
¶ÖB	at org.junit.runners.ParentRunner.runLeaf(ParentRunner.java:366)
¶ÖW	at org.junit.runners.BlockJUnit4ClassRunner.runChild(BlockJUnit4ClassRunner.java:103)
¶ÖV	at org.junit.runners.BlockJUnit4ClassRunner.runChild(BlockJUnit4ClassRunner.java:63)
¶Ö@	at org.junit.runners.ParentRunner$4.run(ParentRunner.java:331)
¶ÖD	at org.junit.runners.ParentRunner$1.schedule(ParentRunner.java:79)
¶ÖF	at org.junit.runners.ParentRunner.runChildren(ParentRunner.java:329)
¶ÖD	at org.junit.runners.ParentRunner.access$100(ParentRunner.java:66)
¶ÖE	at org.junit.runners.ParentRunner$2.evaluate(ParentRunner.java:293)
¶ÖE	at org.junit.runners.ParentRunner$3.evaluate(ParentRunner.java:306)
¶Ö>	at org.junit.runners.ParentRunner.run(ParentRunner.java:413)
¶Öu	at org.gradle.api.internal.tasks.testing.junit.JUnitTestClassExecutor.runTestClass(JUnitTestClassExecutor.java:110)
¶Öo	at org.gradle.api.internal.tasks.testing.junit.JUnitTestClassExecutor.execute(JUnitTestClassExecutor.java:58)
¶Öo	at org.gradle.api.internal.tasks.testing.junit.JUnitTestClassExecutor.execute(JUnitTestClassExecutor.java:38)
¶Öä	at org.gradle.api.internal.tasks.testing.junit.AbstractJUnitTestClassProcessor.processTestClass(AbstractJUnitTestClassProcessor.java:62)
¶Öt	at org.gradle.api.internal.tasks.testing.SuiteTestClassProcessor.processTestClass(SuiteTestClassProcessor.java:51)
¶Ö@	at sun.reflect.NativeMethodAccessorImpl.invoke0(Native Method)
¶ÖR	at sun.reflect.NativeMethodAccessorImpl.invoke(NativeMethodAccessorImpl.java:62)
¶ÖZ	at sun.reflect.DelegatingMethodAccessorImpl.invoke(DelegatingMethodAccessorImpl.java:43)
¶Ö5	at java.lang.reflect.Method.invoke(Method.java:498)
¶ÖY	at org.gradle.internal.dispatch.ReflectionDispatch.dispatch(ReflectionDispatch.java:36)
¶ÖY	at org.gradle.internal.dispatch.ReflectionDispatch.dispatch(ReflectionDispatch.java:24)
¶Öi	at org.gradle.internal.dispatch.ContextClassLoaderDispatch.dispatch(ContextClassLoaderDispatch.java:33)
¶Öx	at org.gradle.internal.dispatch.ProxyDispatchAdapter$DispatchingInvocationHandler.invoke(ProxyDispatchAdapter.java:94)
¶Ö;	at com.sun.proxy.$Proxy2.processTestClass(Unknown Source)
¶Öb	at org.gradle.api.internal.tasks.testing.worker.TestWorker.processTestClass(TestWorker.java:118)
¶Ö@	at sun.reflect.NativeMethodAccessorImpl.invoke0(Native Method)
¶ÖR	at sun.reflect.NativeMethodAccessorImpl.invoke(NativeMethodAccessorImpl.java:62)
¶ÖZ	at sun.reflect.DelegatingMethodAccessorImpl.invoke(DelegatingMethodAccessorImpl.java:43)
¶Ö5	at java.lang.reflect.Method.invoke(Method.java:498)
¶ÖY	at org.gradle.internal.dispatch.ReflectionDispatch.dispatch(ReflectionDispatch.java:36)
¶ÖY	at org.gradle.internal.dispatch.ReflectionDispatch.dispatch(ReflectionDispatch.java:24)
¶Öë	at org.gradle.internal.remote.internal.hub.MessageHubBackedObjectConnection$DispatchWrapper.dispatch(MessageHubBackedObjectConnection.java:182)
¶Öë	at org.gradle.internal.remote.internal.hub.MessageHubBackedObjectConnection$DispatchWrapper.dispatch(MessageHubBackedObjectConnection.java:164)
¶ÖX	at org.gradle.internal.remote.internal.hub.MessageHub$Handler.run(MessageHub.java:412)
¶Ök	at org.gradle.internal.concurrent.ExecutorPolicy$CatchAndRecordFailures.onExecute(ExecutorPolicy.java:64)
¶ÖZ	at org.gradle.internal.concurrent.ManagedExecutorImpl$1.run(ManagedExecutorImpl.java:48)
¶ÖT	at java.util.concurrent.ThreadPoolExecutor.runWorker(ThreadPoolExecutor.java:1149)
¶ÖT	at java.util.concurrent.ThreadPoolExecutor$Worker.run(ThreadPoolExecutor.java:624)
¶Öj	at org.gradle.internal.concurrent.ThreadFactoryImpl$ManagedThreadRunnable.run(ThreadFactoryImpl.java:56)
¶Ö*	at java.lang.Thread.run(Thread.java:748)
¶Ö˜[2020-01-15 10:08:18,400] ERROR User provided listener org.apache.kafka.clients.consumer.KafkaConsumerTest$7 failed on invocation of onPartitionsRevoked for partitions [test-0] (org.apache.kafka.clients.consumer.internals.ConsumerCoordinator:303)
¶Ö:java.lang.RuntimeException: Hit partition revoke [test-0]
¶Ök	at org.apache.kafka.clients.consumer.KafkaConsumerTest$7.onPartitionsRevoked(KafkaConsumerTest.java:1958)
¶Öz	at org.apache.kafka.clients.consumer.internals.ConsumerCoordinator.invokePartitionsRevoked(ConsumerCoordinator.java:298)
¶Öq	at org.apache.kafka.clients.consumer.internals.ConsumerCoordinator.onLeavePrepare(ConsumerCoordinator.java:714)
¶Öh	at org.apache.kafka.clients.consumer.internals.AbstractCoordinator.close(AbstractCoordinator.java:909)
¶Öh	at org.apache.kafka.clients.consumer.internals.ConsumerCoordinator.close(ConsumerCoordinator.java:857)
¶ÖS	at org.apache.kafka.clients.consumer.KafkaConsumer.close(KafkaConsumer.java:2341)
¶ÖS	at org.apache.kafka.clients.consumer.KafkaConsumer.close(KafkaConsumer.java:2308)
¶Öl	at org.apache.kafka.clients.consumer.KafkaConsumerTest.testRebalanceException(KafkaConsumerTest.java:1764)
¶Ö@	at sun.reflect.NativeMethodAccessorImpl.invoke0(Native Method)
¶ÖR	at sun.reflect.NativeMethodAccessorImpl.invoke(NativeMethodAccessorImpl.java:62)
¶ÖZ	at sun.reflect.DelegatingMethodAccessorImpl.invoke(DelegatingMethodAccessorImpl.java:43)
¶Ö5	at java.lang.reflect.Method.invoke(Method.java:498)
¶ÖY	at org.junit.runners.model.FrameworkMethod$1.runReflectiveCall(FrameworkMethod.java:59)
¶ÖX	at org.junit.internal.runners.model.ReflectiveCallable.run(ReflectiveCallable.java:12)
¶ÖW	at org.junit.runners.model.FrameworkMethod.invokeExplosively(FrameworkMethod.java:56)
¶ÖV	at org.junit.internal.runners.statements.InvokeMethod.evaluate(InvokeMethod.java:17)
¶ÖE	at org.junit.runners.ParentRunner$3.evaluate(ParentRunner.java:306)
¶ÖY	at org.junit.runners.BlockJUnit4ClassRunner$1.evaluate(BlockJUnit4ClassRunner.java:100)
¶ÖB	at org.junit.runners.ParentRunner.runLeaf(ParentRunner.java:366)
¶ÖW	at org.junit.runners.BlockJUnit4ClassRunner.runChild(BlockJUnit4ClassRunner.java:103)
¶ÖV	at org.junit.runners.BlockJUnit4ClassRunner.runChild(BlockJUnit4ClassRunner.java:63)
¶Ö@	at org.junit.runners.ParentRunner$4.run(ParentRunner.java:331)
¶ÖD	at org.junit.runners.ParentRunner$1.schedule(ParentRunner.java:79)
¶ÖF	at org.junit.runners.ParentRunner.runChildren(ParentRunner.java:329)
¶ÖD	at org.junit.runners.ParentRunner.access$100(ParentRunner.java:66)
¶ÖE	at org.junit.runners.ParentRunner$2.evaluate(ParentRunner.java:293)
¶ÖE	at org.junit.runners.ParentRunner$3.evaluate(ParentRunner.java:306)
¶Ö>	at org.junit.runners.ParentRunner.run(ParentRunner.java:413)
¶Öu	at org.gradle.api.internal.tasks.testing.junit.JUnitTestClassExecutor.runTestClass(JUnitTestClassExecutor.java:110)
¶Öo	at org.gradle.api.internal.tasks.testing.junit.JUnitTestClassExecutor.execute(JUnitTestClassExecutor.java:58)
¶Öo	at org.gradle.api.internal.tasks.testing.junit.JUnitTestClassExecutor.execute(JUnitTestClassExecutor.java:38)
¶Öä	at org.gradle.api.internal.tasks.testing.junit.AbstractJUnitTestClassProcessor.processTestClass(AbstractJUnitTestClassProcessor.java:62)
¶Öt	at org.gradle.api.internal.tasks.testing.SuiteTestClassProcessor.processTestClass(SuiteTestClassProcessor.java:51)
¶Ö@	at sun.reflect.NativeMethodAccessorImpl.invoke0(Native Method)
¶ÖR	at sun.reflect.NativeMethodAccessorImpl.invoke(NativeMethodAccessorImpl.java:62)
¶ÖZ	at sun.reflect.DelegatingMethodAccessorImpl.invoke(DelegatingMethodAccessorImpl.java:43)
¶Ö5	at java.lang.reflect.Method.invoke(Method.java:498)
¶ÖY	at org.gradle.internal.dispatch.ReflectionDispatch.dispatch(ReflectionDispatch.java:36)
¶ÖY	at org.gradle.internal.dispatch.ReflectionDispatch.dispatch(ReflectionDispatch.java:24)
¶Öi	at org.gradle.internal.dispatch.ContextClassLoaderDispatch.dispatch(ContextClassLoaderDispatch.java:33)
¶Öx	at org.gradle.internal.dispatch.ProxyDispatchAdapter$DispatchingInvocationHandler.invoke(ProxyDispatchAdapter.java:94)
¶Ö;	at com.sun.proxy.$Proxy2.processTestClass(Unknown Source)
¶Öb	at org.gradle.api.internal.tasks.testing.worker.TestWorker.processTestClass(TestWorker.java:118)
¶Ö@	at sun.reflect.NativeMethodAccessorImpl.invoke0(Native Method)
¶ÖR	at sun.reflect.NativeMethodAccessorImpl.invoke(NativeMethodAccessorImpl.java:62)
¶ÖZ	at sun.reflect.DelegatingMethodAccessorImpl.invoke(DelegatingMethodAccessorImpl.java:43)
¶Ö5	at java.lang.reflect.Method.invoke(Method.java:498)
¶ÖY	at org.gradle.internal.dispatch.ReflectionDispatch.dispatch(ReflectionDispatch.java:36)
¶ÖY	at org.gradle.internal.dispatch.ReflectionDispatch.dispatch(ReflectionDispatch.java:24)
¶Öë	at org.gradle.internal.remote.internal.hub.MessageHubBackedObjectConnection$DispatchWrapper.dispatch(MessageHubBackedObjectConnection.java:182)
¶Öë	at org.gradle.internal.remote.internal.hub.MessageHubBackedObjectConnection$DispatchWrapper.dispatch(MessageHubBackedObjectConnection.java:164)
¶ÖX	at org.gradle.internal.remote.internal.hub.MessageHub$Handler.run(MessageHub.java:412)
¶Ök	at org.gradle.internal.concurrent.ExecutorPolicy$CatchAndRecordFailures.onExecute(ExecutorPolicy.java:64)
¶ÖZ	at org.gradle.internal.concurrent.ManagedExecutorImpl$1.run(ManagedExecutorImpl.java:48)
¶ÖT	at java.util.concurrent.ThreadPoolExecutor.runWorker(ThreadPoolExecutor.java:1149)
¶ÖT	at java.util.concurrent.ThreadPoolExecutor$Worker.run(ThreadPoolExecutor.java:624)
¶Öj	at org.gradle.internal.concurrent.ThreadFactoryImpl$ManagedThreadRunnable.run(ThreadFactoryImpl.java:56)
¶Ö*	at java.lang.Thread.run(Thread.java:748)
¶Ös[2020-01-15 10:08:18,403] ERROR Failed to close coordinator (org.apache.kafka.clients.consumer.KafkaConsumer:2344)
¶ÖPorg.apache.kafka.common.KafkaException: User rebalance callback throws an error
¶Öq	at org.apache.kafka.clients.consumer.internals.ConsumerCoordinator.onLeavePrepare(ConsumerCoordinator.java:722)
¶Öh	at org.apache.kafka.clients.consumer.internals.AbstractCoordinator.close(AbstractCoordinator.java:909)
¶Öh	at org.apache.kafka.clients.consumer.internals.ConsumerCoordinator.close(ConsumerCoordinator.java:857)
¶ÖS	at org.apache.kafka.clients.consumer.KafkaConsumer.close(KafkaConsumer.java:2341)
¶ÖS	at org.apache.kafka.clients.consumer.KafkaConsumer.close(KafkaConsumer.java:2308)
¶Öl	at org.apache.kafka.clients.consumer.KafkaConsumerTest.testRebalanceException(KafkaConsumerTest.java:1764)
¶Ö@	at sun.reflect.NativeMethodAccessorImpl.invoke0(Native Method)
¶ÖR	at sun.reflect.NativeMethodAccessorImpl.invoke(NativeMethodAccessorImpl.java:62)
¶ÖZ	at sun.reflect.DelegatingMethodAccessorImpl.invoke(DelegatingMethodAccessorImpl.java:43)
¶Ö5	at java.lang.reflect.Method.invoke(Method.java:498)
¶ÖY	at org.junit.runners.model.FrameworkMethod$1.runReflectiveCall(FrameworkMethod.java:59)
¶ÖX	at org.junit.internal.runners.model.ReflectiveCallable.run(ReflectiveCallable.java:12)
¶ÖW	at org.junit.runners.model.FrameworkMethod.invokeExplosively(FrameworkMethod.java:56)
¶ÖV	at org.junit.internal.runners.statements.InvokeMethod.evaluate(InvokeMethod.java:17)
¶ÖE	at org.junit.runners.ParentRunner$3.evaluate(ParentRunner.java:306)
¶ÖY	at org.junit.runners.BlockJUnit4ClassRunner$1.evaluate(BlockJUnit4ClassRunner.java:100)
¶ÖB	at org.junit.runners.ParentRunner.runLeaf(ParentRunner.java:366)
¶ÖW	at org.junit.runners.BlockJUnit4ClassRunner.runChild(BlockJUnit4ClassRunner.java:103)
¶ÖV	at org.junit.runners.BlockJUnit4ClassRunner.runChild(BlockJUnit4ClassRunner.java:63)
¶Ö@	at org.junit.runners.ParentRunner$4.run(ParentRunner.java:331)
¶ÖD	at org.junit.runners.ParentRunner$1.schedule(ParentRunner.java:79)
¶ÖF	at org.junit.runners.ParentRunner.runChildren(ParentRunner.java:329)
¶ÖD	at org.junit.runners.ParentRunner.access$100(ParentRunner.java:66)
¶ÖE	at org.junit.runners.ParentRunner$2.evaluate(ParentRunner.java:293)
¶ÖE	at org.junit.runners.ParentRunner$3.evaluate(ParentRunner.java:306)
¶Ö>	at org.junit.runners.ParentRunner.run(ParentRunner.java:413)
¶Öu	at org.gradle.api.internal.tasks.testing.junit.JUnitTestClassExecutor.runTestClass(JUnitTestClassExecutor.java:110)
¶Öo	at org.gradle.api.internal.tasks.testing.junit.JUnitTestClassExecutor.execute(JUnitTestClassExecutor.java:58)
¶Öo	at org.gradle.api.internal.tasks.testing.junit.JUnitTestClassExecutor.execute(JUnitTestClassExecutor.java:38)
¶Öä	at org.gradle.api.internal.tasks.testing.junit.AbstractJUnitTestClassProcessor.processTestClass(AbstractJUnitTestClassProcessor.java:62)
¶Öt	at org.gradle.api.internal.tasks.testing.SuiteTestClassProcessor.processTestClass(SuiteTestClassProcessor.java:51)
¶Ö@	at sun.reflect.NativeMethodAccessorImpl.invoke0(Native Method)
¶ÖR	at sun.reflect.NativeMethodAccessorImpl.invoke(NativeMethodAccessorImpl.java:62)
¶ÖZ	at sun.reflect.DelegatingMethodAccessorImpl.invoke(DelegatingMethodAccessorImpl.java:43)
¶Ö5	at java.lang.reflect.Method.invoke(Method.java:498)
¶ÖY	at org.gradle.internal.dispatch.ReflectionDispatch.dispatch(ReflectionDispatch.java:36)
¶ÖY	at org.gradle.internal.dispatch.ReflectionDispatch.dispatch(ReflectionDispatch.java:24)
¶Öi	at org.gradle.internal.dispatch.ContextClassLoaderDispatch.dispatch(ContextClassLoaderDispatch.java:33)
¶Öx	at org.gradle.internal.dispatch.ProxyDispatchAdapter$DispatchingInvocationHandler.invoke(ProxyDispatchAdapter.java:94)
¶Ö;	at com.sun.proxy.$Proxy2.processTestClass(Unknown Source)
¶Öb	at org.gradle.api.internal.tasks.testing.worker.TestWorker.processTestClass(TestWorker.java:118)
¶Ö@	at sun.reflect.NativeMethodAccessorImpl.invoke0(Native Method)
¶ÖR	at sun.reflect.NativeMethodAccessorImpl.invoke(NativeMethodAccessorImpl.java:62)
¶ÖZ	at sun.reflect.DelegatingMethodAccessorImpl.invoke(DelegatingMethodAccessorImpl.java:43)
¶Ö5	at java.lang.reflect.Method.invoke(Method.java:498)
¶ÖY	at org.gradle.internal.dispatch.ReflectionDispatch.dispatch(ReflectionDispatch.java:36)
¶ÖY	at org.gradle.internal.dispatch.ReflectionDispatch.dispatch(ReflectionDispatch.java:24)
¶Öë	at org.gradle.internal.remote.internal.hub.MessageHubBackedObjectConnection$DispatchWrapper.dispatch(MessageHubBackedObjectConnection.java:182)
¶Öë	at org.gradle.internal.remote.internal.hub.MessageHubBackedObjectConnection$DispatchWrapper.dispatch(MessageHubBackedObjectConnection.java:164)
¶ÖX	at org.gradle.internal.remote.internal.hub.MessageHub$Handler.run(MessageHub.java:412)
¶Ök	at org.gradle.internal.concurrent.ExecutorPolicy$CatchAndRecordFailures.onExecute(ExecutorPolicy.java:64)
¶ÖZ	at org.gradle.internal.concurrent.ManagedExecutorImpl$1.run(ManagedExecutorImpl.java:48)
¶ÖT	at java.util.concurrent.ThreadPoolExecutor.runWorker(ThreadPoolExecutor.java:1149)
¶ÖT	at java.util.concurrent.ThreadPoolExecutor$Worker.run(ThreadPoolExecutor.java:624)
¶Öj	at org.gradle.internal.concurrent.ThreadFactoryImpl$ManagedThreadRunnable.run(ThreadFactoryImpl.java:56)
¶Ö*	at java.lang.Thread.run(Thread.java:748)
¶ÖECaused by: java.lang.RuntimeException: Hit partition revoke [test-0]
¶Ök	at org.apache.kafka.clients.consumer.KafkaConsumerTest$7.onPartitionsRevoked(KafkaConsumerTest.java:1958)
¶Öz	at org.apache.kafka.clients.consumer.internals.ConsumerCoordinator.invokePartitionsRevoked(ConsumerCoordinator.java:298)
¶Öq	at org.apache.kafka.clients.consumer.internals.ConsumerCoordinator.onLeavePrepare(ConsumerCoordinator.java:714)
¶Ö	... 55 more
¶â~[2020-01-15 10:08:18,416] ERROR Metadata response reported invalid topics [topic abc] (org.apache.kafka.clients.Metadata:274)
ı»—[2020-01-15 10:08:19,033] ERROR Offset commit failed on partition test1-0 at offset 100: The group is rebalancing, so a rejoin is needed. (org.apache.kafka.clients.consumer.internals.ConsumerCoordinator:1145)
ıﬁ≥[2020-01-15 10:08:19,057] ERROR Attempt to join group failed due to fatal error: Group authorization failed. (org.apache.kafka.clients.consumer.internals.AbstractCoordinator:620)
ı‚Õ[2020-01-15 10:08:19,064] ERROR Offset commit failed on partition test1-0 at offset 100: The coordinator is not aware of this member. (org.apache.kafka.clients.consumer.internals.ConsumerCoordinator:1145)
ı¨´[2020-01-15 10:08:19,628] ERROR Offset commit failed on partition test1-0 at offset 100: The broker rejected this static consumer since another consumer with the same group.instance.id has registered with a different member.id. (org.apache.kafka.clients.consumer.internals.ConsumerCoordinator:1145)
ı¨ü[2020-01-15 10:08:19,628] ERROR Received fatal exception: group.instance.id gets fenced (org.apache.kafka.clients.consumer.internals.ConsumerCoordinator:1170)
ı±ÿ[2020-01-15 10:08:19,640] ERROR Offset commit failed on partition test1-0 at offset 100: The metadata field of the offset request was too large. (org.apache.kafka.clients.consumer.internals.ConsumerCoordinator:1145)
ıø´[2020-01-15 10:08:19,808] ERROR Offset commit failed on partition test1-0 at offset 100: The broker rejected this static consumer since another consumer with the same group.instance.id has registered with a different member.id. (org.apache.kafka.clients.consumer.internals.ConsumerCoordinator:1145)
ıøü[2020-01-15 10:08:19,809] ERROR Received fatal exception: group.instance.id gets fenced (org.apache.kafka.clients.consumer.internals.ConsumerCoordinator:1170)
ı¡∫[2020-01-15 10:08:19,814] ERROR Attempt to join group failed due to fatal error: The configured groupId is invalid. (org.apache.kafka.clients.consumer.internals.AbstractCoordinator:620)
ı¬Ã[2020-01-15 10:08:19,816] ERROR Offset commit failed on partition test1-0 at offset 100: Specified group generation id is not valid. (org.apache.kafka.clients.consumer.internals.ConsumerCoordinator:1145)
ºΩû[2020-01-15 10:08:19,791] ERROR Received fatal exception: group.instance.id gets fenced (org.apache.kafka.clients.consumer.internals.AbstractCoordinator:612)
º…û[2020-01-15 10:08:19,961] ERROR Received fatal exception: group.instance.id gets fenced (org.apache.kafka.clients.consumer.internals.AbstractCoordinator:719)
ı“´[2020-01-15 10:08:20,031] ERROR Attempt to join group failed due to fatal error: The session timeout is not within the range allowed by the broker (as configured by group.min.session.timeout.ms and group.max.session.timeout.ms). (org.apache.kafka.clients.consumer.internals.AbstractCoordinator:620)
ºﬂü[2020-01-15 10:08:20,189] ERROR Received fatal exception: group.instance.id gets fenced (org.apache.kafka.clients.consumer.internals.AbstractCoordinator:1014)
ºﬂ∞[2020-01-15 10:08:20,190] ERROR Caught fenced group.instance.id Optional.empty error in heartbeat thread (org.apache.kafka.clients.consumer.internals.AbstractCoordinator:1278)
ºÑπ[2020-01-15 10:08:20,417] ERROR LeaveGroup request failed with error: The coordinator is not aware of this member. (org.apache.kafka.clients.consumer.internals.AbstractCoordinator:972)
ºëƒ[2020-01-15 10:08:20,844] ERROR Attempt to join group failed due to fatal error: The consumer group has reached its max size. (org.apache.kafka.clients.consumer.internals.AbstractCoordinator:620)
ºôó[2020-01-15 10:08:21,192] ERROR Heartbeat thread failed due to unexpected error (org.apache.kafka.clients.consumer.internals.AbstractCoordinator:1303)
ºôjava.lang.RuntimeException
ºôë	at org.apache.kafka.clients.consumer.internals.AbstractCoordinatorTest.testUncaughtExceptionInHeartbeatThread(AbstractCoordinatorTest.java:519)
ºô@	at sun.reflect.NativeMethodAccessorImpl.invoke0(Native Method)
ºôR	at sun.reflect.NativeMethodAccessorImpl.invoke(NativeMethodAccessorImpl.java:62)
ºôZ	at sun.reflect.DelegatingMethodAccessorImpl.invoke(DelegatingMethodAccessorImpl.java:43)
ºô5	at java.lang.reflect.Method.invoke(Method.java:498)
ºôY	at org.junit.runners.model.FrameworkMethod$1.runReflectiveCall(FrameworkMethod.java:59)
ºôX	at org.junit.internal.runners.model.ReflectiveCallable.run(ReflectiveCallable.java:12)
ºôW	at org.junit.runners.model.FrameworkMethod.invokeExplosively(FrameworkMethod.java:56)
ºôV	at org.junit.internal.runners.statements.InvokeMethod.evaluate(InvokeMethod.java:17)
ºôE	at org.junit.runners.ParentRunner$3.evaluate(ParentRunner.java:306)
ºôY	at org.junit.runners.BlockJUnit4ClassRunner$1.evaluate(BlockJUnit4ClassRunner.java:100)
ºôB	at org.junit.runners.ParentRunner.runLeaf(ParentRunner.java:366)
ºôW	at org.junit.runners.BlockJUnit4ClassRunner.runChild(BlockJUnit4ClassRunner.java:103)
ºôV	at org.junit.runners.BlockJUnit4ClassRunner.runChild(BlockJUnit4ClassRunner.java:63)
ºô@	at org.junit.runners.ParentRunner$4.run(ParentRunner.java:331)
ºôD	at org.junit.runners.ParentRunner$1.schedule(ParentRunner.java:79)
ºôF	at org.junit.runners.ParentRunner.runChildren(ParentRunner.java:329)
ºôD	at org.junit.runners.ParentRunner.access$100(ParentRunner.java:66)
ºôE	at org.junit.runners.ParentRunner$2.evaluate(ParentRunner.java:293)
ºôE	at org.junit.runners.ParentRunner$3.evaluate(ParentRunner.java:306)
ºô>	at org.junit.runners.ParentRunner.run(ParentRunner.java:413)
ºôu	at org.gradle.api.internal.tasks.testing.junit.JUnitTestClassExecutor.runTestClass(JUnitTestClassExecutor.java:110)
ºôo	at org.gradle.api.internal.tasks.testing.junit.JUnitTestClassExecutor.execute(JUnitTestClassExecutor.java:58)
ºôo	at org.gradle.api.internal.tasks.testing.junit.JUnitTestClassExecutor.execute(JUnitTestClassExecutor.java:38)
ºôä	at org.gradle.api.internal.tasks.testing.junit.AbstractJUnitTestClassProcessor.processTestClass(AbstractJUnitTestClassProcessor.java:62)
ºôt	at org.gradle.api.internal.tasks.testing.SuiteTestClassProcessor.processTestClass(SuiteTestClassProcessor.java:51)
ºô@	at sun.reflect.NativeMethodAccessorImpl.invoke0(Native Method)
ºôR	at sun.reflect.NativeMethodAccessorImpl.invoke(NativeMethodAccessorImpl.java:62)
ºôZ	at sun.reflect.DelegatingMethodAccessorImpl.invoke(DelegatingMethodAccessorImpl.java:43)
ºô5	at java.lang.reflect.Method.invoke(Method.java:498)
ºôY	at org.gradle.internal.dispatch.ReflectionDispatch.dispatch(ReflectionDispatch.java:36)
ºôY	at org.gradle.internal.dispatch.ReflectionDispatch.dispatch(ReflectionDispatch.java:24)
ºôi	at org.gradle.internal.dispatch.ContextClassLoaderDispatch.dispatch(ContextClassLoaderDispatch.java:33)
ºôx	at org.gradle.internal.dispatch.ProxyDispatchAdapter$DispatchingInvocationHandler.invoke(ProxyDispatchAdapter.java:94)
ºô;	at com.sun.proxy.$Proxy2.processTestClass(Unknown Source)
ºôb	at org.gradle.api.internal.tasks.testing.worker.TestWorker.processTestClass(TestWorker.java:118)
ºô@	at sun.reflect.NativeMethodAccessorImpl.invoke0(Native Method)
ºôR	at sun.reflect.NativeMethodAccessorImpl.invoke(NativeMethodAccessorImpl.java:62)
ºôZ	at sun.reflect.DelegatingMethodAccessorImpl.invoke(DelegatingMethodAccessorImpl.java:43)
ºô5	at java.lang.reflect.Method.invoke(Method.java:498)
ºôY	at org.gradle.internal.dispatch.ReflectionDispatch.dispatch(ReflectionDispatch.java:36)
ºôY	at org.gradle.internal.dispatch.ReflectionDispatch.dispatch(ReflectionDispatch.java:24)
ºôë	at org.gradle.internal.remote.internal.hub.MessageHubBackedObjectConnection$DispatchWrapper.dispatch(MessageHubBackedObjectConnection.java:182)
ºôë	at org.gradle.internal.remote.internal.hub.MessageHubBackedObjectConnection$DispatchWrapper.dispatch(MessageHubBackedObjectConnection.java:164)
ºôX	at org.gradle.internal.remote.internal.hub.MessageHub$Handler.run(MessageHub.java:412)
ºôk	at org.gradle.internal.concurrent.ExecutorPolicy$CatchAndRecordFailures.onExecute(ExecutorPolicy.java:64)
ºôZ	at org.gradle.internal.concurrent.ManagedExecutorImpl$1.run(ManagedExecutorImpl.java:48)
ºôT	at java.util.concurrent.ThreadPoolExecutor.runWorker(ThreadPoolExecutor.java:1149)
ºôT	at java.util.concurrent.ThreadPoolExecutor$Worker.run(ThreadPoolExecutor.java:624)
ºôj	at org.gradle.internal.concurrent.ThreadFactoryImpl$ManagedThreadRunnable.run(ThreadFactoryImpl.java:56)
ºô*	at java.lang.Thread.run(Thread.java:748)
¶Ω¯[2020-01-15 10:08:21,520] ERROR User provided listener org.apache.kafka.clients.consumer.KafkaConsumerTest$7 failed on invocation of onPartitionsAssigned for partitions [test-0] (org.apache.kafka.clients.consumer.internals.ConsumerCoordinator:284)
¶Ω:java.lang.RuntimeException: Hit partition assign [test-0]
¶Ωl	at org.apache.kafka.clients.consumer.KafkaConsumerTest$7.onPartitionsAssigned(KafkaConsumerTest.java:1963)
¶Ω{	at org.apache.kafka.clients.consumer.internals.ConsumerCoordinator.invokePartitionsAssigned(ConsumerCoordinator.java:279)
¶Ωq	at org.apache.kafka.clients.consumer.internals.ConsumerCoordinator.onJoinComplete(ConsumerCoordinator.java:407)
¶Ωt	at org.apache.kafka.clients.consumer.internals.AbstractCoordinator.joinGroupIfNeeded(AbstractCoordinator.java:439)
¶Ωt	at org.apache.kafka.clients.consumer.internals.AbstractCoordinator.ensureActiveGroup(AbstractCoordinator.java:358)
¶Ωg	at org.apache.kafka.clients.consumer.internals.ConsumerCoordinator.poll(ConsumerCoordinator.java:478)
¶Ωn	at org.apache.kafka.clients.consumer.KafkaConsumer.updateAssignmentMetadataIfNeeded(KafkaConsumer.java:1273)
¶Ωô	at org.apache.kafka.clients.consumer.KafkaConsumerTest.lambda$testUnsubscribeShouldTriggerPartitionsLostWithNoGeneration$2(KafkaConsumerTest.java:1189)
¶Ω4	at org.junit.Assert.assertThrows(Assert.java:1001)
¶Ω3	at org.junit.Assert.assertThrows(Assert.java:981)
¶Ωê	at org.apache.kafka.clients.consumer.KafkaConsumerTest.testUnsubscribeShouldTriggerPartitionsLostWithNoGeneration(KafkaConsumerTest.java:1188)
¶Ω@	at sun.reflect.NativeMethodAccessorImpl.invoke0(Native Method)
¶ΩR	at sun.reflect.NativeMethodAccessorImpl.invoke(NativeMethodAccessorImpl.java:62)
¶ΩZ	at sun.reflect.DelegatingMethodAccessorImpl.invoke(DelegatingMethodAccessorImpl.java:43)
¶Ω5	at java.lang.reflect.Method.invoke(Method.java:498)
¶ΩY	at org.junit.runners.model.FrameworkMethod$1.runReflectiveCall(FrameworkMethod.java:59)
¶ΩX	at org.junit.internal.runners.model.ReflectiveCallable.run(ReflectiveCallable.java:12)
¶ΩW	at org.junit.runners.model.FrameworkMethod.invokeExplosively(FrameworkMethod.java:56)
¶ΩV	at org.junit.internal.runners.statements.InvokeMethod.evaluate(InvokeMethod.java:17)
¶ΩE	at org.junit.runners.ParentRunner$3.evaluate(ParentRunner.java:306)
¶ΩY	at org.junit.runners.BlockJUnit4ClassRunner$1.evaluate(BlockJUnit4ClassRunner.java:100)
¶ΩB	at org.junit.runners.ParentRunner.runLeaf(ParentRunner.java:366)
¶ΩW	at org.junit.runners.BlockJUnit4ClassRunner.runChild(BlockJUnit4ClassRunner.java:103)
¶ΩV	at org.junit.runners.BlockJUnit4ClassRunner.runChild(BlockJUnit4ClassRunner.java:63)
¶Ω@	at org.junit.runners.ParentRunner$4.run(ParentRunner.java:331)
¶ΩD	at org.junit.runners.ParentRunner$1.schedule(ParentRunner.java:79)
¶ΩF	at org.junit.runners.ParentRunner.runChildren(ParentRunner.java:329)
¶ΩD	at org.junit.runners.ParentRunner.access$100(ParentRunner.java:66)
¶ΩE	at org.junit.runners.ParentRunner$2.evaluate(ParentRunner.java:293)
¶ΩE	at org.junit.runners.ParentRunner$3.evaluate(ParentRunner.java:306)
¶Ω>	at org.junit.runners.ParentRunner.run(ParentRunner.java:413)
¶Ωu	at org.gradle.api.internal.tasks.testing.junit.JUnitTestClassExecutor.runTestClass(JUnitTestClassExecutor.java:110)
¶Ωo	at org.gradle.api.internal.tasks.testing.junit.JUnitTestClassExecutor.execute(JUnitTestClassExecutor.java:58)
¶Ωo	at org.gradle.api.internal.tasks.testing.junit.JUnitTestClassExecutor.execute(JUnitTestClassExecutor.java:38)
¶Ωä	at org.gradle.api.internal.tasks.testing.junit.AbstractJUnitTestClassProcessor.processTestClass(AbstractJUnitTestClassProcessor.java:62)
¶Ωt	at org.gradle.api.internal.tasks.testing.SuiteTestClassProcessor.processTestClass(SuiteTestClassProcessor.java:51)
¶Ω@	at sun.reflect.NativeMethodAccessorImpl.invoke0(Native Method)
¶ΩR	at sun.reflect.NativeMethodAccessorImpl.invoke(NativeMethodAccessorImpl.java:62)
¶ΩZ	at sun.reflect.DelegatingMethodAccessorImpl.invoke(DelegatingMethodAccessorImpl.java:43)
¶Ω5	at java.lang.reflect.Method.invoke(Method.java:498)
¶ΩY	at org.gradle.internal.dispatch.ReflectionDispatch.dispatch(ReflectionDispatch.java:36)
¶ΩY	at org.gradle.internal.dispatch.ReflectionDispatch.dispatch(ReflectionDispatch.java:24)
¶Ωi	at org.gradle.internal.dispatch.ContextClassLoaderDispatch.dispatch(ContextClassLoaderDispatch.java:33)
¶Ωx	at org.gradle.internal.dispatch.ProxyDispatchAdapter$DispatchingInvocationHandler.invoke(ProxyDispatchAdapter.java:94)
¶Ω;	at com.sun.proxy.$Proxy2.processTestClass(Unknown Source)
¶Ωb	at org.gradle.api.internal.tasks.testing.worker.TestWorker.processTestClass(TestWorker.java:118)
¶Ω@	at sun.reflect.NativeMethodAccessorImpl.invoke0(Native Method)
¶ΩR	at sun.reflect.NativeMethodAccessorImpl.invoke(NativeMethodAccessorImpl.java:62)
¶ΩZ	at sun.reflect.DelegatingMethodAccessorImpl.invoke(DelegatingMethodAccessorImpl.java:43)
¶Ω5	at java.lang.reflect.Method.invoke(Method.java:498)
¶ΩY	at org.gradle.internal.dispatch.ReflectionDispatch.dispatch(ReflectionDispatch.java:36)
¶ΩY	at org.gradle.internal.dispatch.ReflectionDispatch.dispatch(ReflectionDispatch.java:24)
¶Ωë	at org.gradle.internal.remote.internal.hub.MessageHubBackedObjectConnection$DispatchWrapper.dispatch(MessageHubBackedObjectConnection.java:182)
¶Ωë	at org.gradle.internal.remote.internal.hub.MessageHubBackedObjectConnection$DispatchWrapper.dispatch(MessageHubBackedObjectConnection.java:164)
¶ΩX	at org.gradle.internal.remote.internal.hub.MessageHub$Handler.run(MessageHub.java:412)
¶Ωk	at org.gradle.internal.concurrent.ExecutorPolicy$CatchAndRecordFailures.onExecute(ExecutorPolicy.java:64)
¶ΩZ	at org.gradle.internal.concurrent.ManagedExecutorImpl$1.run(ManagedExecutorImpl.java:48)
¶ΩT	at java.util.concurrent.ThreadPoolExecutor.runWorker(ThreadPoolExecutor.java:1149)
¶ΩT	at java.util.concurrent.ThreadPoolExecutor$Worker.run(ThreadPoolExecutor.java:624)
¶Ωj	at org.gradle.internal.concurrent.ThreadFactoryImpl$ManagedThreadRunnable.run(ThreadFactoryImpl.java:56)
¶Ω*	at java.lang.Thread.run(Thread.java:748)
¶ΩÙ[2020-01-15 10:08:21,627] ERROR User provided listener org.apache.kafka.clients.consumer.KafkaConsumerTest$7 failed on invocation of onPartitionsLost for partitions [test-0] (org.apache.kafka.clients.consumer.internals.ConsumerCoordinator:322)
¶Ω8java.lang.RuntimeException: Hit partition lost [test-0]
¶Ωh	at org.apache.kafka.clients.consumer.KafkaConsumerTest$7.onPartitionsLost(KafkaConsumerTest.java:1968)
¶Ωw	at org.apache.kafka.clients.consumer.internals.ConsumerCoordinator.invokePartitionsLost(ConsumerCoordinator.java:317)
¶Ωq	at org.apache.kafka.clients.consumer.internals.ConsumerCoordinator.onLeavePrepare(ConsumerCoordinator.java:716)
¶ΩY	at org.apache.kafka.clients.consumer.KafkaConsumer.unsubscribe(KafkaConsumer.java:1076)
¶Ω4	at org.junit.Assert.assertThrows(Assert.java:1001)
¶Ω3	at org.junit.Assert.assertThrows(Assert.java:981)
¶Ωê	at org.apache.kafka.clients.consumer.KafkaConsumerTest.testUnsubscribeShouldTriggerPartitionsLostWithNoGeneration(KafkaConsumerTest.java:1200)
¶Ω@	at sun.reflect.NativeMethodAccessorImpl.invoke0(Native Method)
¶ΩR	at sun.reflect.NativeMethodAccessorImpl.invoke(NativeMethodAccessorImpl.java:62)
¶ΩZ	at sun.reflect.DelegatingMethodAccessorImpl.invoke(DelegatingMethodAccessorImpl.java:43)
¶Ω5	at java.lang.reflect.Method.invoke(Method.java:498)
¶ΩY	at org.junit.runners.model.FrameworkMethod$1.runReflectiveCall(FrameworkMethod.java:59)
¶ΩX	at org.junit.internal.runners.model.ReflectiveCallable.run(ReflectiveCallable.java:12)
¶ΩW	at org.junit.runners.model.FrameworkMethod.invokeExplosively(FrameworkMethod.java:56)
¶ΩV	at org.junit.internal.runners.statements.InvokeMethod.evaluate(InvokeMethod.java:17)
¶ΩE	at org.junit.runners.ParentRunner$3.evaluate(ParentRunner.java:306)
¶ΩY	at org.junit.runners.BlockJUnit4ClassRunner$1.evaluate(BlockJUnit4ClassRunner.java:100)
¶ΩB	at org.junit.runners.ParentRunner.runLeaf(ParentRunner.java:366)
¶ΩW	at org.junit.runners.BlockJUnit4ClassRunner.runChild(BlockJUnit4ClassRunner.java:103)
¶ΩV	at org.junit.runners.BlockJUnit4ClassRunner.runChild(BlockJUnit4ClassRunner.java:63)
¶Ω@	at org.junit.runners.ParentRunner$4.run(ParentRunner.java:331)
¶ΩD	at org.junit.runners.ParentRunner$1.schedule(ParentRunner.java:79)
¶ΩF	at org.junit.runners.ParentRunner.runChildren(ParentRunner.java:329)
¶ΩD	at org.junit.runners.ParentRunner.access$100(ParentRunner.java:66)
¶ΩE	at org.junit.runners.ParentRunner$2.evaluate(ParentRunner.java:293)
¶ΩE	at org.junit.runners.ParentRunner$3.evaluate(ParentRunner.java:306)
¶Ω>	at org.junit.runners.ParentRunner.run(ParentRunner.java:413)
¶Ωu	at org.gradle.api.internal.tasks.testing.junit.JUnitTestClassExecutor.runTestClass(JUnitTestClassExecutor.java:110)
¶Ωo	at org.gradle.api.internal.tasks.testing.junit.JUnitTestClassExecutor.execute(JUnitTestClassExecutor.java:58)
¶Ωo	at org.gradle.api.internal.tasks.testing.junit.JUnitTestClassExecutor.execute(JUnitTestClassExecutor.java:38)
¶Ωä	at org.gradle.api.internal.tasks.testing.junit.AbstractJUnitTestClassProcessor.processTestClass(AbstractJUnitTestClassProcessor.java:62)
¶Ωt	at org.gradle.api.internal.tasks.testing.SuiteTestClassProcessor.processTestClass(SuiteTestClassProcessor.java:51)
¶Ω@	at sun.reflect.NativeMethodAccessorImpl.invoke0(Native Method)
¶ΩR	at sun.reflect.NativeMethodAccessorImpl.invoke(NativeMethodAccessorImpl.java:62)
¶ΩZ	at sun.reflect.DelegatingMethodAccessorImpl.invoke(DelegatingMethodAccessorImpl.java:43)
¶Ω5	at java.lang.reflect.Method.invoke(Method.java:498)
¶ΩY	at org.gradle.internal.dispatch.ReflectionDispatch.dispatch(ReflectionDispatch.java:36)
¶ΩY	at org.gradle.internal.dispatch.ReflectionDispatch.dispatch(ReflectionDispatch.java:24)
¶Ωi	at org.gradle.internal.dispatch.ContextClassLoaderDispatch.dispatch(ContextClassLoaderDispatch.java:33)
¶Ωx	at org.gradle.internal.dispatch.ProxyDispatchAdapter$DispatchingInvocationHandler.invoke(ProxyDispatchAdapter.java:94)
¶Ω;	at com.sun.proxy.$Proxy2.processTestClass(Unknown Source)
¶Ωb	at org.gradle.api.internal.tasks.testing.worker.TestWorker.processTestClass(TestWorker.java:118)
¶Ω@	at sun.reflect.NativeMethodAccessorImpl.invoke0(Native Method)
¶ΩR	at sun.reflect.NativeMethodAccessorImpl.invoke(NativeMethodAccessorImpl.java:62)
¶ΩZ	at sun.reflect.DelegatingMethodAccessorImpl.invoke(DelegatingMethodAccessorImpl.java:43)
¶Ω5	at java.lang.reflect.Method.invoke(Method.java:498)
¶ΩY	at org.gradle.internal.dispatch.ReflectionDispatch.dispatch(ReflectionDispatch.java:36)
¶ΩY	at org.gradle.internal.dispatch.ReflectionDispatch.dispatch(ReflectionDispatch.java:24)
¶Ωë	at org.gradle.internal.remote.internal.hub.MessageHubBackedObjectConnection$DispatchWrapper.dispatch(MessageHubBackedObjectConnection.java:182)
¶Ωë	at org.gradle.internal.remote.internal.hub.MessageHubBackedObjectConnection$DispatchWrapper.dispatch(MessageHubBackedObjectConnection.java:164)
¶ΩX	at org.gradle.internal.remote.internal.hub.MessageHub$Handler.run(MessageHub.java:412)
¶Ωk	at org.gradle.internal.concurrent.ExecutorPolicy$CatchAndRecordFailures.onExecute(ExecutorPolicy.java:64)
¶ΩZ	at org.gradle.internal.concurrent.ManagedExecutorImpl$1.run(ManagedExecutorImpl.java:48)
¶ΩT	at java.util.concurrent.ThreadPoolExecutor.runWorker(ThreadPoolExecutor.java:1149)
¶ΩT	at java.util.concurrent.ThreadPoolExecutor$Worker.run(ThreadPoolExecutor.java:624)
¶Ωj	at org.gradle.internal.concurrent.ThreadFactoryImpl$ManagedThreadRunnable.run(ThreadFactoryImpl.java:56)
¶Ω*	at java.lang.Thread.run(Thread.java:748)
÷◊{[2020-01-15 10:08:22,326] ERROR Metadata response reported invalid topics [topic3] (org.apache.kafka.clients.Metadata:274)
÷◊w[2020-01-15 10:08:22,327] ERROR Topic authorization failed for topics [topic4] (org.apache.kafka.clients.Metadata:281)
÷ÿÅ[2020-01-15 10:08:22,389] ERROR Metadata response reported invalid topics [invalidTopic] (org.apache.kafka.clients.Metadata:274)
÷ÿë[2020-01-15 10:08:22,389] ERROR Topic authorization failed for topics [sensitiveTopic2, sensitiveTopic1] (org.apache.kafka.clients.Metadata:281)
÷ÿÅ[2020-01-15 10:08:22,391] ERROR Metadata response reported invalid topics [invalidTopic] (org.apache.kafka.clients.Metadata:274)
÷ÿë[2020-01-15 10:08:22,392] ERROR Topic authorization failed for topics [sensitiveTopic2, sensitiveTopic1] (org.apache.kafka.clients.Metadata:281)
÷ÿÅ[2020-01-15 10:08:22,393] ERROR Metadata response reported invalid topics [invalidTopic] (org.apache.kafka.clients.Metadata:274)
÷ÿë[2020-01-15 10:08:22,393] ERROR Topic authorization failed for topics [sensitiveTopic2, sensitiveTopic1] (org.apache.kafka.clients.Metadata:281)
÷ÿÅ[2020-01-15 10:08:22,394] ERROR Metadata response reported invalid topics [invalidTopic] (org.apache.kafka.clients.Metadata:274)
÷ÿë[2020-01-15 10:08:22,394] ERROR Topic authorization failed for topics [sensitiveTopic2, sensitiveTopic1] (org.apache.kafka.clients.Metadata:281)
÷Ÿ[2020-01-15 10:08:22,396] ERROR Metadata response reported invalid topics [topic dfsa] (org.apache.kafka.clients.Metadata:274)
÷Ÿ[2020-01-15 10:08:22,397] ERROR Metadata response reported invalid topics [topic dfsa] (org.apache.kafka.clients.Metadata:274)
÷ﬁt[2020-01-15 10:08:22,427] ERROR Topic authorization failed for topics [foo] (org.apache.kafka.clients.Metadata:281)
÷ﬁt[2020-01-15 10:08:22,437] ERROR Topic authorization failed for topics [foo] (org.apache.kafka.clients.Metadata:281)
ıÄË[2020-01-15 10:08:23,282] ERROR Offset commit failed on partition test1-0 at offset 100: The server experienced an unexpected error when processing the request. (org.apache.kafka.clients.consumer.internals.ConsumerCoordinator:1145)
ıë—[2020-01-15 10:08:23,407] ERROR Offset commit failed on partition test1-0 at offset 100: The group is rebalancing, so a rejoin is needed. (org.apache.kafka.clients.consumer.internals.ConsumerCoordinator:1145)
ı†´[2020-01-15 10:08:24,121] ERROR Offset commit failed on partition test1-0 at offset 100: The broker rejected this static consumer since another consumer with the same group.instance.id has registered with a different member.id. (org.apache.kafka.clients.consumer.internals.ConsumerCoordinator:1145)
ı†ü[2020-01-15 10:08:24,122] ERROR Received fatal exception: group.instance.id gets fenced (org.apache.kafka.clients.consumer.internals.ConsumerCoordinator:1170)
ıé—[2020-01-15 10:08:24,850] ERROR Offset commit failed on partition test1-0 at offset 100: The group is rebalancing, so a rejoin is needed. (org.apache.kafka.clients.consumer.internals.ConsumerCoordinator:1145)
ıó≥[2020-01-15 10:08:24,862] ERROR Attempt to join group failed due to fatal error: Group authorization failed. (org.apache.kafka.clients.consumer.internals.AbstractCoordinator:620)
ıõÕ[2020-01-15 10:08:24,866] ERROR Offset commit failed on partition test1-0 at offset 100: The coordinator is not aware of this member. (org.apache.kafka.clients.consumer.internals.ConsumerCoordinator:1145)
ıß´[2020-01-15 10:08:25,476] ERROR Offset commit failed on partition test1-0 at offset 100: The broker rejected this static consumer since another consumer with the same group.instance.id has registered with a different member.id. (org.apache.kafka.clients.consumer.internals.ConsumerCoordinator:1145)
ıßü[2020-01-15 10:08:25,477] ERROR Received fatal exception: group.instance.id gets fenced (org.apache.kafka.clients.consumer.internals.ConsumerCoordinator:1170)
ı¨ÿ[2020-01-15 10:08:25,483] ERROR Offset commit failed on partition test1-0 at offset 100: The metadata field of the offset request was too large. (org.apache.kafka.clients.consumer.internals.ConsumerCoordinator:1145)
ı∫´[2020-01-15 10:08:25,615] ERROR Offset commit failed on partition test1-0 at offset 100: The broker rejected this static consumer since another consumer with the same group.instance.id has registered with a different member.id. (org.apache.kafka.clients.consumer.internals.ConsumerCoordinator:1145)
ı∫ü[2020-01-15 10:08:25,616] ERROR Received fatal exception: group.instance.id gets fenced (org.apache.kafka.clients.consumer.internals.ConsumerCoordinator:1170)
ıº∫[2020-01-15 10:08:25,620] ERROR Attempt to join group failed due to fatal error: The configured groupId is invalid. (org.apache.kafka.clients.consumer.internals.AbstractCoordinator:620)
ıΩÃ[2020-01-15 10:08:25,623] ERROR Offset commit failed on partition test1-0 at offset 100: Specified group generation id is not valid. (org.apache.kafka.clients.consumer.internals.ConsumerCoordinator:1145)
Ÿ‡∫[2020-01-15 10:08:28,289] ERROR [SslTransportLayer channelId=0 key=sun.nio.ch.SelectionKeyImpl@178e218c] Renegotiation requested, but it is not supported, channelId 0, appReadBuffer pos 0, netReadBuffer pos 0, netWriteBuffer pos 85 handshakeStatus NEED_TASK (org.apache.kafka.common.network.SslTransportLayer:580)
Ÿ‡º[2020-01-15 10:08:28,297] ERROR [SslTransportLayer channelId=0 key=sun.nio.ch.SelectionKeyImpl@178e218c] Renegotiation requested, but it is not supported, channelId 0, appReadBuffer pos 0, netReadBuffer pos 425, netWriteBuffer pos 85 handshakeStatus NEED_TASK (org.apache.kafka.common.network.SslTransportLayer:580)
Ñêﬁ[2020-01-15 10:08:30,423] ERROR ClassNotFoundException exception occurred: org.apache.kafka.common.config.provider.InvalidConfigProvider (org.apache.kafka.common.config.AbstractConfigTest$TestIndirectConfigResolution:536)
∂∑‚[2020-01-15 10:08:32,130] ERROR Modification time of key store could not be obtained: /var/folders/b3/bhnnh3l53jjdfgphtx91qd1h0000gn/T/serverKS799037212786039952.jks (org.apache.kafka.common.security.ssl.SslEngineBuilder:300)
∂∑sjava.nio.file.NoSuchFileException: /var/folders/b3/bhnnh3l53jjdfgphtx91qd1h0000gn/T/serverKS799037212786039952.jks
∂∑K	at sun.nio.fs.UnixException.translateToIOException(UnixException.java:86)
∂∑J	at sun.nio.fs.UnixException.rethrowAsIOException(UnixException.java:102)
∂∑J	at sun.nio.fs.UnixException.rethrowAsIOException(UnixException.java:107)
∂∑[	at sun.nio.fs.UnixFileAttributeViews$Basic.readAttributes(UnixFileAttributeViews.java:55)
∂∑V	at sun.nio.fs.UnixFileSystemProvider.readAttributes(UnixFileSystemProvider.java:144)
∂∑8	at java.nio.file.Files.readAttributes(Files.java:1737)
∂∑=	at java.nio.file.Files.getLastModifiedTime(Files.java:2266)
∂∑r	at org.apache.kafka.common.security.ssl.SslEngineBuilder$SecurityStore.lastModifiedMs(SslEngineBuilder.java:298)
∂∑l	at org.apache.kafka.common.security.ssl.SslEngineBuilder$SecurityStore.modified(SslEngineBuilder.java:306)
∂∑e	at org.apache.kafka.common.security.ssl.SslEngineBuilder.shouldBeRebuilt(SslEngineBuilder.java:255)
∂∑c	at org.apache.kafka.common.security.ssl.SslFactory.createNewSslEngineBuilder(SslFactory.java:136)
∂∑U	at org.apache.kafka.common.security.ssl.SslFactory.reconfigure(SslFactory.java:119)
∂∑e	at org.apache.kafka.common.security.ssl.SslFactoryTest.testReconfiguration(SslFactoryTest.java:215)
∂∑@	at sun.reflect.NativeMethodAccessorImpl.invoke0(Native Method)
∂∑R	at sun.reflect.NativeMethodAccessorImpl.invoke(NativeMethodAccessorImpl.java:62)
∂∑Z	at sun.reflect.DelegatingMethodAccessorImpl.invoke(DelegatingMethodAccessorImpl.java:43)
∂∑5	at java.lang.reflect.Method.invoke(Method.java:498)
∂∑Y	at org.junit.runners.model.FrameworkMethod$1.runReflectiveCall(FrameworkMethod.java:59)
∂∑X	at org.junit.internal.runners.model.ReflectiveCallable.run(ReflectiveCallable.java:12)
∂∑W	at org.junit.runners.model.FrameworkMethod.invokeExplosively(FrameworkMethod.java:56)
∂∑V	at org.junit.internal.runners.statements.InvokeMethod.evaluate(InvokeMethod.java:17)
∂∑E	at org.junit.runners.ParentRunner$3.evaluate(ParentRunner.java:306)
∂∑Y	at org.junit.runners.BlockJUnit4ClassRunner$1.evaluate(BlockJUnit4ClassRunner.java:100)
∂∑B	at org.junit.runners.ParentRunner.runLeaf(ParentRunner.java:366)
∂∑W	at org.junit.runners.BlockJUnit4ClassRunner.runChild(BlockJUnit4ClassRunner.java:103)
∂∑V	at org.junit.runners.BlockJUnit4ClassRunner.runChild(BlockJUnit4ClassRunner.java:63)
∂∑@	at org.junit.runners.ParentRunner$4.run(ParentRunner.java:331)
∂∑D	at org.junit.runners.ParentRunner$1.schedule(ParentRunner.java:79)
∂∑F	at org.junit.runners.ParentRunner.runChildren(ParentRunner.java:329)
∂∑D	at org.junit.runners.ParentRunner.access$100(ParentRunner.java:66)
∂∑E	at org.junit.runners.ParentRunner$2.evaluate(ParentRunner.java:293)
∂∑>	at org.junit.runners.ParentRunner.run(ParentRunner.java:413)
∂∑5	at org.junit.runners.Suite.runChild(Suite.java:128)
∂∑4	at org.junit.runners.Suite.runChild(Suite.java:27)
∂∑@	at org.junit.runners.ParentRunner$4.run(ParentRunner.java:331)
∂∑D	at org.junit.runners.ParentRunner$1.schedule(ParentRunner.java:79)
∂∑F	at org.junit.runners.ParentRunner.runChildren(ParentRunner.java:329)
∂∑D	at org.junit.runners.ParentRunner.access$100(ParentRunner.java:66)
∂∑E	at org.junit.runners.ParentRunner$2.evaluate(ParentRunner.java:293)
∂∑E	at org.junit.runners.ParentRunner$3.evaluate(ParentRunner.java:306)
∂∑>	at org.junit.runners.ParentRunner.run(ParentRunner.java:413)
∂∑u	at org.gradle.api.internal.tasks.testing.junit.JUnitTestClassExecutor.runTestClass(JUnitTestClassExecutor.java:110)
∂∑o	at org.gradle.api.internal.tasks.testing.junit.JUnitTestClassExecutor.execute(JUnitTestClassExecutor.java:58)
∂∑o	at org.gradle.api.internal.tasks.testing.junit.JUnitTestClassExecutor.execute(JUnitTestClassExecutor.java:38)
∂∑ä	at org.gradle.api.internal.tasks.testing.junit.AbstractJUnitTestClassProcessor.processTestClass(AbstractJUnitTestClassProcessor.java:62)
∂∑t	at org.gradle.api.internal.tasks.testing.SuiteTestClassProcessor.processTestClass(SuiteTestClassProcessor.java:51)
∂∑A	at sun.reflect.GeneratedMethodAccessor28.invoke(Unknown Source)
∂∑Z	at sun.reflect.DelegatingMethodAccessorImpl.invoke(DelegatingMethodAccessorImpl.java:43)
∂∑5	at java.lang.reflect.Method.invoke(Method.java:498)
∂∑Y	at org.gradle.internal.dispatch.ReflectionDispatch.dispatch(ReflectionDispatch.java:36)
∂∑Y	at org.gradle.internal.dispatch.ReflectionDispatch.dispatch(ReflectionDispatch.java:24)
∂∑i	at org.gradle.internal.dispatch.ContextClassLoaderDispatch.dispatch(ContextClassLoaderDispatch.java:33)
∂∑x	at org.gradle.internal.dispatch.ProxyDispatchAdapter$DispatchingInvocationHandler.invoke(ProxyDispatchAdapter.java:94)
∂∑;	at com.sun.proxy.$Proxy2.processTestClass(Unknown Source)
∂∑b	at org.gradle.api.internal.tasks.testing.worker.TestWorker.processTestClass(TestWorker.java:118)
∂∑A	at sun.reflect.GeneratedMethodAccessor27.invoke(Unknown Source)
∂∑Z	at sun.reflect.DelegatingMethodAccessorImpl.invoke(DelegatingMethodAccessorImpl.java:43)
∂∑5	at java.lang.reflect.Method.invoke(Method.java:498)
∂∑Y	at org.gradle.internal.dispatch.ReflectionDispatch.dispatch(ReflectionDispatch.java:36)
∂∑Y	at org.gradle.internal.dispatch.ReflectionDispatch.dispatch(ReflectionDispatch.java:24)
∂∑ë	at org.gradle.internal.remote.internal.hub.MessageHubBackedObjectConnection$DispatchWrapper.dispatch(MessageHubBackedObjectConnection.java:182)
∂∑ë	at org.gradle.internal.remote.internal.hub.MessageHubBackedObjectConnection$DispatchWrapper.dispatch(MessageHubBackedObjectConnection.java:164)
∂∑X	at org.gradle.internal.remote.internal.hub.MessageHub$Handler.run(MessageHub.java:412)
∂∑k	at org.gradle.internal.concurrent.ExecutorPolicy$CatchAndRecordFailures.onExecute(ExecutorPolicy.java:64)
∂∑Z	at org.gradle.internal.concurrent.ManagedExecutorImpl$1.run(ManagedExecutorImpl.java:48)
∂∑T	at java.util.concurrent.ThreadPoolExecutor.runWorker(ThreadPoolExecutor.java:1149)
∂∑T	at java.util.concurrent.ThreadPoolExecutor$Worker.run(ThreadPoolExecutor.java:624)
∂∑j	at org.gradle.internal.concurrent.ThreadFactoryImpl$ManagedThreadRunnable.run(ThreadFactoryImpl.java:56)
∂∑*	at java.lang.Thread.run(Thread.java:748)
∂ÄÄ[2020-01-15 10:08:35,688] ERROR Unrecognized security provider creator class (org.apache.kafka.common.config.SecurityConfig:82)
∂Ä:java.lang.ClassNotFoundException: com.fake.ProviderClass1
∂Ä?	at java.net.URLClassLoader.findClass(URLClassLoader.java:382)
∂Ä:	at java.lang.ClassLoader.loadClass(ClassLoader.java:424)
∂ÄB	at sun.misc.Launcher$AppClassLoader.loadClass(Launcher.java:349)
∂Ä:	at java.lang.ClassLoader.loadClass(ClassLoader.java:357)
∂Ä,	at java.lang.Class.forName0(Native Method)
∂Ä,	at java.lang.Class.forName(Class.java:264)
∂Äf	at org.apache.kafka.common.utils.SecurityUtils.addConfiguredSecurityProviders(SecurityUtils.java:74)
∂Ä[	at org.apache.kafka.common.security.ssl.SslEngineBuilder.<init>(SslEngineBuilder.java:70)
∂ÄR	at org.apache.kafka.common.security.ssl.SslFactory.configure(SslFactory.java:95)
∂Äá	at org.apache.kafka.common.security.ssl.SslFactoryTest.testSslFactoryWithIncorrectProviderClassConfiguration(SslFactoryTest.java:129)
∂Ä@	at sun.reflect.NativeMethodAccessorImpl.invoke0(Native Method)
∂ÄR	at sun.reflect.NativeMethodAccessorImpl.invoke(NativeMethodAccessorImpl.java:62)
∂ÄZ	at sun.reflect.DelegatingMethodAccessorImpl.invoke(DelegatingMethodAccessorImpl.java:43)
∂Ä5	at java.lang.reflect.Method.invoke(Method.java:498)
∂ÄY	at org.junit.runners.model.FrameworkMethod$1.runReflectiveCall(FrameworkMethod.java:59)
∂ÄX	at org.junit.internal.runners.model.ReflectiveCallable.run(ReflectiveCallable.java:12)
∂ÄW	at org.junit.runners.model.FrameworkMethod.invokeExplosively(FrameworkMethod.java:56)
∂ÄV	at org.junit.internal.runners.statements.InvokeMethod.evaluate(InvokeMethod.java:17)
∂Ä\	at org.junit.internal.runners.statements.ExpectException.evaluate(ExpectException.java:19)
∂ÄE	at org.junit.runners.ParentRunner$3.evaluate(ParentRunner.java:306)
∂ÄY	at org.junit.runners.BlockJUnit4ClassRunner$1.evaluate(BlockJUnit4ClassRunner.java:100)
∂ÄB	at org.junit.runners.ParentRunner.runLeaf(ParentRunner.java:366)
∂ÄW	at org.junit.runners.BlockJUnit4ClassRunner.runChild(BlockJUnit4ClassRunner.java:103)
∂ÄV	at org.junit.runners.BlockJUnit4ClassRunner.runChild(BlockJUnit4ClassRunner.java:63)
∂Ä@	at org.junit.runners.ParentRunner$4.run(ParentRunner.java:331)
∂ÄD	at org.junit.runners.ParentRunner$1.schedule(ParentRunner.java:79)
∂ÄF	at org.junit.runners.ParentRunner.runChildren(ParentRunner.java:329)
∂ÄD	at org.junit.runners.ParentRunner.access$100(ParentRunner.java:66)
∂ÄE	at org.junit.runners.ParentRunner$2.evaluate(ParentRunner.java:293)
∂Ä>	at org.junit.runners.ParentRunner.run(ParentRunner.java:413)
∂Ä5	at org.junit.runners.Suite.runChild(Suite.java:128)
∂Ä4	at org.junit.runners.Suite.runChild(Suite.java:27)
∂Ä@	at org.junit.runners.ParentRunner$4.run(ParentRunner.java:331)
∂ÄD	at org.junit.runners.ParentRunner$1.schedule(ParentRunner.java:79)
∂ÄF	at org.junit.runners.ParentRunner.runChildren(ParentRunner.java:329)
∂ÄD	at org.junit.runners.ParentRunner.access$100(ParentRunner.java:66)
∂ÄE	at org.junit.runners.ParentRunner$2.evaluate(ParentRunner.java:293)
∂ÄE	at org.junit.runners.ParentRunner$3.evaluate(ParentRunner.java:306)
∂Ä>	at org.junit.runners.ParentRunner.run(ParentRunner.java:413)
∂Äu	at org.gradle.api.internal.tasks.testing.junit.JUnitTestClassExecutor.runTestClass(JUnitTestClassExecutor.java:110)
∂Äo	at org.gradle.api.internal.tasks.testing.junit.JUnitTestClassExecutor.execute(JUnitTestClassExecutor.java:58)
∂Äo	at org.gradle.api.internal.tasks.testing.junit.JUnitTestClassExecutor.execute(JUnitTestClassExecutor.java:38)
∂Ää	at org.gradle.api.internal.tasks.testing.junit.AbstractJUnitTestClassProcessor.processTestClass(AbstractJUnitTestClassProcessor.java:62)
∂Ät	at org.gradle.api.internal.tasks.testing.SuiteTestClassProcessor.processTestClass(SuiteTestClassProcessor.java:51)
∂ÄA	at sun.reflect.GeneratedMethodAccessor28.invoke(Unknown Source)
∂ÄZ	at sun.reflect.DelegatingMethodAccessorImpl.invoke(DelegatingMethodAccessorImpl.java:43)
∂Ä5	at java.lang.reflect.Method.invoke(Method.java:498)
∂ÄY	at org.gradle.internal.dispatch.ReflectionDispatch.dispatch(ReflectionDispatch.java:36)
∂ÄY	at org.gradle.internal.dispatch.ReflectionDispatch.dispatch(ReflectionDispatch.java:24)
∂Äi	at org.gradle.internal.dispatch.ContextClassLoaderDispatch.dispatch(ContextClassLoaderDispatch.java:33)
∂Äx	at org.gradle.internal.dispatch.ProxyDispatchAdapter$DispatchingInvocationHandler.invoke(ProxyDispatchAdapter.java:94)
∂Ä;	at com.sun.proxy.$Proxy2.processTestClass(Unknown Source)
∂Äb	at org.gradle.api.internal.tasks.testing.worker.TestWorker.processTestClass(TestWorker.java:118)
∂ÄA	at sun.reflect.GeneratedMethodAccessor27.invoke(Unknown Source)
∂ÄZ	at sun.reflect.DelegatingMethodAccessorImpl.invoke(DelegatingMethodAccessorImpl.java:43)
∂Ä5	at java.lang.reflect.Method.invoke(Method.java:498)
∂ÄY	at org.gradle.internal.dispatch.ReflectionDispatch.dispatch(ReflectionDispatch.java:36)
∂ÄY	at org.gradle.internal.dispatch.ReflectionDispatch.dispatch(ReflectionDispatch.java:24)
∂Äë	at org.gradle.internal.remote.internal.hub.MessageHubBackedObjectConnection$DispatchWrapper.dispatch(MessageHubBackedObjectConnection.java:182)
∂Äë	at org.gradle.internal.remote.internal.hub.MessageHubBackedObjectConnection$DispatchWrapper.dispatch(MessageHubBackedObjectConnection.java:164)
∂ÄX	at org.gradle.internal.remote.internal.hub.MessageHub$Handler.run(MessageHub.java:412)
∂Äk	at org.gradle.internal.concurrent.ExecutorPolicy$CatchAndRecordFailures.onExecute(ExecutorPolicy.java:64)
∂ÄZ	at org.gradle.internal.concurrent.ManagedExecutorImpl$1.run(ManagedExecutorImpl.java:48)
∂ÄT	at java.util.concurrent.ThreadPoolExecutor.runWorker(ThreadPoolExecutor.java:1149)
∂ÄT	at java.util.concurrent.ThreadPoolExecutor$Worker.run(ThreadPoolExecutor.java:624)
∂Äj	at org.gradle.internal.concurrent.ThreadFactoryImpl$ManagedThreadRunnable.run(ThreadFactoryImpl.java:56)
∂Ä*	at java.lang.Thread.run(Thread.java:748)
ŸÉ¢[2020-01-15 10:08:36,294] ERROR Unexpected exception during send, closing connection 0 and rethrowing exception {} (org.apache.kafka.common.network.Selector:406)
ŸÉÉjava.lang.IllegalStateException: Attempt to begin a send operation with prior send operation still in progress, connection id is 0
ŸÉP	at org.apache.kafka.common.network.KafkaChannel.setSend(KafkaChannel.java:377)
ŸÉE	at org.apache.kafka.common.network.Selector.send(Selector.java:398)
ŸÉc	at org.apache.kafka.common.network.SelectorTest.testCantSendWithInProgress(SelectorTest.java:164)
ŸÉ@	at sun.reflect.NativeMethodAccessorImpl.invoke0(Native Method)
ŸÉR	at sun.reflect.NativeMethodAccessorImpl.invoke(NativeMethodAccessorImpl.java:62)
ŸÉZ	at sun.reflect.DelegatingMethodAccessorImpl.invoke(DelegatingMethodAccessorImpl.java:43)
ŸÉ5	at java.lang.reflect.Method.invoke(Method.java:498)
ŸÉY	at org.junit.runners.model.FrameworkMethod$1.runReflectiveCall(FrameworkMethod.java:59)
ŸÉX	at org.junit.internal.runners.model.ReflectiveCallable.run(ReflectiveCallable.java:12)
ŸÉW	at org.junit.runners.model.FrameworkMethod.invokeExplosively(FrameworkMethod.java:56)
ŸÉV	at org.junit.internal.runners.statements.InvokeMethod.evaluate(InvokeMethod.java:17)
ŸÉR	at org.junit.internal.runners.statements.RunBefores.evaluate(RunBefores.java:26)
ŸÉP	at org.junit.internal.runners.statements.RunAfters.evaluate(RunAfters.java:27)
ŸÉg	at org.junit.internal.runners.statements.FailOnTimeout$CallableStatement.call(FailOnTimeout.java:288)
ŸÉg	at org.junit.internal.runners.statements.FailOnTimeout$CallableStatement.call(FailOnTimeout.java:282)
ŸÉ=	at java.util.concurrent.FutureTask.run(FutureTask.java:266)
ŸÉ*	at java.lang.Thread.run(Thread.java:748)
èêÜ[2020-01-15 10:08:41,705] ERROR Aborting producer batches due to fatal error (org.apache.kafka.clients.producer.internals.Sender:492)
èêtorg.apache.kafka.common.errors.ClusterAuthorizationException: The producer is not authorized to do idempotent sends
èöº[2020-01-15 10:08:41,909] ERROR The broker returned org.apache.kafka.common.errors.OutOfOrderSequenceException: The broker received an out of order sequence number. for topic-partition test-0 with producerId 343434, epoch 0, and sequence number 1 (org.apache.kafka.clients.producer.internals.TransactionManager:614)
èüÜ[2020-01-15 10:08:41,922] ERROR Aborting producer batches due to fatal error (org.apache.kafka.clients.producer.internals.Sender:492)
èütorg.apache.kafka.common.errors.ClusterAuthorizationException: The producer is not authorized to do idempotent sends
è£º[2020-01-15 10:08:41,929] ERROR The broker returned org.apache.kafka.common.errors.OutOfOrderSequenceException: The broker received an out of order sequence number. for topic-partition test-0 with producerId 343434, epoch 0, and sequence number 0 (org.apache.kafka.clients.producer.internals.TransactionManager:614)
è¶º[2020-01-15 10:08:41,934] ERROR The broker returned org.apache.kafka.common.errors.OutOfOrderSequenceException: The broker received an out of order sequence number. for topic-partition test-0 with producerId 343434, epoch 0, and sequence number 0 (org.apache.kafka.clients.producer.internals.TransactionManager:614)
è®†[2020-01-15 10:08:41,941] ERROR The broker returned org.apache.kafka.common.errors.UnknownProducerIdException: This exception is raised by the broker if it could not locate the producer metadata associated with the producerId in question. This could happen if, for instance, the producer's records were deleted because their retention time had elapsed. Once the last records of the producerId are removed, the producer's metadata is removed from the broker, and future appends by the producer will return this exception. for topic-partition test-0 with producerId 343434, epoch 0, and sequence number 1 (org.apache.kafka.clients.producer.internals.TransactionManager:614)
è´∑[2020-01-15 10:08:41,945] ERROR The broker returned org.apache.kafka.common.errors.OutOfOrderSequenceException: The broker received an out of order sequence number. for topic-partition test-0 with producerId 1, epoch 0, and sequence number 0 (org.apache.kafka.clients.producer.internals.TransactionManager:614)
è≠º[2020-01-15 10:08:41,949] ERROR The broker returned org.apache.kafka.common.errors.OutOfOrderSequenceException: The broker received an out of order sequence number. for topic-partition test-0 with producerId 343434, epoch 0, and sequence number 0 (org.apache.kafka.clients.producer.internals.TransactionManager:614)
è∞º[2020-01-15 10:08:41,954] ERROR The broker returned org.apache.kafka.common.errors.OutOfOrderSequenceException: The broker received an out of order sequence number. for topic-partition test-0 with producerId 343434, epoch 0, and sequence number 2 (org.apache.kafka.clients.producer.internals.TransactionManager:614)
è≥º[2020-01-15 10:08:41,959] ERROR The broker returned org.apache.kafka.common.errors.OutOfOrderSequenceException: The broker received an out of order sequence number. for topic-partition test-0 with producerId 343434, epoch 0, and sequence number 0 (org.apache.kafka.clients.producer.internals.TransactionManager:614)
è∑Ü[2020-01-15 10:08:41,965] ERROR Aborting producer batches due to fatal error (org.apache.kafka.clients.producer.internals.Sender:492)
è∑\org.apache.kafka.common.errors.ClusterAuthorizationException: Cluster authorization failed.
è∏Ü[2020-01-15 10:08:41,968] ERROR Aborting producer batches due to fatal error (org.apache.kafka.clients.producer.internals.Sender:492)
è∏aorg.apache.kafka.common.errors.UnsupportedVersionException: The version of API is not supported.
ÁÚ¶[2020-01-15 10:08:44,921] ERROR [Producer clientId=producer-6] Uncaught error in kafka producer I/O thread:  (org.apache.kafka.clients.producer.internals.Sender:247)
ÁÚDjava.lang.IllegalStateException: No previous metadata update to use
ÁÚr	at org.apache.kafka.clients.MockClient$DefaultMockMetadataUpdater.updateWithCurrentMetadata(MockClient.java:623)
ÁÚB	at org.apache.kafka.clients.MockClient.poll(MockClient.java:287)
ÁÚP	at org.apache.kafka.clients.producer.internals.Sender.runOnce(Sender.java:334)
ÁÚL	at org.apache.kafka.clients.producer.internals.Sender.run(Sender.java:245)
ÁÚ*	at java.lang.Thread.run(Thread.java:748)
ÁÙ¶[2020-01-15 10:08:45,024] ERROR [Producer clientId=producer-8] Uncaught error in kafka producer I/O thread:  (org.apache.kafka.clients.producer.internals.Sender:247)
ÁÙDjava.lang.IllegalStateException: No previous metadata update to use
ÁÙr	at org.apache.kafka.clients.MockClient$DefaultMockMetadataUpdater.updateWithCurrentMetadata(MockClient.java:623)
ÁÙB	at org.apache.kafka.clients.MockClient.poll(MockClient.java:287)
ÁÙP	at org.apache.kafka.clients.producer.internals.Sender.runOnce(Sender.java:334)
ÁÙL	at org.apache.kafka.clients.producer.internals.Sender.run(Sender.java:245)
ÁÙ*	at java.lang.Thread.run(Thread.java:748)
Á˘ô[2020-01-15 10:08:45,239] ERROR [Producer clientId=producer-9] Interrupted while joining ioThread (org.apache.kafka.clients.producer.KafkaProducer:1159)
Á˘java.lang.InterruptedException
Á˘)	at java.lang.Object.wait(Native Method)
Á˘,	at java.lang.Thread.join(Thread.java:1260)
Á˘S	at org.apache.kafka.clients.producer.KafkaProducer.close(KafkaProducer.java:1156)
Á˘S	at org.apache.kafka.clients.producer.KafkaProducer.close(KafkaProducer.java:1133)
Á˘S	at org.apache.kafka.clients.producer.KafkaProducer.close(KafkaProducer.java:1111)
Á˘Ü	at org.apache.kafka.clients.producer.KafkaProducerTest.lambda$shouldCloseProperlyAndThrowIfInterrupted$1(KafkaProducerTest.java:280)
Á˘L	at java.util.concurrent.Executors$RunnableAdapter.call(Executors.java:511)
Á˘=	at java.util.concurrent.FutureTask.run(FutureTask.java:266)
Á˘T	at java.util.concurrent.ThreadPoolExecutor.runWorker(ThreadPoolExecutor.java:1149)
Á˘T	at java.util.concurrent.ThreadPoolExecutor$Worker.run(ThreadPoolExecutor.java:624)
Á˘*	at java.lang.Thread.run(Thread.java:748)
Áï~[2020-01-15 10:08:50,455] ERROR Metadata response reported invalid topics [topic abc] (org.apache.kafka.clients.Metadata:274)
†°Ã[2020-01-15 10:08:50,537] ERROR Reclaimed buffer of size 95446630 and identity 1184896025 that was not properly release()ed. This is a bug. (org.apache.kafka.common.memory.GarbageCollectedMemoryPool:106)
†°Ã[2020-01-15 10:08:50,538] ERROR Reclaimed buffer of size 95446630 and identity 1427712016 that was not properly release()ed. This is a bug. (org.apache.kafka.common.memory.GarbageCollectedMemoryPool:106)
†°Ã[2020-01-15 10:08:50,538] ERROR Reclaimed buffer of size 95446630 and identity 1543171488 that was not properly release()ed. This is a bug. (org.apache.kafka.common.memory.GarbageCollectedMemoryPool:106)
†° [2020-01-15 10:08:50,538] ERROR Reclaimed buffer of size 95446630 and identity 24757077 that was not properly release()ed. This is a bug. (org.apache.kafka.common.memory.GarbageCollectedMemoryPool:106)
†°À[2020-01-15 10:08:50,538] ERROR Reclaimed buffer of size 95446630 and identity 490484418 that was not properly release()ed. This is a bug. (org.apache.kafka.common.memory.GarbageCollectedMemoryPool:106)
†°Ã[2020-01-15 10:08:50,538] ERROR Reclaimed buffer of size 95446630 and identity 2113221626 that was not properly release()ed. This is a bug. (org.apache.kafka.common.memory.GarbageCollectedMemoryPool:106)
†°À[2020-01-15 10:08:50,619] ERROR Reclaimed buffer of size 95446630 and identity 526960074 that was not properly release()ed. This is a bug. (org.apache.kafka.common.memory.GarbageCollectedMemoryPool:106)
†°À[2020-01-15 10:08:50,620] ERROR Reclaimed buffer of size 95446630 and identity 807770935 that was not properly release()ed. This is a bug. (org.apache.kafka.common.memory.GarbageCollectedMemoryPool:106)
†°À[2020-01-15 10:08:50,620] ERROR Reclaimed buffer of size 95446630 and identity 256147398 that was not properly release()ed. This is a bug. (org.apache.kafka.common.memory.GarbageCollectedMemoryPool:106)
†°Ã[2020-01-15 10:08:50,620] ERROR Reclaimed buffer of size 95446630 and identity 1019143917 that was not properly release()ed. This is a bug. (org.apache.kafka.common.memory.GarbageCollectedMemoryPool:106)
†°Ã[2020-01-15 10:08:50,620] ERROR Reclaimed buffer of size 95446630 and identity 1088976400 that was not properly release()ed. This is a bug. (org.apache.kafka.common.memory.GarbageCollectedMemoryPool:106)
†°Ã[2020-01-15 10:08:50,620] ERROR Reclaimed buffer of size 95446630 and identity 1412092228 that was not properly release()ed. This is a bug. (org.apache.kafka.common.memory.GarbageCollectedMemoryPool:106)
†°À[2020-01-15 10:08:50,621] ERROR Reclaimed buffer of size 95446630 and identity 481519802 that was not properly release()ed. This is a bug. (org.apache.kafka.common.memory.GarbageCollectedMemoryPool:106)
†°À[2020-01-15 10:08:50,697] ERROR Reclaimed buffer of size 95446630 and identity 432148365 that was not properly release()ed. This is a bug. (org.apache.kafka.common.memory.GarbageCollectedMemoryPool:106)
†°Ã[2020-01-15 10:08:50,697] ERROR Reclaimed buffer of size 95446630 and identity 1221199061 that was not properly release()ed. This is a bug. (org.apache.kafka.common.memory.GarbageCollectedMemoryPool:106)
†°À[2020-01-15 10:08:50,697] ERROR Reclaimed buffer of size 95446630 and identity 208836862 that was not properly release()ed. This is a bug. (org.apache.kafka.common.memory.GarbageCollectedMemoryPool:106)
†°À[2020-01-15 10:08:50,698] ERROR Reclaimed buffer of size 95446630 and identity 344381975 that was not properly release()ed. This is a bug. (org.apache.kafka.common.memory.GarbageCollectedMemoryPool:106)
†°À[2020-01-15 10:08:50,698] ERROR Reclaimed buffer of size 95446630 and identity 731896426 that was not properly release()ed. This is a bug. (org.apache.kafka.common.memory.GarbageCollectedMemoryPool:106)
†°Ã[2020-01-15 10:08:50,698] ERROR Reclaimed buffer of size 95446630 and identity 1337672654 that was not properly release()ed. This is a bug. (org.apache.kafka.common.memory.GarbageCollectedMemoryPool:106)
†°À[2020-01-15 10:08:50,698] ERROR Reclaimed buffer of size 95446630 and identity 371493222 that was not properly release()ed. This is a bug. (org.apache.kafka.common.memory.GarbageCollectedMemoryPool:106)
†°À[2020-01-15 10:08:50,776] ERROR Reclaimed buffer of size 95446630 and identity 453909409 that was not properly release()ed. This is a bug. (org.apache.kafka.common.memory.GarbageCollectedMemoryPool:106)
†°À[2020-01-15 10:08:50,777] ERROR Reclaimed buffer of size 95446630 and identity 298203079 that was not properly release()ed. This is a bug. (org.apache.kafka.common.memory.GarbageCollectedMemoryPool:106)
†°À[2020-01-15 10:08:50,777] ERROR Reclaimed buffer of size 95446630 and identity 743488819 that was not properly release()ed. This is a bug. (org.apache.kafka.common.memory.GarbageCollectedMemoryPool:106)
†°Ã[2020-01-15 10:08:50,777] ERROR Reclaimed buffer of size 95446630 and identity 1307060731 that was not properly release()ed. This is a bug. (org.apache.kafka.common.memory.GarbageCollectedMemoryPool:106)
†°À[2020-01-15 10:08:50,777] ERROR Reclaimed buffer of size 95446630 and identity 410123285 that was not properly release()ed. This is a bug. (org.apache.kafka.common.memory.GarbageCollectedMemoryPool:106)
†°À[2020-01-15 10:08:50,777] ERROR Reclaimed buffer of size 95446630 and identity 166456172 that was not properly release()ed. This is a bug. (org.apache.kafka.common.memory.GarbageCollectedMemoryPool:106)
†°Ã[2020-01-15 10:08:50,777] ERROR Reclaimed buffer of size 95446630 and identity 1003908872 that was not properly release()ed. This is a bug. (org.apache.kafka.common.memory.GarbageCollectedMemoryPool:106)
µ∑Ã[2020-01-15 10:08:50,988] ERROR Reclaimed buffer of size 95446630 and identity 1262692894 that was not properly release()ed. This is a bug. (org.apache.kafka.common.memory.GarbageCollectedMemoryPool:106)
µ∑∆[2020-01-15 10:08:50,988] ERROR Reclaimed buffer of size 10 and identity 1786066491 that was not properly release()ed. This is a bug. (org.apache.kafka.common.memory.GarbageCollectedMemoryPool:106)
µ∑À[2020-01-15 10:08:50,988] ERROR Reclaimed buffer of size 95446630 and identity 553385651 that was not properly release()ed. This is a bug. (org.apache.kafka.common.memory.GarbageCollectedMemoryPool:106)
µ∑≈[2020-01-15 10:08:50,989] ERROR Reclaimed buffer of size 10 and identity 693951831 that was not properly release()ed. This is a bug. (org.apache.kafka.common.memory.GarbageCollectedMemoryPool:106)
µ∑Ã[2020-01-15 10:08:50,989] ERROR Reclaimed buffer of size 95446630 and identity 1139126865 that was not properly release()ed. This is a bug. (org.apache.kafka.common.memory.GarbageCollectedMemoryPool:106)
µ∑≈[2020-01-15 10:08:50,989] ERROR Reclaimed buffer of size 10 and identity 352600992 that was not properly release()ed. This is a bug. (org.apache.kafka.common.memory.GarbageCollectedMemoryPool:106)
µ¿¢[2020-01-15 10:08:51,215] ERROR Unexpected exception during send, closing connection 0 and rethrowing exception {} (org.apache.kafka.common.network.Selector:406)
µ¿Éjava.lang.IllegalStateException: Attempt to begin a send operation with prior send operation still in progress, connection id is 0
µ¿P	at org.apache.kafka.common.network.KafkaChannel.setSend(KafkaChannel.java:377)
µ¿E	at org.apache.kafka.common.network.Selector.send(Selector.java:398)
µ¿c	at org.apache.kafka.common.network.SelectorTest.testCantSendWithInProgress(SelectorTest.java:164)
µ¿@	at sun.reflect.NativeMethodAccessorImpl.invoke0(Native Method)
µ¿R	at sun.reflect.NativeMethodAccessorImpl.invoke(NativeMethodAccessorImpl.java:62)
µ¿Z	at sun.reflect.DelegatingMethodAccessorImpl.invoke(DelegatingMethodAccessorImpl.java:43)
µ¿5	at java.lang.reflect.Method.invoke(Method.java:498)
µ¿Y	at org.junit.runners.model.FrameworkMethod$1.runReflectiveCall(FrameworkMethod.java:59)
µ¿X	at org.junit.internal.runners.model.ReflectiveCallable.run(ReflectiveCallable.java:12)
µ¿W	at org.junit.runners.model.FrameworkMethod.invokeExplosively(FrameworkMethod.java:56)
µ¿V	at org.junit.internal.runners.statements.InvokeMethod.evaluate(InvokeMethod.java:17)
µ¿R	at org.junit.internal.runners.statements.RunBefores.evaluate(RunBefores.java:26)
µ¿P	at org.junit.internal.runners.statements.RunAfters.evaluate(RunAfters.java:27)
µ¿g	at org.junit.internal.runners.statements.FailOnTimeout$CallableStatement.call(FailOnTimeout.java:288)
µ¿g	at org.junit.internal.runners.statements.FailOnTimeout$CallableStatement.call(FailOnTimeout.java:282)
µ¿=	at java.util.concurrent.FutureTask.run(FutureTask.java:266)
µ¿*	at java.lang.Thread.run(Thread.java:748)
˛Ûß[2020-01-15 10:08:53,235] ERROR Modification time of key store could not be obtained: some.truststore.path (org.apache.kafka.common.security.ssl.SslEngineBuilder:300)
˛Û8java.nio.file.NoSuchFileException: some.truststore.path
˛ÛK	at sun.nio.fs.UnixException.translateToIOException(UnixException.java:86)
˛ÛJ	at sun.nio.fs.UnixException.rethrowAsIOException(UnixException.java:102)
˛ÛJ	at sun.nio.fs.UnixException.rethrowAsIOException(UnixException.java:107)
˛Û[	at sun.nio.fs.UnixFileAttributeViews$Basic.readAttributes(UnixFileAttributeViews.java:55)
˛ÛV	at sun.nio.fs.UnixFileSystemProvider.readAttributes(UnixFileSystemProvider.java:144)
˛Û8	at java.nio.file.Files.readAttributes(Files.java:1737)
˛Û=	at java.nio.file.Files.getLastModifiedTime(Files.java:2266)
˛Ûr	at org.apache.kafka.common.security.ssl.SslEngineBuilder$SecurityStore.lastModifiedMs(SslEngineBuilder.java:298)
˛Ûj	at org.apache.kafka.common.security.ssl.SslEngineBuilder$SecurityStore.<init>(SslEngineBuilder.java:275)
˛Ûf	at org.apache.kafka.common.security.ssl.SslEngineBuilder.createTruststore(SslEngineBuilder.java:182)
˛Û\	at org.apache.kafka.common.security.ssl.SslEngineBuilder.<init>(SslEngineBuilder.java:100)
˛Ûc	at org.apache.kafka.common.security.ssl.SslFactory.createNewSslEngineBuilder(SslFactory.java:140)
˛Ûa	at org.apache.kafka.common.security.ssl.SslFactory.validateReconfiguration(SslFactory.java:114)
˛Ûi	at org.apache.kafka.common.network.SslChannelBuilder.validateReconfiguration(SslChannelBuilder.java:85)
˛Ût	at org.apache.kafka.common.network.SslTransportLayerTest.verifyInvalidReconfigure(SslTransportLayerTest.java:1090)
˛Û}	at org.apache.kafka.common.network.SslTransportLayerTest.testServerTruststoreDynamicUpdate(SslTransportLayerTest.java:1080)
˛Û@	at sun.reflect.NativeMethodAccessorImpl.invoke0(Native Method)
˛ÛR	at sun.reflect.NativeMethodAccessorImpl.invoke(NativeMethodAccessorImpl.java:62)
˛ÛZ	at sun.reflect.DelegatingMethodAccessorImpl.invoke(DelegatingMethodAccessorImpl.java:43)
˛Û5	at java.lang.reflect.Method.invoke(Method.java:498)
˛ÛY	at org.junit.runners.model.FrameworkMethod$1.runReflectiveCall(FrameworkMethod.java:59)
˛ÛX	at org.junit.internal.runners.model.ReflectiveCallable.run(ReflectiveCallable.java:12)
˛ÛW	at org.junit.runners.model.FrameworkMethod.invokeExplosively(FrameworkMethod.java:56)
˛ÛV	at org.junit.internal.runners.statements.InvokeMethod.evaluate(InvokeMethod.java:17)
˛ÛR	at org.junit.internal.runners.statements.RunBefores.evaluate(RunBefores.java:26)
˛ÛP	at org.junit.internal.runners.statements.RunAfters.evaluate(RunAfters.java:27)
˛ÛE	at org.junit.runners.ParentRunner$3.evaluate(ParentRunner.java:306)
˛ÛY	at org.junit.runners.BlockJUnit4ClassRunner$1.evaluate(BlockJUnit4ClassRunner.java:100)
˛ÛB	at org.junit.runners.ParentRunner.runLeaf(ParentRunner.java:366)
˛ÛW	at org.junit.runners.BlockJUnit4ClassRunner.runChild(BlockJUnit4ClassRunner.java:103)
˛ÛV	at org.junit.runners.BlockJUnit4ClassRunner.runChild(BlockJUnit4ClassRunner.java:63)
˛Û@	at org.junit.runners.ParentRunner$4.run(ParentRunner.java:331)
˛ÛD	at org.junit.runners.ParentRunner$1.schedule(ParentRunner.java:79)
˛ÛF	at org.junit.runners.ParentRunner.runChildren(ParentRunner.java:329)
˛ÛD	at org.junit.runners.ParentRunner.access$100(ParentRunner.java:66)
˛ÛE	at org.junit.runners.ParentRunner$2.evaluate(ParentRunner.java:293)
˛Û>	at org.junit.runners.ParentRunner.run(ParentRunner.java:413)
˛Û5	at org.junit.runners.Suite.runChild(Suite.java:128)
˛Û4	at org.junit.runners.Suite.runChild(Suite.java:27)
˛Û@	at org.junit.runners.ParentRunner$4.run(ParentRunner.java:331)
˛ÛD	at org.junit.runners.ParentRunner$1.schedule(ParentRunner.java:79)
˛ÛF	at org.junit.runners.ParentRunner.runChildren(ParentRunner.java:329)
˛ÛD	at org.junit.runners.ParentRunner.access$100(ParentRunner.java:66)
˛ÛE	at org.junit.runners.ParentRunner$2.evaluate(ParentRunner.java:293)
˛ÛE	at org.junit.runners.ParentRunner$3.evaluate(ParentRunner.java:306)
˛Û>	at org.junit.runners.ParentRunner.run(ParentRunner.java:413)
˛Ûu	at org.gradle.api.internal.tasks.testing.junit.JUnitTestClassExecutor.runTestClass(JUnitTestClassExecutor.java:110)
˛Ûo	at org.gradle.api.internal.tasks.testing.junit.JUnitTestClassExecutor.execute(JUnitTestClassExecutor.java:58)
˛Ûo	at org.gradle.api.internal.tasks.testing.junit.JUnitTestClassExecutor.execute(JUnitTestClassExecutor.java:38)
˛Ûä	at org.gradle.api.internal.tasks.testing.junit.AbstractJUnitTestClassProcessor.processTestClass(AbstractJUnitTestClassProcessor.java:62)
˛Ût	at org.gradle.api.internal.tasks.testing.SuiteTestClassProcessor.processTestClass(SuiteTestClassProcessor.java:51)
˛Û@	at sun.reflect.NativeMethodAccessorImpl.invoke0(Native Method)
˛ÛR	at sun.reflect.NativeMethodAccessorImpl.invoke(NativeMethodAccessorImpl.java:62)
˛ÛZ	at sun.reflect.DelegatingMethodAccessorImpl.invoke(DelegatingMethodAccessorImpl.java:43)
˛Û5	at java.lang.reflect.Method.invoke(Method.java:498)
˛ÛY	at org.gradle.internal.dispatch.ReflectionDispatch.dispatch(ReflectionDispatch.java:36)
˛ÛY	at org.gradle.internal.dispatch.ReflectionDispatch.dispatch(ReflectionDispatch.java:24)
˛Ûi	at org.gradle.internal.dispatch.ContextClassLoaderDispatch.dispatch(ContextClassLoaderDispatch.java:33)
˛Ûx	at org.gradle.internal.dispatch.ProxyDispatchAdapter$DispatchingInvocationHandler.invoke(ProxyDispatchAdapter.java:94)
˛Û;	at com.sun.proxy.$Proxy2.processTestClass(Unknown Source)
˛Ûb	at org.gradle.api.internal.tasks.testing.worker.TestWorker.processTestClass(TestWorker.java:118)
˛Û@	at sun.reflect.NativeMethodAccessorImpl.invoke0(Native Method)
˛ÛR	at sun.reflect.NativeMethodAccessorImpl.invoke(NativeMethodAccessorImpl.java:62)
˛ÛZ	at sun.reflect.DelegatingMethodAccessorImpl.invoke(DelegatingMethodAccessorImpl.java:43)
˛Û5	at java.lang.reflect.Method.invoke(Method.java:498)
˛ÛY	at org.gradle.internal.dispatch.ReflectionDispatch.dispatch(ReflectionDispatch.java:36)
˛ÛY	at org.gradle.internal.dispatch.ReflectionDispatch.dispatch(ReflectionDispatch.java:24)
˛Ûë	at org.gradle.internal.remote.internal.hub.MessageHubBackedObjectConnection$DispatchWrapper.dispatch(MessageHubBackedObjectConnection.java:182)
˛Ûë	at org.gradle.internal.remote.internal.hub.MessageHubBackedObjectConnection$DispatchWrapper.dispatch(MessageHubBackedObjectConnection.java:164)
˛ÛX	at org.gradle.internal.remote.internal.hub.MessageHub$Handler.run(MessageHub.java:412)
˛Ûk	at org.gradle.internal.concurrent.ExecutorPolicy$CatchAndRecordFailures.onExecute(ExecutorPolicy.java:64)
˛ÛZ	at org.gradle.internal.concurrent.ManagedExecutorImpl$1.run(ManagedExecutorImpl.java:48)
˛ÛT	at java.util.concurrent.ThreadPoolExecutor.runWorker(ThreadPoolExecutor.java:1149)
˛ÛT	at java.util.concurrent.ThreadPoolExecutor$Worker.run(ThreadPoolExecutor.java:624)
˛Ûj	at org.gradle.internal.concurrent.ThreadFactoryImpl$ManagedThreadRunnable.run(ThreadFactoryImpl.java:56)
˛Û*	at java.lang.Thread.run(Thread.java:748)
˛Ûß[2020-01-15 10:08:53,251] ERROR Modification time of key store could not be obtained: some.truststore.path (org.apache.kafka.common.security.ssl.SslEngineBuilder:300)
˛Û8java.nio.file.NoSuchFileException: some.truststore.path
˛ÛK	at sun.nio.fs.UnixException.translateToIOException(UnixException.java:86)
˛ÛJ	at sun.nio.fs.UnixException.rethrowAsIOException(UnixException.java:102)
˛ÛJ	at sun.nio.fs.UnixException.rethrowAsIOException(UnixException.java:107)
˛Û[	at sun.nio.fs.UnixFileAttributeViews$Basic.readAttributes(UnixFileAttributeViews.java:55)
˛ÛV	at sun.nio.fs.UnixFileSystemProvider.readAttributes(UnixFileSystemProvider.java:144)
˛Û8	at java.nio.file.Files.readAttributes(Files.java:1737)
˛Û=	at java.nio.file.Files.getLastModifiedTime(Files.java:2266)
˛Ûr	at org.apache.kafka.common.security.ssl.SslEngineBuilder$SecurityStore.lastModifiedMs(SslEngineBuilder.java:298)
˛Ûj	at org.apache.kafka.common.security.ssl.SslEngineBuilder$SecurityStore.<init>(SslEngineBuilder.java:275)
˛Ûf	at org.apache.kafka.common.security.ssl.SslEngineBuilder.createTruststore(SslEngineBuilder.java:182)
˛Û\	at org.apache.kafka.common.security.ssl.SslEngineBuilder.<init>(SslEngineBuilder.java:100)
˛Ûc	at org.apache.kafka.common.security.ssl.SslFactory.createNewSslEngineBuilder(SslFactory.java:140)
˛ÛU	at org.apache.kafka.common.security.ssl.SslFactory.reconfigure(SslFactory.java:119)
˛Û]	at org.apache.kafka.common.network.SslChannelBuilder.reconfigure(SslChannelBuilder.java:90)
˛Ût	at org.apache.kafka.common.network.SslTransportLayerTest.verifyInvalidReconfigure(SslTransportLayerTest.java:1096)
˛Û}	at org.apache.kafka.common.network.SslTransportLayerTest.testServerTruststoreDynamicUpdate(SslTransportLayerTest.java:1080)
˛Û@	at sun.reflect.NativeMethodAccessorImpl.invoke0(Native Method)
˛ÛR	at sun.reflect.NativeMethodAccessorImpl.invoke(NativeMethodAccessorImpl.java:62)
˛ÛZ	at sun.reflect.DelegatingMethodAccessorImpl.invoke(DelegatingMethodAccessorImpl.java:43)
˛Û5	at java.lang.reflect.Method.invoke(Method.java:498)
˛ÛY	at org.junit.runners.model.FrameworkMethod$1.runReflectiveCall(FrameworkMethod.java:59)
˛ÛX	at org.junit.internal.runners.model.ReflectiveCallable.run(ReflectiveCallable.java:12)
˛ÛW	at org.junit.runners.model.FrameworkMethod.invokeExplosively(FrameworkMethod.java:56)
˛ÛV	at org.junit.internal.runners.statements.InvokeMethod.evaluate(InvokeMethod.java:17)
˛ÛR	at org.junit.internal.runners.statements.RunBefores.evaluate(RunBefores.java:26)
˛ÛP	at org.junit.internal.runners.statements.RunAfters.evaluate(RunAfters.java:27)
˛ÛE	at org.junit.runners.ParentRunner$3.evaluate(ParentRunner.java:306)
˛ÛY	at org.junit.runners.BlockJUnit4ClassRunner$1.evaluate(BlockJUnit4ClassRunner.java:100)
˛ÛB	at org.junit.runners.ParentRunner.runLeaf(ParentRunner.java:366)
˛ÛW	at org.junit.runners.BlockJUnit4ClassRunner.runChild(BlockJUnit4ClassRunner.java:103)
˛ÛV	at org.junit.runners.BlockJUnit4ClassRunner.runChild(BlockJUnit4ClassRunner.java:63)
˛Û@	at org.junit.runners.ParentRunner$4.run(ParentRunner.java:331)
˛ÛD	at org.junit.runners.ParentRunner$1.schedule(ParentRunner.java:79)
˛ÛF	at org.junit.runners.ParentRunner.runChildren(ParentRunner.java:329)
˛ÛD	at org.junit.runners.ParentRunner.access$100(ParentRunner.java:66)
˛ÛE	at org.junit.runners.ParentRunner$2.evaluate(ParentRunner.java:293)
˛Û>	at org.junit.runners.ParentRunner.run(ParentRunner.java:413)
˛Û5	at org.junit.runners.Suite.runChild(Suite.java:128)
˛Û4	at org.junit.runners.Suite.runChild(Suite.java:27)
˛Û@	at org.junit.runners.ParentRunner$4.run(ParentRunner.java:331)
˛ÛD	at org.junit.runners.ParentRunner$1.schedule(ParentRunner.java:79)
˛ÛF	at org.junit.runners.ParentRunner.runChildren(ParentRunner.java:329)
˛ÛD	at org.junit.runners.ParentRunner.access$100(ParentRunner.java:66)
˛ÛE	at org.junit.runners.ParentRunner$2.evaluate(ParentRunner.java:293)
˛ÛE	at org.junit.runners.ParentRunner$3.evaluate(ParentRunner.java:306)
˛Û>	at org.junit.runners.ParentRunner.run(ParentRunner.java:413)
˛Ûu	at org.gradle.api.internal.tasks.testing.junit.JUnitTestClassExecutor.runTestClass(JUnitTestClassExecutor.java:110)
˛Ûo	at org.gradle.api.internal.tasks.testing.junit.JUnitTestClassExecutor.execute(JUnitTestClassExecutor.java:58)
˛Ûo	at org.gradle.api.internal.tasks.testing.junit.JUnitTestClassExecutor.execute(JUnitTestClassExecutor.java:38)
˛Ûä	at org.gradle.api.internal.tasks.testing.junit.AbstractJUnitTestClassProcessor.processTestClass(AbstractJUnitTestClassProcessor.java:62)
˛Ût	at org.gradle.api.internal.tasks.testing.SuiteTestClassProcessor.processTestClass(SuiteTestClassProcessor.java:51)
˛Û@	at sun.reflect.NativeMethodAccessorImpl.invoke0(Native Method)
˛ÛR	at sun.reflect.NativeMethodAccessorImpl.invoke(NativeMethodAccessorImpl.java:62)
˛ÛZ	at sun.reflect.DelegatingMethodAccessorImpl.invoke(DelegatingMethodAccessorImpl.java:43)
˛Û5	at java.lang.reflect.Method.invoke(Method.java:498)
˛ÛY	at org.gradle.internal.dispatch.ReflectionDispatch.dispatch(ReflectionDispatch.java:36)
˛ÛY	at org.gradle.internal.dispatch.ReflectionDispatch.dispatch(ReflectionDispatch.java:24)
˛Ûi	at org.gradle.internal.dispatch.ContextClassLoaderDispatch.dispatch(ContextClassLoaderDispatch.java:33)
˛Ûx	at org.gradle.internal.dispatch.ProxyDispatchAdapter$DispatchingInvocationHandler.invoke(ProxyDispatchAdapter.java:94)
˛Û;	at com.sun.proxy.$Proxy2.processTestClass(Unknown Source)
˛Ûb	at org.gradle.api.internal.tasks.testing.worker.TestWorker.processTestClass(TestWorker.java:118)
˛Û@	at sun.reflect.NativeMethodAccessorImpl.invoke0(Native Method)
˛ÛR	at sun.reflect.NativeMethodAccessorImpl.invoke(NativeMethodAccessorImpl.java:62)
˛ÛZ	at sun.reflect.DelegatingMethodAccessorImpl.invoke(DelegatingMethodAccessorImpl.java:43)
˛Û5	at java.lang.reflect.Method.invoke(Method.java:498)
˛ÛY	at org.gradle.internal.dispatch.ReflectionDispatch.dispatch(ReflectionDispatch.java:36)
˛ÛY	at org.gradle.internal.dispatch.ReflectionDispatch.dispatch(ReflectionDispatch.java:24)
˛Ûë	at org.gradle.internal.remote.internal.hub.MessageHubBackedObjectConnection$DispatchWrapper.dispatch(MessageHubBackedObjectConnection.java:182)
˛Ûë	at org.gradle.internal.remote.internal.hub.MessageHubBackedObjectConnection$DispatchWrapper.dispatch(MessageHubBackedObjectConnection.java:164)
˛ÛX	at org.gradle.internal.remote.internal.hub.MessageHub$Handler.run(MessageHub.java:412)
˛Ûk	at org.gradle.internal.concurrent.ExecutorPolicy$CatchAndRecordFailures.onExecute(ExecutorPolicy.java:64)
˛ÛZ	at org.gradle.internal.concurrent.ManagedExecutorImpl$1.run(ManagedExecutorImpl.java:48)
˛ÛT	at java.util.concurrent.ThreadPoolExecutor.runWorker(ThreadPoolExecutor.java:1149)
˛ÛT	at java.util.concurrent.ThreadPoolExecutor$Worker.run(ThreadPoolExecutor.java:624)
˛Ûj	at org.gradle.internal.concurrent.ThreadFactoryImpl$ManagedThreadRunnable.run(ThreadFactoryImpl.java:56)
˛Û*	at java.lang.Thread.run(Thread.java:748)
˘˛ü[2020-01-15 10:08:55,996] ERROR Extensions provided in login context without a token (org.apache.kafka.common.security.oauthbearer.OAuthBearerLoginModule:318)
˘˛Jjava.io.IOException: Extensions provided in login context without a token
˘˛®	at org.apache.kafka.common.security.oauthbearer.internals.unsecured.OAuthBearerUnsecuredLoginCallbackHandler.handle(OAuthBearerUnsecuredLoginCallbackHandler.java:164)
˘˛w	at org.apache.kafka.common.security.oauthbearer.OAuthBearerLoginModule.identifyToken(OAuthBearerLoginModule.java:316)
˘˛o	at org.apache.kafka.common.security.oauthbearer.OAuthBearerLoginModule.login(OAuthBearerLoginModule.java:301)
˘˛@	at sun.reflect.NativeMethodAccessorImpl.invoke0(Native Method)
˘˛R	at sun.reflect.NativeMethodAccessorImpl.invoke(NativeMethodAccessorImpl.java:62)
˘˛Z	at sun.reflect.DelegatingMethodAccessorImpl.invoke(DelegatingMethodAccessorImpl.java:43)
˘˛5	at java.lang.reflect.Method.invoke(Method.java:498)
˘˛I	at javax.security.auth.login.LoginContext.invoke(LoginContext.java:755)
˘˛M	at javax.security.auth.login.LoginContext.access$000(LoginContext.java:195)
˘˛H	at javax.security.auth.login.LoginContext$4.run(LoginContext.java:682)
˘˛H	at javax.security.auth.login.LoginContext$4.run(LoginContext.java:680)
˘˛?	at java.security.AccessController.doPrivileged(Native Method)
˘˛M	at javax.security.auth.login.LoginContext.invokePriv(LoginContext.java:680)
˘˛H	at javax.security.auth.login.LoginContext.login(LoginContext.java:587)
˘˛^	at org.apache.kafka.common.security.authenticator.AbstractLogin.login(AbstractLogin.java:60)
˘˛]	at org.apache.kafka.common.security.authenticator.LoginManager.<init>(LoginManager.java:62)
˘˛k	at org.apache.kafka.common.security.authenticator.LoginManager.acquireLoginManager(LoginManager.java:105)
˘˛^	at org.apache.kafka.common.network.SaslChannelBuilder.configure(SaslChannelBuilder.java:158)
˘˛U	at org.apache.kafka.common.network.ChannelBuilders.create(ChannelBuilders.java:157)
˘˛b	at org.apache.kafka.common.network.ChannelBuilders.serverChannelBuilder(ChannelBuilders.java:97)
˘˛Q	at org.apache.kafka.common.network.NioEchoServer.<init>(NioEchoServer.java:123)
˘˛P	at org.apache.kafka.common.network.NioEchoServer.<init>(NioEchoServer.java:98)
˘˛`	at org.apache.kafka.common.network.NetworkTestUtils.createEchoServer(NetworkTestUtils.java:49)
˘˛`	at org.apache.kafka.common.network.NetworkTestUtils.createEchoServer(NetworkTestUtils.java:43)
˘˛{	at org.apache.kafka.common.security.authenticator.SaslAuthenticatorTest.createEchoServer(SaslAuthenticatorTest.java:1947)
˘˛{	at org.apache.kafka.common.security.authenticator.SaslAuthenticatorTest.createEchoServer(SaslAuthenticatorTest.java:1943)
˘˛ü	at org.apache.kafka.common.security.authenticator.SaslAuthenticatorTest.testValidSaslOauthBearerMechanismWithoutServerTokens(SaslAuthenticatorTest.java:1666)
˘˛@	at sun.reflect.NativeMethodAccessorImpl.invoke0(Native Method)
˘˛R	at sun.reflect.NativeMethodAccessorImpl.invoke(NativeMethodAccessorImpl.java:62)
˘˛Z	at sun.reflect.DelegatingMethodAccessorImpl.invoke(DelegatingMethodAccessorImpl.java:43)
˘˛5	at java.lang.reflect.Method.invoke(Method.java:498)
˘˛Y	at org.junit.runners.model.FrameworkMethod$1.runReflectiveCall(FrameworkMethod.java:59)
˘˛X	at org.junit.internal.runners.model.ReflectiveCallable.run(ReflectiveCallable.java:12)
˘˛W	at org.junit.runners.model.FrameworkMethod.invokeExplosively(FrameworkMethod.java:56)
˘˛V	at org.junit.internal.runners.statements.InvokeMethod.evaluate(InvokeMethod.java:17)
˘˛R	at org.junit.internal.runners.statements.RunBefores.evaluate(RunBefores.java:26)
˘˛P	at org.junit.internal.runners.statements.RunAfters.evaluate(RunAfters.java:27)
˘˛E	at org.junit.runners.ParentRunner$3.evaluate(ParentRunner.java:306)
˘˛Y	at org.junit.runners.BlockJUnit4ClassRunner$1.evaluate(BlockJUnit4ClassRunner.java:100)
˘˛B	at org.junit.runners.ParentRunner.runLeaf(ParentRunner.java:366)
˘˛W	at org.junit.runners.BlockJUnit4ClassRunner.runChild(BlockJUnit4ClassRunner.java:103)
˘˛V	at org.junit.runners.BlockJUnit4ClassRunner.runChild(BlockJUnit4ClassRunner.java:63)
˘˛@	at org.junit.runners.ParentRunner$4.run(ParentRunner.java:331)
˘˛D	at org.junit.runners.ParentRunner$1.schedule(ParentRunner.java:79)
˘˛F	at org.junit.runners.ParentRunner.runChildren(ParentRunner.java:329)
˘˛D	at org.junit.runners.ParentRunner.access$100(ParentRunner.java:66)
˘˛E	at org.junit.runners.ParentRunner$2.evaluate(ParentRunner.java:293)
˘˛E	at org.junit.runners.ParentRunner$3.evaluate(ParentRunner.java:306)
˘˛>	at org.junit.runners.ParentRunner.run(ParentRunner.java:413)
˘˛u	at org.gradle.api.internal.tasks.testing.junit.JUnitTestClassExecutor.runTestClass(JUnitTestClassExecutor.java:110)
˘˛o	at org.gradle.api.internal.tasks.testing.junit.JUnitTestClassExecutor.execute(JUnitTestClassExecutor.java:58)
˘˛o	at org.gradle.api.internal.tasks.testing.junit.JUnitTestClassExecutor.execute(JUnitTestClassExecutor.java:38)
˘˛ä	at org.gradle.api.internal.tasks.testing.junit.AbstractJUnitTestClassProcessor.processTestClass(AbstractJUnitTestClassProcessor.java:62)
˘˛t	at org.gradle.api.internal.tasks.testing.SuiteTestClassProcessor.processTestClass(SuiteTestClassProcessor.java:51)
˘˛A	at sun.reflect.GeneratedMethodAccessor46.invoke(Unknown Source)
˘˛Z	at sun.reflect.DelegatingMethodAccessorImpl.invoke(DelegatingMethodAccessorImpl.java:43)
˘˛5	at java.lang.reflect.Method.invoke(Method.java:498)
˘˛Y	at org.gradle.internal.dispatch.ReflectionDispatch.dispatch(ReflectionDispatch.java:36)
˘˛Y	at org.gradle.internal.dispatch.ReflectionDispatch.dispatch(ReflectionDispatch.java:24)
˘˛i	at org.gradle.internal.dispatch.ContextClassLoaderDispatch.dispatch(ContextClassLoaderDispatch.java:33)
˘˛x	at org.gradle.internal.dispatch.ProxyDispatchAdapter$DispatchingInvocationHandler.invoke(ProxyDispatchAdapter.java:94)
˘˛;	at com.sun.proxy.$Proxy2.processTestClass(Unknown Source)
˘˛b	at org.gradle.api.internal.tasks.testing.worker.TestWorker.processTestClass(TestWorker.java:118)
˘˛A	at sun.reflect.GeneratedMethodAccessor45.invoke(Unknown Source)
˘˛Z	at sun.reflect.DelegatingMethodAccessorImpl.invoke(DelegatingMethodAccessorImpl.java:43)
˘˛5	at java.lang.reflect.Method.invoke(Method.java:498)
˘˛Y	at org.gradle.internal.dispatch.ReflectionDispatch.dispatch(ReflectionDispatch.java:36)
˘˛Y	at org.gradle.internal.dispatch.ReflectionDispatch.dispatch(ReflectionDispatch.java:24)
˘˛ë	at org.gradle.internal.remote.internal.hub.MessageHubBackedObjectConnection$DispatchWrapper.dispatch(MessageHubBackedObjectConnection.java:182)
˘˛ë	at org.gradle.internal.remote.internal.hub.MessageHubBackedObjectConnection$DispatchWrapper.dispatch(MessageHubBackedObjectConnection.java:164)
˘˛X	at org.gradle.internal.remote.internal.hub.MessageHub$Handler.run(MessageHub.java:412)
˘˛k	at org.gradle.internal.concurrent.ExecutorPolicy$CatchAndRecordFailures.onExecute(ExecutorPolicy.java:64)
˘˛Z	at org.gradle.internal.concurrent.ManagedExecutorImpl$1.run(ManagedExecutorImpl.java:48)
˘˛T	at java.util.concurrent.ThreadPoolExecutor.runWorker(ThreadPoolExecutor.java:1149)
˘˛T	at java.util.concurrent.ThreadPoolExecutor$Worker.run(ThreadPoolExecutor.java:624)
˘˛j	at org.gradle.internal.concurrent.ThreadFactoryImpl$ManagedThreadRunnable.run(ThreadFactoryImpl.java:56)
˘˛*	at java.lang.Thread.run(Thread.java:748)
˘˛ùCaused by: org.apache.kafka.common.security.oauthbearer.internals.unsecured.OAuthBearerConfigException: Extensions provided in login context without a token
˘˛µ	at org.apache.kafka.common.security.oauthbearer.internals.unsecured.OAuthBearerUnsecuredLoginCallbackHandler.handleTokenCallback(OAuthBearerUnsecuredLoginCallbackHandler.java:191)
˘˛®	at org.apache.kafka.common.security.oauthbearer.internals.unsecured.OAuthBearerUnsecuredLoginCallbackHandler.handle(OAuthBearerUnsecuredLoginCallbackHandler.java:162)
˘˛	... 76 more
˛˚'•[2020-01-15 10:09:00,669] ERROR Modification time of key store could not be obtained: some.keystore.path (org.apache.kafka.common.security.ssl.SslEngineBuilder:300)
˛˚'6java.nio.file.NoSuchFileException: some.keystore.path
˛˚'K	at sun.nio.fs.UnixException.translateToIOException(UnixException.java:86)
˛˚'J	at sun.nio.fs.UnixException.rethrowAsIOException(UnixException.java:102)
˛˚'J	at sun.nio.fs.UnixException.rethrowAsIOException(UnixException.java:107)
˛˚'[	at sun.nio.fs.UnixFileAttributeViews$Basic.readAttributes(UnixFileAttributeViews.java:55)
˛˚'V	at sun.nio.fs.UnixFileSystemProvider.readAttributes(UnixFileSystemProvider.java:144)
˛˚'8	at java.nio.file.Files.readAttributes(Files.java:1737)
˛˚'=	at java.nio.file.Files.getLastModifiedTime(Files.java:2266)
˛˚'r	at org.apache.kafka.common.security.ssl.SslEngineBuilder$SecurityStore.lastModifiedMs(SslEngineBuilder.java:298)
˛˚'j	at org.apache.kafka.common.security.ssl.SslEngineBuilder$SecurityStore.<init>(SslEngineBuilder.java:275)
˛˚'d	at org.apache.kafka.common.security.ssl.SslEngineBuilder.createKeystore(SslEngineBuilder.java:173)
˛˚'[	at org.apache.kafka.common.security.ssl.SslEngineBuilder.<init>(SslEngineBuilder.java:95)
˛˚'c	at org.apache.kafka.common.security.ssl.SslFactory.createNewSslEngineBuilder(SslFactory.java:140)
˛˚'a	at org.apache.kafka.common.security.ssl.SslFactory.validateReconfiguration(SslFactory.java:114)
˛˚'i	at org.apache.kafka.common.network.SslChannelBuilder.validateReconfiguration(SslChannelBuilder.java:85)
˛˚'t	at org.apache.kafka.common.network.SslTransportLayerTest.verifyInvalidReconfigure(SslTransportLayerTest.java:1090)
˛˚'{	at org.apache.kafka.common.network.SslTransportLayerTest.testServerKeystoreDynamicUpdate(SslTransportLayerTest.java:1021)
˛˚'@	at sun.reflect.NativeMethodAccessorImpl.invoke0(Native Method)
˛˚'R	at sun.reflect.NativeMethodAccessorImpl.invoke(NativeMethodAccessorImpl.java:62)
˛˚'Z	at sun.reflect.DelegatingMethodAccessorImpl.invoke(DelegatingMethodAccessorImpl.java:43)
˛˚'5	at java.lang.reflect.Method.invoke(Method.java:498)
˛˚'Y	at org.junit.runners.model.FrameworkMethod$1.runReflectiveCall(FrameworkMethod.java:59)
˛˚'X	at org.junit.internal.runners.model.ReflectiveCallable.run(ReflectiveCallable.java:12)
˛˚'W	at org.junit.runners.model.FrameworkMethod.invokeExplosively(FrameworkMethod.java:56)
˛˚'V	at org.junit.internal.runners.statements.InvokeMethod.evaluate(InvokeMethod.java:17)
˛˚'R	at org.junit.internal.runners.statements.RunBefores.evaluate(RunBefores.java:26)
˛˚'P	at org.junit.internal.runners.statements.RunAfters.evaluate(RunAfters.java:27)
˛˚'E	at org.junit.runners.ParentRunner$3.evaluate(ParentRunner.java:306)
˛˚'Y	at org.junit.runners.BlockJUnit4ClassRunner$1.evaluate(BlockJUnit4ClassRunner.java:100)
˛˚'B	at org.junit.runners.ParentRunner.runLeaf(ParentRunner.java:366)
˛˚'W	at org.junit.runners.BlockJUnit4ClassRunner.runChild(BlockJUnit4ClassRunner.java:103)
˛˚'V	at org.junit.runners.BlockJUnit4ClassRunner.runChild(BlockJUnit4ClassRunner.java:63)
˛˚'@	at org.junit.runners.ParentRunner$4.run(ParentRunner.java:331)
˛˚'D	at org.junit.runners.ParentRunner$1.schedule(ParentRunner.java:79)
˛˚'F	at org.junit.runners.ParentRunner.runChildren(ParentRunner.java:329)
˛˚'D	at org.junit.runners.ParentRunner.access$100(ParentRunner.java:66)
˛˚'E	at org.junit.runners.ParentRunner$2.evaluate(ParentRunner.java:293)
˛˚'>	at org.junit.runners.ParentRunner.run(ParentRunner.java:413)
˛˚'5	at org.junit.runners.Suite.runChild(Suite.java:128)
˛˚'4	at org.junit.runners.Suite.runChild(Suite.java:27)
˛˚'@	at org.junit.runners.ParentRunner$4.run(ParentRunner.java:331)
˛˚'D	at org.junit.runners.ParentRunner$1.schedule(ParentRunner.java:79)
˛˚'F	at org.junit.runners.ParentRunner.runChildren(ParentRunner.java:329)
˛˚'D	at org.junit.runners.ParentRunner.access$100(ParentRunner.java:66)
˛˚'E	at org.junit.runners.ParentRunner$2.evaluate(ParentRunner.java:293)
˛˚'E	at org.junit.runners.ParentRunner$3.evaluate(ParentRunner.java:306)
˛˚'>	at org.junit.runners.ParentRunner.run(ParentRunner.java:413)
˛˚'u	at org.gradle.api.internal.tasks.testing.junit.JUnitTestClassExecutor.runTestClass(JUnitTestClassExecutor.java:110)
˛˚'o	at org.gradle.api.internal.tasks.testing.junit.JUnitTestClassExecutor.execute(JUnitTestClassExecutor.java:58)
˛˚'o	at org.gradle.api.internal.tasks.testing.junit.JUnitTestClassExecutor.execute(JUnitTestClassExecutor.java:38)
˛˚'ä	at org.gradle.api.internal.tasks.testing.junit.AbstractJUnitTestClassProcessor.processTestClass(AbstractJUnitTestClassProcessor.java:62)
˛˚'t	at org.gradle.api.internal.tasks.testing.SuiteTestClassProcessor.processTestClass(SuiteTestClassProcessor.java:51)
˛˚'@	at sun.reflect.NativeMethodAccessorImpl.invoke0(Native Method)
˛˚'R	at sun.reflect.NativeMethodAccessorImpl.invoke(NativeMethodAccessorImpl.java:62)
˛˚'Z	at sun.reflect.DelegatingMethodAccessorImpl.invoke(DelegatingMethodAccessorImpl.java:43)
˛˚'5	at java.lang.reflect.Method.invoke(Method.java:498)
˛˚'Y	at org.gradle.internal.dispatch.ReflectionDispatch.dispatch(ReflectionDispatch.java:36)
˛˚'Y	at org.gradle.internal.dispatch.ReflectionDispatch.dispatch(ReflectionDispatch.java:24)
˛˚'i	at org.gradle.internal.dispatch.ContextClassLoaderDispatch.dispatch(ContextClassLoaderDispatch.java:33)
˛˚'x	at org.gradle.internal.dispatch.ProxyDispatchAdapter$DispatchingInvocationHandler.invoke(ProxyDispatchAdapter.java:94)
˛˚';	at com.sun.proxy.$Proxy2.processTestClass(Unknown Source)
˛˚'b	at org.gradle.api.internal.tasks.testing.worker.TestWorker.processTestClass(TestWorker.java:118)
˛˚'@	at sun.reflect.NativeMethodAccessorImpl.invoke0(Native Method)
˛˚'R	at sun.reflect.NativeMethodAccessorImpl.invoke(NativeMethodAccessorImpl.java:62)
˛˚'Z	at sun.reflect.DelegatingMethodAccessorImpl.invoke(DelegatingMethodAccessorImpl.java:43)
˛˚'5	at java.lang.reflect.Method.invoke(Method.java:498)
˛˚'Y	at org.gradle.internal.dispatch.ReflectionDispatch.dispatch(ReflectionDispatch.java:36)
˛˚'Y	at org.gradle.internal.dispatch.ReflectionDispatch.dispatch(ReflectionDispatch.java:24)
˛˚'ë	at org.gradle.internal.remote.internal.hub.MessageHubBackedObjectConnection$DispatchWrapper.dispatch(MessageHubBackedObjectConnection.java:182)
˛˚'ë	at org.gradle.internal.remote.internal.hub.MessageHubBackedObjectConnection$DispatchWrapper.dispatch(MessageHubBackedObjectConnection.java:164)
˛˚'X	at org.gradle.internal.remote.internal.hub.MessageHub$Handler.run(MessageHub.java:412)
˛˚'k	at org.gradle.internal.concurrent.ExecutorPolicy$CatchAndRecordFailures.onExecute(ExecutorPolicy.java:64)
˛˚'Z	at org.gradle.internal.concurrent.ManagedExecutorImpl$1.run(ManagedExecutorImpl.java:48)
˛˚'T	at java.util.concurrent.ThreadPoolExecutor.runWorker(ThreadPoolExecutor.java:1149)
˛˚'T	at java.util.concurrent.ThreadPoolExecutor$Worker.run(ThreadPoolExecutor.java:624)
˛˚'j	at org.gradle.internal.concurrent.ThreadFactoryImpl$ManagedThreadRunnable.run(ThreadFactoryImpl.java:56)
˛˚'*	at java.lang.Thread.run(Thread.java:748)
˛˚'•[2020-01-15 10:09:00,671] ERROR Modification time of key store could not be obtained: some.keystore.path (org.apache.kafka.common.security.ssl.SslEngineBuilder:300)
˛˚'6java.nio.file.NoSuchFileException: some.keystore.path
˛˚'K	at sun.nio.fs.UnixException.translateToIOException(UnixException.java:86)
˛˚'J	at sun.nio.fs.UnixException.rethrowAsIOException(UnixException.java:102)
˛˚'J	at sun.nio.fs.UnixException.rethrowAsIOException(UnixException.java:107)
˛˚'[	at sun.nio.fs.UnixFileAttributeViews$Basic.readAttributes(UnixFileAttributeViews.java:55)
˛˚'V	at sun.nio.fs.UnixFileSystemProvider.readAttributes(UnixFileSystemProvider.java:144)
˛˚'8	at java.nio.file.Files.readAttributes(Files.java:1737)
˛˚'=	at java.nio.file.Files.getLastModifiedTime(Files.java:2266)
˛˚'r	at org.apache.kafka.common.security.ssl.SslEngineBuilder$SecurityStore.lastModifiedMs(SslEngineBuilder.java:298)
˛˚'j	at org.apache.kafka.common.security.ssl.SslEngineBuilder$SecurityStore.<init>(SslEngineBuilder.java:275)
˛˚'d	at org.apache.kafka.common.security.ssl.SslEngineBuilder.createKeystore(SslEngineBuilder.java:173)
˛˚'[	at org.apache.kafka.common.security.ssl.SslEngineBuilder.<init>(SslEngineBuilder.java:95)
˛˚'c	at org.apache.kafka.common.security.ssl.SslFactory.createNewSslEngineBuilder(SslFactory.java:140)
˛˚'U	at org.apache.kafka.common.security.ssl.SslFactory.reconfigure(SslFactory.java:119)
˛˚']	at org.apache.kafka.common.network.SslChannelBuilder.reconfigure(SslChannelBuilder.java:90)
˛˚'t	at org.apache.kafka.common.network.SslTransportLayerTest.verifyInvalidReconfigure(SslTransportLayerTest.java:1096)
˛˚'{	at org.apache.kafka.common.network.SslTransportLayerTest.testServerKeystoreDynamicUpdate(SslTransportLayerTest.java:1021)
˛˚'@	at sun.reflect.NativeMethodAccessorImpl.invoke0(Native Method)
˛˚'R	at sun.reflect.NativeMethodAccessorImpl.invoke(NativeMethodAccessorImpl.java:62)
˛˚'Z	at sun.reflect.DelegatingMethodAccessorImpl.invoke(DelegatingMethodAccessorImpl.java:43)
˛˚'5	at java.lang.reflect.Method.invoke(Method.java:498)
˛˚'Y	at org.junit.runners.model.FrameworkMethod$1.runReflectiveCall(FrameworkMethod.java:59)
˛˚'X	at org.junit.internal.runners.model.ReflectiveCallable.run(ReflectiveCallable.java:12)
˛˚'W	at org.junit.runners.model.FrameworkMethod.invokeExplosively(FrameworkMethod.java:56)
˛˚'V	at org.junit.internal.runners.statements.InvokeMethod.evaluate(InvokeMethod.java:17)
˛˚'R	at org.junit.internal.runners.statements.RunBefores.evaluate(RunBefores.java:26)
˛˚'P	at org.junit.internal.runners.statements.RunAfters.evaluate(RunAfters.java:27)
˛˚'E	at org.junit.runners.ParentRunner$3.evaluate(ParentRunner.java:306)
˛˚'Y	at org.junit.runners.BlockJUnit4ClassRunner$1.evaluate(BlockJUnit4ClassRunner.java:100)
˛˚'B	at org.junit.runners.ParentRunner.runLeaf(ParentRunner.java:366)
˛˚'W	at org.junit.runners.BlockJUnit4ClassRunner.runChild(BlockJUnit4ClassRunner.java:103)
˛˚'V	at org.junit.runners.BlockJUnit4ClassRunner.runChild(BlockJUnit4ClassRunner.java:63)
˛˚'@	at org.junit.runners.ParentRunner$4.run(ParentRunner.java:331)
˛˚'D	at org.junit.runners.ParentRunner$1.schedule(ParentRunner.java:79)
˛˚'F	at org.junit.runners.ParentRunner.runChildren(ParentRunner.java:329)
˛˚'D	at org.junit.runners.ParentRunner.access$100(ParentRunner.java:66)
˛˚'E	at org.junit.runners.ParentRunner$2.evaluate(ParentRunner.java:293)
˛˚'>	at org.junit.runners.ParentRunner.run(ParentRunner.java:413)
˛˚'5	at org.junit.runners.Suite.runChild(Suite.java:128)
˛˚'4	at org.junit.runners.Suite.runChild(Suite.java:27)
˛˚'@	at org.junit.runners.ParentRunner$4.run(ParentRunner.java:331)
˛˚'D	at org.junit.runners.ParentRunner$1.schedule(ParentRunner.java:79)
˛˚'F	at org.junit.runners.ParentRunner.runChildren(ParentRunner.java:329)
˛˚'D	at org.junit.runners.ParentRunner.access$100(ParentRunner.java:66)
˛˚'E	at org.junit.runners.ParentRunner$2.evaluate(ParentRunner.java:293)
˛˚'E	at org.junit.runners.ParentRunner$3.evaluate(ParentRunner.java:306)
˛˚'>	at org.junit.runners.ParentRunner.run(ParentRunner.java:413)
˛˚'u	at org.gradle.api.internal.tasks.testing.junit.JUnitTestClassExecutor.runTestClass(JUnitTestClassExecutor.java:110)
˛˚'o	at org.gradle.api.internal.tasks.testing.junit.JUnitTestClassExecutor.execute(JUnitTestClassExecutor.java:58)
˛˚'o	at org.gradle.api.internal.tasks.testing.junit.JUnitTestClassExecutor.execute(JUnitTestClassExecutor.java:38)
˛˚'ä	at org.gradle.api.internal.tasks.testing.junit.AbstractJUnitTestClassProcessor.processTestClass(AbstractJUnitTestClassProcessor.java:62)
˛˚'t	at org.gradle.api.internal.tasks.testing.SuiteTestClassProcessor.processTestClass(SuiteTestClassProcessor.java:51)
˛˚'@	at sun.reflect.NativeMethodAccessorImpl.invoke0(Native Method)
˛˚'R	at sun.reflect.NativeMethodAccessorImpl.invoke(NativeMethodAccessorImpl.java:62)
˛˚'Z	at sun.reflect.DelegatingMethodAccessorImpl.invoke(DelegatingMethodAccessorImpl.java:43)
˛˚'5	at java.lang.reflect.Method.invoke(Method.java:498)
˛˚'Y	at org.gradle.internal.dispatch.ReflectionDispatch.dispatch(ReflectionDispatch.java:36)
˛˚'Y	at org.gradle.internal.dispatch.ReflectionDispatch.dispatch(ReflectionDispatch.java:24)
˛˚'i	at org.gradle.internal.dispatch.ContextClassLoaderDispatch.dispatch(ContextClassLoaderDispatch.java:33)
˛˚'x	at org.gradle.internal.dispatch.ProxyDispatchAdapter$DispatchingInvocationHandler.invoke(ProxyDispatchAdapter.java:94)
˛˚';	at com.sun.proxy.$Proxy2.processTestClass(Unknown Source)
˛˚'b	at org.gradle.api.internal.tasks.testing.worker.TestWorker.processTestClass(TestWorker.java:118)
˛˚'@	at sun.reflect.NativeMethodAccessorImpl.invoke0(Native Method)
˛˚'R	at sun.reflect.NativeMethodAccessorImpl.invoke(NativeMethodAccessorImpl.java:62)
˛˚'Z	at sun.reflect.DelegatingMethodAccessorImpl.invoke(DelegatingMethodAccessorImpl.java:43)
˛˚'5	at java.lang.reflect.Method.invoke(Method.java:498)
˛˚'Y	at org.gradle.internal.dispatch.ReflectionDispatch.dispatch(ReflectionDispatch.java:36)
˛˚'Y	at org.gradle.internal.dispatch.ReflectionDispatch.dispatch(ReflectionDispatch.java:24)
˛˚'ë	at org.gradle.internal.remote.internal.hub.MessageHubBackedObjectConnection$DispatchWrapper.dispatch(MessageHubBackedObjectConnection.java:182)
˛˚'ë	at org.gradle.internal.remote.internal.hub.MessageHubBackedObjectConnection$DispatchWrapper.dispatch(MessageHubBackedObjectConnection.java:164)
˛˚'X	at org.gradle.internal.remote.internal.hub.MessageHub$Handler.run(MessageHub.java:412)
˛˚'k	at org.gradle.internal.concurrent.ExecutorPolicy$CatchAndRecordFailures.onExecute(ExecutorPolicy.java:64)
˛˚'Z	at org.gradle.internal.concurrent.ManagedExecutorImpl$1.run(ManagedExecutorImpl.java:48)
˛˚'T	at java.util.concurrent.ThreadPoolExecutor.runWorker(ThreadPoolExecutor.java:1149)
˛˚'T	at java.util.concurrent.ThreadPoolExecutor$Worker.run(ThreadPoolExecutor.java:624)
˛˚'j	at org.gradle.internal.concurrent.ThreadFactoryImpl$ManagedThreadRunnable.run(ThreadFactoryImpl.java:56)
˛˚'*	at java.lang.Thread.run(Thread.java:748)
§,¢,[2020-01-15 10:09:03,391] ERROR [Producer clientId=producer-1] Connection to node -1 (localhost/127.0.0.1:56478) failed authentication due to: Authentication failed: Invalid username or password (org.apache.kafka.clients.NetworkClient:745)
§,•,ï[2020-01-15 10:09:03,517] ERROR [Producer clientId=producer-txclient-1, transactionalId=txclient-1] Connection to node -1 (localhost/127.0.0.1:56482) failed authentication due to: Authentication failed: Invalid username or password (org.apache.kafka.clients.NetworkClient:745)
§,¶,˙[2020-01-15 10:09:03,677] ERROR [Consumer clientId=consumer-1, groupId=] Connection to node -1 (localhost/127.0.0.1:56484) failed authentication due to: Authentication failed: Invalid username or password (org.apache.kafka.clients.NetworkClient:745)
§,ß,ˆ[2020-01-15 10:09:03,817] ERROR [AdminClient clientId=adminclient-1] Connection to node -1 (localhost/127.0.0.1:56488) failed authentication due to: Authentication failed: Invalid username or password (org.apache.kafka.clients.NetworkClient:745)
