<!DOCTYPE html>
<html>
<head>
<meta http-equiv="Content-Type" content="text/html; charset=utf-8"/>
<meta http-equiv="x-ua-compatible" content="IE=edge"/>
<title>Test results - Class org.apache.kafka.common.security.authenticator.SaslAuthenticatorTest</title>
<link href="../css/base-style.css" rel="stylesheet" type="text/css"/>
<link href="../css/style.css" rel="stylesheet" type="text/css"/>
<script src="../js/report.js" type="text/javascript"></script>
</head>
<body>
<div id="content">
<h1>Class org.apache.kafka.common.security.authenticator.SaslAuthenticatorTest</h1>
<div class="breadcrumbs">
<a href="../index.html">all</a> &gt; 
<a href="../packages/org.apache.kafka.common.security.authenticator.html">org.apache.kafka.common.security.authenticator</a> &gt; SaslAuthenticatorTest</div>
<div id="summary">
<table>
<tr>
<td>
<div class="summaryGroup">
<table>
<tr>
<td>
<div class="infoBox" id="tests">
<div class="counter">65</div>
<p>tests</p>
</div>
</td>
<td>
<div class="infoBox" id="failures">
<div class="counter">0</div>
<p>failures</p>
</div>
</td>
<td>
<div class="infoBox" id="ignored">
<div class="counter">0</div>
<p>ignored</p>
</div>
</td>
<td>
<div class="infoBox" id="duration">
<div class="counter">42.127s</div>
<p>duration</p>
</div>
</td>
</tr>
</table>
</div>
</td>
<td>
<div class="infoBox success" id="successRate">
<div class="percent">100%</div>
<p>successful</p>
</div>
</td>
</tr>
</table>
</div>
<div id="tabs">
<ul class="tabLinks">
<li>
<a href="#tab0">Tests</a>
</li>
<li>
<a href="#tab1">Standard output</a>
</li>
</ul>
<div id="tab0" class="tab">
<h2>Tests</h2>
<table>
<thead>
<tr>
<th>Test</th>
<th>Duration</th>
<th>Result</th>
</tr>
</thead>
<tr>
<td class="success">oldSaslPlainPlaintextClientWithoutSaslAuthenticateHeader</td>
<td class="success">0.340s</td>
<td class="success">passed</td>
</tr>
<tr>
<td class="success">oldSaslPlainPlaintextClientWithoutSaslAuthenticateHeaderFailure</td>
<td class="success">0.352s</td>
<td class="success">passed</td>
</tr>
<tr>
<td class="success">oldSaslPlainPlaintextServerWithoutSaslAuthenticateHeader</td>
<td class="success">0.423s</td>
<td class="success">passed</td>
</tr>
<tr>
<td class="success">oldSaslPlainPlaintextServerWithoutSaslAuthenticateHeaderFailure</td>
<td class="success">0.527s</td>
<td class="success">passed</td>
</tr>
<tr>
<td class="success">oldSaslPlainSslClientWithoutSaslAuthenticateHeader</td>
<td class="success">0.747s</td>
<td class="success">passed</td>
</tr>
<tr>
<td class="success">oldSaslPlainSslClientWithoutSaslAuthenticateHeaderFailure</td>
<td class="success">0.316s</td>
<td class="success">passed</td>
</tr>
<tr>
<td class="success">oldSaslPlainSslServerWithoutSaslAuthenticateHeader</td>
<td class="success">0.349s</td>
<td class="success">passed</td>
</tr>
<tr>
<td class="success">oldSaslPlainSslServerWithoutSaslAuthenticateHeaderFailure</td>
<td class="success">0.340s</td>
<td class="success">passed</td>
</tr>
<tr>
<td class="success">oldSaslScramPlaintextClientWithoutSaslAuthenticateHeader</td>
<td class="success">0.166s</td>
<td class="success">passed</td>
</tr>
<tr>
<td class="success">oldSaslScramPlaintextClientWithoutSaslAuthenticateHeaderFailure</td>
<td class="success">0.382s</td>
<td class="success">passed</td>
</tr>
<tr>
<td class="success">oldSaslScramPlaintextServerWithoutSaslAuthenticateHeader</td>
<td class="success">0.415s</td>
<td class="success">passed</td>
</tr>
<tr>
<td class="success">oldSaslScramPlaintextServerWithoutSaslAuthenticateHeaderFailure</td>
<td class="success">0.363s</td>
<td class="success">passed</td>
</tr>
<tr>
<td class="success">oldSaslScramSslClientWithoutSaslAuthenticateHeader</td>
<td class="success">0.748s</td>
<td class="success">passed</td>
</tr>
<tr>
<td class="success">oldSaslScramSslClientWithoutSaslAuthenticateHeaderFailure</td>
<td class="success">0.366s</td>
<td class="success">passed</td>
</tr>
<tr>
<td class="success">oldSaslScramSslServerWithoutSaslAuthenticateHeader</td>
<td class="success">0.663s</td>
<td class="success">passed</td>
</tr>
<tr>
<td class="success">oldSaslScramSslServerWithoutSaslAuthenticateHeaderFailure</td>
<td class="success">0.440s</td>
<td class="success">passed</td>
</tr>
<tr>
<td class="success">testApiVersionsRequestWithUnsupportedVersion</td>
<td class="success">0.223s</td>
<td class="success">passed</td>
</tr>
<tr>
<td class="success">testAuthenticateCallbackHandlerMechanisms</td>
<td class="success">0.208s</td>
<td class="success">passed</td>
</tr>
<tr>
<td class="success">testCannotReauthenticateAgainFasterThanOneSecond</td>
<td class="success">1.403s</td>
<td class="success">passed</td>
</tr>
<tr>
<td class="success">testCannotReauthenticateWithDifferentMechanism</td>
<td class="success">0.980s</td>
<td class="success">passed</td>
</tr>
<tr>
<td class="success">testCannotReauthenticateWithDifferentPrincipal</td>
<td class="success">1.580s</td>
<td class="success">passed</td>
</tr>
<tr>
<td class="success">testClientAuthenticateCallbackHandler</td>
<td class="success">0.538s</td>
<td class="success">passed</td>
</tr>
<tr>
<td class="success">testClientDynamicJaasConfiguration</td>
<td class="success">1.109s</td>
<td class="success">passed</td>
</tr>
<tr>
<td class="success">testClientExceptionDoesNotContainSensitiveData</td>
<td class="success">0.363s</td>
<td class="success">passed</td>
</tr>
<tr>
<td class="success">testClientLoginCallbackOverride</td>
<td class="success">0.135s</td>
<td class="success">passed</td>
</tr>
<tr>
<td class="success">testClientLoginOverride</td>
<td class="success">0.324s</td>
<td class="success">passed</td>
</tr>
<tr>
<td class="success">testDisabledMechanism</td>
<td class="success">0.410s</td>
<td class="success">passed</td>
</tr>
<tr>
<td class="success">testDisallowedKafkaRequestsBeforeAuthentication</td>
<td class="success">0.443s</td>
<td class="success">passed</td>
</tr>
<tr>
<td class="success">testInsufficientScopeSaslOauthBearerMechanism</td>
<td class="success">0.451s</td>
<td class="success">passed</td>
</tr>
<tr>
<td class="success">testInvalidApiVersionsRequest</td>
<td class="success">0.149s</td>
<td class="success">passed</td>
</tr>
<tr>
<td class="success">testInvalidApiVersionsRequestSequence</td>
<td class="success">0.355s</td>
<td class="success">passed</td>
</tr>
<tr>
<td class="success">testInvalidLoginModule</td>
<td class="success">0.372s</td>
<td class="success">passed</td>
</tr>
<tr>
<td class="success">testInvalidMechanism</td>
<td class="success">0.560s</td>
<td class="success">passed</td>
</tr>
<tr>
<td class="success">testInvalidPasswordSaslPlain</td>
<td class="success">0.274s</td>
<td class="success">passed</td>
</tr>
<tr>
<td class="success">testInvalidPasswordSaslScram</td>
<td class="success">0.115s</td>
<td class="success">passed</td>
</tr>
<tr>
<td class="success">testInvalidSaslPacket</td>
<td class="success">0.619s</td>
<td class="success">passed</td>
</tr>
<tr>
<td class="success">testInvalidUsernameSaslPlain</td>
<td class="success">0.489s</td>
<td class="success">passed</td>
</tr>
<tr>
<td class="success">testJaasConfigurationForListener</td>
<td class="success">0.376s</td>
<td class="success">passed</td>
</tr>
<tr>
<td class="success">testMechanismPluggability</td>
<td class="success">0.542s</td>
<td class="success">passed</td>
</tr>
<tr>
<td class="success">testMissingPasswordSaslPlain</td>
<td class="success">0.282s</td>
<td class="success">passed</td>
</tr>
<tr>
<td class="success">testMissingUsernameSaslPlain</td>
<td class="success">1.631s</td>
<td class="success">passed</td>
</tr>
<tr>
<td class="success">testMultipleServerMechanisms</td>
<td class="success">1.362s</td>
<td class="success">passed</td>
</tr>
<tr>
<td class="success">testPacketSizeTooBig</td>
<td class="success">0.487s</td>
<td class="success">passed</td>
</tr>
<tr>
<td class="success">testRepeatedValidSaslPlainOverSsl</td>
<td class="success">7.771s</td>
<td class="success">passed</td>
</tr>
<tr>
<td class="success">testSaslHandshakeRequestWithUnsupportedVersion</td>
<td class="success">0.299s</td>
<td class="success">passed</td>
</tr>
<tr>
<td class="success">testScramUsernameWithSpecialCharacters</td>
<td class="success">0.559s</td>
<td class="success">passed</td>
</tr>
<tr>
<td class="success">testServerAuthenticateCallbackHandler</td>
<td class="success">0.266s</td>
<td class="success">passed</td>
</tr>
<tr>
<td class="success">testServerDynamicJaasConfiguration</td>
<td class="success">0.408s</td>
<td class="success">passed</td>
</tr>
<tr>
<td class="success">testServerLoginCallbackOverride</td>
<td class="success">0.430s</td>
<td class="success">passed</td>
</tr>
<tr>
<td class="success">testServerLoginOverride</td>
<td class="success">0.405s</td>
<td class="success">passed</td>
</tr>
<tr>
<td class="success">testTokenAuthenticationOverSaslScram</td>
<td class="success">0.752s</td>
<td class="success">passed</td>
</tr>
<tr>
<td class="success">testTokenReauthenticationOverSaslScram</td>
<td class="success">1.501s</td>
<td class="success">passed</td>
</tr>
<tr>
<td class="success">testUnauthenticatedApiVersionsRequestOverPlaintextHandshakeVersion0</td>
<td class="success">0.126s</td>
<td class="success">passed</td>
</tr>
<tr>
<td class="success">testUnauthenticatedApiVersionsRequestOverPlaintextHandshakeVersion1</td>
<td class="success">0.260s</td>
<td class="success">passed</td>
</tr>
<tr>
<td class="success">testUnauthenticatedApiVersionsRequestOverSslHandshakeVersion0</td>
<td class="success">0.183s</td>
<td class="success">passed</td>
</tr>
<tr>
<td class="success">testUnauthenticatedApiVersionsRequestOverSslHandshakeVersion1</td>
<td class="success">0.511s</td>
<td class="success">passed</td>
</tr>
<tr>
<td class="success">testUnknownUserSaslScram</td>
<td class="success">0.332s</td>
<td class="success">passed</td>
</tr>
<tr>
<td class="success">testUserCredentialsUnavailableForScramMechanism</td>
<td class="success">0.756s</td>
<td class="success">passed</td>
</tr>
<tr>
<td class="success">testValidApiVersionsRequest</td>
<td class="success">0.342s</td>
<td class="success">passed</td>
</tr>
<tr>
<td class="success">testValidSaslOauthBearerMechanism</td>
<td class="success">0.956s</td>
<td class="success">passed</td>
</tr>
<tr>
<td class="success">testValidSaslOauthBearerMechanismWithoutServerTokens</td>
<td class="success">0.593s</td>
<td class="success">passed</td>
</tr>
<tr>
<td class="success">testValidSaslPlainOverPlaintext</td>
<td class="success">0.301s</td>
<td class="success">passed</td>
</tr>
<tr>
<td class="success">testValidSaslPlainOverSsl</td>
<td class="success">1.022s</td>
<td class="success">passed</td>
</tr>
<tr>
<td class="success">testValidSaslScramMechanisms</td>
<td class="success">0.571s</td>
<td class="success">passed</td>
</tr>
<tr>
<td class="success">testValidSaslScramSha256</td>
<td class="success">1.066s</td>
<td class="success">passed</td>
</tr>
</table>
</div>
<div id="tab1" class="tab">
<h2>Standard output</h2>
<span class="code">
<pre>[2020-01-15 10:08:55,996] ERROR Extensions provided in login context without a token (org.apache.kafka.common.security.oauthbearer.OAuthBearerLoginModule:318)
java.io.IOException: Extensions provided in login context without a token
	at org.apache.kafka.common.security.oauthbearer.internals.unsecured.OAuthBearerUnsecuredLoginCallbackHandler.handle(OAuthBearerUnsecuredLoginCallbackHandler.java:164)
	at org.apache.kafka.common.security.oauthbearer.OAuthBearerLoginModule.identifyToken(OAuthBearerLoginModule.java:316)
	at org.apache.kafka.common.security.oauthbearer.OAuthBearerLoginModule.login(OAuthBearerLoginModule.java:301)
	at sun.reflect.NativeMethodAccessorImpl.invoke0(Native Method)
	at sun.reflect.NativeMethodAccessorImpl.invoke(NativeMethodAccessorImpl.java:62)
	at sun.reflect.DelegatingMethodAccessorImpl.invoke(DelegatingMethodAccessorImpl.java:43)
	at java.lang.reflect.Method.invoke(Method.java:498)
	at javax.security.auth.login.LoginContext.invoke(LoginContext.java:755)
	at javax.security.auth.login.LoginContext.access$000(LoginContext.java:195)
	at javax.security.auth.login.LoginContext$4.run(LoginContext.java:682)
	at javax.security.auth.login.LoginContext$4.run(LoginContext.java:680)
	at java.security.AccessController.doPrivileged(Native Method)
	at javax.security.auth.login.LoginContext.invokePriv(LoginContext.java:680)
	at javax.security.auth.login.LoginContext.login(LoginContext.java:587)
	at org.apache.kafka.common.security.authenticator.AbstractLogin.login(AbstractLogin.java:60)
	at org.apache.kafka.common.security.authenticator.LoginManager.&lt;init&gt;(LoginManager.java:62)
	at org.apache.kafka.common.security.authenticator.LoginManager.acquireLoginManager(LoginManager.java:105)
	at org.apache.kafka.common.network.SaslChannelBuilder.configure(SaslChannelBuilder.java:158)
	at org.apache.kafka.common.network.ChannelBuilders.create(ChannelBuilders.java:157)
	at org.apache.kafka.common.network.ChannelBuilders.serverChannelBuilder(ChannelBuilders.java:97)
	at org.apache.kafka.common.network.NioEchoServer.&lt;init&gt;(NioEchoServer.java:123)
	at org.apache.kafka.common.network.NioEchoServer.&lt;init&gt;(NioEchoServer.java:98)
	at org.apache.kafka.common.network.NetworkTestUtils.createEchoServer(NetworkTestUtils.java:49)
	at org.apache.kafka.common.network.NetworkTestUtils.createEchoServer(NetworkTestUtils.java:43)
	at org.apache.kafka.common.security.authenticator.SaslAuthenticatorTest.createEchoServer(SaslAuthenticatorTest.java:1947)
	at org.apache.kafka.common.security.authenticator.SaslAuthenticatorTest.createEchoServer(SaslAuthenticatorTest.java:1943)
	at org.apache.kafka.common.security.authenticator.SaslAuthenticatorTest.testValidSaslOauthBearerMechanismWithoutServerTokens(SaslAuthenticatorTest.java:1666)
	at sun.reflect.NativeMethodAccessorImpl.invoke0(Native Method)
	at sun.reflect.NativeMethodAccessorImpl.invoke(NativeMethodAccessorImpl.java:62)
	at sun.reflect.DelegatingMethodAccessorImpl.invoke(DelegatingMethodAccessorImpl.java:43)
	at java.lang.reflect.Method.invoke(Method.java:498)
	at org.junit.runners.model.FrameworkMethod$1.runReflectiveCall(FrameworkMethod.java:59)
	at org.junit.internal.runners.model.ReflectiveCallable.run(ReflectiveCallable.java:12)
	at org.junit.runners.model.FrameworkMethod.invokeExplosively(FrameworkMethod.java:56)
	at org.junit.internal.runners.statements.InvokeMethod.evaluate(InvokeMethod.java:17)
	at org.junit.internal.runners.statements.RunBefores.evaluate(RunBefores.java:26)
	at org.junit.internal.runners.statements.RunAfters.evaluate(RunAfters.java:27)
	at org.junit.runners.ParentRunner$3.evaluate(ParentRunner.java:306)
	at org.junit.runners.BlockJUnit4ClassRunner$1.evaluate(BlockJUnit4ClassRunner.java:100)
	at org.junit.runners.ParentRunner.runLeaf(ParentRunner.java:366)
	at org.junit.runners.BlockJUnit4ClassRunner.runChild(BlockJUnit4ClassRunner.java:103)
	at org.junit.runners.BlockJUnit4ClassRunner.runChild(BlockJUnit4ClassRunner.java:63)
	at org.junit.runners.ParentRunner$4.run(ParentRunner.java:331)
	at org.junit.runners.ParentRunner$1.schedule(ParentRunner.java:79)
	at org.junit.runners.ParentRunner.runChildren(ParentRunner.java:329)
	at org.junit.runners.ParentRunner.access$100(ParentRunner.java:66)
	at org.junit.runners.ParentRunner$2.evaluate(ParentRunner.java:293)
	at org.junit.runners.ParentRunner$3.evaluate(ParentRunner.java:306)
	at org.junit.runners.ParentRunner.run(ParentRunner.java:413)
	at org.gradle.api.internal.tasks.testing.junit.JUnitTestClassExecutor.runTestClass(JUnitTestClassExecutor.java:110)
	at org.gradle.api.internal.tasks.testing.junit.JUnitTestClassExecutor.execute(JUnitTestClassExecutor.java:58)
	at org.gradle.api.internal.tasks.testing.junit.JUnitTestClassExecutor.execute(JUnitTestClassExecutor.java:38)
	at org.gradle.api.internal.tasks.testing.junit.AbstractJUnitTestClassProcessor.processTestClass(AbstractJUnitTestClassProcessor.java:62)
	at org.gradle.api.internal.tasks.testing.SuiteTestClassProcessor.processTestClass(SuiteTestClassProcessor.java:51)
	at sun.reflect.GeneratedMethodAccessor46.invoke(Unknown Source)
	at sun.reflect.DelegatingMethodAccessorImpl.invoke(DelegatingMethodAccessorImpl.java:43)
	at java.lang.reflect.Method.invoke(Method.java:498)
	at org.gradle.internal.dispatch.ReflectionDispatch.dispatch(ReflectionDispatch.java:36)
	at org.gradle.internal.dispatch.ReflectionDispatch.dispatch(ReflectionDispatch.java:24)
	at org.gradle.internal.dispatch.ContextClassLoaderDispatch.dispatch(ContextClassLoaderDispatch.java:33)
	at org.gradle.internal.dispatch.ProxyDispatchAdapter$DispatchingInvocationHandler.invoke(ProxyDispatchAdapter.java:94)
	at com.sun.proxy.$Proxy2.processTestClass(Unknown Source)
	at org.gradle.api.internal.tasks.testing.worker.TestWorker.processTestClass(TestWorker.java:118)
	at sun.reflect.GeneratedMethodAccessor45.invoke(Unknown Source)
	at sun.reflect.DelegatingMethodAccessorImpl.invoke(DelegatingMethodAccessorImpl.java:43)
	at java.lang.reflect.Method.invoke(Method.java:498)
	at org.gradle.internal.dispatch.ReflectionDispatch.dispatch(ReflectionDispatch.java:36)
	at org.gradle.internal.dispatch.ReflectionDispatch.dispatch(ReflectionDispatch.java:24)
	at org.gradle.internal.remote.internal.hub.MessageHubBackedObjectConnection$DispatchWrapper.dispatch(MessageHubBackedObjectConnection.java:182)
	at org.gradle.internal.remote.internal.hub.MessageHubBackedObjectConnection$DispatchWrapper.dispatch(MessageHubBackedObjectConnection.java:164)
	at org.gradle.internal.remote.internal.hub.MessageHub$Handler.run(MessageHub.java:412)
	at org.gradle.internal.concurrent.ExecutorPolicy$CatchAndRecordFailures.onExecute(ExecutorPolicy.java:64)
	at org.gradle.internal.concurrent.ManagedExecutorImpl$1.run(ManagedExecutorImpl.java:48)
	at java.util.concurrent.ThreadPoolExecutor.runWorker(ThreadPoolExecutor.java:1149)
	at java.util.concurrent.ThreadPoolExecutor$Worker.run(ThreadPoolExecutor.java:624)
	at org.gradle.internal.concurrent.ThreadFactoryImpl$ManagedThreadRunnable.run(ThreadFactoryImpl.java:56)
	at java.lang.Thread.run(Thread.java:748)
Caused by: org.apache.kafka.common.security.oauthbearer.internals.unsecured.OAuthBearerConfigException: Extensions provided in login context without a token
	at org.apache.kafka.common.security.oauthbearer.internals.unsecured.OAuthBearerUnsecuredLoginCallbackHandler.handleTokenCallback(OAuthBearerUnsecuredLoginCallbackHandler.java:191)
	at org.apache.kafka.common.security.oauthbearer.internals.unsecured.OAuthBearerUnsecuredLoginCallbackHandler.handle(OAuthBearerUnsecuredLoginCallbackHandler.java:162)
	... 76 more
</pre>
</span>
</div>
</div>
<div id="footer">
<p>
<div>
<label class="hidden" id="label-for-line-wrapping-toggle" for="line-wrapping-toggle">Wrap lines
<input id="line-wrapping-toggle" type="checkbox" autocomplete="off"/>
</label>
</div>Generated by 
<a href="http://www.gradle.org">Gradle 5.6.2</a> at 2020-1-15 10:09:31</p>
</div>
</div>
</body>
</html>
