<!DOCTYPE html>
<html>
<head>
<meta http-equiv="Content-Type" content="text/html; charset=utf-8"/>
<meta http-equiv="x-ua-compatible" content="IE=edge"/>
<title>Test results - Class kafka.zookeeper.ZooKeeperClientTest</title>
<link href="../css/base-style.css" rel="stylesheet" type="text/css"/>
<link href="../css/style.css" rel="stylesheet" type="text/css"/>
<script src="../js/report.js" type="text/javascript"></script>
</head>
<body>
<div id="content">
<h1>Class kafka.zookeeper.ZooKeeperClientTest</h1>
<div class="breadcrumbs">
<a href="../index.html">all</a> &gt; 
<a href="../packages/kafka.zookeeper.html">kafka.zookeeper</a> &gt; ZooKeeperClientTest</div>
<div id="summary">
<table>
<tr>
<td>
<div class="summaryGroup">
<table>
<tr>
<td>
<div class="infoBox" id="tests">
<div class="counter">31</div>
<p>tests</p>
</div>
</td>
<td>
<div class="infoBox" id="failures">
<div class="counter">0</div>
<p>failures</p>
</div>
</td>
<td>
<div class="infoBox" id="ignored">
<div class="counter">0</div>
<p>ignored</p>
</div>
</td>
<td>
<div class="infoBox" id="duration">
<div class="counter">35.324s</div>
<p>duration</p>
</div>
</td>
</tr>
</table>
</div>
</td>
<td>
<div class="infoBox success" id="successRate">
<div class="percent">100%</div>
<p>successful</p>
</div>
</td>
</tr>
</table>
</div>
<div id="tabs">
<ul class="tabLinks">
<li>
<a href="#tab0">Tests</a>
</li>
<li>
<a href="#tab1">Standard output</a>
</li>
</ul>
<div id="tab0" class="tab">
<h2>Tests</h2>
<table>
<thead>
<tr>
<th>Test</th>
<th>Duration</th>
<th>Result</th>
</tr>
</thead>
<tr>
<td class="success">testBlockOnRequestCompletionFromStateChangeHandler</td>
<td class="success">0.647s</td>
<td class="success">passed</td>
</tr>
<tr>
<td class="success">testConnection</td>
<td class="success">0.510s</td>
<td class="success">passed</td>
</tr>
<tr>
<td class="success">testConnectionLossRequestTermination</td>
<td class="success">11.397s</td>
<td class="success">passed</td>
</tr>
<tr>
<td class="success">testConnectionTimeout</td>
<td class="success">3.496s</td>
<td class="success">passed</td>
</tr>
<tr>
<td class="success">testDeleteExistingZNode</td>
<td class="success">0.702s</td>
<td class="success">passed</td>
</tr>
<tr>
<td class="success">testDeleteNonExistentZNode</td>
<td class="success">0.401s</td>
<td class="success">passed</td>
</tr>
<tr>
<td class="success">testExceptionInBeforeInitializingSession</td>
<td class="success">0.649s</td>
<td class="success">passed</td>
</tr>
<tr>
<td class="success">testExistsExistingZNode</td>
<td class="success">0.410s</td>
<td class="success">passed</td>
</tr>
<tr>
<td class="success">testExistsNonExistentZNode</td>
<td class="success">0.436s</td>
<td class="success">passed</td>
</tr>
<tr>
<td class="success">testGetAclExistingZNode</td>
<td class="success">0.402s</td>
<td class="success">passed</td>
</tr>
<tr>
<td class="success">testGetAclNonExistentZNode</td>
<td class="success">0.409s</td>
<td class="success">passed</td>
</tr>
<tr>
<td class="success">testGetChildrenExistingZNode</td>
<td class="success">0.406s</td>
<td class="success">passed</td>
</tr>
<tr>
<td class="success">testGetChildrenExistingZNodeWithChildren</td>
<td class="success">0.409s</td>
<td class="success">passed</td>
</tr>
<tr>
<td class="success">testGetChildrenNonExistentZNode</td>
<td class="success">0.440s</td>
<td class="success">passed</td>
</tr>
<tr>
<td class="success">testGetDataExistingZNode</td>
<td class="success">0.407s</td>
<td class="success">passed</td>
</tr>
<tr>
<td class="success">testGetDataNonExistentZNode</td>
<td class="success">0.434s</td>
<td class="success">passed</td>
</tr>
<tr>
<td class="success">testMixedPipeline</td>
<td class="success">0.404s</td>
<td class="success">passed</td>
</tr>
<tr>
<td class="success">testPipelinedGetData</td>
<td class="success">0.408s</td>
<td class="success">passed</td>
</tr>
<tr>
<td class="success">testSessionExpiry</td>
<td class="success">2.707s</td>
<td class="success">passed</td>
</tr>
<tr>
<td class="success">testSessionExpiryDuringClose</td>
<td class="success">0.407s</td>
<td class="success">passed</td>
</tr>
<tr>
<td class="success">testSetAclNonExistentZNode</td>
<td class="success">0.402s</td>
<td class="success">passed</td>
</tr>
<tr>
<td class="success">testSetDataExistingZNode</td>
<td class="success">0.400s</td>
<td class="success">passed</td>
</tr>
<tr>
<td class="success">testSetDataNonExistentZNode</td>
<td class="success">0.402s</td>
<td class="success">passed</td>
</tr>
<tr>
<td class="success">testStateChangeHandlerForAuthFailure</td>
<td class="success">0.617s</td>
<td class="success">passed</td>
</tr>
<tr>
<td class="success">testUnresolvableConnectString</td>
<td class="success">5.541s</td>
<td class="success">passed</td>
</tr>
<tr>
<td class="success">testZNodeChangeHandlerForCreation</td>
<td class="success">0.403s</td>
<td class="success">passed</td>
</tr>
<tr>
<td class="success">testZNodeChangeHandlerForDataChange</td>
<td class="success">0.438s</td>
<td class="success">passed</td>
</tr>
<tr>
<td class="success">testZNodeChangeHandlerForDeletion</td>
<td class="success">0.403s</td>
<td class="success">passed</td>
</tr>
<tr>
<td class="success">testZNodeChildChangeHandlerForChildChange</td>
<td class="success">0.405s</td>
<td class="success">passed</td>
</tr>
<tr>
<td class="success">testZooKeeperSessionStateMetric</td>
<td class="success">0.428s</td>
<td class="success">passed</td>
</tr>
<tr>
<td class="success">testZooKeeperStateChangeRateMetrics</td>
<td class="success">0.404s</td>
<td class="success">passed</td>
</tr>
</table>
</div>
<div id="tab1" class="tab">
<h2>Standard output</h2>
<span class="code">
<pre>[2020-01-15 10:48:14,472] ERROR [ZooKeeperClient] Uncaught error in handler kafka.zookeeper.ZooKeeperClientTest$$anon$7 (kafka.zookeeper.ZooKeeperClient:76)
java.lang.RuntimeException
	at kafka.zookeeper.ZooKeeperClientTest$$anon$7.beforeInitializingSession(ZooKeeperClientTest.scala:380)
	at kafka.zookeeper.ZooKeeperClient.callBeforeInitializingSession(ZooKeeperClient.scala:397)
	at kafka.zookeeper.ZooKeeperClient.$anonfun$reinitialize$1(ZooKeeperClient.scala:363)
	at kafka.zookeeper.ZooKeeperClient.$anonfun$reinitialize$1$adapted(ZooKeeperClient.scala:363)
	at scala.collection.Iterator.foreach(Iterator.scala:941)
	at scala.collection.Iterator.foreach$(Iterator.scala:941)
	at scala.collection.AbstractIterator.foreach(Iterator.scala:1429)
	at scala.collection.MapLike$DefaultValuesIterable.foreach(MapLike.scala:213)
	at kafka.zookeeper.ZooKeeperClient.reinitialize(ZooKeeperClient.scala:363)
	at kafka.zookeeper.ZooKeeperClient.forceReinitialize(ZooKeeperClient.scala:392)
	at kafka.zookeeper.ZooKeeperClientTest.testExceptionInBeforeInitializingSession(ZooKeeperClientTest.scala:398)
	at sun.reflect.NativeMethodAccessorImpl.invoke0(Native Method)
	at sun.reflect.NativeMethodAccessorImpl.invoke(NativeMethodAccessorImpl.java:62)
	at sun.reflect.DelegatingMethodAccessorImpl.invoke(DelegatingMethodAccessorImpl.java:43)
	at java.lang.reflect.Method.invoke(Method.java:498)
	at org.junit.runners.model.FrameworkMethod$1.runReflectiveCall(FrameworkMethod.java:59)
	at org.junit.internal.runners.model.ReflectiveCallable.run(ReflectiveCallable.java:12)
	at org.junit.runners.model.FrameworkMethod.invokeExplosively(FrameworkMethod.java:56)
	at org.junit.internal.runners.statements.InvokeMethod.evaluate(InvokeMethod.java:17)
	at org.junit.internal.runners.statements.RunBefores.evaluate(RunBefores.java:26)
	at org.junit.internal.runners.statements.RunAfters.evaluate(RunAfters.java:27)
	at org.junit.runners.ParentRunner$3.evaluate(ParentRunner.java:306)
	at org.junit.runners.BlockJUnit4ClassRunner$1.evaluate(BlockJUnit4ClassRunner.java:100)
	at org.junit.runners.ParentRunner.runLeaf(ParentRunner.java:366)
	at org.junit.runners.BlockJUnit4ClassRunner.runChild(BlockJUnit4ClassRunner.java:103)
	at org.junit.runners.BlockJUnit4ClassRunner.runChild(BlockJUnit4ClassRunner.java:63)
	at org.junit.runners.ParentRunner$4.run(ParentRunner.java:331)
	at org.junit.runners.ParentRunner$1.schedule(ParentRunner.java:79)
	at org.junit.runners.ParentRunner.runChildren(ParentRunner.java:329)
	at org.junit.runners.ParentRunner.access$100(ParentRunner.java:66)
	at org.junit.runners.ParentRunner$2.evaluate(ParentRunner.java:293)
	at org.junit.internal.runners.statements.RunBefores.evaluate(RunBefores.java:26)
	at org.junit.internal.runners.statements.RunAfters.evaluate(RunAfters.java:27)
	at org.junit.runners.ParentRunner$3.evaluate(ParentRunner.java:306)
	at org.junit.runners.ParentRunner.run(ParentRunner.java:413)
	at org.gradle.api.internal.tasks.testing.junit.JUnitTestClassExecutor.runTestClass(JUnitTestClassExecutor.java:110)
	at org.gradle.api.internal.tasks.testing.junit.JUnitTestClassExecutor.execute(JUnitTestClassExecutor.java:58)
	at org.gradle.api.internal.tasks.testing.junit.JUnitTestClassExecutor.execute(JUnitTestClassExecutor.java:38)
	at org.gradle.api.internal.tasks.testing.junit.AbstractJUnitTestClassProcessor.processTestClass(AbstractJUnitTestClassProcessor.java:62)
	at org.gradle.api.internal.tasks.testing.SuiteTestClassProcessor.processTestClass(SuiteTestClassProcessor.java:51)
	at sun.reflect.GeneratedMethodAccessor31.invoke(Unknown Source)
	at sun.reflect.DelegatingMethodAccessorImpl.invoke(DelegatingMethodAccessorImpl.java:43)
	at java.lang.reflect.Method.invoke(Method.java:498)
	at org.gradle.internal.dispatch.ReflectionDispatch.dispatch(ReflectionDispatch.java:36)
	at org.gradle.internal.dispatch.ReflectionDispatch.dispatch(ReflectionDispatch.java:24)
	at org.gradle.internal.dispatch.ContextClassLoaderDispatch.dispatch(ContextClassLoaderDispatch.java:33)
	at org.gradle.internal.dispatch.ProxyDispatchAdapter$DispatchingInvocationHandler.invoke(ProxyDispatchAdapter.java:94)
	at com.sun.proxy.$Proxy2.processTestClass(Unknown Source)
	at org.gradle.api.internal.tasks.testing.worker.TestWorker.processTestClass(TestWorker.java:118)
	at sun.reflect.GeneratedMethodAccessor30.invoke(Unknown Source)
	at sun.reflect.DelegatingMethodAccessorImpl.invoke(DelegatingMethodAccessorImpl.java:43)
	at java.lang.reflect.Method.invoke(Method.java:498)
	at org.gradle.internal.dispatch.ReflectionDispatch.dispatch(ReflectionDispatch.java:36)
	at org.gradle.internal.dispatch.ReflectionDispatch.dispatch(ReflectionDispatch.java:24)
	at org.gradle.internal.remote.internal.hub.MessageHubBackedObjectConnection$DispatchWrapper.dispatch(MessageHubBackedObjectConnection.java:182)
	at org.gradle.internal.remote.internal.hub.MessageHubBackedObjectConnection$DispatchWrapper.dispatch(MessageHubBackedObjectConnection.java:164)
	at org.gradle.internal.remote.internal.hub.MessageHub$Handler.run(MessageHub.java:412)
	at org.gradle.internal.concurrent.ExecutorPolicy$CatchAndRecordFailures.onExecute(ExecutorPolicy.java:64)
	at org.gradle.internal.concurrent.ManagedExecutorImpl$1.run(ManagedExecutorImpl.java:48)
	at java.util.concurrent.ThreadPoolExecutor.runWorker(ThreadPoolExecutor.java:1149)
	at java.util.concurrent.ThreadPoolExecutor$Worker.run(ThreadPoolExecutor.java:624)
	at org.gradle.internal.concurrent.ThreadFactoryImpl$ManagedThreadRunnable.run(ThreadFactoryImpl.java:56)
	at java.lang.Thread.run(Thread.java:748)
[2020-01-15 10:48:38,853] ERROR Unable to resolve address: some.invalid.hostname.foo.bar.local:2181 (org.apache.zookeeper.client.StaticHostProvider:154)
java.net.UnknownHostException: some.invalid.hostname.foo.bar.local: nodename nor servname provided, or not known
	at java.net.Inet6AddressImpl.lookupAllHostAddr(Native Method)
	at java.net.InetAddress$2.lookupAllHostAddr(InetAddress.java:929)
	at java.net.InetAddress.getAddressesFromNameService(InetAddress.java:1324)
	at java.net.InetAddress.getAllByName0(InetAddress.java:1277)
	at java.net.InetAddress.getAllByName(InetAddress.java:1193)
	at java.net.InetAddress.getAllByName(InetAddress.java:1127)
	at org.apache.zookeeper.client.StaticHostProvider$1.getAllByName(StaticHostProvider.java:92)
	at org.apache.zookeeper.client.StaticHostProvider.resolve(StaticHostProvider.java:147)
	at org.apache.zookeeper.client.StaticHostProvider.next(StaticHostProvider.java:375)
	at org.apache.zookeeper.ClientCnxn$SendThread.run(ClientCnxn.java:1137)
[2020-01-15 10:48:44,926] WARN Unable to reconnect to ZooKeeper service, session 0x10003bd1a100002 has expired (org.apache.zookeeper.ClientCnxn:1380)
[2020-01-15 10:48:48,072] WARN SASL configuration failed: javax.security.auth.login.LoginException: No JAAS configuration section named 'Client' was found in specified JAAS configuration file: 'no-such-file-exists.conf'. Will continue connection to Zookeeper server without SASL authentication, if Zookeeper server allows it. (org.apache.zookeeper.ClientCnxn:1094)
[2020-01-15 10:48:48,073] ERROR [ZooKeeperClient] Auth failed. (kafka.zookeeper.ZooKeeperClient:74)
[2020-01-15 10:48:48,177] WARN SASL configuration failed: javax.security.auth.login.LoginException: No JAAS configuration section named 'Client' was found in specified JAAS configuration file: 'no-such-file-exists.conf'. Will continue connection to Zookeeper server without SASL authentication, if Zookeeper server allows it. (org.apache.zookeeper.ClientCnxn:1094)
[2020-01-15 10:48:48,177] ERROR [ZooKeeperClient] Auth failed. (kafka.zookeeper.ZooKeeperClient:74)
</pre>
</span>
</div>
</div>
<div id="footer">
<p>
<div>
<label class="hidden" id="label-for-line-wrapping-toggle" for="line-wrapping-toggle">Wrap lines
<input id="line-wrapping-toggle" type="checkbox" autocomplete="off"/>
</label>
</div>Generated by 
<a href="http://www.gradle.org">Gradle 5.6.2</a> at 2020-1-15 10:48:49</p>
</div>
</div>
</body>
</html>
