<?xml version="1.0" encoding="UTF-8"?>
<testsuite name="org.apache.kafka.clients.consumer.KafkaConsumerTest" tests="72" skipped="0" failures="0" errors="0" timestamp="2020-01-15T02:08:16" hostname="localhost" time="5.756">
  <properties/>
  <testcase name="testCloseShouldBeIdempotent" classname="org.apache.kafka.clients.consumer.KafkaConsumerTest" time="0.428"/>
  <testcase name="testOffsetIsValidAfterSeek" classname="org.apache.kafka.clients.consumer.KafkaConsumerTest" time="0.134"/>
  <testcase name="testGracefulClose" classname="org.apache.kafka.clients.consumer.KafkaConsumerTest" time="0.48"/>
  <testcase name="testMetricConfigRecordingLevel" classname="org.apache.kafka.clients.consumer.KafkaConsumerTest" time="0.018"/>
  <testcase name="testRegexSubscription" classname="org.apache.kafka.clients.consumer.KafkaConsumerTest" time="0.01"/>
  <testcase name="testPollWithEmptySubscription" classname="org.apache.kafka.clients.consumer.KafkaConsumerTest" time="0.011"/>
  <testcase name="testSubscriptionWithEmptyPartitionAssignment" classname="org.apache.kafka.clients.consumer.KafkaConsumerTest" time="0.023"/>
  <testcase name="testCloseTimeout" classname="org.apache.kafka.clients.consumer.KafkaConsumerTest" time="0.111"/>
  <testcase name="testOperationsBySubscribingConsumerWithDefaultGroupId" classname="org.apache.kafka.clients.consumer.KafkaConsumerTest" time="0.02"/>
  <testcase name="shouldIgnoreGroupInstanceIdForEmptyGroupId" classname="org.apache.kafka.clients.consumer.KafkaConsumerTest" time="0.006"/>
  <testcase name="testPollWithEmptyUserAssignment" classname="org.apache.kafka.clients.consumer.KafkaConsumerTest" time="0.006"/>
  <testcase name="testConstructorClose" classname="org.apache.kafka.clients.consumer.KafkaConsumerTest" time="0.001"/>
  <testcase name="testAssignOnNullTopicInPartition" classname="org.apache.kafka.clients.consumer.KafkaConsumerTest" time="0.005"/>
  <testcase name="testPause" classname="org.apache.kafka.clients.consumer.KafkaConsumerTest" time="0.03"/>
  <testcase name="testManualAssignmentChangeWithAutoCommitEnabled" classname="org.apache.kafka.clients.consumer.KafkaConsumerTest" time="0.035"/>
  <testcase name="testSubscriptionChangesWithAutoCommitEnabled" classname="org.apache.kafka.clients.consumer.KafkaConsumerTest" time="0.063"/>
  <testcase name="testChangingRegexSubscription" classname="org.apache.kafka.clients.consumer.KafkaConsumerTest" time="0.008"/>
  <testcase name="testPollWithNoSubscription" classname="org.apache.kafka.clients.consumer.KafkaConsumerTest" time="0.005"/>
  <testcase name="testFetchProgressWithMissingPartitionPosition" classname="org.apache.kafka.clients.consumer.KafkaConsumerTest" time="0.005"/>
  <testcase name="testBeginningOffsetsAuthenticationFailure" classname="org.apache.kafka.clients.consumer.KafkaConsumerTest" time="0.045"/>
  <testcase name="testUnsubscribeShouldTriggerPartitionsRevokedWithValidGeneration" classname="org.apache.kafka.clients.consumer.KafkaConsumerTest" time="0.083"/>
  <testcase name="verifyNoCoordinatorLookupForManualAssignmentWithSeek" classname="org.apache.kafka.clients.consumer.KafkaConsumerTest" time="0.005"/>
  <testcase name="testInvalidSocketSendBufferSize" classname="org.apache.kafka.clients.consumer.KafkaConsumerTest" time="0.0"/>
  <testcase name="testOffsetsForTimesAuthenticationFailure" classname="org.apache.kafka.clients.consumer.KafkaConsumerTest" time="0.002"/>
  <testcase name="testCommitsFetchedDuringAssign" classname="org.apache.kafka.clients.consumer.KafkaConsumerTest" time="0.002"/>
  <testcase name="testOsDefaultSocketBufferSizes" classname="org.apache.kafka.clients.consumer.KafkaConsumerTest" time="0.019"/>
  <testcase name="testResetToCommittedOffset" classname="org.apache.kafka.clients.consumer.KafkaConsumerTest" time="0.005"/>
  <testcase name="testPollTimeMetrics" classname="org.apache.kafka.clients.consumer.KafkaConsumerTest" time="0.002"/>
  <testcase name="testCloseNoWait" classname="org.apache.kafka.clients.consumer.KafkaConsumerTest" time="0.006"/>
  <testcase name="testEndOffsetsAuthenticationFailure" classname="org.apache.kafka.clients.consumer.KafkaConsumerTest" time="0.003"/>
  <testcase name="testCloseInterrupt" classname="org.apache.kafka.clients.consumer.KafkaConsumerTest" time="0.213"/>
  <testcase name="testPollIdleRatio" classname="org.apache.kafka.clients.consumer.KafkaConsumerTest" time="0.002"/>
  <testcase name="testGetGroupMetadata" classname="org.apache.kafka.clients.consumer.KafkaConsumerTest" time="0.004"/>
  <testcase name="testAssignOnNullTopicPartition" classname="org.apache.kafka.clients.consumer.KafkaConsumerTest" time="0.005"/>
  <testcase name="verifyPollTimesOutDuringMetadataUpdate" classname="org.apache.kafka.clients.consumer.KafkaConsumerTest" time="0.003"/>
  <testcase name="verifyDeprecatedPollDoesNotTimeOutDuringMetadataUpdate" classname="org.apache.kafka.clients.consumer.KafkaConsumerTest" time="0.004"/>
  <testcase name="testMetricsReporterAutoGeneratedClientId" classname="org.apache.kafka.clients.consumer.KafkaConsumerTest" time="0.005"/>
  <testcase name="testManualAssignmentChangeWithAutoCommitDisabled" classname="org.apache.kafka.clients.consumer.KafkaConsumerTest" time="0.004"/>
  <testcase name="testOffsetOfPausedPartitions" classname="org.apache.kafka.clients.consumer.KafkaConsumerTest" time="0.002"/>
  <testcase name="testSubscriptionChangesWithAutoCommitDisabled" classname="org.apache.kafka.clients.consumer.KafkaConsumerTest" time="0.004"/>
  <testcase name="testSeekNegative" classname="org.apache.kafka.clients.consumer.KafkaConsumerTest" time="0.004"/>
  <testcase name="testPollAuthenticationFailure" classname="org.apache.kafka.clients.consumer.KafkaConsumerTest" time="0.001"/>
  <testcase name="testAssignOnEmptyTopicInPartition" classname="org.apache.kafka.clients.consumer.KafkaConsumerTest" time="0.003"/>
  <testcase name="testRebalanceException" classname="org.apache.kafka.clients.consumer.KafkaConsumerTest" time="0.012"/>
  <testcase name="testMissingOffsetNoResetPolicy" classname="org.apache.kafka.clients.consumer.KafkaConsumerTest" time="0.002"/>
  <testcase name="testInvalidSocketReceiveBufferSize" classname="org.apache.kafka.clients.consumer.KafkaConsumerTest" time="0.001"/>
  <testcase name="testClosingConsumerUnregistersConsumerMetrics" classname="org.apache.kafka.clients.consumer.KafkaConsumerTest" time="0.005"/>
  <testcase name="testSubscriptionOnInvalidTopic" classname="org.apache.kafka.clients.consumer.KafkaConsumerTest" time="0.003"/>
  <testcase name="testAutoCommitSentBeforePositionUpdate" classname="org.apache.kafka.clients.consumer.KafkaConsumerTest" time="0.007"/>
  <testcase name="fetchResponseWithUnexpectedPartitionIsIgnored" classname="org.apache.kafka.clients.consumer.KafkaConsumerTest" time="0.003"/>
  <testcase name="testPollThrowsInterruptExceptionIfInterrupted" classname="org.apache.kafka.clients.consumer.KafkaConsumerTest" time="0.004"/>
  <testcase name="testSubscriptionOnNullPattern" classname="org.apache.kafka.clients.consumer.KafkaConsumerTest" time="0.003"/>
  <testcase name="testShouldAttemptToRejoinGroupAfterSyncGroupFailed" classname="org.apache.kafka.clients.consumer.KafkaConsumerTest" time="1.052"/>
  <testcase name="testCommitSyncAuthenticationFailure" classname="org.apache.kafka.clients.consumer.KafkaConsumerTest" time="0.001"/>
  <testcase name="verifyHeartbeatSent" classname="org.apache.kafka.clients.consumer.KafkaConsumerTest" time="1.008"/>
  <testcase name="verifyHeartbeatSentWhenFetchedDataReady" classname="org.apache.kafka.clients.consumer.KafkaConsumerTest" time="1.005"/>
  <testcase name="testResetUsingAutoResetPolicy" classname="org.apache.kafka.clients.consumer.KafkaConsumerTest" time="0.002"/>
  <testcase name="testNoCommittedOffsets" classname="org.apache.kafka.clients.consumer.KafkaConsumerTest" time="0.003"/>
  <testcase name="testOperationsByAssigningConsumerWithDefaultGroupId" classname="org.apache.kafka.clients.consumer.KafkaConsumerTest" time="0.005"/>
  <testcase name="testAssignOnEmptyTopicPartition" classname="org.apache.kafka.clients.consumer.KafkaConsumerTest" time="0.003"/>
  <testcase name="testUnsubscribeShouldTriggerPartitionsLostWithNoGeneration" classname="org.apache.kafka.clients.consumer.KafkaConsumerTest" time="0.113"/>
  <testcase name="testSubscriptionOnNullTopic" classname="org.apache.kafka.clients.consumer.KafkaConsumerTest" time="0.005"/>
  <testcase name="testSubscription" classname="org.apache.kafka.clients.consumer.KafkaConsumerTest" time="0.004"/>
  <testcase name="testInterceptorConstructorClose" classname="org.apache.kafka.clients.consumer.KafkaConsumerTest" time="0.008"/>
  <testcase name="testSubscriptionOnEmptyTopic" classname="org.apache.kafka.clients.consumer.KafkaConsumerTest" time="0.003"/>
  <testcase name="testWakeupWithFetchDataAvailable" classname="org.apache.kafka.clients.consumer.KafkaConsumerTest" time="0.029"/>
  <testcase name="testReturnRecordsDuringRebalance" classname="org.apache.kafka.clients.consumer.KafkaConsumerTest" time="0.065"/>
  <testcase name="testLeaveGroupTimeout" classname="org.apache.kafka.clients.consumer.KafkaConsumerTest" time="0.145"/>
  <testcase name="testPartitionsForAuthenticationFailure" classname="org.apache.kafka.clients.consumer.KafkaConsumerTest" time="0.002"/>
  <testcase name="testSubscriptionOnNullTopicCollection" classname="org.apache.kafka.clients.consumer.KafkaConsumerTest" time="0.004"/>
  <testcase name="testCommittedAuthenticationFaiure" classname="org.apache.kafka.clients.consumer.KafkaConsumerTest" time="0.001"/>
  <testcase name="testCloseWithTimeUnit" classname="org.apache.kafka.clients.consumer.KafkaConsumerTest" time="0.418"/>
  <system-out><![CDATA[[2020-01-15 10:08:18,021] ERROR User provided listener org.apache.kafka.clients.consumer.KafkaConsumerTest$7 failed on invocation of onPartitionsAssigned for partitions [test-0] (org.apache.kafka.clients.consumer.internals.ConsumerCoordinator:284)
java.lang.RuntimeException: Hit partition assign [test-0]
	at org.apache.kafka.clients.consumer.KafkaConsumerTest$7.onPartitionsAssigned(KafkaConsumerTest.java:1963)
	at org.apache.kafka.clients.consumer.internals.ConsumerCoordinator.invokePartitionsAssigned(ConsumerCoordinator.java:279)
	at org.apache.kafka.clients.consumer.internals.ConsumerCoordinator.onJoinComplete(ConsumerCoordinator.java:407)
	at org.apache.kafka.clients.consumer.internals.AbstractCoordinator.joinGroupIfNeeded(AbstractCoordinator.java:439)
	at org.apache.kafka.clients.consumer.internals.AbstractCoordinator.ensureActiveGroup(AbstractCoordinator.java:358)
	at org.apache.kafka.clients.consumer.internals.ConsumerCoordinator.poll(ConsumerCoordinator.java:478)
	at org.apache.kafka.clients.consumer.KafkaConsumer.updateAssignmentMetadataIfNeeded(KafkaConsumer.java:1273)
	at org.apache.kafka.clients.consumer.KafkaConsumerTest.lambda$testUnsubscribeShouldTriggerPartitionsRevokedWithValidGeneration$1(KafkaConsumerTest.java:1165)
	at org.junit.Assert.assertThrows(Assert.java:1001)
	at org.junit.Assert.assertThrows(Assert.java:981)
	at org.apache.kafka.clients.consumer.KafkaConsumerTest.testUnsubscribeShouldTriggerPartitionsRevokedWithValidGeneration(KafkaConsumerTest.java:1164)
	at sun.reflect.NativeMethodAccessorImpl.invoke0(Native Method)
	at sun.reflect.NativeMethodAccessorImpl.invoke(NativeMethodAccessorImpl.java:62)
	at sun.reflect.DelegatingMethodAccessorImpl.invoke(DelegatingMethodAccessorImpl.java:43)
	at java.lang.reflect.Method.invoke(Method.java:498)
	at org.junit.runners.model.FrameworkMethod$1.runReflectiveCall(FrameworkMethod.java:59)
	at org.junit.internal.runners.model.ReflectiveCallable.run(ReflectiveCallable.java:12)
	at org.junit.runners.model.FrameworkMethod.invokeExplosively(FrameworkMethod.java:56)
	at org.junit.internal.runners.statements.InvokeMethod.evaluate(InvokeMethod.java:17)
	at org.junit.runners.ParentRunner$3.evaluate(ParentRunner.java:306)
	at org.junit.runners.BlockJUnit4ClassRunner$1.evaluate(BlockJUnit4ClassRunner.java:100)
	at org.junit.runners.ParentRunner.runLeaf(ParentRunner.java:366)
	at org.junit.runners.BlockJUnit4ClassRunner.runChild(BlockJUnit4ClassRunner.java:103)
	at org.junit.runners.BlockJUnit4ClassRunner.runChild(BlockJUnit4ClassRunner.java:63)
	at org.junit.runners.ParentRunner$4.run(ParentRunner.java:331)
	at org.junit.runners.ParentRunner$1.schedule(ParentRunner.java:79)
	at org.junit.runners.ParentRunner.runChildren(ParentRunner.java:329)
	at org.junit.runners.ParentRunner.access$100(ParentRunner.java:66)
	at org.junit.runners.ParentRunner$2.evaluate(ParentRunner.java:293)
	at org.junit.runners.ParentRunner$3.evaluate(ParentRunner.java:306)
	at org.junit.runners.ParentRunner.run(ParentRunner.java:413)
	at org.gradle.api.internal.tasks.testing.junit.JUnitTestClassExecutor.runTestClass(JUnitTestClassExecutor.java:110)
	at org.gradle.api.internal.tasks.testing.junit.JUnitTestClassExecutor.execute(JUnitTestClassExecutor.java:58)
	at org.gradle.api.internal.tasks.testing.junit.JUnitTestClassExecutor.execute(JUnitTestClassExecutor.java:38)
	at org.gradle.api.internal.tasks.testing.junit.AbstractJUnitTestClassProcessor.processTestClass(AbstractJUnitTestClassProcessor.java:62)
	at org.gradle.api.internal.tasks.testing.SuiteTestClassProcessor.processTestClass(SuiteTestClassProcessor.java:51)
	at sun.reflect.NativeMethodAccessorImpl.invoke0(Native Method)
	at sun.reflect.NativeMethodAccessorImpl.invoke(NativeMethodAccessorImpl.java:62)
	at sun.reflect.DelegatingMethodAccessorImpl.invoke(DelegatingMethodAccessorImpl.java:43)
	at java.lang.reflect.Method.invoke(Method.java:498)
	at org.gradle.internal.dispatch.ReflectionDispatch.dispatch(ReflectionDispatch.java:36)
	at org.gradle.internal.dispatch.ReflectionDispatch.dispatch(ReflectionDispatch.java:24)
	at org.gradle.internal.dispatch.ContextClassLoaderDispatch.dispatch(ContextClassLoaderDispatch.java:33)
	at org.gradle.internal.dispatch.ProxyDispatchAdapter$DispatchingInvocationHandler.invoke(ProxyDispatchAdapter.java:94)
	at com.sun.proxy.$Proxy2.processTestClass(Unknown Source)
	at org.gradle.api.internal.tasks.testing.worker.TestWorker.processTestClass(TestWorker.java:118)
	at sun.reflect.NativeMethodAccessorImpl.invoke0(Native Method)
	at sun.reflect.NativeMethodAccessorImpl.invoke(NativeMethodAccessorImpl.java:62)
	at sun.reflect.DelegatingMethodAccessorImpl.invoke(DelegatingMethodAccessorImpl.java:43)
	at java.lang.reflect.Method.invoke(Method.java:498)
	at org.gradle.internal.dispatch.ReflectionDispatch.dispatch(ReflectionDispatch.java:36)
	at org.gradle.internal.dispatch.ReflectionDispatch.dispatch(ReflectionDispatch.java:24)
	at org.gradle.internal.remote.internal.hub.MessageHubBackedObjectConnection$DispatchWrapper.dispatch(MessageHubBackedObjectConnection.java:182)
	at org.gradle.internal.remote.internal.hub.MessageHubBackedObjectConnection$DispatchWrapper.dispatch(MessageHubBackedObjectConnection.java:164)
	at org.gradle.internal.remote.internal.hub.MessageHub$Handler.run(MessageHub.java:412)
	at org.gradle.internal.concurrent.ExecutorPolicy$CatchAndRecordFailures.onExecute(ExecutorPolicy.java:64)
	at org.gradle.internal.concurrent.ManagedExecutorImpl$1.run(ManagedExecutorImpl.java:48)
	at java.util.concurrent.ThreadPoolExecutor.runWorker(ThreadPoolExecutor.java:1149)
	at java.util.concurrent.ThreadPoolExecutor$Worker.run(ThreadPoolExecutor.java:624)
	at org.gradle.internal.concurrent.ThreadFactoryImpl$ManagedThreadRunnable.run(ThreadFactoryImpl.java:56)
	at java.lang.Thread.run(Thread.java:748)
[2020-01-15 10:08:18,033] ERROR User provided listener org.apache.kafka.clients.consumer.KafkaConsumerTest$7 failed on invocation of onPartitionsRevoked for partitions [test-0] (org.apache.kafka.clients.consumer.internals.ConsumerCoordinator:303)
java.lang.RuntimeException: Hit partition revoke [test-0]
	at org.apache.kafka.clients.consumer.KafkaConsumerTest$7.onPartitionsRevoked(KafkaConsumerTest.java:1958)
	at org.apache.kafka.clients.consumer.internals.ConsumerCoordinator.invokePartitionsRevoked(ConsumerCoordinator.java:298)
	at org.apache.kafka.clients.consumer.internals.ConsumerCoordinator.onLeavePrepare(ConsumerCoordinator.java:714)
	at org.apache.kafka.clients.consumer.KafkaConsumer.unsubscribe(KafkaConsumer.java:1076)
	at org.junit.Assert.assertThrows(Assert.java:1001)
	at org.junit.Assert.assertThrows(Assert.java:981)
	at org.apache.kafka.clients.consumer.KafkaConsumerTest.testUnsubscribeShouldTriggerPartitionsRevokedWithValidGeneration(KafkaConsumerTest.java:1168)
	at sun.reflect.NativeMethodAccessorImpl.invoke0(Native Method)
	at sun.reflect.NativeMethodAccessorImpl.invoke(NativeMethodAccessorImpl.java:62)
	at sun.reflect.DelegatingMethodAccessorImpl.invoke(DelegatingMethodAccessorImpl.java:43)
	at java.lang.reflect.Method.invoke(Method.java:498)
	at org.junit.runners.model.FrameworkMethod$1.runReflectiveCall(FrameworkMethod.java:59)
	at org.junit.internal.runners.model.ReflectiveCallable.run(ReflectiveCallable.java:12)
	at org.junit.runners.model.FrameworkMethod.invokeExplosively(FrameworkMethod.java:56)
	at org.junit.internal.runners.statements.InvokeMethod.evaluate(InvokeMethod.java:17)
	at org.junit.runners.ParentRunner$3.evaluate(ParentRunner.java:306)
	at org.junit.runners.BlockJUnit4ClassRunner$1.evaluate(BlockJUnit4ClassRunner.java:100)
	at org.junit.runners.ParentRunner.runLeaf(ParentRunner.java:366)
	at org.junit.runners.BlockJUnit4ClassRunner.runChild(BlockJUnit4ClassRunner.java:103)
	at org.junit.runners.BlockJUnit4ClassRunner.runChild(BlockJUnit4ClassRunner.java:63)
	at org.junit.runners.ParentRunner$4.run(ParentRunner.java:331)
	at org.junit.runners.ParentRunner$1.schedule(ParentRunner.java:79)
	at org.junit.runners.ParentRunner.runChildren(ParentRunner.java:329)
	at org.junit.runners.ParentRunner.access$100(ParentRunner.java:66)
	at org.junit.runners.ParentRunner$2.evaluate(ParentRunner.java:293)
	at org.junit.runners.ParentRunner$3.evaluate(ParentRunner.java:306)
	at org.junit.runners.ParentRunner.run(ParentRunner.java:413)
	at org.gradle.api.internal.tasks.testing.junit.JUnitTestClassExecutor.runTestClass(JUnitTestClassExecutor.java:110)
	at org.gradle.api.internal.tasks.testing.junit.JUnitTestClassExecutor.execute(JUnitTestClassExecutor.java:58)
	at org.gradle.api.internal.tasks.testing.junit.JUnitTestClassExecutor.execute(JUnitTestClassExecutor.java:38)
	at org.gradle.api.internal.tasks.testing.junit.AbstractJUnitTestClassProcessor.processTestClass(AbstractJUnitTestClassProcessor.java:62)
	at org.gradle.api.internal.tasks.testing.SuiteTestClassProcessor.processTestClass(SuiteTestClassProcessor.java:51)
	at sun.reflect.NativeMethodAccessorImpl.invoke0(Native Method)
	at sun.reflect.NativeMethodAccessorImpl.invoke(NativeMethodAccessorImpl.java:62)
	at sun.reflect.DelegatingMethodAccessorImpl.invoke(DelegatingMethodAccessorImpl.java:43)
	at java.lang.reflect.Method.invoke(Method.java:498)
	at org.gradle.internal.dispatch.ReflectionDispatch.dispatch(ReflectionDispatch.java:36)
	at org.gradle.internal.dispatch.ReflectionDispatch.dispatch(ReflectionDispatch.java:24)
	at org.gradle.internal.dispatch.ContextClassLoaderDispatch.dispatch(ContextClassLoaderDispatch.java:33)
	at org.gradle.internal.dispatch.ProxyDispatchAdapter$DispatchingInvocationHandler.invoke(ProxyDispatchAdapter.java:94)
	at com.sun.proxy.$Proxy2.processTestClass(Unknown Source)
	at org.gradle.api.internal.tasks.testing.worker.TestWorker.processTestClass(TestWorker.java:118)
	at sun.reflect.NativeMethodAccessorImpl.invoke0(Native Method)
	at sun.reflect.NativeMethodAccessorImpl.invoke(NativeMethodAccessorImpl.java:62)
	at sun.reflect.DelegatingMethodAccessorImpl.invoke(DelegatingMethodAccessorImpl.java:43)
	at java.lang.reflect.Method.invoke(Method.java:498)
	at org.gradle.internal.dispatch.ReflectionDispatch.dispatch(ReflectionDispatch.java:36)
	at org.gradle.internal.dispatch.ReflectionDispatch.dispatch(ReflectionDispatch.java:24)
	at org.gradle.internal.remote.internal.hub.MessageHubBackedObjectConnection$DispatchWrapper.dispatch(MessageHubBackedObjectConnection.java:182)
	at org.gradle.internal.remote.internal.hub.MessageHubBackedObjectConnection$DispatchWrapper.dispatch(MessageHubBackedObjectConnection.java:164)
	at org.gradle.internal.remote.internal.hub.MessageHub$Handler.run(MessageHub.java:412)
	at org.gradle.internal.concurrent.ExecutorPolicy$CatchAndRecordFailures.onExecute(ExecutorPolicy.java:64)
	at org.gradle.internal.concurrent.ManagedExecutorImpl$1.run(ManagedExecutorImpl.java:48)
	at java.util.concurrent.ThreadPoolExecutor.runWorker(ThreadPoolExecutor.java:1149)
	at java.util.concurrent.ThreadPoolExecutor$Worker.run(ThreadPoolExecutor.java:624)
	at org.gradle.internal.concurrent.ThreadFactoryImpl$ManagedThreadRunnable.run(ThreadFactoryImpl.java:56)
	at java.lang.Thread.run(Thread.java:748)
[2020-01-15 10:08:18,247] ERROR Failed to close coordinator (org.apache.kafka.clients.consumer.KafkaConsumer:2344)
org.apache.kafka.common.errors.InterruptException: java.lang.InterruptedException
	at org.apache.kafka.clients.consumer.internals.ConsumerNetworkClient.maybeThrowInterruptException(ConsumerNetworkClient.java:517)
	at org.apache.kafka.clients.consumer.internals.ConsumerNetworkClient.poll(ConsumerNetworkClient.java:278)
	at org.apache.kafka.clients.consumer.internals.ConsumerNetworkClient.poll(ConsumerNetworkClient.java:233)
	at org.apache.kafka.clients.consumer.internals.ConsumerNetworkClient.poll(ConsumerNetworkClient.java:224)
	at org.apache.kafka.clients.consumer.internals.ConsumerNetworkClient.awaitPendingRequests(ConsumerNetworkClient.java:335)
	at org.apache.kafka.clients.consumer.internals.AbstractCoordinator.close(AbstractCoordinator.java:918)
	at org.apache.kafka.clients.consumer.internals.ConsumerCoordinator.close(ConsumerCoordinator.java:857)
	at org.apache.kafka.clients.consumer.KafkaConsumer.close(KafkaConsumer.java:2341)
	at org.apache.kafka.clients.consumer.KafkaConsumer.close(KafkaConsumer.java:2308)
	at org.apache.kafka.clients.consumer.KafkaConsumerTest$4.run(KafkaConsumerTest.java:1628)
	at java.util.concurrent.Executors$RunnableAdapter.call(Executors.java:511)
	at java.util.concurrent.FutureTask.run(FutureTask.java:266)
	at java.util.concurrent.ThreadPoolExecutor.runWorker(ThreadPoolExecutor.java:1149)
	at java.util.concurrent.ThreadPoolExecutor$Worker.run(ThreadPoolExecutor.java:624)
	at java.lang.Thread.run(Thread.java:748)
Caused by: java.lang.InterruptedException
	... 15 more
[2020-01-15 10:08:18,397] ERROR User provided listener org.apache.kafka.clients.consumer.KafkaConsumerTest$7 failed on invocation of onPartitionsAssigned for partitions [test-0] (org.apache.kafka.clients.consumer.internals.ConsumerCoordinator:284)
java.lang.RuntimeException: Hit partition assign [test-0]
	at org.apache.kafka.clients.consumer.KafkaConsumerTest$7.onPartitionsAssigned(KafkaConsumerTest.java:1963)
	at org.apache.kafka.clients.consumer.internals.ConsumerCoordinator.invokePartitionsAssigned(ConsumerCoordinator.java:279)
	at org.apache.kafka.clients.consumer.internals.ConsumerCoordinator.onJoinComplete(ConsumerCoordinator.java:407)
	at org.apache.kafka.clients.consumer.internals.AbstractCoordinator.joinGroupIfNeeded(AbstractCoordinator.java:439)
	at org.apache.kafka.clients.consumer.internals.AbstractCoordinator.ensureActiveGroup(AbstractCoordinator.java:358)
	at org.apache.kafka.clients.consumer.internals.ConsumerCoordinator.poll(ConsumerCoordinator.java:478)
	at org.apache.kafka.clients.consumer.KafkaConsumer.updateAssignmentMetadataIfNeeded(KafkaConsumer.java:1273)
	at org.apache.kafka.clients.consumer.KafkaConsumerTest.testRebalanceException(KafkaConsumerTest.java:1753)
	at sun.reflect.NativeMethodAccessorImpl.invoke0(Native Method)
	at sun.reflect.NativeMethodAccessorImpl.invoke(NativeMethodAccessorImpl.java:62)
	at sun.reflect.DelegatingMethodAccessorImpl.invoke(DelegatingMethodAccessorImpl.java:43)
	at java.lang.reflect.Method.invoke(Method.java:498)
	at org.junit.runners.model.FrameworkMethod$1.runReflectiveCall(FrameworkMethod.java:59)
	at org.junit.internal.runners.model.ReflectiveCallable.run(ReflectiveCallable.java:12)
	at org.junit.runners.model.FrameworkMethod.invokeExplosively(FrameworkMethod.java:56)
	at org.junit.internal.runners.statements.InvokeMethod.evaluate(InvokeMethod.java:17)
	at org.junit.runners.ParentRunner$3.evaluate(ParentRunner.java:306)
	at org.junit.runners.BlockJUnit4ClassRunner$1.evaluate(BlockJUnit4ClassRunner.java:100)
	at org.junit.runners.ParentRunner.runLeaf(ParentRunner.java:366)
	at org.junit.runners.BlockJUnit4ClassRunner.runChild(BlockJUnit4ClassRunner.java:103)
	at org.junit.runners.BlockJUnit4ClassRunner.runChild(BlockJUnit4ClassRunner.java:63)
	at org.junit.runners.ParentRunner$4.run(ParentRunner.java:331)
	at org.junit.runners.ParentRunner$1.schedule(ParentRunner.java:79)
	at org.junit.runners.ParentRunner.runChildren(ParentRunner.java:329)
	at org.junit.runners.ParentRunner.access$100(ParentRunner.java:66)
	at org.junit.runners.ParentRunner$2.evaluate(ParentRunner.java:293)
	at org.junit.runners.ParentRunner$3.evaluate(ParentRunner.java:306)
	at org.junit.runners.ParentRunner.run(ParentRunner.java:413)
	at org.gradle.api.internal.tasks.testing.junit.JUnitTestClassExecutor.runTestClass(JUnitTestClassExecutor.java:110)
	at org.gradle.api.internal.tasks.testing.junit.JUnitTestClassExecutor.execute(JUnitTestClassExecutor.java:58)
	at org.gradle.api.internal.tasks.testing.junit.JUnitTestClassExecutor.execute(JUnitTestClassExecutor.java:38)
	at org.gradle.api.internal.tasks.testing.junit.AbstractJUnitTestClassProcessor.processTestClass(AbstractJUnitTestClassProcessor.java:62)
	at org.gradle.api.internal.tasks.testing.SuiteTestClassProcessor.processTestClass(SuiteTestClassProcessor.java:51)
	at sun.reflect.NativeMethodAccessorImpl.invoke0(Native Method)
	at sun.reflect.NativeMethodAccessorImpl.invoke(NativeMethodAccessorImpl.java:62)
	at sun.reflect.DelegatingMethodAccessorImpl.invoke(DelegatingMethodAccessorImpl.java:43)
	at java.lang.reflect.Method.invoke(Method.java:498)
	at org.gradle.internal.dispatch.ReflectionDispatch.dispatch(ReflectionDispatch.java:36)
	at org.gradle.internal.dispatch.ReflectionDispatch.dispatch(ReflectionDispatch.java:24)
	at org.gradle.internal.dispatch.ContextClassLoaderDispatch.dispatch(ContextClassLoaderDispatch.java:33)
	at org.gradle.internal.dispatch.ProxyDispatchAdapter$DispatchingInvocationHandler.invoke(ProxyDispatchAdapter.java:94)
	at com.sun.proxy.$Proxy2.processTestClass(Unknown Source)
	at org.gradle.api.internal.tasks.testing.worker.TestWorker.processTestClass(TestWorker.java:118)
	at sun.reflect.NativeMethodAccessorImpl.invoke0(Native Method)
	at sun.reflect.NativeMethodAccessorImpl.invoke(NativeMethodAccessorImpl.java:62)
	at sun.reflect.DelegatingMethodAccessorImpl.invoke(DelegatingMethodAccessorImpl.java:43)
	at java.lang.reflect.Method.invoke(Method.java:498)
	at org.gradle.internal.dispatch.ReflectionDispatch.dispatch(ReflectionDispatch.java:36)
	at org.gradle.internal.dispatch.ReflectionDispatch.dispatch(ReflectionDispatch.java:24)
	at org.gradle.internal.remote.internal.hub.MessageHubBackedObjectConnection$DispatchWrapper.dispatch(MessageHubBackedObjectConnection.java:182)
	at org.gradle.internal.remote.internal.hub.MessageHubBackedObjectConnection$DispatchWrapper.dispatch(MessageHubBackedObjectConnection.java:164)
	at org.gradle.internal.remote.internal.hub.MessageHub$Handler.run(MessageHub.java:412)
	at org.gradle.internal.concurrent.ExecutorPolicy$CatchAndRecordFailures.onExecute(ExecutorPolicy.java:64)
	at org.gradle.internal.concurrent.ManagedExecutorImpl$1.run(ManagedExecutorImpl.java:48)
	at java.util.concurrent.ThreadPoolExecutor.runWorker(ThreadPoolExecutor.java:1149)
	at java.util.concurrent.ThreadPoolExecutor$Worker.run(ThreadPoolExecutor.java:624)
	at org.gradle.internal.concurrent.ThreadFactoryImpl$ManagedThreadRunnable.run(ThreadFactoryImpl.java:56)
	at java.lang.Thread.run(Thread.java:748)
[2020-01-15 10:08:18,400] ERROR User provided listener org.apache.kafka.clients.consumer.KafkaConsumerTest$7 failed on invocation of onPartitionsRevoked for partitions [test-0] (org.apache.kafka.clients.consumer.internals.ConsumerCoordinator:303)
java.lang.RuntimeException: Hit partition revoke [test-0]
	at org.apache.kafka.clients.consumer.KafkaConsumerTest$7.onPartitionsRevoked(KafkaConsumerTest.java:1958)
	at org.apache.kafka.clients.consumer.internals.ConsumerCoordinator.invokePartitionsRevoked(ConsumerCoordinator.java:298)
	at org.apache.kafka.clients.consumer.internals.ConsumerCoordinator.onLeavePrepare(ConsumerCoordinator.java:714)
	at org.apache.kafka.clients.consumer.internals.AbstractCoordinator.close(AbstractCoordinator.java:909)
	at org.apache.kafka.clients.consumer.internals.ConsumerCoordinator.close(ConsumerCoordinator.java:857)
	at org.apache.kafka.clients.consumer.KafkaConsumer.close(KafkaConsumer.java:2341)
	at org.apache.kafka.clients.consumer.KafkaConsumer.close(KafkaConsumer.java:2308)
	at org.apache.kafka.clients.consumer.KafkaConsumerTest.testRebalanceException(KafkaConsumerTest.java:1764)
	at sun.reflect.NativeMethodAccessorImpl.invoke0(Native Method)
	at sun.reflect.NativeMethodAccessorImpl.invoke(NativeMethodAccessorImpl.java:62)
	at sun.reflect.DelegatingMethodAccessorImpl.invoke(DelegatingMethodAccessorImpl.java:43)
	at java.lang.reflect.Method.invoke(Method.java:498)
	at org.junit.runners.model.FrameworkMethod$1.runReflectiveCall(FrameworkMethod.java:59)
	at org.junit.internal.runners.model.ReflectiveCallable.run(ReflectiveCallable.java:12)
	at org.junit.runners.model.FrameworkMethod.invokeExplosively(FrameworkMethod.java:56)
	at org.junit.internal.runners.statements.InvokeMethod.evaluate(InvokeMethod.java:17)
	at org.junit.runners.ParentRunner$3.evaluate(ParentRunner.java:306)
	at org.junit.runners.BlockJUnit4ClassRunner$1.evaluate(BlockJUnit4ClassRunner.java:100)
	at org.junit.runners.ParentRunner.runLeaf(ParentRunner.java:366)
	at org.junit.runners.BlockJUnit4ClassRunner.runChild(BlockJUnit4ClassRunner.java:103)
	at org.junit.runners.BlockJUnit4ClassRunner.runChild(BlockJUnit4ClassRunner.java:63)
	at org.junit.runners.ParentRunner$4.run(ParentRunner.java:331)
	at org.junit.runners.ParentRunner$1.schedule(ParentRunner.java:79)
	at org.junit.runners.ParentRunner.runChildren(ParentRunner.java:329)
	at org.junit.runners.ParentRunner.access$100(ParentRunner.java:66)
	at org.junit.runners.ParentRunner$2.evaluate(ParentRunner.java:293)
	at org.junit.runners.ParentRunner$3.evaluate(ParentRunner.java:306)
	at org.junit.runners.ParentRunner.run(ParentRunner.java:413)
	at org.gradle.api.internal.tasks.testing.junit.JUnitTestClassExecutor.runTestClass(JUnitTestClassExecutor.java:110)
	at org.gradle.api.internal.tasks.testing.junit.JUnitTestClassExecutor.execute(JUnitTestClassExecutor.java:58)
	at org.gradle.api.internal.tasks.testing.junit.JUnitTestClassExecutor.execute(JUnitTestClassExecutor.java:38)
	at org.gradle.api.internal.tasks.testing.junit.AbstractJUnitTestClassProcessor.processTestClass(AbstractJUnitTestClassProcessor.java:62)
	at org.gradle.api.internal.tasks.testing.SuiteTestClassProcessor.processTestClass(SuiteTestClassProcessor.java:51)
	at sun.reflect.NativeMethodAccessorImpl.invoke0(Native Method)
	at sun.reflect.NativeMethodAccessorImpl.invoke(NativeMethodAccessorImpl.java:62)
	at sun.reflect.DelegatingMethodAccessorImpl.invoke(DelegatingMethodAccessorImpl.java:43)
	at java.lang.reflect.Method.invoke(Method.java:498)
	at org.gradle.internal.dispatch.ReflectionDispatch.dispatch(ReflectionDispatch.java:36)
	at org.gradle.internal.dispatch.ReflectionDispatch.dispatch(ReflectionDispatch.java:24)
	at org.gradle.internal.dispatch.ContextClassLoaderDispatch.dispatch(ContextClassLoaderDispatch.java:33)
	at org.gradle.internal.dispatch.ProxyDispatchAdapter$DispatchingInvocationHandler.invoke(ProxyDispatchAdapter.java:94)
	at com.sun.proxy.$Proxy2.processTestClass(Unknown Source)
	at org.gradle.api.internal.tasks.testing.worker.TestWorker.processTestClass(TestWorker.java:118)
	at sun.reflect.NativeMethodAccessorImpl.invoke0(Native Method)
	at sun.reflect.NativeMethodAccessorImpl.invoke(NativeMethodAccessorImpl.java:62)
	at sun.reflect.DelegatingMethodAccessorImpl.invoke(DelegatingMethodAccessorImpl.java:43)
	at java.lang.reflect.Method.invoke(Method.java:498)
	at org.gradle.internal.dispatch.ReflectionDispatch.dispatch(ReflectionDispatch.java:36)
	at org.gradle.internal.dispatch.ReflectionDispatch.dispatch(ReflectionDispatch.java:24)
	at org.gradle.internal.remote.internal.hub.MessageHubBackedObjectConnection$DispatchWrapper.dispatch(MessageHubBackedObjectConnection.java:182)
	at org.gradle.internal.remote.internal.hub.MessageHubBackedObjectConnection$DispatchWrapper.dispatch(MessageHubBackedObjectConnection.java:164)
	at org.gradle.internal.remote.internal.hub.MessageHub$Handler.run(MessageHub.java:412)
	at org.gradle.internal.concurrent.ExecutorPolicy$CatchAndRecordFailures.onExecute(ExecutorPolicy.java:64)
	at org.gradle.internal.concurrent.ManagedExecutorImpl$1.run(ManagedExecutorImpl.java:48)
	at java.util.concurrent.ThreadPoolExecutor.runWorker(ThreadPoolExecutor.java:1149)
	at java.util.concurrent.ThreadPoolExecutor$Worker.run(ThreadPoolExecutor.java:624)
	at org.gradle.internal.concurrent.ThreadFactoryImpl$ManagedThreadRunnable.run(ThreadFactoryImpl.java:56)
	at java.lang.Thread.run(Thread.java:748)
[2020-01-15 10:08:18,403] ERROR Failed to close coordinator (org.apache.kafka.clients.consumer.KafkaConsumer:2344)
org.apache.kafka.common.KafkaException: User rebalance callback throws an error
	at org.apache.kafka.clients.consumer.internals.ConsumerCoordinator.onLeavePrepare(ConsumerCoordinator.java:722)
	at org.apache.kafka.clients.consumer.internals.AbstractCoordinator.close(AbstractCoordinator.java:909)
	at org.apache.kafka.clients.consumer.internals.ConsumerCoordinator.close(ConsumerCoordinator.java:857)
	at org.apache.kafka.clients.consumer.KafkaConsumer.close(KafkaConsumer.java:2341)
	at org.apache.kafka.clients.consumer.KafkaConsumer.close(KafkaConsumer.java:2308)
	at org.apache.kafka.clients.consumer.KafkaConsumerTest.testRebalanceException(KafkaConsumerTest.java:1764)
	at sun.reflect.NativeMethodAccessorImpl.invoke0(Native Method)
	at sun.reflect.NativeMethodAccessorImpl.invoke(NativeMethodAccessorImpl.java:62)
	at sun.reflect.DelegatingMethodAccessorImpl.invoke(DelegatingMethodAccessorImpl.java:43)
	at java.lang.reflect.Method.invoke(Method.java:498)
	at org.junit.runners.model.FrameworkMethod$1.runReflectiveCall(FrameworkMethod.java:59)
	at org.junit.internal.runners.model.ReflectiveCallable.run(ReflectiveCallable.java:12)
	at org.junit.runners.model.FrameworkMethod.invokeExplosively(FrameworkMethod.java:56)
	at org.junit.internal.runners.statements.InvokeMethod.evaluate(InvokeMethod.java:17)
	at org.junit.runners.ParentRunner$3.evaluate(ParentRunner.java:306)
	at org.junit.runners.BlockJUnit4ClassRunner$1.evaluate(BlockJUnit4ClassRunner.java:100)
	at org.junit.runners.ParentRunner.runLeaf(ParentRunner.java:366)
	at org.junit.runners.BlockJUnit4ClassRunner.runChild(BlockJUnit4ClassRunner.java:103)
	at org.junit.runners.BlockJUnit4ClassRunner.runChild(BlockJUnit4ClassRunner.java:63)
	at org.junit.runners.ParentRunner$4.run(ParentRunner.java:331)
	at org.junit.runners.ParentRunner$1.schedule(ParentRunner.java:79)
	at org.junit.runners.ParentRunner.runChildren(ParentRunner.java:329)
	at org.junit.runners.ParentRunner.access$100(ParentRunner.java:66)
	at org.junit.runners.ParentRunner$2.evaluate(ParentRunner.java:293)
	at org.junit.runners.ParentRunner$3.evaluate(ParentRunner.java:306)
	at org.junit.runners.ParentRunner.run(ParentRunner.java:413)
	at org.gradle.api.internal.tasks.testing.junit.JUnitTestClassExecutor.runTestClass(JUnitTestClassExecutor.java:110)
	at org.gradle.api.internal.tasks.testing.junit.JUnitTestClassExecutor.execute(JUnitTestClassExecutor.java:58)
	at org.gradle.api.internal.tasks.testing.junit.JUnitTestClassExecutor.execute(JUnitTestClassExecutor.java:38)
	at org.gradle.api.internal.tasks.testing.junit.AbstractJUnitTestClassProcessor.processTestClass(AbstractJUnitTestClassProcessor.java:62)
	at org.gradle.api.internal.tasks.testing.SuiteTestClassProcessor.processTestClass(SuiteTestClassProcessor.java:51)
	at sun.reflect.NativeMethodAccessorImpl.invoke0(Native Method)
	at sun.reflect.NativeMethodAccessorImpl.invoke(NativeMethodAccessorImpl.java:62)
	at sun.reflect.DelegatingMethodAccessorImpl.invoke(DelegatingMethodAccessorImpl.java:43)
	at java.lang.reflect.Method.invoke(Method.java:498)
	at org.gradle.internal.dispatch.ReflectionDispatch.dispatch(ReflectionDispatch.java:36)
	at org.gradle.internal.dispatch.ReflectionDispatch.dispatch(ReflectionDispatch.java:24)
	at org.gradle.internal.dispatch.ContextClassLoaderDispatch.dispatch(ContextClassLoaderDispatch.java:33)
	at org.gradle.internal.dispatch.ProxyDispatchAdapter$DispatchingInvocationHandler.invoke(ProxyDispatchAdapter.java:94)
	at com.sun.proxy.$Proxy2.processTestClass(Unknown Source)
	at org.gradle.api.internal.tasks.testing.worker.TestWorker.processTestClass(TestWorker.java:118)
	at sun.reflect.NativeMethodAccessorImpl.invoke0(Native Method)
	at sun.reflect.NativeMethodAccessorImpl.invoke(NativeMethodAccessorImpl.java:62)
	at sun.reflect.DelegatingMethodAccessorImpl.invoke(DelegatingMethodAccessorImpl.java:43)
	at java.lang.reflect.Method.invoke(Method.java:498)
	at org.gradle.internal.dispatch.ReflectionDispatch.dispatch(ReflectionDispatch.java:36)
	at org.gradle.internal.dispatch.ReflectionDispatch.dispatch(ReflectionDispatch.java:24)
	at org.gradle.internal.remote.internal.hub.MessageHubBackedObjectConnection$DispatchWrapper.dispatch(MessageHubBackedObjectConnection.java:182)
	at org.gradle.internal.remote.internal.hub.MessageHubBackedObjectConnection$DispatchWrapper.dispatch(MessageHubBackedObjectConnection.java:164)
	at org.gradle.internal.remote.internal.hub.MessageHub$Handler.run(MessageHub.java:412)
	at org.gradle.internal.concurrent.ExecutorPolicy$CatchAndRecordFailures.onExecute(ExecutorPolicy.java:64)
	at org.gradle.internal.concurrent.ManagedExecutorImpl$1.run(ManagedExecutorImpl.java:48)
	at java.util.concurrent.ThreadPoolExecutor.runWorker(ThreadPoolExecutor.java:1149)
	at java.util.concurrent.ThreadPoolExecutor$Worker.run(ThreadPoolExecutor.java:624)
	at org.gradle.internal.concurrent.ThreadFactoryImpl$ManagedThreadRunnable.run(ThreadFactoryImpl.java:56)
	at java.lang.Thread.run(Thread.java:748)
Caused by: java.lang.RuntimeException: Hit partition revoke [test-0]
	at org.apache.kafka.clients.consumer.KafkaConsumerTest$7.onPartitionsRevoked(KafkaConsumerTest.java:1958)
	at org.apache.kafka.clients.consumer.internals.ConsumerCoordinator.invokePartitionsRevoked(ConsumerCoordinator.java:298)
	at org.apache.kafka.clients.consumer.internals.ConsumerCoordinator.onLeavePrepare(ConsumerCoordinator.java:714)
	... 55 more
[2020-01-15 10:08:18,416] ERROR Metadata response reported invalid topics [topic abc] (org.apache.kafka.clients.Metadata:274)
[2020-01-15 10:08:21,520] ERROR User provided listener org.apache.kafka.clients.consumer.KafkaConsumerTest$7 failed on invocation of onPartitionsAssigned for partitions [test-0] (org.apache.kafka.clients.consumer.internals.ConsumerCoordinator:284)
java.lang.RuntimeException: Hit partition assign [test-0]
	at org.apache.kafka.clients.consumer.KafkaConsumerTest$7.onPartitionsAssigned(KafkaConsumerTest.java:1963)
	at org.apache.kafka.clients.consumer.internals.ConsumerCoordinator.invokePartitionsAssigned(ConsumerCoordinator.java:279)
	at org.apache.kafka.clients.consumer.internals.ConsumerCoordinator.onJoinComplete(ConsumerCoordinator.java:407)
	at org.apache.kafka.clients.consumer.internals.AbstractCoordinator.joinGroupIfNeeded(AbstractCoordinator.java:439)
	at org.apache.kafka.clients.consumer.internals.AbstractCoordinator.ensureActiveGroup(AbstractCoordinator.java:358)
	at org.apache.kafka.clients.consumer.internals.ConsumerCoordinator.poll(ConsumerCoordinator.java:478)
	at org.apache.kafka.clients.consumer.KafkaConsumer.updateAssignmentMetadataIfNeeded(KafkaConsumer.java:1273)
	at org.apache.kafka.clients.consumer.KafkaConsumerTest.lambda$testUnsubscribeShouldTriggerPartitionsLostWithNoGeneration$2(KafkaConsumerTest.java:1189)
	at org.junit.Assert.assertThrows(Assert.java:1001)
	at org.junit.Assert.assertThrows(Assert.java:981)
	at org.apache.kafka.clients.consumer.KafkaConsumerTest.testUnsubscribeShouldTriggerPartitionsLostWithNoGeneration(KafkaConsumerTest.java:1188)
	at sun.reflect.NativeMethodAccessorImpl.invoke0(Native Method)
	at sun.reflect.NativeMethodAccessorImpl.invoke(NativeMethodAccessorImpl.java:62)
	at sun.reflect.DelegatingMethodAccessorImpl.invoke(DelegatingMethodAccessorImpl.java:43)
	at java.lang.reflect.Method.invoke(Method.java:498)
	at org.junit.runners.model.FrameworkMethod$1.runReflectiveCall(FrameworkMethod.java:59)
	at org.junit.internal.runners.model.ReflectiveCallable.run(ReflectiveCallable.java:12)
	at org.junit.runners.model.FrameworkMethod.invokeExplosively(FrameworkMethod.java:56)
	at org.junit.internal.runners.statements.InvokeMethod.evaluate(InvokeMethod.java:17)
	at org.junit.runners.ParentRunner$3.evaluate(ParentRunner.java:306)
	at org.junit.runners.BlockJUnit4ClassRunner$1.evaluate(BlockJUnit4ClassRunner.java:100)
	at org.junit.runners.ParentRunner.runLeaf(ParentRunner.java:366)
	at org.junit.runners.BlockJUnit4ClassRunner.runChild(BlockJUnit4ClassRunner.java:103)
	at org.junit.runners.BlockJUnit4ClassRunner.runChild(BlockJUnit4ClassRunner.java:63)
	at org.junit.runners.ParentRunner$4.run(ParentRunner.java:331)
	at org.junit.runners.ParentRunner$1.schedule(ParentRunner.java:79)
	at org.junit.runners.ParentRunner.runChildren(ParentRunner.java:329)
	at org.junit.runners.ParentRunner.access$100(ParentRunner.java:66)
	at org.junit.runners.ParentRunner$2.evaluate(ParentRunner.java:293)
	at org.junit.runners.ParentRunner$3.evaluate(ParentRunner.java:306)
	at org.junit.runners.ParentRunner.run(ParentRunner.java:413)
	at org.gradle.api.internal.tasks.testing.junit.JUnitTestClassExecutor.runTestClass(JUnitTestClassExecutor.java:110)
	at org.gradle.api.internal.tasks.testing.junit.JUnitTestClassExecutor.execute(JUnitTestClassExecutor.java:58)
	at org.gradle.api.internal.tasks.testing.junit.JUnitTestClassExecutor.execute(JUnitTestClassExecutor.java:38)
	at org.gradle.api.internal.tasks.testing.junit.AbstractJUnitTestClassProcessor.processTestClass(AbstractJUnitTestClassProcessor.java:62)
	at org.gradle.api.internal.tasks.testing.SuiteTestClassProcessor.processTestClass(SuiteTestClassProcessor.java:51)
	at sun.reflect.NativeMethodAccessorImpl.invoke0(Native Method)
	at sun.reflect.NativeMethodAccessorImpl.invoke(NativeMethodAccessorImpl.java:62)
	at sun.reflect.DelegatingMethodAccessorImpl.invoke(DelegatingMethodAccessorImpl.java:43)
	at java.lang.reflect.Method.invoke(Method.java:498)
	at org.gradle.internal.dispatch.ReflectionDispatch.dispatch(ReflectionDispatch.java:36)
	at org.gradle.internal.dispatch.ReflectionDispatch.dispatch(ReflectionDispatch.java:24)
	at org.gradle.internal.dispatch.ContextClassLoaderDispatch.dispatch(ContextClassLoaderDispatch.java:33)
	at org.gradle.internal.dispatch.ProxyDispatchAdapter$DispatchingInvocationHandler.invoke(ProxyDispatchAdapter.java:94)
	at com.sun.proxy.$Proxy2.processTestClass(Unknown Source)
	at org.gradle.api.internal.tasks.testing.worker.TestWorker.processTestClass(TestWorker.java:118)
	at sun.reflect.NativeMethodAccessorImpl.invoke0(Native Method)
	at sun.reflect.NativeMethodAccessorImpl.invoke(NativeMethodAccessorImpl.java:62)
	at sun.reflect.DelegatingMethodAccessorImpl.invoke(DelegatingMethodAccessorImpl.java:43)
	at java.lang.reflect.Method.invoke(Method.java:498)
	at org.gradle.internal.dispatch.ReflectionDispatch.dispatch(ReflectionDispatch.java:36)
	at org.gradle.internal.dispatch.ReflectionDispatch.dispatch(ReflectionDispatch.java:24)
	at org.gradle.internal.remote.internal.hub.MessageHubBackedObjectConnection$DispatchWrapper.dispatch(MessageHubBackedObjectConnection.java:182)
	at org.gradle.internal.remote.internal.hub.MessageHubBackedObjectConnection$DispatchWrapper.dispatch(MessageHubBackedObjectConnection.java:164)
	at org.gradle.internal.remote.internal.hub.MessageHub$Handler.run(MessageHub.java:412)
	at org.gradle.internal.concurrent.ExecutorPolicy$CatchAndRecordFailures.onExecute(ExecutorPolicy.java:64)
	at org.gradle.internal.concurrent.ManagedExecutorImpl$1.run(ManagedExecutorImpl.java:48)
	at java.util.concurrent.ThreadPoolExecutor.runWorker(ThreadPoolExecutor.java:1149)
	at java.util.concurrent.ThreadPoolExecutor$Worker.run(ThreadPoolExecutor.java:624)
	at org.gradle.internal.concurrent.ThreadFactoryImpl$ManagedThreadRunnable.run(ThreadFactoryImpl.java:56)
	at java.lang.Thread.run(Thread.java:748)
[2020-01-15 10:08:21,627] ERROR User provided listener org.apache.kafka.clients.consumer.KafkaConsumerTest$7 failed on invocation of onPartitionsLost for partitions [test-0] (org.apache.kafka.clients.consumer.internals.ConsumerCoordinator:322)
java.lang.RuntimeException: Hit partition lost [test-0]
	at org.apache.kafka.clients.consumer.KafkaConsumerTest$7.onPartitionsLost(KafkaConsumerTest.java:1968)
	at org.apache.kafka.clients.consumer.internals.ConsumerCoordinator.invokePartitionsLost(ConsumerCoordinator.java:317)
	at org.apache.kafka.clients.consumer.internals.ConsumerCoordinator.onLeavePrepare(ConsumerCoordinator.java:716)
	at org.apache.kafka.clients.consumer.KafkaConsumer.unsubscribe(KafkaConsumer.java:1076)
	at org.junit.Assert.assertThrows(Assert.java:1001)
	at org.junit.Assert.assertThrows(Assert.java:981)
	at org.apache.kafka.clients.consumer.KafkaConsumerTest.testUnsubscribeShouldTriggerPartitionsLostWithNoGeneration(KafkaConsumerTest.java:1200)
	at sun.reflect.NativeMethodAccessorImpl.invoke0(Native Method)
	at sun.reflect.NativeMethodAccessorImpl.invoke(NativeMethodAccessorImpl.java:62)
	at sun.reflect.DelegatingMethodAccessorImpl.invoke(DelegatingMethodAccessorImpl.java:43)
	at java.lang.reflect.Method.invoke(Method.java:498)
	at org.junit.runners.model.FrameworkMethod$1.runReflectiveCall(FrameworkMethod.java:59)
	at org.junit.internal.runners.model.ReflectiveCallable.run(ReflectiveCallable.java:12)
	at org.junit.runners.model.FrameworkMethod.invokeExplosively(FrameworkMethod.java:56)
	at org.junit.internal.runners.statements.InvokeMethod.evaluate(InvokeMethod.java:17)
	at org.junit.runners.ParentRunner$3.evaluate(ParentRunner.java:306)
	at org.junit.runners.BlockJUnit4ClassRunner$1.evaluate(BlockJUnit4ClassRunner.java:100)
	at org.junit.runners.ParentRunner.runLeaf(ParentRunner.java:366)
	at org.junit.runners.BlockJUnit4ClassRunner.runChild(BlockJUnit4ClassRunner.java:103)
	at org.junit.runners.BlockJUnit4ClassRunner.runChild(BlockJUnit4ClassRunner.java:63)
	at org.junit.runners.ParentRunner$4.run(ParentRunner.java:331)
	at org.junit.runners.ParentRunner$1.schedule(ParentRunner.java:79)
	at org.junit.runners.ParentRunner.runChildren(ParentRunner.java:329)
	at org.junit.runners.ParentRunner.access$100(ParentRunner.java:66)
	at org.junit.runners.ParentRunner$2.evaluate(ParentRunner.java:293)
	at org.junit.runners.ParentRunner$3.evaluate(ParentRunner.java:306)
	at org.junit.runners.ParentRunner.run(ParentRunner.java:413)
	at org.gradle.api.internal.tasks.testing.junit.JUnitTestClassExecutor.runTestClass(JUnitTestClassExecutor.java:110)
	at org.gradle.api.internal.tasks.testing.junit.JUnitTestClassExecutor.execute(JUnitTestClassExecutor.java:58)
	at org.gradle.api.internal.tasks.testing.junit.JUnitTestClassExecutor.execute(JUnitTestClassExecutor.java:38)
	at org.gradle.api.internal.tasks.testing.junit.AbstractJUnitTestClassProcessor.processTestClass(AbstractJUnitTestClassProcessor.java:62)
	at org.gradle.api.internal.tasks.testing.SuiteTestClassProcessor.processTestClass(SuiteTestClassProcessor.java:51)
	at sun.reflect.NativeMethodAccessorImpl.invoke0(Native Method)
	at sun.reflect.NativeMethodAccessorImpl.invoke(NativeMethodAccessorImpl.java:62)
	at sun.reflect.DelegatingMethodAccessorImpl.invoke(DelegatingMethodAccessorImpl.java:43)
	at java.lang.reflect.Method.invoke(Method.java:498)
	at org.gradle.internal.dispatch.ReflectionDispatch.dispatch(ReflectionDispatch.java:36)
	at org.gradle.internal.dispatch.ReflectionDispatch.dispatch(ReflectionDispatch.java:24)
	at org.gradle.internal.dispatch.ContextClassLoaderDispatch.dispatch(ContextClassLoaderDispatch.java:33)
	at org.gradle.internal.dispatch.ProxyDispatchAdapter$DispatchingInvocationHandler.invoke(ProxyDispatchAdapter.java:94)
	at com.sun.proxy.$Proxy2.processTestClass(Unknown Source)
	at org.gradle.api.internal.tasks.testing.worker.TestWorker.processTestClass(TestWorker.java:118)
	at sun.reflect.NativeMethodAccessorImpl.invoke0(Native Method)
	at sun.reflect.NativeMethodAccessorImpl.invoke(NativeMethodAccessorImpl.java:62)
	at sun.reflect.DelegatingMethodAccessorImpl.invoke(DelegatingMethodAccessorImpl.java:43)
	at java.lang.reflect.Method.invoke(Method.java:498)
	at org.gradle.internal.dispatch.ReflectionDispatch.dispatch(ReflectionDispatch.java:36)
	at org.gradle.internal.dispatch.ReflectionDispatch.dispatch(ReflectionDispatch.java:24)
	at org.gradle.internal.remote.internal.hub.MessageHubBackedObjectConnection$DispatchWrapper.dispatch(MessageHubBackedObjectConnection.java:182)
	at org.gradle.internal.remote.internal.hub.MessageHubBackedObjectConnection$DispatchWrapper.dispatch(MessageHubBackedObjectConnection.java:164)
	at org.gradle.internal.remote.internal.hub.MessageHub$Handler.run(MessageHub.java:412)
	at org.gradle.internal.concurrent.ExecutorPolicy$CatchAndRecordFailures.onExecute(ExecutorPolicy.java:64)
	at org.gradle.internal.concurrent.ManagedExecutorImpl$1.run(ManagedExecutorImpl.java:48)
	at java.util.concurrent.ThreadPoolExecutor.runWorker(ThreadPoolExecutor.java:1149)
	at java.util.concurrent.ThreadPoolExecutor$Worker.run(ThreadPoolExecutor.java:624)
	at org.gradle.internal.concurrent.ThreadFactoryImpl$ManagedThreadRunnable.run(ThreadFactoryImpl.java:56)
	at java.lang.Thread.run(Thread.java:748)
]]></system-out>
  <system-err><![CDATA[]]></system-err>
</testsuite>
