<?xml version="1.0" encoding="UTF-8"?>
<testsuite name="org.apache.kafka.common.network.SslTransportLayerTest" tests="41" skipped="0" failures="0" errors="0" timestamp="2020-01-15T02:08:14" hostname="localhost" time="48.599">
  <properties/>
  <testcase name="testListenerConfigOverride[tlsProtocol=TLSv1.2]" classname="org.apache.kafka.common.network.SslTransportLayerTest" time="8.927"/>
  <testcase name="testValidEndpointIdentificationCN[tlsProtocol=TLSv1.2]" classname="org.apache.kafka.common.network.SslTransportLayerTest" time="1.012"/>
  <testcase name="testNetworkThreadTimeRecorded[tlsProtocol=TLSv1.2]" classname="org.apache.kafka.common.network.SslTransportLayerTest" time="1.898"/>
  <testcase name="testClientAuthenticationRequestedValidProvided[tlsProtocol=TLSv1.2]" classname="org.apache.kafka.common.network.SslTransportLayerTest" time="0.893"/>
  <testcase name="testClientEndpointNotValidated[tlsProtocol=TLSv1.2]" classname="org.apache.kafka.common.network.SslTransportLayerTest" time="2.068"/>
  <testcase name="testUnsupportedCiphers[tlsProtocol=TLSv1.2]" classname="org.apache.kafka.common.network.SslTransportLayerTest" time="1.996"/>
  <testcase name="testUnsupportedTLSVersion[tlsProtocol=TLSv1.2]" classname="org.apache.kafka.common.network.SslTransportLayerTest" time="0.821"/>
  <testcase name="testIOExceptionsDuringHandshakeRead[tlsProtocol=TLSv1.2]" classname="org.apache.kafka.common.network.SslTransportLayerTest" time="2.969"/>
  <testcase name="testClientAuthenticationRequiredNotProvided[tlsProtocol=TLSv1.2]" classname="org.apache.kafka.common.network.SslTransportLayerTest" time="0.61"/>
  <testcase name="testGracefulRemoteCloseDuringHandshakeWrite[tlsProtocol=TLSv1.2]" classname="org.apache.kafka.common.network.SslTransportLayerTest" time="3.404"/>
  <testcase name="testClientAuthenticationRequestedNotProvided[tlsProtocol=TLSv1.2]" classname="org.apache.kafka.common.network.SslTransportLayerTest" time="0.766"/>
  <testcase name="testIOExceptionsDuringHandshakeWrite[tlsProtocol=TLSv1.2]" classname="org.apache.kafka.common.network.SslTransportLayerTest" time="2.204"/>
  <testcase name="testInvalidKeystorePassword[tlsProtocol=TLSv1.2]" classname="org.apache.kafka.common.network.SslTransportLayerTest" time="0.538"/>
  <testcase name="testClientAuthenticationDisabledNotProvided[tlsProtocol=TLSv1.2]" classname="org.apache.kafka.common.network.SslTransportLayerTest" time="0.46"/>
  <testcase name="testValidEndpointIdentificationSanDns[tlsProtocol=TLSv1.2]" classname="org.apache.kafka.common.network.SslTransportLayerTest" time="0.48"/>
  <testcase name="testEndpointIdentificationNoReverseLookup[tlsProtocol=TLSv1.2]" classname="org.apache.kafka.common.network.SslTransportLayerTest" time="0.413"/>
  <testcase name="testUngracefulRemoteCloseDuringHandshakeWrite[tlsProtocol=TLSv1.2]" classname="org.apache.kafka.common.network.SslTransportLayerTest" time="1.104"/>
  <testcase name="testGracefulRemoteCloseDuringHandshakeRead[tlsProtocol=TLSv1.2]" classname="org.apache.kafka.common.network.SslTransportLayerTest" time="3.485"/>
  <testcase name="testInvalidSecureRandomImplementation[tlsProtocol=TLSv1.2]" classname="org.apache.kafka.common.network.SslTransportLayerTest" time="0.633"/>
  <testcase name="testInvalidEndpointIdentification[tlsProtocol=TLSv1.2]" classname="org.apache.kafka.common.network.SslTransportLayerTest" time="0.978"/>
  <testcase name="testValidEndpointIdentificationSanIp[tlsProtocol=TLSv1.2]" classname="org.apache.kafka.common.network.SslTransportLayerTest" time="1.048"/>
  <testcase name="testEndpointIdentificationDisabled[tlsProtocol=TLSv1.2]" classname="org.apache.kafka.common.network.SslTransportLayerTest" time="0.809"/>
  <testcase name="testInterBrokerSslConfigValidation[tlsProtocol=TLSv1.2]" classname="org.apache.kafka.common.network.SslTransportLayerTest" time="0.381"/>
  <testcase name="testServerTruststoreDynamicUpdate[tlsProtocol=TLSv1.2]" classname="org.apache.kafka.common.network.SslTransportLayerTest" time="2.087"/>
  <testcase name="testNullTruststorePassword[tlsProtocol=TLSv1.2]" classname="org.apache.kafka.common.network.SslTransportLayerTest" time="0.314"/>
  <testcase name="testUngracefulRemoteCloseDuringHandshakeRead[tlsProtocol=TLSv1.2]" classname="org.apache.kafka.common.network.SslTransportLayerTest" time="1.273"/>
  <testcase name="testClientAuthenticationRequiredUntrustedProvided[tlsProtocol=TLSv1.2]" classname="org.apache.kafka.common.network.SslTransportLayerTest" time="0.294"/>
  <testcase name="testClientAuthenticationDisabledUntrustedProvided[tlsProtocol=TLSv1.2]" classname="org.apache.kafka.common.network.SslTransportLayerTest" time="0.805"/>
  <testcase name="testSelectorPollReadSize[tlsProtocol=TLSv1.2]" classname="org.apache.kafka.common.network.SslTransportLayerTest" time="0.485"/>
  <testcase name="testNetReadBufferResize[tlsProtocol=TLSv1.2]" classname="org.apache.kafka.common.network.SslTransportLayerTest" time="0.43"/>
  <testcase name="testNetWriteBufferResize[tlsProtocol=TLSv1.2]" classname="org.apache.kafka.common.network.SslTransportLayerTest" time="0.243"/>
  <testcase name="testInvalidTruststorePassword[tlsProtocol=TLSv1.2]" classname="org.apache.kafka.common.network.SslTransportLayerTest" time="0.115"/>
  <testcase name="testServerRequestMetrics[tlsProtocol=TLSv1.2]" classname="org.apache.kafka.common.network.SslTransportLayerTest" time="0.308"/>
  <testcase name="testPeerNotifiedOfHandshakeFailure[tlsProtocol=TLSv1.2]" classname="org.apache.kafka.common.network.SslTransportLayerTest" time="0.227"/>
  <testcase name="testApplicationBufferResize[tlsProtocol=TLSv1.2]" classname="org.apache.kafka.common.network.SslTransportLayerTest" time="0.576"/>
  <testcase name="testClosePlaintext[tlsProtocol=TLSv1.2]" classname="org.apache.kafka.common.network.SslTransportLayerTest" time="0.439"/>
  <testcase name="testServerKeystoreDynamicUpdate[tlsProtocol=TLSv1.2]" classname="org.apache.kafka.common.network.SslTransportLayerTest" time="1.285"/>
  <testcase name="testClientAuthenticationRequiredValidProvided[tlsProtocol=TLSv1.2]" classname="org.apache.kafka.common.network.SslTransportLayerTest" time="0.684"/>
  <testcase name="testInvalidKeyPassword[tlsProtocol=TLSv1.2]" classname="org.apache.kafka.common.network.SslTransportLayerTest" time="0.402"/>
  <testcase name="testCloseSsl[tlsProtocol=TLSv1.2]" classname="org.apache.kafka.common.network.SslTransportLayerTest" time="0.402"/>
  <testcase name="testInterBrokerSslConfigValidationFailure[tlsProtocol=TLSv1.2]" classname="org.apache.kafka.common.network.SslTransportLayerTest" time="0.327"/>
  <system-out><![CDATA[[2020-01-15 10:08:53,235] ERROR Modification time of key store could not be obtained: some.truststore.path (org.apache.kafka.common.security.ssl.SslEngineBuilder:300)
java.nio.file.NoSuchFileException: some.truststore.path
	at sun.nio.fs.UnixException.translateToIOException(UnixException.java:86)
	at sun.nio.fs.UnixException.rethrowAsIOException(UnixException.java:102)
	at sun.nio.fs.UnixException.rethrowAsIOException(UnixException.java:107)
	at sun.nio.fs.UnixFileAttributeViews$Basic.readAttributes(UnixFileAttributeViews.java:55)
	at sun.nio.fs.UnixFileSystemProvider.readAttributes(UnixFileSystemProvider.java:144)
	at java.nio.file.Files.readAttributes(Files.java:1737)
	at java.nio.file.Files.getLastModifiedTime(Files.java:2266)
	at org.apache.kafka.common.security.ssl.SslEngineBuilder$SecurityStore.lastModifiedMs(SslEngineBuilder.java:298)
	at org.apache.kafka.common.security.ssl.SslEngineBuilder$SecurityStore.<init>(SslEngineBuilder.java:275)
	at org.apache.kafka.common.security.ssl.SslEngineBuilder.createTruststore(SslEngineBuilder.java:182)
	at org.apache.kafka.common.security.ssl.SslEngineBuilder.<init>(SslEngineBuilder.java:100)
	at org.apache.kafka.common.security.ssl.SslFactory.createNewSslEngineBuilder(SslFactory.java:140)
	at org.apache.kafka.common.security.ssl.SslFactory.validateReconfiguration(SslFactory.java:114)
	at org.apache.kafka.common.network.SslChannelBuilder.validateReconfiguration(SslChannelBuilder.java:85)
	at org.apache.kafka.common.network.SslTransportLayerTest.verifyInvalidReconfigure(SslTransportLayerTest.java:1090)
	at org.apache.kafka.common.network.SslTransportLayerTest.testServerTruststoreDynamicUpdate(SslTransportLayerTest.java:1080)
	at sun.reflect.NativeMethodAccessorImpl.invoke0(Native Method)
	at sun.reflect.NativeMethodAccessorImpl.invoke(NativeMethodAccessorImpl.java:62)
	at sun.reflect.DelegatingMethodAccessorImpl.invoke(DelegatingMethodAccessorImpl.java:43)
	at java.lang.reflect.Method.invoke(Method.java:498)
	at org.junit.runners.model.FrameworkMethod$1.runReflectiveCall(FrameworkMethod.java:59)
	at org.junit.internal.runners.model.ReflectiveCallable.run(ReflectiveCallable.java:12)
	at org.junit.runners.model.FrameworkMethod.invokeExplosively(FrameworkMethod.java:56)
	at org.junit.internal.runners.statements.InvokeMethod.evaluate(InvokeMethod.java:17)
	at org.junit.internal.runners.statements.RunBefores.evaluate(RunBefores.java:26)
	at org.junit.internal.runners.statements.RunAfters.evaluate(RunAfters.java:27)
	at org.junit.runners.ParentRunner$3.evaluate(ParentRunner.java:306)
	at org.junit.runners.BlockJUnit4ClassRunner$1.evaluate(BlockJUnit4ClassRunner.java:100)
	at org.junit.runners.ParentRunner.runLeaf(ParentRunner.java:366)
	at org.junit.runners.BlockJUnit4ClassRunner.runChild(BlockJUnit4ClassRunner.java:103)
	at org.junit.runners.BlockJUnit4ClassRunner.runChild(BlockJUnit4ClassRunner.java:63)
	at org.junit.runners.ParentRunner$4.run(ParentRunner.java:331)
	at org.junit.runners.ParentRunner$1.schedule(ParentRunner.java:79)
	at org.junit.runners.ParentRunner.runChildren(ParentRunner.java:329)
	at org.junit.runners.ParentRunner.access$100(ParentRunner.java:66)
	at org.junit.runners.ParentRunner$2.evaluate(ParentRunner.java:293)
	at org.junit.runners.ParentRunner.run(ParentRunner.java:413)
	at org.junit.runners.Suite.runChild(Suite.java:128)
	at org.junit.runners.Suite.runChild(Suite.java:27)
	at org.junit.runners.ParentRunner$4.run(ParentRunner.java:331)
	at org.junit.runners.ParentRunner$1.schedule(ParentRunner.java:79)
	at org.junit.runners.ParentRunner.runChildren(ParentRunner.java:329)
	at org.junit.runners.ParentRunner.access$100(ParentRunner.java:66)
	at org.junit.runners.ParentRunner$2.evaluate(ParentRunner.java:293)
	at org.junit.runners.ParentRunner$3.evaluate(ParentRunner.java:306)
	at org.junit.runners.ParentRunner.run(ParentRunner.java:413)
	at org.gradle.api.internal.tasks.testing.junit.JUnitTestClassExecutor.runTestClass(JUnitTestClassExecutor.java:110)
	at org.gradle.api.internal.tasks.testing.junit.JUnitTestClassExecutor.execute(JUnitTestClassExecutor.java:58)
	at org.gradle.api.internal.tasks.testing.junit.JUnitTestClassExecutor.execute(JUnitTestClassExecutor.java:38)
	at org.gradle.api.internal.tasks.testing.junit.AbstractJUnitTestClassProcessor.processTestClass(AbstractJUnitTestClassProcessor.java:62)
	at org.gradle.api.internal.tasks.testing.SuiteTestClassProcessor.processTestClass(SuiteTestClassProcessor.java:51)
	at sun.reflect.NativeMethodAccessorImpl.invoke0(Native Method)
	at sun.reflect.NativeMethodAccessorImpl.invoke(NativeMethodAccessorImpl.java:62)
	at sun.reflect.DelegatingMethodAccessorImpl.invoke(DelegatingMethodAccessorImpl.java:43)
	at java.lang.reflect.Method.invoke(Method.java:498)
	at org.gradle.internal.dispatch.ReflectionDispatch.dispatch(ReflectionDispatch.java:36)
	at org.gradle.internal.dispatch.ReflectionDispatch.dispatch(ReflectionDispatch.java:24)
	at org.gradle.internal.dispatch.ContextClassLoaderDispatch.dispatch(ContextClassLoaderDispatch.java:33)
	at org.gradle.internal.dispatch.ProxyDispatchAdapter$DispatchingInvocationHandler.invoke(ProxyDispatchAdapter.java:94)
	at com.sun.proxy.$Proxy2.processTestClass(Unknown Source)
	at org.gradle.api.internal.tasks.testing.worker.TestWorker.processTestClass(TestWorker.java:118)
	at sun.reflect.NativeMethodAccessorImpl.invoke0(Native Method)
	at sun.reflect.NativeMethodAccessorImpl.invoke(NativeMethodAccessorImpl.java:62)
	at sun.reflect.DelegatingMethodAccessorImpl.invoke(DelegatingMethodAccessorImpl.java:43)
	at java.lang.reflect.Method.invoke(Method.java:498)
	at org.gradle.internal.dispatch.ReflectionDispatch.dispatch(ReflectionDispatch.java:36)
	at org.gradle.internal.dispatch.ReflectionDispatch.dispatch(ReflectionDispatch.java:24)
	at org.gradle.internal.remote.internal.hub.MessageHubBackedObjectConnection$DispatchWrapper.dispatch(MessageHubBackedObjectConnection.java:182)
	at org.gradle.internal.remote.internal.hub.MessageHubBackedObjectConnection$DispatchWrapper.dispatch(MessageHubBackedObjectConnection.java:164)
	at org.gradle.internal.remote.internal.hub.MessageHub$Handler.run(MessageHub.java:412)
	at org.gradle.internal.concurrent.ExecutorPolicy$CatchAndRecordFailures.onExecute(ExecutorPolicy.java:64)
	at org.gradle.internal.concurrent.ManagedExecutorImpl$1.run(ManagedExecutorImpl.java:48)
	at java.util.concurrent.ThreadPoolExecutor.runWorker(ThreadPoolExecutor.java:1149)
	at java.util.concurrent.ThreadPoolExecutor$Worker.run(ThreadPoolExecutor.java:624)
	at org.gradle.internal.concurrent.ThreadFactoryImpl$ManagedThreadRunnable.run(ThreadFactoryImpl.java:56)
	at java.lang.Thread.run(Thread.java:748)
[2020-01-15 10:08:53,251] ERROR Modification time of key store could not be obtained: some.truststore.path (org.apache.kafka.common.security.ssl.SslEngineBuilder:300)
java.nio.file.NoSuchFileException: some.truststore.path
	at sun.nio.fs.UnixException.translateToIOException(UnixException.java:86)
	at sun.nio.fs.UnixException.rethrowAsIOException(UnixException.java:102)
	at sun.nio.fs.UnixException.rethrowAsIOException(UnixException.java:107)
	at sun.nio.fs.UnixFileAttributeViews$Basic.readAttributes(UnixFileAttributeViews.java:55)
	at sun.nio.fs.UnixFileSystemProvider.readAttributes(UnixFileSystemProvider.java:144)
	at java.nio.file.Files.readAttributes(Files.java:1737)
	at java.nio.file.Files.getLastModifiedTime(Files.java:2266)
	at org.apache.kafka.common.security.ssl.SslEngineBuilder$SecurityStore.lastModifiedMs(SslEngineBuilder.java:298)
	at org.apache.kafka.common.security.ssl.SslEngineBuilder$SecurityStore.<init>(SslEngineBuilder.java:275)
	at org.apache.kafka.common.security.ssl.SslEngineBuilder.createTruststore(SslEngineBuilder.java:182)
	at org.apache.kafka.common.security.ssl.SslEngineBuilder.<init>(SslEngineBuilder.java:100)
	at org.apache.kafka.common.security.ssl.SslFactory.createNewSslEngineBuilder(SslFactory.java:140)
	at org.apache.kafka.common.security.ssl.SslFactory.reconfigure(SslFactory.java:119)
	at org.apache.kafka.common.network.SslChannelBuilder.reconfigure(SslChannelBuilder.java:90)
	at org.apache.kafka.common.network.SslTransportLayerTest.verifyInvalidReconfigure(SslTransportLayerTest.java:1096)
	at org.apache.kafka.common.network.SslTransportLayerTest.testServerTruststoreDynamicUpdate(SslTransportLayerTest.java:1080)
	at sun.reflect.NativeMethodAccessorImpl.invoke0(Native Method)
	at sun.reflect.NativeMethodAccessorImpl.invoke(NativeMethodAccessorImpl.java:62)
	at sun.reflect.DelegatingMethodAccessorImpl.invoke(DelegatingMethodAccessorImpl.java:43)
	at java.lang.reflect.Method.invoke(Method.java:498)
	at org.junit.runners.model.FrameworkMethod$1.runReflectiveCall(FrameworkMethod.java:59)
	at org.junit.internal.runners.model.ReflectiveCallable.run(ReflectiveCallable.java:12)
	at org.junit.runners.model.FrameworkMethod.invokeExplosively(FrameworkMethod.java:56)
	at org.junit.internal.runners.statements.InvokeMethod.evaluate(InvokeMethod.java:17)
	at org.junit.internal.runners.statements.RunBefores.evaluate(RunBefores.java:26)
	at org.junit.internal.runners.statements.RunAfters.evaluate(RunAfters.java:27)
	at org.junit.runners.ParentRunner$3.evaluate(ParentRunner.java:306)
	at org.junit.runners.BlockJUnit4ClassRunner$1.evaluate(BlockJUnit4ClassRunner.java:100)
	at org.junit.runners.ParentRunner.runLeaf(ParentRunner.java:366)
	at org.junit.runners.BlockJUnit4ClassRunner.runChild(BlockJUnit4ClassRunner.java:103)
	at org.junit.runners.BlockJUnit4ClassRunner.runChild(BlockJUnit4ClassRunner.java:63)
	at org.junit.runners.ParentRunner$4.run(ParentRunner.java:331)
	at org.junit.runners.ParentRunner$1.schedule(ParentRunner.java:79)
	at org.junit.runners.ParentRunner.runChildren(ParentRunner.java:329)
	at org.junit.runners.ParentRunner.access$100(ParentRunner.java:66)
	at org.junit.runners.ParentRunner$2.evaluate(ParentRunner.java:293)
	at org.junit.runners.ParentRunner.run(ParentRunner.java:413)
	at org.junit.runners.Suite.runChild(Suite.java:128)
	at org.junit.runners.Suite.runChild(Suite.java:27)
	at org.junit.runners.ParentRunner$4.run(ParentRunner.java:331)
	at org.junit.runners.ParentRunner$1.schedule(ParentRunner.java:79)
	at org.junit.runners.ParentRunner.runChildren(ParentRunner.java:329)
	at org.junit.runners.ParentRunner.access$100(ParentRunner.java:66)
	at org.junit.runners.ParentRunner$2.evaluate(ParentRunner.java:293)
	at org.junit.runners.ParentRunner$3.evaluate(ParentRunner.java:306)
	at org.junit.runners.ParentRunner.run(ParentRunner.java:413)
	at org.gradle.api.internal.tasks.testing.junit.JUnitTestClassExecutor.runTestClass(JUnitTestClassExecutor.java:110)
	at org.gradle.api.internal.tasks.testing.junit.JUnitTestClassExecutor.execute(JUnitTestClassExecutor.java:58)
	at org.gradle.api.internal.tasks.testing.junit.JUnitTestClassExecutor.execute(JUnitTestClassExecutor.java:38)
	at org.gradle.api.internal.tasks.testing.junit.AbstractJUnitTestClassProcessor.processTestClass(AbstractJUnitTestClassProcessor.java:62)
	at org.gradle.api.internal.tasks.testing.SuiteTestClassProcessor.processTestClass(SuiteTestClassProcessor.java:51)
	at sun.reflect.NativeMethodAccessorImpl.invoke0(Native Method)
	at sun.reflect.NativeMethodAccessorImpl.invoke(NativeMethodAccessorImpl.java:62)
	at sun.reflect.DelegatingMethodAccessorImpl.invoke(DelegatingMethodAccessorImpl.java:43)
	at java.lang.reflect.Method.invoke(Method.java:498)
	at org.gradle.internal.dispatch.ReflectionDispatch.dispatch(ReflectionDispatch.java:36)
	at org.gradle.internal.dispatch.ReflectionDispatch.dispatch(ReflectionDispatch.java:24)
	at org.gradle.internal.dispatch.ContextClassLoaderDispatch.dispatch(ContextClassLoaderDispatch.java:33)
	at org.gradle.internal.dispatch.ProxyDispatchAdapter$DispatchingInvocationHandler.invoke(ProxyDispatchAdapter.java:94)
	at com.sun.proxy.$Proxy2.processTestClass(Unknown Source)
	at org.gradle.api.internal.tasks.testing.worker.TestWorker.processTestClass(TestWorker.java:118)
	at sun.reflect.NativeMethodAccessorImpl.invoke0(Native Method)
	at sun.reflect.NativeMethodAccessorImpl.invoke(NativeMethodAccessorImpl.java:62)
	at sun.reflect.DelegatingMethodAccessorImpl.invoke(DelegatingMethodAccessorImpl.java:43)
	at java.lang.reflect.Method.invoke(Method.java:498)
	at org.gradle.internal.dispatch.ReflectionDispatch.dispatch(ReflectionDispatch.java:36)
	at org.gradle.internal.dispatch.ReflectionDispatch.dispatch(ReflectionDispatch.java:24)
	at org.gradle.internal.remote.internal.hub.MessageHubBackedObjectConnection$DispatchWrapper.dispatch(MessageHubBackedObjectConnection.java:182)
	at org.gradle.internal.remote.internal.hub.MessageHubBackedObjectConnection$DispatchWrapper.dispatch(MessageHubBackedObjectConnection.java:164)
	at org.gradle.internal.remote.internal.hub.MessageHub$Handler.run(MessageHub.java:412)
	at org.gradle.internal.concurrent.ExecutorPolicy$CatchAndRecordFailures.onExecute(ExecutorPolicy.java:64)
	at org.gradle.internal.concurrent.ManagedExecutorImpl$1.run(ManagedExecutorImpl.java:48)
	at java.util.concurrent.ThreadPoolExecutor.runWorker(ThreadPoolExecutor.java:1149)
	at java.util.concurrent.ThreadPoolExecutor$Worker.run(ThreadPoolExecutor.java:624)
	at org.gradle.internal.concurrent.ThreadFactoryImpl$ManagedThreadRunnable.run(ThreadFactoryImpl.java:56)
	at java.lang.Thread.run(Thread.java:748)
[2020-01-15 10:09:00,669] ERROR Modification time of key store could not be obtained: some.keystore.path (org.apache.kafka.common.security.ssl.SslEngineBuilder:300)
java.nio.file.NoSuchFileException: some.keystore.path
	at sun.nio.fs.UnixException.translateToIOException(UnixException.java:86)
	at sun.nio.fs.UnixException.rethrowAsIOException(UnixException.java:102)
	at sun.nio.fs.UnixException.rethrowAsIOException(UnixException.java:107)
	at sun.nio.fs.UnixFileAttributeViews$Basic.readAttributes(UnixFileAttributeViews.java:55)
	at sun.nio.fs.UnixFileSystemProvider.readAttributes(UnixFileSystemProvider.java:144)
	at java.nio.file.Files.readAttributes(Files.java:1737)
	at java.nio.file.Files.getLastModifiedTime(Files.java:2266)
	at org.apache.kafka.common.security.ssl.SslEngineBuilder$SecurityStore.lastModifiedMs(SslEngineBuilder.java:298)
	at org.apache.kafka.common.security.ssl.SslEngineBuilder$SecurityStore.<init>(SslEngineBuilder.java:275)
	at org.apache.kafka.common.security.ssl.SslEngineBuilder.createKeystore(SslEngineBuilder.java:173)
	at org.apache.kafka.common.security.ssl.SslEngineBuilder.<init>(SslEngineBuilder.java:95)
	at org.apache.kafka.common.security.ssl.SslFactory.createNewSslEngineBuilder(SslFactory.java:140)
	at org.apache.kafka.common.security.ssl.SslFactory.validateReconfiguration(SslFactory.java:114)
	at org.apache.kafka.common.network.SslChannelBuilder.validateReconfiguration(SslChannelBuilder.java:85)
	at org.apache.kafka.common.network.SslTransportLayerTest.verifyInvalidReconfigure(SslTransportLayerTest.java:1090)
	at org.apache.kafka.common.network.SslTransportLayerTest.testServerKeystoreDynamicUpdate(SslTransportLayerTest.java:1021)
	at sun.reflect.NativeMethodAccessorImpl.invoke0(Native Method)
	at sun.reflect.NativeMethodAccessorImpl.invoke(NativeMethodAccessorImpl.java:62)
	at sun.reflect.DelegatingMethodAccessorImpl.invoke(DelegatingMethodAccessorImpl.java:43)
	at java.lang.reflect.Method.invoke(Method.java:498)
	at org.junit.runners.model.FrameworkMethod$1.runReflectiveCall(FrameworkMethod.java:59)
	at org.junit.internal.runners.model.ReflectiveCallable.run(ReflectiveCallable.java:12)
	at org.junit.runners.model.FrameworkMethod.invokeExplosively(FrameworkMethod.java:56)
	at org.junit.internal.runners.statements.InvokeMethod.evaluate(InvokeMethod.java:17)
	at org.junit.internal.runners.statements.RunBefores.evaluate(RunBefores.java:26)
	at org.junit.internal.runners.statements.RunAfters.evaluate(RunAfters.java:27)
	at org.junit.runners.ParentRunner$3.evaluate(ParentRunner.java:306)
	at org.junit.runners.BlockJUnit4ClassRunner$1.evaluate(BlockJUnit4ClassRunner.java:100)
	at org.junit.runners.ParentRunner.runLeaf(ParentRunner.java:366)
	at org.junit.runners.BlockJUnit4ClassRunner.runChild(BlockJUnit4ClassRunner.java:103)
	at org.junit.runners.BlockJUnit4ClassRunner.runChild(BlockJUnit4ClassRunner.java:63)
	at org.junit.runners.ParentRunner$4.run(ParentRunner.java:331)
	at org.junit.runners.ParentRunner$1.schedule(ParentRunner.java:79)
	at org.junit.runners.ParentRunner.runChildren(ParentRunner.java:329)
	at org.junit.runners.ParentRunner.access$100(ParentRunner.java:66)
	at org.junit.runners.ParentRunner$2.evaluate(ParentRunner.java:293)
	at org.junit.runners.ParentRunner.run(ParentRunner.java:413)
	at org.junit.runners.Suite.runChild(Suite.java:128)
	at org.junit.runners.Suite.runChild(Suite.java:27)
	at org.junit.runners.ParentRunner$4.run(ParentRunner.java:331)
	at org.junit.runners.ParentRunner$1.schedule(ParentRunner.java:79)
	at org.junit.runners.ParentRunner.runChildren(ParentRunner.java:329)
	at org.junit.runners.ParentRunner.access$100(ParentRunner.java:66)
	at org.junit.runners.ParentRunner$2.evaluate(ParentRunner.java:293)
	at org.junit.runners.ParentRunner$3.evaluate(ParentRunner.java:306)
	at org.junit.runners.ParentRunner.run(ParentRunner.java:413)
	at org.gradle.api.internal.tasks.testing.junit.JUnitTestClassExecutor.runTestClass(JUnitTestClassExecutor.java:110)
	at org.gradle.api.internal.tasks.testing.junit.JUnitTestClassExecutor.execute(JUnitTestClassExecutor.java:58)
	at org.gradle.api.internal.tasks.testing.junit.JUnitTestClassExecutor.execute(JUnitTestClassExecutor.java:38)
	at org.gradle.api.internal.tasks.testing.junit.AbstractJUnitTestClassProcessor.processTestClass(AbstractJUnitTestClassProcessor.java:62)
	at org.gradle.api.internal.tasks.testing.SuiteTestClassProcessor.processTestClass(SuiteTestClassProcessor.java:51)
	at sun.reflect.NativeMethodAccessorImpl.invoke0(Native Method)
	at sun.reflect.NativeMethodAccessorImpl.invoke(NativeMethodAccessorImpl.java:62)
	at sun.reflect.DelegatingMethodAccessorImpl.invoke(DelegatingMethodAccessorImpl.java:43)
	at java.lang.reflect.Method.invoke(Method.java:498)
	at org.gradle.internal.dispatch.ReflectionDispatch.dispatch(ReflectionDispatch.java:36)
	at org.gradle.internal.dispatch.ReflectionDispatch.dispatch(ReflectionDispatch.java:24)
	at org.gradle.internal.dispatch.ContextClassLoaderDispatch.dispatch(ContextClassLoaderDispatch.java:33)
	at org.gradle.internal.dispatch.ProxyDispatchAdapter$DispatchingInvocationHandler.invoke(ProxyDispatchAdapter.java:94)
	at com.sun.proxy.$Proxy2.processTestClass(Unknown Source)
	at org.gradle.api.internal.tasks.testing.worker.TestWorker.processTestClass(TestWorker.java:118)
	at sun.reflect.NativeMethodAccessorImpl.invoke0(Native Method)
	at sun.reflect.NativeMethodAccessorImpl.invoke(NativeMethodAccessorImpl.java:62)
	at sun.reflect.DelegatingMethodAccessorImpl.invoke(DelegatingMethodAccessorImpl.java:43)
	at java.lang.reflect.Method.invoke(Method.java:498)
	at org.gradle.internal.dispatch.ReflectionDispatch.dispatch(ReflectionDispatch.java:36)
	at org.gradle.internal.dispatch.ReflectionDispatch.dispatch(ReflectionDispatch.java:24)
	at org.gradle.internal.remote.internal.hub.MessageHubBackedObjectConnection$DispatchWrapper.dispatch(MessageHubBackedObjectConnection.java:182)
	at org.gradle.internal.remote.internal.hub.MessageHubBackedObjectConnection$DispatchWrapper.dispatch(MessageHubBackedObjectConnection.java:164)
	at org.gradle.internal.remote.internal.hub.MessageHub$Handler.run(MessageHub.java:412)
	at org.gradle.internal.concurrent.ExecutorPolicy$CatchAndRecordFailures.onExecute(ExecutorPolicy.java:64)
	at org.gradle.internal.concurrent.ManagedExecutorImpl$1.run(ManagedExecutorImpl.java:48)
	at java.util.concurrent.ThreadPoolExecutor.runWorker(ThreadPoolExecutor.java:1149)
	at java.util.concurrent.ThreadPoolExecutor$Worker.run(ThreadPoolExecutor.java:624)
	at org.gradle.internal.concurrent.ThreadFactoryImpl$ManagedThreadRunnable.run(ThreadFactoryImpl.java:56)
	at java.lang.Thread.run(Thread.java:748)
[2020-01-15 10:09:00,671] ERROR Modification time of key store could not be obtained: some.keystore.path (org.apache.kafka.common.security.ssl.SslEngineBuilder:300)
java.nio.file.NoSuchFileException: some.keystore.path
	at sun.nio.fs.UnixException.translateToIOException(UnixException.java:86)
	at sun.nio.fs.UnixException.rethrowAsIOException(UnixException.java:102)
	at sun.nio.fs.UnixException.rethrowAsIOException(UnixException.java:107)
	at sun.nio.fs.UnixFileAttributeViews$Basic.readAttributes(UnixFileAttributeViews.java:55)
	at sun.nio.fs.UnixFileSystemProvider.readAttributes(UnixFileSystemProvider.java:144)
	at java.nio.file.Files.readAttributes(Files.java:1737)
	at java.nio.file.Files.getLastModifiedTime(Files.java:2266)
	at org.apache.kafka.common.security.ssl.SslEngineBuilder$SecurityStore.lastModifiedMs(SslEngineBuilder.java:298)
	at org.apache.kafka.common.security.ssl.SslEngineBuilder$SecurityStore.<init>(SslEngineBuilder.java:275)
	at org.apache.kafka.common.security.ssl.SslEngineBuilder.createKeystore(SslEngineBuilder.java:173)
	at org.apache.kafka.common.security.ssl.SslEngineBuilder.<init>(SslEngineBuilder.java:95)
	at org.apache.kafka.common.security.ssl.SslFactory.createNewSslEngineBuilder(SslFactory.java:140)
	at org.apache.kafka.common.security.ssl.SslFactory.reconfigure(SslFactory.java:119)
	at org.apache.kafka.common.network.SslChannelBuilder.reconfigure(SslChannelBuilder.java:90)
	at org.apache.kafka.common.network.SslTransportLayerTest.verifyInvalidReconfigure(SslTransportLayerTest.java:1096)
	at org.apache.kafka.common.network.SslTransportLayerTest.testServerKeystoreDynamicUpdate(SslTransportLayerTest.java:1021)
	at sun.reflect.NativeMethodAccessorImpl.invoke0(Native Method)
	at sun.reflect.NativeMethodAccessorImpl.invoke(NativeMethodAccessorImpl.java:62)
	at sun.reflect.DelegatingMethodAccessorImpl.invoke(DelegatingMethodAccessorImpl.java:43)
	at java.lang.reflect.Method.invoke(Method.java:498)
	at org.junit.runners.model.FrameworkMethod$1.runReflectiveCall(FrameworkMethod.java:59)
	at org.junit.internal.runners.model.ReflectiveCallable.run(ReflectiveCallable.java:12)
	at org.junit.runners.model.FrameworkMethod.invokeExplosively(FrameworkMethod.java:56)
	at org.junit.internal.runners.statements.InvokeMethod.evaluate(InvokeMethod.java:17)
	at org.junit.internal.runners.statements.RunBefores.evaluate(RunBefores.java:26)
	at org.junit.internal.runners.statements.RunAfters.evaluate(RunAfters.java:27)
	at org.junit.runners.ParentRunner$3.evaluate(ParentRunner.java:306)
	at org.junit.runners.BlockJUnit4ClassRunner$1.evaluate(BlockJUnit4ClassRunner.java:100)
	at org.junit.runners.ParentRunner.runLeaf(ParentRunner.java:366)
	at org.junit.runners.BlockJUnit4ClassRunner.runChild(BlockJUnit4ClassRunner.java:103)
	at org.junit.runners.BlockJUnit4ClassRunner.runChild(BlockJUnit4ClassRunner.java:63)
	at org.junit.runners.ParentRunner$4.run(ParentRunner.java:331)
	at org.junit.runners.ParentRunner$1.schedule(ParentRunner.java:79)
	at org.junit.runners.ParentRunner.runChildren(ParentRunner.java:329)
	at org.junit.runners.ParentRunner.access$100(ParentRunner.java:66)
	at org.junit.runners.ParentRunner$2.evaluate(ParentRunner.java:293)
	at org.junit.runners.ParentRunner.run(ParentRunner.java:413)
	at org.junit.runners.Suite.runChild(Suite.java:128)
	at org.junit.runners.Suite.runChild(Suite.java:27)
	at org.junit.runners.ParentRunner$4.run(ParentRunner.java:331)
	at org.junit.runners.ParentRunner$1.schedule(ParentRunner.java:79)
	at org.junit.runners.ParentRunner.runChildren(ParentRunner.java:329)
	at org.junit.runners.ParentRunner.access$100(ParentRunner.java:66)
	at org.junit.runners.ParentRunner$2.evaluate(ParentRunner.java:293)
	at org.junit.runners.ParentRunner$3.evaluate(ParentRunner.java:306)
	at org.junit.runners.ParentRunner.run(ParentRunner.java:413)
	at org.gradle.api.internal.tasks.testing.junit.JUnitTestClassExecutor.runTestClass(JUnitTestClassExecutor.java:110)
	at org.gradle.api.internal.tasks.testing.junit.JUnitTestClassExecutor.execute(JUnitTestClassExecutor.java:58)
	at org.gradle.api.internal.tasks.testing.junit.JUnitTestClassExecutor.execute(JUnitTestClassExecutor.java:38)
	at org.gradle.api.internal.tasks.testing.junit.AbstractJUnitTestClassProcessor.processTestClass(AbstractJUnitTestClassProcessor.java:62)
	at org.gradle.api.internal.tasks.testing.SuiteTestClassProcessor.processTestClass(SuiteTestClassProcessor.java:51)
	at sun.reflect.NativeMethodAccessorImpl.invoke0(Native Method)
	at sun.reflect.NativeMethodAccessorImpl.invoke(NativeMethodAccessorImpl.java:62)
	at sun.reflect.DelegatingMethodAccessorImpl.invoke(DelegatingMethodAccessorImpl.java:43)
	at java.lang.reflect.Method.invoke(Method.java:498)
	at org.gradle.internal.dispatch.ReflectionDispatch.dispatch(ReflectionDispatch.java:36)
	at org.gradle.internal.dispatch.ReflectionDispatch.dispatch(ReflectionDispatch.java:24)
	at org.gradle.internal.dispatch.ContextClassLoaderDispatch.dispatch(ContextClassLoaderDispatch.java:33)
	at org.gradle.internal.dispatch.ProxyDispatchAdapter$DispatchingInvocationHandler.invoke(ProxyDispatchAdapter.java:94)
	at com.sun.proxy.$Proxy2.processTestClass(Unknown Source)
	at org.gradle.api.internal.tasks.testing.worker.TestWorker.processTestClass(TestWorker.java:118)
	at sun.reflect.NativeMethodAccessorImpl.invoke0(Native Method)
	at sun.reflect.NativeMethodAccessorImpl.invoke(NativeMethodAccessorImpl.java:62)
	at sun.reflect.DelegatingMethodAccessorImpl.invoke(DelegatingMethodAccessorImpl.java:43)
	at java.lang.reflect.Method.invoke(Method.java:498)
	at org.gradle.internal.dispatch.ReflectionDispatch.dispatch(ReflectionDispatch.java:36)
	at org.gradle.internal.dispatch.ReflectionDispatch.dispatch(ReflectionDispatch.java:24)
	at org.gradle.internal.remote.internal.hub.MessageHubBackedObjectConnection$DispatchWrapper.dispatch(MessageHubBackedObjectConnection.java:182)
	at org.gradle.internal.remote.internal.hub.MessageHubBackedObjectConnection$DispatchWrapper.dispatch(MessageHubBackedObjectConnection.java:164)
	at org.gradle.internal.remote.internal.hub.MessageHub$Handler.run(MessageHub.java:412)
	at org.gradle.internal.concurrent.ExecutorPolicy$CatchAndRecordFailures.onExecute(ExecutorPolicy.java:64)
	at org.gradle.internal.concurrent.ManagedExecutorImpl$1.run(ManagedExecutorImpl.java:48)
	at java.util.concurrent.ThreadPoolExecutor.runWorker(ThreadPoolExecutor.java:1149)
	at java.util.concurrent.ThreadPoolExecutor$Worker.run(ThreadPoolExecutor.java:624)
	at org.gradle.internal.concurrent.ThreadFactoryImpl$ManagedThreadRunnable.run(ThreadFactoryImpl.java:56)
	at java.lang.Thread.run(Thread.java:748)
]]></system-out>
  <system-err><![CDATA[]]></system-err>
</testsuite>
