<?xml version="1.0" encoding="UTF-8"?>
<testsuite name="kafka.network.SocketServerTest" tests="49" skipped="0" failures="0" errors="0" timestamp="2020-01-15T02:21:23" hostname="localhost" time="19.874">
  <properties/>
  <testcase name="testGracefulClose" classname="kafka.network.SocketServerTest" time="0.061"/>
  <testcase name="testClientDisconnectionWithOutstandingReceivesProcessedUntilFailedSend" classname="kafka.network.SocketServerTest" time="0.202"/>
  <testcase name="testSendActionResponseWithThrottledChannelWhereThrottlingAlreadyDone" classname="kafka.network.SocketServerTest" time="0.055"/>
  <testcase name="controlThrowable" classname="kafka.network.SocketServerTest" time="0.46"/>
  <testcase name="testRequestMetricsAfterStop" classname="kafka.network.SocketServerTest" time="0.017"/>
  <testcase name="testConnectionIdReuse" classname="kafka.network.SocketServerTest" time="0.89"/>
  <testcase name="testClientInformationWithOldestApiVersionsRequest" classname="kafka.network.SocketServerTest" time="0.177"/>
  <testcase name="testSaslReauthenticationFailureNoKip152SaslAuthenticate" classname="kafka.network.SocketServerTest" time="0.141"/>
  <testcase name="testClientDisconnectionUpdatesRequestMetrics" classname="kafka.network.SocketServerTest" time="0.256"/>
  <testcase name="testProcessorMetricsTags" classname="kafka.network.SocketServerTest" time="0.021"/>
  <testcase name="remoteCloseWithBufferedReceivesFailedSend" classname="kafka.network.SocketServerTest" time="0.669"/>
  <testcase name="testMaxConnectionsPerIp" classname="kafka.network.SocketServerTest" time="0.16"/>
  <testcase name="testConnectionId" classname="kafka.network.SocketServerTest" time="0.018"/>
  <testcase name="remoteCloseSendFailure" classname="kafka.network.SocketServerTest" time="0.894"/>
  <testcase name="testBrokerSendAfterChannelClosedUpdatesRequestMetrics" classname="kafka.network.SocketServerTest" time="0.442"/>
  <testcase name="testNoOpAction" classname="kafka.network.SocketServerTest" time="0.021"/>
  <testcase name="simpleRequest" classname="kafka.network.SocketServerTest" time="0.013"/>
  <testcase name="testSendActionResponseWithThrottledChannelWhereThrottlingInProgress" classname="kafka.network.SocketServerTest" time="0.115"/>
  <testcase name="testIdleConnection" classname="kafka.network.SocketServerTest" time="1.192"/>
  <testcase name="remoteCloseWithoutBufferedReceives" classname="kafka.network.SocketServerTest" time="0.56"/>
  <testcase name="remoteCloseWithCompleteAndIncompleteBufferedReceives" classname="kafka.network.SocketServerTest" time="0.81"/>
  <testcase name="testZeroMaxConnectionsPerIp" classname="kafka.network.SocketServerTest" time="0.136"/>
  <testcase name="testClientInformationWithLatestApiVersionsRequest" classname="kafka.network.SocketServerTest" time="0.119"/>
  <testcase name="testMetricCollectionAfterShutdown" classname="kafka.network.SocketServerTest" time="0.024"/>
  <testcase name="testSessionPrincipal" classname="kafka.network.SocketServerTest" time="0.014"/>
  <testcase name="configureNewConnectionException" classname="kafka.network.SocketServerTest" time="0.339"/>
  <testcase name="testSaslReauthenticationFailureWithKip152SaslAuthenticate" classname="kafka.network.SocketServerTest" time="0.151"/>
  <testcase name="testMaxConnectionsPerIpOverrides" classname="kafka.network.SocketServerTest" time="0.031"/>
  <testcase name="testControlPlaneRequest" classname="kafka.network.SocketServerTest" time="0.032"/>
  <testcase name="processNewResponseException" classname="kafka.network.SocketServerTest" time="0.339"/>
  <testcase name="remoteCloseWithIncompleteBufferedReceive" classname="kafka.network.SocketServerTest" time="0.721"/>
  <testcase name="testStagedListenerStartup" classname="kafka.network.SocketServerTest" time="2.043"/>
  <testcase name="testConnectionRateLimit" classname="kafka.network.SocketServerTest" time="0.576"/>
  <testcase name="processCompletedSendException" classname="kafka.network.SocketServerTest" time="0.447"/>
  <testcase name="processDisconnectedException" classname="kafka.network.SocketServerTest" time="0.301"/>
  <testcase name="closingChannelWithBufferedReceives" classname="kafka.network.SocketServerTest" time="0.983"/>
  <testcase name="sendCancelledKeyException" classname="kafka.network.SocketServerTest" time="0.344"/>
  <testcase name="processCompletedReceiveException" classname="kafka.network.SocketServerTest" time="0.239"/>
  <testcase name="closingChannelSendFailure" classname="kafka.network.SocketServerTest" time="0.589"/>
  <testcase name="idleExpiryWithBufferedReceives" classname="kafka.network.SocketServerTest" time="1.673"/>
  <testcase name="testSocketsCloseOnShutdown" classname="kafka.network.SocketServerTest" time="0.221"/>
  <testcase name="testNoOpActionResponseWithThrottledChannelWhereThrottlingAlreadyDone" classname="kafka.network.SocketServerTest" time="0.117"/>
  <testcase name="pollException" classname="kafka.network.SocketServerTest" time="0.538"/>
  <testcase name="closingChannelWithBufferedReceivesFailedSend" classname="kafka.network.SocketServerTest" time="0.547"/>
  <testcase name="remoteCloseWithBufferedReceives" classname="kafka.network.SocketServerTest" time="0.764"/>
  <testcase name="closingChannelWithCompleteAndIncompleteBufferedReceives" classname="kafka.network.SocketServerTest" time="0.625"/>
  <testcase name="testSslSocketServer" classname="kafka.network.SocketServerTest" time="0.656"/>
  <testcase name="tooBigRequestIsRejected" classname="kafka.network.SocketServerTest" time="0.011"/>
  <testcase name="testNoOpActionResponseWithThrottledChannelWhereThrottlingInProgress" classname="kafka.network.SocketServerTest" time="0.116"/>
  <system-out><![CDATA[[2020-01-15 10:21:23,732] DEBUG Accepted connection from /127.0.0.1:59082 on /127.0.0.1:59081 and assigned it to processor 0, sendBufferSize [actual|requested]: [300000|300000] recvBufferSize [actual|requested]: [310308|300000] (kafka.network.Acceptor:62)
[2020-01-15 10:21:23,733] DEBUG Processor 0 listening to new connection from /127.0.0.1:59082 (kafka.network.Processor:62)
[2020-01-15 10:21:23,734] TRACE Processor 0 received request: RequestHeader(apiKey=PRODUCE, apiVersion=8, clientId=, correlationId=-1) -- {acks=0,timeout=10000,partitionSizes=[]} (kafka.network.RequestChannel$:39)
[2020-01-15 10:21:23,735] TRACE Not sending PRODUCE response to client  as it's not required. (kafka.network.RequestChannel:54)
[2020-01-15 10:21:23,735] DEBUG Completed request:RequestHeader(apiKey=PRODUCE, apiVersion=8, clientId=, correlationId=-1) -- {acks=0,timeout=10000,partitionSizes=[]},response: from connection 127.0.0.1:59081-127.0.0.1:59082-0;totalTime:1.527,requestQueueTime:0.0,localTime:6.1085471026E7,remoteTime:0.0,throttleTime:0.0,responseQueueTime:0.893,sendTime:0.009,securityProtocol:PLAINTEXT,principal:User:ANONYMOUS,listener:PLAINTEXT,clientInformation:ClientInformation(softwareName=unknown, softwareVersion=unknown) (kafka.request.logger:205)
[2020-01-15 10:21:23,736] TRACE Socket server received empty response to send, registering for read: Response(type=NoOp, request=Request(processor=0, connectionId=127.0.0.1:59081-127.0.0.1:59082-0, session=Session(User:ANONYMOUS,/127.0.0.1), listenerName=ListenerName(PLAINTEXT), securityProtocol=PLAINTEXT, buffer=java.nio.HeapByteBuffer[pos=22 lim=22 cap=22])) (kafka.network.Processor:54)
[2020-01-15 10:21:23,736] TRACE Processor 0 received request: RequestHeader(apiKey=PRODUCE, apiVersion=8, clientId=, correlationId=-1) -- {acks=0,timeout=10000,partitionSizes=[]} (kafka.network.RequestChannel$:39)
[2020-01-15 10:21:23,740] TRACE Not sending PRODUCE response to client  as it's not required. (kafka.network.RequestChannel:54)
[2020-01-15 10:21:23,741] DEBUG Completed request:RequestHeader(apiKey=PRODUCE, apiVersion=8, clientId=, correlationId=-1) -- {acks=0,timeout=10000,partitionSizes=[]},response: from connection 127.0.0.1:59081-127.0.0.1:59082-0;totalTime:4.608,requestQueueTime:0.0,localTime:6.1085476448E7,remoteTime:0.0,throttleTime:0.0,responseQueueTime:1.245,sendTime:0.006,securityProtocol:PLAINTEXT,principal:User:ANONYMOUS,listener:PLAINTEXT,clientInformation:ClientInformation(softwareName=unknown, softwareVersion=unknown) (kafka.request.logger:205)
[2020-01-15 10:21:23,741] TRACE Socket server received empty response to send, registering for read: Response(type=NoOp, request=Request(processor=0, connectionId=127.0.0.1:59081-127.0.0.1:59082-0, session=Session(User:ANONYMOUS,/127.0.0.1), listenerName=ListenerName(PLAINTEXT), securityProtocol=PLAINTEXT, buffer=java.nio.HeapByteBuffer[pos=22 lim=22 cap=22])) (kafka.network.Processor:54)
[2020-01-15 10:21:23,742] TRACE Processor 0 received request: RequestHeader(apiKey=PRODUCE, apiVersion=8, clientId=, correlationId=-1) -- {acks=0,timeout=10000,partitionSizes=[]} (kafka.network.RequestChannel$:39)
[2020-01-15 10:21:23,742] TRACE Not sending PRODUCE response to client  as it's not required. (kafka.network.RequestChannel:54)
[2020-01-15 10:21:23,744] DEBUG Completed request:RequestHeader(apiKey=PRODUCE, apiVersion=8, clientId=, correlationId=-1) -- {acks=0,timeout=10000,partitionSizes=[]},response: from connection 127.0.0.1:59081-127.0.0.1:59082-0;totalTime:2.663,requestQueueTime:0.0,localTime:6.1085478911E7,remoteTime:0.0,throttleTime:0.0,responseQueueTime:2.174,sendTime:0.022,securityProtocol:PLAINTEXT,principal:User:ANONYMOUS,listener:PLAINTEXT,clientInformation:ClientInformation(softwareName=unknown, softwareVersion=unknown) (kafka.request.logger:205)
[2020-01-15 10:21:23,745] TRACE Socket server received empty response to send, registering for read: Response(type=NoOp, request=Request(processor=0, connectionId=127.0.0.1:59081-127.0.0.1:59082-0, session=Session(User:ANONYMOUS,/127.0.0.1), listenerName=ListenerName(PLAINTEXT), securityProtocol=PLAINTEXT, buffer=java.nio.HeapByteBuffer[pos=22 lim=22 cap=22])) (kafka.network.Processor:54)
[2020-01-15 10:21:23,745] TRACE Processor 0 received request: RequestHeader(apiKey=PRODUCE, apiVersion=8, clientId=, correlationId=-1) -- {acks=0,timeout=10000,partitionSizes=[]} (kafka.network.RequestChannel$:39)
[2020-01-15 10:21:23,746] TRACE Not sending PRODUCE response to client  as it's not required. (kafka.network.RequestChannel:54)
[2020-01-15 10:21:23,749] DEBUG Completed request:RequestHeader(apiKey=PRODUCE, apiVersion=8, clientId=, correlationId=-1) -- {acks=0,timeout=10000,partitionSizes=[]},response: from connection 127.0.0.1:59081-127.0.0.1:59082-0;totalTime:3.349,requestQueueTime:0.0,localTime:6.1085482648E7,remoteTime:0.0,throttleTime:0.0,responseQueueTime:2.698,sendTime:0.005,securityProtocol:PLAINTEXT,principal:User:ANONYMOUS,listener:PLAINTEXT,clientInformation:ClientInformation(softwareName=unknown, softwareVersion=unknown) (kafka.request.logger:205)
[2020-01-15 10:21:23,749] TRACE Socket server received empty response to send, registering for read: Response(type=NoOp, request=Request(processor=0, connectionId=127.0.0.1:59081-127.0.0.1:59082-0, session=Session(User:ANONYMOUS,/127.0.0.1), listenerName=ListenerName(PLAINTEXT), securityProtocol=PLAINTEXT, buffer=java.nio.HeapByteBuffer[pos=22 lim=22 cap=22])) (kafka.network.Processor:54)
[2020-01-15 10:21:23,749] TRACE Processor 0 received request: RequestHeader(apiKey=PRODUCE, apiVersion=8, clientId=, correlationId=-1) -- {acks=0,timeout=10000,partitionSizes=[]} (kafka.network.RequestChannel$:39)
[2020-01-15 10:21:23,749] TRACE Not sending PRODUCE response to client  as it's not required. (kafka.network.RequestChannel:54)
[2020-01-15 10:21:23,750] DEBUG Completed request:RequestHeader(apiKey=PRODUCE, apiVersion=8, clientId=, correlationId=-1) -- {acks=0,timeout=10000,partitionSizes=[]},response: from connection 127.0.0.1:59081-127.0.0.1:59082-0;totalTime:0.669,requestQueueTime:0.0,localTime:6.1085485851E7,remoteTime:0.0,throttleTime:0.0,responseQueueTime:0.489,sendTime:0.008,securityProtocol:PLAINTEXT,principal:User:ANONYMOUS,listener:PLAINTEXT,clientInformation:ClientInformation(softwareName=unknown, softwareVersion=unknown) (kafka.request.logger:205)
[2020-01-15 10:21:23,750] TRACE Socket server received empty response to send, registering for read: Response(type=NoOp, request=Request(processor=0, connectionId=127.0.0.1:59081-127.0.0.1:59082-0, session=Session(User:ANONYMOUS,/127.0.0.1), listenerName=ListenerName(PLAINTEXT), securityProtocol=PLAINTEXT, buffer=java.nio.HeapByteBuffer[pos=22 lim=22 cap=22])) (kafka.network.Processor:54)
[2020-01-15 10:21:23,750] TRACE Processor 0 received request: RequestHeader(apiKey=PRODUCE, apiVersion=8, clientId=, correlationId=-1) -- {acks=0,timeout=10000,partitionSizes=[]} (kafka.network.RequestChannel$:39)
[2020-01-15 10:21:23,750] TRACE Not sending PRODUCE response to client  as it's not required. (kafka.network.RequestChannel:54)
[2020-01-15 10:21:23,751] DEBUG Completed request:RequestHeader(apiKey=PRODUCE, apiVersion=8, clientId=, correlationId=-1) -- {acks=0,timeout=10000,partitionSizes=[]},response: from connection 127.0.0.1:59081-127.0.0.1:59082-0;totalTime:0.683,requestQueueTime:0.0,localTime:6.1085486972E7,remoteTime:0.0,throttleTime:0.0,responseQueueTime:0.468,sendTime:0.004,securityProtocol:PLAINTEXT,principal:User:ANONYMOUS,listener:PLAINTEXT,clientInformation:ClientInformation(softwareName=unknown, softwareVersion=unknown) (kafka.request.logger:205)
[2020-01-15 10:21:23,751] TRACE Socket server received empty response to send, registering for read: Response(type=NoOp, request=Request(processor=0, connectionId=127.0.0.1:59081-127.0.0.1:59082-0, session=Session(User:ANONYMOUS,/127.0.0.1), listenerName=ListenerName(PLAINTEXT), securityProtocol=PLAINTEXT, buffer=java.nio.HeapByteBuffer[pos=22 lim=22 cap=22])) (kafka.network.Processor:54)
[2020-01-15 10:21:23,751] TRACE Processor 0 received request: RequestHeader(apiKey=PRODUCE, apiVersion=8, clientId=, correlationId=-1) -- {acks=0,timeout=10000,partitionSizes=[]} (kafka.network.RequestChannel$:39)
[2020-01-15 10:21:23,751] TRACE Not sending PRODUCE response to client  as it's not required. (kafka.network.RequestChannel:54)
[2020-01-15 10:21:23,752] DEBUG Completed request:RequestHeader(apiKey=PRODUCE, apiVersion=8, clientId=, correlationId=-1) -- {acks=0,timeout=10000,partitionSizes=[]},response: from connection 127.0.0.1:59081-127.0.0.1:59082-0;totalTime:0.94,requestQueueTime:0.0,localTime:6.1085488067E7,remoteTime:0.0,throttleTime:0.0,responseQueueTime:0.622,sendTime:0.012,securityProtocol:PLAINTEXT,principal:User:ANONYMOUS,listener:PLAINTEXT,clientInformation:ClientInformation(softwareName=unknown, softwareVersion=unknown) (kafka.request.logger:205)
[2020-01-15 10:21:23,753] TRACE Socket server received empty response to send, registering for read: Response(type=NoOp, request=Request(processor=0, connectionId=127.0.0.1:59081-127.0.0.1:59082-0, session=Session(User:ANONYMOUS,/127.0.0.1), listenerName=ListenerName(PLAINTEXT), securityProtocol=PLAINTEXT, buffer=java.nio.HeapByteBuffer[pos=22 lim=22 cap=22])) (kafka.network.Processor:54)
[2020-01-15 10:21:23,753] TRACE Processor 0 received request: RequestHeader(apiKey=PRODUCE, apiVersion=8, clientId=, correlationId=-1) -- {acks=0,timeout=10000,partitionSizes=[]} (kafka.network.RequestChannel$:39)
[2020-01-15 10:21:23,754] TRACE Not sending PRODUCE response to client  as it's not required. (kafka.network.RequestChannel:54)
[2020-01-15 10:21:23,755] DEBUG Completed request:RequestHeader(apiKey=PRODUCE, apiVersion=8, clientId=, correlationId=-1) -- {acks=0,timeout=10000,partitionSizes=[]},response: from connection 127.0.0.1:59081-127.0.0.1:59082-0;totalTime:1.274,requestQueueTime:0.0,localTime:6.1085490686E7,remoteTime:0.0,throttleTime:0.0,responseQueueTime:0.878,sendTime:0.005,securityProtocol:PLAINTEXT,principal:User:ANONYMOUS,listener:PLAINTEXT,clientInformation:ClientInformation(softwareName=unknown, softwareVersion=unknown) (kafka.request.logger:205)
[2020-01-15 10:21:23,755] TRACE Socket server received empty response to send, registering for read: Response(type=NoOp, request=Request(processor=0, connectionId=127.0.0.1:59081-127.0.0.1:59082-0, session=Session(User:ANONYMOUS,/127.0.0.1), listenerName=ListenerName(PLAINTEXT), securityProtocol=PLAINTEXT, buffer=java.nio.HeapByteBuffer[pos=22 lim=22 cap=22])) (kafka.network.Processor:54)
[2020-01-15 10:21:23,755] TRACE Processor 0 received request: RequestHeader(apiKey=PRODUCE, apiVersion=8, clientId=, correlationId=-1) -- {acks=0,timeout=10000,partitionSizes=[]} (kafka.network.RequestChannel$:39)
[2020-01-15 10:21:23,755] TRACE Not sending PRODUCE response to client  as it's not required. (kafka.network.RequestChannel:54)
[2020-01-15 10:21:23,756] DEBUG Completed request:RequestHeader(apiKey=PRODUCE, apiVersion=8, clientId=, correlationId=-1) -- {acks=0,timeout=10000,partitionSizes=[]},response: from connection 127.0.0.1:59081-127.0.0.1:59082-0;totalTime:0.998,requestQueueTime:0.0,localTime:6.1085492364E7,remoteTime:0.0,throttleTime:0.0,responseQueueTime:0.788,sendTime:0.007,securityProtocol:PLAINTEXT,principal:User:ANONYMOUS,listener:PLAINTEXT,clientInformation:ClientInformation(softwareName=unknown, softwareVersion=unknown) (kafka.request.logger:205)
[2020-01-15 10:21:23,757] TRACE Socket server received empty response to send, registering for read: Response(type=NoOp, request=Request(processor=0, connectionId=127.0.0.1:59081-127.0.0.1:59082-0, session=Session(User:ANONYMOUS,/127.0.0.1), listenerName=ListenerName(PLAINTEXT), securityProtocol=PLAINTEXT, buffer=java.nio.HeapByteBuffer[pos=22 lim=22 cap=22])) (kafka.network.Processor:54)
[2020-01-15 10:21:23,757] TRACE Processor 0 received request: RequestHeader(apiKey=PRODUCE, apiVersion=8, clientId=, correlationId=-1) -- {acks=0,timeout=10000,partitionSizes=[]} (kafka.network.RequestChannel$:39)
[2020-01-15 10:21:23,757] TRACE Not sending PRODUCE response to client  as it's not required. (kafka.network.RequestChannel:54)
[2020-01-15 10:21:23,757] INFO [SocketServer brokerId=0] Shutting down socket server (kafka.network.SocketServer:66)
[2020-01-15 10:21:23,758] INFO [SocketServer brokerId=0] Stopping socket server request processors (kafka.network.SocketServer:66)
[2020-01-15 10:21:23,757] DEBUG Completed request:RequestHeader(apiKey=PRODUCE, apiVersion=8, clientId=, correlationId=-1) -- {acks=0,timeout=10000,partitionSizes=[]},response: from connection 127.0.0.1:59081-127.0.0.1:59082-0;totalTime:0.567,requestQueueTime:0.0,localTime:6.1085493777E7,remoteTime:0.0,throttleTime:0.0,responseQueueTime:0.426,sendTime:0.003,securityProtocol:PLAINTEXT,principal:User:ANONYMOUS,listener:PLAINTEXT,clientInformation:ClientInformation(softwareName=unknown, softwareVersion=unknown) (kafka.request.logger:205)
[2020-01-15 10:21:23,758] TRACE Socket server received empty response to send, registering for read: Response(type=NoOp, request=Request(processor=0, connectionId=127.0.0.1:59081-127.0.0.1:59082-0, session=Session(User:ANONYMOUS,/127.0.0.1), listenerName=ListenerName(PLAINTEXT), securityProtocol=PLAINTEXT, buffer=java.nio.HeapByteBuffer[pos=22 lim=22 cap=22])) (kafka.network.Processor:54)
[2020-01-15 10:21:23,758] DEBUG Closing server socket and selector. (kafka.network.Acceptor:62)
[2020-01-15 10:21:23,760] DEBUG Closing selector - processor 0 (kafka.network.Processor:62)
[2020-01-15 10:21:23,761] INFO [SocketServer brokerId=0] Stopped socket server request processors (kafka.network.SocketServer:66)
[2020-01-15 10:21:23,768] INFO [SocketServer brokerId=0] Shutdown completed (kafka.network.SocketServer:66)
[2020-01-15 10:21:23,830] INFO KafkaConfig values: 
	advertised.host.name = null
	advertised.listeners = null
	advertised.port = null
	alter.config.policy.class.name = null
	alter.log.dirs.replication.quota.window.num = 11
	alter.log.dirs.replication.quota.window.size.seconds = 1
	authorizer.class.name = 
	auto.create.topics.enable = true
	auto.leader.rebalance.enable = true
	background.threads = 10
	broker.id = 0
	broker.id.generation.enable = true
	broker.rack = null
	client.quota.callback.class = null
	compression.type = producer
	connection.failed.authentication.delay.ms = 100
	connections.max.idle.ms = 60000
	connections.max.reauth.ms = 0
	control.plane.listener.name = null
	controlled.shutdown.enable = true
	controlled.shutdown.max.retries = 3
	controlled.shutdown.retry.backoff.ms = 100
	controller.socket.timeout.ms = 1500
	create.topic.policy.class.name = null
	default.replication.factor = 1
	delegation.token.expiry.check.interval.ms = 3600000
	delegation.token.expiry.time.ms = 86400000
	delegation.token.master.key = null
	delegation.token.max.lifetime.ms = 604800000
	delete.records.purgatory.purge.interval.requests = 1
	delete.topic.enable = true
	fetch.max.bytes = 57671680
	fetch.purgatory.purge.interval.requests = 1000
	group.initial.rebalance.delay.ms = 0
	group.max.session.timeout.ms = 1800000
	group.max.size = 2147483647
	group.min.session.timeout.ms = 6000
	host.name = 
	inter.broker.listener.name = null
	inter.broker.protocol.version = 2.4-IV1
	kafka.metrics.polling.interval.secs = 10
	kafka.metrics.reporters = []
	leader.imbalance.check.interval.seconds = 300
	leader.imbalance.per.broker.percentage = 10
	listener.security.protocol.map = PLAINTEXT:PLAINTEXT,SSL:SSL,SASL_PLAINTEXT:SASL_PLAINTEXT,SASL_SSL:SASL_SSL
	listeners = PLAINTEXT://localhost:0
	log.cleaner.backoff.ms = 15000
	log.cleaner.dedupe.buffer.size = 2097152
	log.cleaner.delete.retention.ms = 86400000
	log.cleaner.enable = true
	log.cleaner.io.buffer.load.factor = 0.9
	log.cleaner.io.buffer.size = 524288
	log.cleaner.io.max.bytes.per.second = 1.7976931348623157E308
	log.cleaner.max.compaction.lag.ms = 9223372036854775807
	log.cleaner.min.cleanable.ratio = 0.5
	log.cleaner.min.compaction.lag.ms = 0
	log.cleaner.threads = 1
	log.cleanup.policy = [delete]
	log.dir = /var/folders/b3/bhnnh3l53jjdfgphtx91qd1h0000gn/T/kafka-6013254070707516523
	log.dirs = null
	log.flush.interval.messages = 9223372036854775807
	log.flush.interval.ms = null
	log.flush.offset.checkpoint.interval.ms = 60000
	log.flush.scheduler.interval.ms = 9223372036854775807
	log.flush.start.offset.checkpoint.interval.ms = 60000
	log.index.interval.bytes = 4096
	log.index.size.max.bytes = 10485760
	log.message.downconversion.enable = true
	log.message.format.version = 2.4-IV1
	log.message.timestamp.difference.max.ms = 9223372036854775807
	log.message.timestamp.type = CreateTime
	log.preallocate = false
	log.retention.bytes = -1
	log.retention.check.interval.ms = 300000
	log.retention.hours = 168
	log.retention.minutes = null
	log.retention.ms = null
	log.roll.hours = 168
	log.roll.jitter.hours = 0
	log.roll.jitter.ms = null
	log.roll.ms = null
	log.segment.bytes = 1073741824
	log.segment.delete.delay.ms = 1000
	max.connections = 2147483647
	max.connections.per.ip = 5
	max.connections.per.ip.overrides = 
	max.incremental.fetch.session.cache.slots = 1000
	message.max.bytes = 1000012
	metric.reporters = []
	metrics.num.samples = 2
	metrics.recording.level = INFO
	metrics.sample.window.ms = 30000
	min.insync.replicas = 1
	num.io.threads = 8
	num.network.threads = 1
	num.partitions = 1
	num.recovery.threads.per.data.dir = 1
	num.replica.alter.log.dirs.threads = null
	num.replica.fetchers = 1
	offset.metadata.max.bytes = 4096
	offsets.commit.required.acks = -1
	offsets.commit.timeout.ms = 5000
	offsets.load.buffer.size = 5242880
	offsets.retention.check.interval.ms = 600000
	offsets.retention.minutes = 10080
	offsets.topic.compression.codec = 0
	offsets.topic.num.partitions = 5
	offsets.topic.replication.factor = 1
	offsets.topic.segment.bytes = 104857600
	password.encoder.cipher.algorithm = AES/CBC/PKCS5Padding
	password.encoder.iterations = 4096
	password.encoder.key.length = 128
	password.encoder.keyfactory.algorithm = null
	password.encoder.old.secret = null
	password.encoder.secret = null
	port = 9092
	principal.builder.class = null
	producer.purgatory.purge.interval.requests = 1000
	queued.max.request.bytes = -1
	queued.max.requests = 50
	quota.consumer.default = 9223372036854775807
	quota.producer.default = 9223372036854775807
	quota.window.num = 11
	quota.window.size.seconds = 1
	replica.fetch.backoff.ms = 1000
	replica.fetch.max.bytes = 1048576
	replica.fetch.min.bytes = 1
	replica.fetch.response.max.bytes = 10485760
	replica.fetch.wait.max.ms = 500
	replica.high.watermark.checkpoint.interval.ms = 5000
	replica.lag.time.max.ms = 30000
	replica.selector.class = null
	replica.socket.receive.buffer.bytes = 65536
	replica.socket.timeout.ms = 1500
	replication.quota.window.num = 11
	replication.quota.window.size.seconds = 1
	request.timeout.ms = 30000
	reserved.broker.max.id = 1000
	sasl.client.callback.handler.class = null
	sasl.enabled.mechanisms = [GSSAPI]
	sasl.jaas.config = null
	sasl.kerberos.kinit.cmd = /usr/bin/kinit
	sasl.kerberos.min.time.before.relogin = 60000
	sasl.kerberos.principal.to.local.rules = [DEFAULT]
	sasl.kerberos.service.name = null
	sasl.kerberos.ticket.renew.jitter = 0.05
	sasl.kerberos.ticket.renew.window.factor = 0.8
	sasl.login.callback.handler.class = null
	sasl.login.class = null
	sasl.login.refresh.buffer.seconds = 300
	sasl.login.refresh.min.period.seconds = 60
	sasl.login.refresh.window.factor = 0.8
	sasl.login.refresh.window.jitter = 0.05
	sasl.mechanism.inter.broker.protocol = GSSAPI
	sasl.server.callback.handler.class = null
	security.inter.broker.protocol = PLAINTEXT
	security.providers = null
	socket.receive.buffer.bytes = 300000
	socket.request.max.bytes = 100
	socket.send.buffer.bytes = 300000
	ssl.cipher.suites = []
	ssl.client.auth = none
	ssl.enabled.protocols = [TLSv1.2, TLSv1.1, TLSv1]
	ssl.endpoint.identification.algorithm = https
	ssl.key.password = null
	ssl.keymanager.algorithm = SunX509
	ssl.keystore.location = null
	ssl.keystore.password = null
	ssl.keystore.type = JKS
	ssl.principal.mapping.rules = DEFAULT
	ssl.protocol = TLS
	ssl.provider = null
	ssl.secure.random.implementation = null
	ssl.trustmanager.algorithm = PKIX
	ssl.truststore.location = null
	ssl.truststore.password = null
	ssl.truststore.type = JKS
	transaction.abort.timed.out.transaction.cleanup.interval.ms = 60000
	transaction.max.timeout.ms = 900000
	transaction.remove.expired.transaction.cleanup.interval.ms = 3600000
	transaction.state.log.load.buffer.size = 5242880
	transaction.state.log.min.isr = 2
	transaction.state.log.num.partitions = 50
	transaction.state.log.replication.factor = 3
	transaction.state.log.segment.bytes = 104857600
	transactional.id.expiration.ms = 604800000
	unclean.leader.election.enable = false
	zookeeper.connect = 127.0.0.1:1
	zookeeper.connection.timeout.ms = 10000
	zookeeper.max.in.flight.requests = 10
	zookeeper.session.timeout.ms = 18000
	zookeeper.set.acl = false
	zookeeper.sync.time.ms = 2000
 (kafka.server.KafkaConfig:347)
[2020-01-15 10:21:23,836] INFO Awaiting socket connections on localhost:59086. (kafka.network.Acceptor:66)
[2020-01-15 10:21:23,843] INFO [SocketServer brokerId=0] Created data-plane acceptor and processors for endpoint : EndPoint(localhost,0,ListenerName(PLAINTEXT),PLAINTEXT) (kafka.network.SocketServerTest$$anon$5:66)
[2020-01-15 10:21:23,843] DEBUG [SocketServer brokerId=0] Wait for authorizer to complete start up on listener ListenerName(PLAINTEXT) (kafka.network.SocketServerTest$$anon$5:62)
[2020-01-15 10:21:23,843] DEBUG [SocketServer brokerId=0] Start processors on listener ListenerName(PLAINTEXT) (kafka.network.SocketServerTest$$anon$5:62)
[2020-01-15 10:21:23,844] INFO [SocketServer brokerId=0] Started data-plane processors for 1 acceptors (kafka.network.SocketServerTest$$anon$5:66)
[2020-01-15 10:21:23,844] INFO [SocketServer brokerId=0] Started 1 acceptor threads for data-plane (kafka.network.SocketServerTest$$anon$5:66)
[2020-01-15 10:21:23,848] DEBUG Accepted connection from /127.0.0.1:59087 on /127.0.0.1:59086 and assigned it to processor 0, sendBufferSize [actual|requested]: [300000|300000] recvBufferSize [actual|requested]: [310308|300000] (kafka.network.Acceptor:62)
[2020-01-15 10:21:23,848] DEBUG Processor 0 listening to new connection from /127.0.0.1:59087 (kafka.network.SocketServerTest$$anon$5$$anon$6:62)
[2020-01-15 10:21:23,850] TRACE Processor 0 received request: RequestHeader(apiKey=PRODUCE, apiVersion=8, clientId=, correlationId=-1) -- {acks=0,timeout=10000,partitionSizes=[]} (kafka.network.RequestChannel$:39)
[2020-01-15 10:21:23,850] TRACE Not sending PRODUCE response to client  as it's not required. (kafka.network.RequestChannel:54)
[2020-01-15 10:21:23,852] DEBUG Completed request:RequestHeader(apiKey=PRODUCE, apiVersion=8, clientId=, correlationId=-1) -- {acks=0,timeout=10000,partitionSizes=[]},response: from connection 127.0.0.1:59086-127.0.0.1:59087-0;totalTime:1.439,requestQueueTime:0.0,localTime:6.1085587131E7,remoteTime:0.0,throttleTime:0.0,responseQueueTime:1.12,sendTime:0.004,securityProtocol:PLAINTEXT,principal:User:ANONYMOUS,listener:PLAINTEXT,clientInformation:ClientInformation(softwareName=unknown, softwareVersion=unknown) (kafka.request.logger:205)
[2020-01-15 10:21:23,852] TRACE Socket server received empty response to send, registering for read: Response(type=NoOp, request=Request(processor=0, connectionId=127.0.0.1:59086-127.0.0.1:59087-0, session=Session(User:ANONYMOUS,/127.0.0.1), listenerName=ListenerName(PLAINTEXT), securityProtocol=PLAINTEXT, buffer=java.nio.HeapByteBuffer[pos=22 lim=22 cap=22])) (kafka.network.SocketServerTest$$anon$5$$anon$6:54)
[2020-01-15 10:21:23,853] TRACE Processor 0 received request: RequestHeader(apiKey=PRODUCE, apiVersion=8, clientId=, correlationId=-1) -- {acks=0,timeout=10000,partitionSizes=[]} (kafka.network.RequestChannel$:39)
[2020-01-15 10:21:23,853] TRACE Not sending PRODUCE response to client  as it's not required. (kafka.network.RequestChannel:54)
[2020-01-15 10:21:23,854] DEBUG Completed request:RequestHeader(apiKey=PRODUCE, apiVersion=8, clientId=, correlationId=-1) -- {acks=0,timeout=10000,partitionSizes=[]},response: from connection 127.0.0.1:59086-127.0.0.1:59087-0;totalTime:0.777,requestQueueTime:0.0,localTime:6.1085590252E7,remoteTime:0.0,throttleTime:0.0,responseQueueTime:0.562,sendTime:0.022,securityProtocol:PLAINTEXT,principal:User:ANONYMOUS,listener:PLAINTEXT,clientInformation:ClientInformation(softwareName=unknown, softwareVersion=unknown) (kafka.request.logger:205)
[2020-01-15 10:21:23,854] TRACE Socket server received empty response to send, registering for read: Response(type=NoOp, request=Request(processor=0, connectionId=127.0.0.1:59086-127.0.0.1:59087-0, session=Session(User:ANONYMOUS,/127.0.0.1), listenerName=ListenerName(PLAINTEXT), securityProtocol=PLAINTEXT, buffer=java.nio.HeapByteBuffer[pos=22 lim=22 cap=22])) (kafka.network.SocketServerTest$$anon$5$$anon$6:54)
[2020-01-15 10:21:23,854] TRACE Processor 0 received request: RequestHeader(apiKey=PRODUCE, apiVersion=8, clientId=, correlationId=-1) -- {acks=0,timeout=10000,partitionSizes=[]} (kafka.network.RequestChannel$:39)
[2020-01-15 10:21:23,854] TRACE Sending PRODUCE response to client  of 26 bytes. (kafka.network.RequestChannel:54)
[2020-01-15 10:21:23,855] TRACE Socket server received response to send to 127.0.0.1:59086-127.0.0.1:59087-0, registering for write and sending data: Response(type=Send, request=Request(processor=0, connectionId=127.0.0.1:59086-127.0.0.1:59087-0, session=Session(User:ANONYMOUS,/127.0.0.1), listenerName=ListenerName(PLAINTEXT), securityProtocol=PLAINTEXT, buffer=java.nio.HeapByteBuffer[pos=22 lim=22 cap=22]), send=org.apache.kafka.common.network.NetworkSend@45b89acd, asString=Some(RequestHeader(apiKey=PRODUCE, apiVersion=8, clientId=, correlationId=-1))) (kafka.network.SocketServerTest$$anon$5$$anon$6:54)
[2020-01-15 10:21:23,856] DEBUG Completed request:RequestHeader(apiKey=PRODUCE, apiVersion=8, clientId=, correlationId=-1) -- {acks=0,timeout=10000,partitionSizes=[]},response:RequestHeader(apiKey=PRODUCE, apiVersion=8, clientId=, correlationId=-1) from connection 127.0.0.1:59086-127.0.0.1:59087-0;totalTime:2.133,requestQueueTime:0.0,localTime:6.1085591381E7,remoteTime:0.0,throttleTime:0.0,responseQueueTime:0.366,sendTime:1.564,securityProtocol:PLAINTEXT,principal:User:ANONYMOUS,listener:PLAINTEXT,clientInformation:ClientInformation(softwareName=unknown, softwareVersion=unknown) (kafka.request.logger:205)
[2020-01-15 10:21:23,959] INFO [SocketServer brokerId=0] Shutting down socket server (kafka.network.SocketServerTest$$anon$5:66)
[2020-01-15 10:21:23,959] INFO [SocketServer brokerId=0] Stopping socket server request processors (kafka.network.SocketServerTest$$anon$5:66)
[2020-01-15 10:21:23,959] DEBUG Closing server socket and selector. (kafka.network.Acceptor:62)
[2020-01-15 10:21:23,960] DEBUG Closing selector - processor 0 (kafka.network.SocketServerTest$$anon$5$$anon$6:62)
[2020-01-15 10:21:23,961] INFO [SocketServer brokerId=0] Stopped socket server request processors (kafka.network.SocketServerTest$$anon$5:66)
[2020-01-15 10:21:23,965] INFO [SocketServer brokerId=0] Shutdown completed (kafka.network.SocketServerTest$$anon$5:66)
[2020-01-15 10:21:23,965] INFO [SocketServer brokerId=0] Shutting down socket server (kafka.network.SocketServer:66)
[2020-01-15 10:21:23,965] INFO [SocketServer brokerId=0] Stopping socket server request processors (kafka.network.SocketServer:66)
[2020-01-15 10:21:23,966] DEBUG Closing server socket and selector. (kafka.network.Acceptor:62)
[2020-01-15 10:21:23,966] DEBUG Closing selector - processor 0 (kafka.network.Processor:62)
[2020-01-15 10:21:23,967] INFO [SocketServer brokerId=0] Stopped socket server request processors (kafka.network.SocketServer:66)
[2020-01-15 10:21:23,971] INFO [SocketServer brokerId=0] Shutdown completed (kafka.network.SocketServer:66)
[2020-01-15 10:21:24,006] DEBUG Accepted connection from /127.0.0.1:59097 on /127.0.0.1:59096 and assigned it to processor 0, sendBufferSize [actual|requested]: [300000|300000] recvBufferSize [actual|requested]: [310308|300000] (kafka.network.Acceptor:62)
[2020-01-15 10:21:24,007] DEBUG Processor 0 listening to new connection from /127.0.0.1:59097 (kafka.network.Processor:62)
[2020-01-15 10:21:24,007] TRACE Processor 0 received request: RequestHeader(apiKey=PRODUCE, apiVersion=8, clientId=, correlationId=-1) -- {acks=0,timeout=10000,partitionSizes=[]} (kafka.network.RequestChannel$:39)
[2020-01-15 10:21:24,012] TRACE Notifying channel throttling has started for client  for PRODUCE (kafka.network.RequestChannel:54)
[2020-01-15 10:21:24,013] TRACE Sending PRODUCE response to client  of 26 bytes. (kafka.network.RequestChannel:54)
[2020-01-15 10:21:24,013] TRACE Socket server received response to send to 127.0.0.1:59096-127.0.0.1:59097-0, registering for write and sending data: Response(type=Send, request=Request(processor=0, connectionId=127.0.0.1:59096-127.0.0.1:59097-0, session=Session(User:ANONYMOUS,/127.0.0.1), listenerName=ListenerName(PLAINTEXT), securityProtocol=PLAINTEXT, buffer=java.nio.HeapByteBuffer[pos=22 lim=22 cap=22]), send=org.apache.kafka.common.network.NetworkSend@70d5b791, asString=Some(RequestHeader(apiKey=PRODUCE, apiVersion=8, clientId=, correlationId=-1))) (kafka.network.Processor:54)
[2020-01-15 10:21:24,013] DEBUG Completed request:RequestHeader(apiKey=PRODUCE, apiVersion=8, clientId=, correlationId=-1) -- {acks=0,timeout=10000,partitionSizes=[]},response:RequestHeader(apiKey=PRODUCE, apiVersion=8, clientId=, correlationId=-1) from connection 127.0.0.1:59096-127.0.0.1:59097-0;totalTime:5.8,requestQueueTime:0.0,localTime:6.1085749117E7,remoteTime:0.298,throttleTime:0.0,responseQueueTime:0.22,sendTime:0.298,securityProtocol:PLAINTEXT,principal:User:ANONYMOUS,listener:PLAINTEXT,clientInformation:ClientInformation(softwareName=unknown, softwareVersion=unknown) (kafka.request.logger:205)
[2020-01-15 10:21:24,013] TRACE Channel throttled for: 100 ms (kafka.server.ThrottledChannel:54)
[2020-01-15 10:21:24,014] TRACE Notifying channel throttling has ended for client  for PRODUCE (kafka.network.RequestChannel:54)
[2020-01-15 10:21:24,019] INFO [SocketServer brokerId=0] Shutting down socket server (kafka.network.SocketServer:66)
[2020-01-15 10:21:24,019] INFO [SocketServer brokerId=0] Stopping socket server request processors (kafka.network.SocketServer:66)
[2020-01-15 10:21:24,019] DEBUG Closing server socket and selector. (kafka.network.Acceptor:62)
[2020-01-15 10:21:24,019] DEBUG Closing selector - processor 0 (kafka.network.Processor:62)
[2020-01-15 10:21:24,019] DEBUG Closing selector connection 127.0.0.1:59096-127.0.0.1:59097-0 (kafka.network.Processor:62)
[2020-01-15 10:21:24,020] INFO [SocketServer brokerId=0] Stopped socket server request processors (kafka.network.SocketServer:66)
[2020-01-15 10:21:24,026] INFO [SocketServer brokerId=0] Shutdown completed (kafka.network.SocketServer:66)
[2020-01-15 10:21:24,045] INFO KafkaConfig values: 
	advertised.host.name = null
	advertised.listeners = null
	advertised.port = null
	alter.config.policy.class.name = null
	alter.log.dirs.replication.quota.window.num = 11
	alter.log.dirs.replication.quota.window.size.seconds = 1
	authorizer.class.name = 
	auto.create.topics.enable = true
	auto.leader.rebalance.enable = true
	background.threads = 10
	broker.id = 0
	broker.id.generation.enable = true
	broker.rack = null
	client.quota.callback.class = null
	compression.type = producer
	connection.failed.authentication.delay.ms = 100
	connections.max.idle.ms = 60000
	connections.max.reauth.ms = 0
	control.plane.listener.name = null
	controlled.shutdown.enable = true
	controlled.shutdown.max.retries = 3
	controlled.shutdown.retry.backoff.ms = 100
	controller.socket.timeout.ms = 1500
	create.topic.policy.class.name = null
	default.replication.factor = 1
	delegation.token.expiry.check.interval.ms = 3600000
	delegation.token.expiry.time.ms = 86400000
	delegation.token.master.key = null
	delegation.token.max.lifetime.ms = 604800000
	delete.records.purgatory.purge.interval.requests = 1
	delete.topic.enable = true
	fetch.max.bytes = 57671680
	fetch.purgatory.purge.interval.requests = 1000
	group.initial.rebalance.delay.ms = 0
	group.max.session.timeout.ms = 1800000
	group.max.size = 2147483647
	group.min.session.timeout.ms = 6000
	host.name = 
	inter.broker.listener.name = null
	inter.broker.protocol.version = 2.4-IV1
	kafka.metrics.polling.interval.secs = 10
	kafka.metrics.reporters = []
	leader.imbalance.check.interval.seconds = 300
	leader.imbalance.per.broker.percentage = 10
	listener.security.protocol.map = PLAINTEXT:PLAINTEXT,SSL:SSL,SASL_PLAINTEXT:SASL_PLAINTEXT,SASL_SSL:SASL_SSL
	listeners = PLAINTEXT://localhost:0
	log.cleaner.backoff.ms = 15000
	log.cleaner.dedupe.buffer.size = 2097152
	log.cleaner.delete.retention.ms = 86400000
	log.cleaner.enable = true
	log.cleaner.io.buffer.load.factor = 0.9
	log.cleaner.io.buffer.size = 524288
	log.cleaner.io.max.bytes.per.second = 1.7976931348623157E308
	log.cleaner.max.compaction.lag.ms = 9223372036854775807
	log.cleaner.min.cleanable.ratio = 0.5
	log.cleaner.min.compaction.lag.ms = 0
	log.cleaner.threads = 1
	log.cleanup.policy = [delete]
	log.dir = /var/folders/b3/bhnnh3l53jjdfgphtx91qd1h0000gn/T/kafka-7655453349364568477
	log.dirs = null
	log.flush.interval.messages = 9223372036854775807
	log.flush.interval.ms = null
	log.flush.offset.checkpoint.interval.ms = 60000
	log.flush.scheduler.interval.ms = 9223372036854775807
	log.flush.start.offset.checkpoint.interval.ms = 60000
	log.index.interval.bytes = 4096
	log.index.size.max.bytes = 10485760
	log.message.downconversion.enable = true
	log.message.format.version = 2.4-IV1
	log.message.timestamp.difference.max.ms = 9223372036854775807
	log.message.timestamp.type = CreateTime
	log.preallocate = false
	log.retention.bytes = -1
	log.retention.check.interval.ms = 300000
	log.retention.hours = 168
	log.retention.minutes = null
	log.retention.ms = null
	log.roll.hours = 168
	log.roll.jitter.hours = 0
	log.roll.jitter.ms = null
	log.roll.ms = null
	log.segment.bytes = 1073741824
	log.segment.delete.delay.ms = 1000
	max.connections = 2147483647
	max.connections.per.ip = 5
	max.connections.per.ip.overrides = 
	max.incremental.fetch.session.cache.slots = 1000
	message.max.bytes = 1000012
	metric.reporters = []
	metrics.num.samples = 2
	metrics.recording.level = INFO
	metrics.sample.window.ms = 30000
	min.insync.replicas = 1
	num.io.threads = 8
	num.network.threads = 1
	num.partitions = 1
	num.recovery.threads.per.data.dir = 1
	num.replica.alter.log.dirs.threads = null
	num.replica.fetchers = 1
	offset.metadata.max.bytes = 4096
	offsets.commit.required.acks = -1
	offsets.commit.timeout.ms = 5000
	offsets.load.buffer.size = 5242880
	offsets.retention.check.interval.ms = 600000
	offsets.retention.minutes = 10080
	offsets.topic.compression.codec = 0
	offsets.topic.num.partitions = 5
	offsets.topic.replication.factor = 1
	offsets.topic.segment.bytes = 104857600
	password.encoder.cipher.algorithm = AES/CBC/PKCS5Padding
	password.encoder.iterations = 4096
	password.encoder.key.length = 128
	password.encoder.keyfactory.algorithm = null
	password.encoder.old.secret = null
	password.encoder.secret = null
	port = 9092
	principal.builder.class = null
	producer.purgatory.purge.interval.requests = 1000
	queued.max.request.bytes = -1
	queued.max.requests = 50
	quota.consumer.default = 9223372036854775807
	quota.producer.default = 9223372036854775807
	quota.window.num = 11
	quota.window.size.seconds = 1
	replica.fetch.backoff.ms = 1000
	replica.fetch.max.bytes = 1048576
	replica.fetch.min.bytes = 1
	replica.fetch.response.max.bytes = 10485760
	replica.fetch.wait.max.ms = 500
	replica.high.watermark.checkpoint.interval.ms = 5000
	replica.lag.time.max.ms = 30000
	replica.selector.class = null
	replica.socket.receive.buffer.bytes = 65536
	replica.socket.timeout.ms = 1500
	replication.quota.window.num = 11
	replication.quota.window.size.seconds = 1
	request.timeout.ms = 30000
	reserved.broker.max.id = 1000
	sasl.client.callback.handler.class = null
	sasl.enabled.mechanisms = [GSSAPI]
	sasl.jaas.config = null
	sasl.kerberos.kinit.cmd = /usr/bin/kinit
	sasl.kerberos.min.time.before.relogin = 60000
	sasl.kerberos.principal.to.local.rules = [DEFAULT]
	sasl.kerberos.service.name = null
	sasl.kerberos.ticket.renew.jitter = 0.05
	sasl.kerberos.ticket.renew.window.factor = 0.8
	sasl.login.callback.handler.class = null
	sasl.login.class = null
	sasl.login.refresh.buffer.seconds = 300
	sasl.login.refresh.min.period.seconds = 60
	sasl.login.refresh.window.factor = 0.8
	sasl.login.refresh.window.jitter = 0.05
	sasl.mechanism.inter.broker.protocol = GSSAPI
	sasl.server.callback.handler.class = null
	security.inter.broker.protocol = PLAINTEXT
	security.providers = null
	socket.receive.buffer.bytes = 300000
	socket.request.max.bytes = 100
	socket.send.buffer.bytes = 300000
	ssl.cipher.suites = []
	ssl.client.auth = none
	ssl.enabled.protocols = [TLSv1.2, TLSv1.1, TLSv1]
	ssl.endpoint.identification.algorithm = https
	ssl.key.password = null
	ssl.keymanager.algorithm = SunX509
	ssl.keystore.location = null
	ssl.keystore.password = null
	ssl.keystore.type = JKS
	ssl.principal.mapping.rules = DEFAULT
	ssl.protocol = TLS
	ssl.provider = null
	ssl.secure.random.implementation = null
	ssl.trustmanager.algorithm = PKIX
	ssl.truststore.location = null
	ssl.truststore.password = null
	ssl.truststore.type = JKS
	transaction.abort.timed.out.transaction.cleanup.interval.ms = 60000
	transaction.max.timeout.ms = 900000
	transaction.remove.expired.transaction.cleanup.interval.ms = 3600000
	transaction.state.log.load.buffer.size = 5242880
	transaction.state.log.min.isr = 2
	transaction.state.log.num.partitions = 50
	transaction.state.log.replication.factor = 3
	transaction.state.log.segment.bytes = 104857600
	transactional.id.expiration.ms = 604800000
	unclean.leader.election.enable = false
	zookeeper.connect = 127.0.0.1:1
	zookeeper.connection.timeout.ms = 10000
	zookeeper.max.in.flight.requests = 10
	zookeeper.session.timeout.ms = 18000
	zookeeper.set.acl = false
	zookeeper.sync.time.ms = 2000
 (kafka.server.KafkaConfig:347)
[2020-01-15 10:21:24,051] INFO Awaiting socket connections on localhost:59103. (kafka.network.Acceptor:66)
[2020-01-15 10:21:24,053] INFO [SocketServer brokerId=0] Created data-plane acceptor and processors for endpoint : EndPoint(localhost,0,ListenerName(PLAINTEXT),PLAINTEXT) (kafka.network.SocketServerTest$TestableSocketServer:66)
[2020-01-15 10:21:24,053] DEBUG [SocketServer brokerId=0] Wait for authorizer to complete start up on listener ListenerName(PLAINTEXT) (kafka.network.SocketServerTest$TestableSocketServer:62)
[2020-01-15 10:21:24,053] DEBUG [SocketServer brokerId=0] Start processors on listener ListenerName(PLAINTEXT) (kafka.network.SocketServerTest$TestableSocketServer:62)
[2020-01-15 10:21:24,053] INFO [SocketServer brokerId=0] Started data-plane processors for 1 acceptors (kafka.network.SocketServerTest$TestableSocketServer:66)
[2020-01-15 10:21:24,054] INFO [SocketServer brokerId=0] Started 1 acceptor threads for data-plane (kafka.network.SocketServerTest$TestableSocketServer:66)
[2020-01-15 10:21:24,056] DEBUG Accepted connection from /127.0.0.1:59104 on /127.0.0.1:59103 and assigned it to processor 0, sendBufferSize [actual|requested]: [300000|300000] recvBufferSize [actual|requested]: [310308|300000] (kafka.network.Acceptor:62)
[2020-01-15 10:21:24,056] DEBUG Processor 0 listening to new connection from /127.0.0.1:59104 (kafka.network.SocketServerTest$TestableSocketServer$$anon$8:62)
[2020-01-15 10:21:24,056] TRACE Processor 0 received request: RequestHeader(apiKey=PRODUCE, apiVersion=8, clientId=, correlationId=-1) -- {acks=0,timeout=10000,partitionSizes=[]} (kafka.network.RequestChannel$:39)
[2020-01-15 10:21:24,057] TRACE Sending PRODUCE response to client  of 26 bytes. (kafka.network.RequestChannel:54)
[2020-01-15 10:21:24,057] TRACE Socket server received response to send to 127.0.0.1:59103-127.0.0.1:59104-0, registering for write and sending data: Response(type=Send, request=Request(processor=0, connectionId=127.0.0.1:59103-127.0.0.1:59104-0, session=Session(User:ANONYMOUS,/127.0.0.1), listenerName=ListenerName(PLAINTEXT), securityProtocol=PLAINTEXT, buffer=java.nio.HeapByteBuffer[pos=22 lim=22 cap=22]), send=org.apache.kafka.common.network.NetworkSend@735135fb, asString=Some(RequestHeader(apiKey=PRODUCE, apiVersion=8, clientId=, correlationId=-1))) (kafka.network.SocketServerTest$TestableSocketServer$$anon$8:54)
[2020-01-15 10:21:24,058] DEBUG Completed request:RequestHeader(apiKey=PRODUCE, apiVersion=8, clientId=, correlationId=-1) -- {acks=0,timeout=10000,partitionSizes=[]},response:RequestHeader(apiKey=PRODUCE, apiVersion=8, clientId=, correlationId=-1) from connection 127.0.0.1:59103-127.0.0.1:59104-0;totalTime:1.005,requestQueueTime:0.0,localTime:6.108579346E7,remoteTime:0.0,throttleTime:0.0,responseQueueTime:0.273,sendTime:0.604,securityProtocol:PLAINTEXT,principal:User:ANONYMOUS,listener:PLAINTEXT,clientInformation:ClientInformation(softwareName=unknown, softwareVersion=unknown) (kafka.request.logger:205)
[2020-01-15 10:21:24,360] DEBUG Closing selector - processor 0 (kafka.network.SocketServerTest$TestableSocketServer$$anon$8:62)
[2020-01-15 10:21:24,360] DEBUG Closing selector connection 127.0.0.1:59103-127.0.0.1:59104-0 (kafka.network.SocketServerTest$TestableSocketServer$$anon$8:62)
[2020-01-15 10:21:24,373] ERROR Uncaught exception in thread 'data-plane-kafka-network-thread-0-ListenerName(PLAINTEXT)-PLAINTEXT-0': (org.apache.kafka.common.utils.KafkaThread:49)
kafka.network.SocketServerTest$$anon$7
[2020-01-15 10:21:24,476] INFO [SocketServer brokerId=0] Shutting down socket server (kafka.network.SocketServerTest$TestableSocketServer:66)
[2020-01-15 10:21:24,476] INFO [SocketServer brokerId=0] Stopping socket server request processors (kafka.network.SocketServerTest$TestableSocketServer:66)
[2020-01-15 10:21:24,476] DEBUG Closing server socket and selector. (kafka.network.Acceptor:62)
[2020-01-15 10:21:24,477] INFO [SocketServer brokerId=0] Stopped socket server request processors (kafka.network.SocketServerTest$TestableSocketServer:66)
[2020-01-15 10:21:24,481] INFO [SocketServer brokerId=0] Shutdown completed (kafka.network.SocketServerTest$TestableSocketServer:66)
[2020-01-15 10:21:24,482] INFO [SocketServer brokerId=0] Shutting down socket server (kafka.network.SocketServer:66)
[2020-01-15 10:21:24,482] INFO [SocketServer brokerId=0] Stopping socket server request processors (kafka.network.SocketServer:66)
[2020-01-15 10:21:24,482] DEBUG Closing server socket and selector. (kafka.network.Acceptor:62)
[2020-01-15 10:21:24,482] DEBUG Closing selector - processor 0 (kafka.network.Processor:62)
[2020-01-15 10:21:24,483] INFO [SocketServer brokerId=0] Stopped socket server request processors (kafka.network.SocketServer:66)
[2020-01-15 10:21:24,485] INFO [SocketServer brokerId=0] Shutdown completed (kafka.network.SocketServer:66)
[2020-01-15 10:21:24,492] INFO [SocketServer brokerId=0] Stopping socket server request processors (kafka.network.SocketServer:66)
[2020-01-15 10:21:24,492] DEBUG Closing server socket and selector. (kafka.network.Acceptor:62)
[2020-01-15 10:21:24,492] DEBUG Closing selector - processor 0 (kafka.network.Processor:62)
[2020-01-15 10:21:24,492] INFO [SocketServer brokerId=0] Stopped socket server request processors (kafka.network.SocketServer:66)
[2020-01-15 10:21:24,494] INFO [SocketServer brokerId=0] Shutting down socket server (kafka.network.SocketServer:66)
[2020-01-15 10:21:24,499] INFO [SocketServer brokerId=0] Shutdown completed (kafka.network.SocketServer:66)
[2020-01-15 10:21:24,499] INFO [SocketServer brokerId=0] Shutting down socket server (kafka.network.SocketServer:66)
[2020-01-15 10:21:24,502] INFO [SocketServer brokerId=0] Shutdown completed (kafka.network.SocketServer:66)
[2020-01-15 10:21:24,590] INFO KafkaConfig values: 
	advertised.host.name = null
	advertised.listeners = null
	advertised.port = null
	alter.config.policy.class.name = null
	alter.log.dirs.replication.quota.window.num = 11
	alter.log.dirs.replication.quota.window.size.seconds = 1
	authorizer.class.name = 
	auto.create.topics.enable = true
	auto.leader.rebalance.enable = true
	background.threads = 10
	broker.id = 0
	broker.id.generation.enable = true
	broker.rack = null
	client.quota.callback.class = null
	compression.type = producer
	connection.failed.authentication.delay.ms = 100
	connections.max.idle.ms = 60000
	connections.max.reauth.ms = 0
	control.plane.listener.name = null
	controlled.shutdown.enable = true
	controlled.shutdown.max.retries = 3
	controlled.shutdown.retry.backoff.ms = 100
	controller.socket.timeout.ms = 1500
	create.topic.policy.class.name = null
	default.replication.factor = 1
	delegation.token.expiry.check.interval.ms = 3600000
	delegation.token.expiry.time.ms = 86400000
	delegation.token.master.key = null
	delegation.token.max.lifetime.ms = 604800000
	delete.records.purgatory.purge.interval.requests = 1
	delete.topic.enable = true
	fetch.max.bytes = 57671680
	fetch.purgatory.purge.interval.requests = 1000
	group.initial.rebalance.delay.ms = 0
	group.max.session.timeout.ms = 1800000
	group.max.size = 2147483647
	group.min.session.timeout.ms = 6000
	host.name = 
	inter.broker.listener.name = null
	inter.broker.protocol.version = 2.4-IV1
	kafka.metrics.polling.interval.secs = 10
	kafka.metrics.reporters = []
	leader.imbalance.check.interval.seconds = 300
	leader.imbalance.per.broker.percentage = 10
	listener.security.protocol.map = PLAINTEXT:PLAINTEXT,SSL:SSL,SASL_PLAINTEXT:SASL_PLAINTEXT,SASL_SSL:SASL_SSL
	listeners = SSL://localhost:0
	log.cleaner.backoff.ms = 15000
	log.cleaner.dedupe.buffer.size = 2097152
	log.cleaner.delete.retention.ms = 86400000
	log.cleaner.enable = true
	log.cleaner.io.buffer.load.factor = 0.9
	log.cleaner.io.buffer.size = 524288
	log.cleaner.io.max.bytes.per.second = 1.7976931348623157E308
	log.cleaner.max.compaction.lag.ms = 9223372036854775807
	log.cleaner.min.cleanable.ratio = 0.5
	log.cleaner.min.compaction.lag.ms = 0
	log.cleaner.threads = 1
	log.cleanup.policy = [delete]
	log.dir = /var/folders/b3/bhnnh3l53jjdfgphtx91qd1h0000gn/T/kafka-5236193485268472019
	log.dirs = null
	log.flush.interval.messages = 9223372036854775807
	log.flush.interval.ms = null
	log.flush.offset.checkpoint.interval.ms = 60000
	log.flush.scheduler.interval.ms = 9223372036854775807
	log.flush.start.offset.checkpoint.interval.ms = 60000
	log.index.interval.bytes = 4096
	log.index.size.max.bytes = 10485760
	log.message.downconversion.enable = true
	log.message.format.version = 2.4-IV1
	log.message.timestamp.difference.max.ms = 9223372036854775807
	log.message.timestamp.type = CreateTime
	log.preallocate = false
	log.retention.bytes = -1
	log.retention.check.interval.ms = 300000
	log.retention.hours = 168
	log.retention.minutes = null
	log.retention.ms = null
	log.roll.hours = 168
	log.roll.jitter.hours = 0
	log.roll.jitter.ms = null
	log.roll.ms = null
	log.segment.bytes = 1073741824
	log.segment.delete.delay.ms = 1000
	max.connections = 2147483647
	max.connections.per.ip = 5
	max.connections.per.ip.overrides = 
	max.incremental.fetch.session.cache.slots = 1000
	message.max.bytes = 1000012
	metric.reporters = []
	metrics.num.samples = 2
	metrics.recording.level = INFO
	metrics.sample.window.ms = 30000
	min.insync.replicas = 1
	num.io.threads = 8
	num.network.threads = 1
	num.partitions = 1
	num.recovery.threads.per.data.dir = 1
	num.replica.alter.log.dirs.threads = null
	num.replica.fetchers = 1
	offset.metadata.max.bytes = 4096
	offsets.commit.required.acks = -1
	offsets.commit.timeout.ms = 5000
	offsets.load.buffer.size = 5242880
	offsets.retention.check.interval.ms = 600000
	offsets.retention.minutes = 10080
	offsets.topic.compression.codec = 0
	offsets.topic.num.partitions = 5
	offsets.topic.replication.factor = 1
	offsets.topic.segment.bytes = 104857600
	password.encoder.cipher.algorithm = AES/CBC/PKCS5Padding
	password.encoder.iterations = 4096
	password.encoder.key.length = 128
	password.encoder.keyfactory.algorithm = null
	password.encoder.old.secret = null
	password.encoder.secret = null
	port = 9092
	principal.builder.class = null
	producer.purgatory.purge.interval.requests = 1000
	queued.max.request.bytes = -1
	queued.max.requests = 50
	quota.consumer.default = 9223372036854775807
	quota.producer.default = 9223372036854775807
	quota.window.num = 11
	quota.window.size.seconds = 1
	replica.fetch.backoff.ms = 1000
	replica.fetch.max.bytes = 1048576
	replica.fetch.min.bytes = 1
	replica.fetch.response.max.bytes = 10485760
	replica.fetch.wait.max.ms = 500
	replica.high.watermark.checkpoint.interval.ms = 5000
	replica.lag.time.max.ms = 30000
	replica.selector.class = null
	replica.socket.receive.buffer.bytes = 65536
	replica.socket.timeout.ms = 1500
	replication.quota.window.num = 11
	replication.quota.window.size.seconds = 1
	request.timeout.ms = 30000
	reserved.broker.max.id = 1000
	sasl.client.callback.handler.class = null
	sasl.enabled.mechanisms = [GSSAPI]
	sasl.jaas.config = null
	sasl.kerberos.kinit.cmd = /usr/bin/kinit
	sasl.kerberos.min.time.before.relogin = 60000
	sasl.kerberos.principal.to.local.rules = [DEFAULT]
	sasl.kerberos.service.name = null
	sasl.kerberos.ticket.renew.jitter = 0.05
	sasl.kerberos.ticket.renew.window.factor = 0.8
	sasl.login.callback.handler.class = null
	sasl.login.class = null
	sasl.login.refresh.buffer.seconds = 300
	sasl.login.refresh.min.period.seconds = 60
	sasl.login.refresh.window.factor = 0.8
	sasl.login.refresh.window.jitter = 0.05
	sasl.mechanism.inter.broker.protocol = GSSAPI
	sasl.server.callback.handler.class = null
	security.inter.broker.protocol = SSL
	security.providers = null
	socket.receive.buffer.bytes = 300000
	socket.request.max.bytes = 100
	socket.send.buffer.bytes = 300000
	ssl.cipher.suites = []
	ssl.client.auth = none
	ssl.enabled.protocols = [TLSv1.2]
	ssl.endpoint.identification.algorithm = https
	ssl.key.password = [hidden]
	ssl.keymanager.algorithm = PKIX
	ssl.keystore.location = /var/folders/b3/bhnnh3l53jjdfgphtx91qd1h0000gn/T/serverKS2147581432065293624.jks
	ssl.keystore.password = [hidden]
	ssl.keystore.type = JKS
	ssl.principal.mapping.rules = DEFAULT
	ssl.protocol = TLSv1.2
	ssl.provider = null
	ssl.secure.random.implementation = null
	ssl.trustmanager.algorithm = PKIX
	ssl.truststore.location = /var/folders/b3/bhnnh3l53jjdfgphtx91qd1h0000gn/T/truststore7374093607953365594.jks
	ssl.truststore.password = [hidden]
	ssl.truststore.type = JKS
	transaction.abort.timed.out.transaction.cleanup.interval.ms = 60000
	transaction.max.timeout.ms = 900000
	transaction.remove.expired.transaction.cleanup.interval.ms = 3600000
	transaction.state.log.load.buffer.size = 5242880
	transaction.state.log.min.isr = 2
	transaction.state.log.num.partitions = 50
	transaction.state.log.replication.factor = 3
	transaction.state.log.segment.bytes = 104857600
	transactional.id.expiration.ms = 604800000
	unclean.leader.election.enable = false
	zookeeper.connect = 127.0.0.1:1
	zookeeper.connection.timeout.ms = 10000
	zookeeper.max.in.flight.requests = 10
	zookeeper.session.timeout.ms = 18000
	zookeeper.set.acl = false
	zookeeper.sync.time.ms = 2000
 (kafka.server.KafkaConfig:347)
[2020-01-15 10:21:24,595] INFO Awaiting socket connections on localhost:59120. (kafka.network.Acceptor:66)
[2020-01-15 10:21:24,618] INFO [SocketServer brokerId=0] Created data-plane acceptor and processors for endpoint : EndPoint(localhost,0,ListenerName(SSL),SSL) (kafka.network.SocketServerTest$$anon$1:66)
[2020-01-15 10:21:24,618] DEBUG [SocketServer brokerId=0] Wait for authorizer to complete start up on listener ListenerName(SSL) (kafka.network.SocketServerTest$$anon$1:62)
[2020-01-15 10:21:24,619] DEBUG [SocketServer brokerId=0] Start processors on listener ListenerName(SSL) (kafka.network.SocketServerTest$$anon$1:62)
[2020-01-15 10:21:24,619] INFO [SocketServer brokerId=0] Started data-plane processors for 1 acceptors (kafka.network.SocketServerTest$$anon$1:66)
[2020-01-15 10:21:24,619] INFO [SocketServer brokerId=0] Started 1 acceptor threads for data-plane (kafka.network.SocketServerTest$$anon$1:66)
[2020-01-15 10:21:24,625] DEBUG Accepted connection from /127.0.0.1:59123 on /127.0.0.1:59120 and assigned it to processor 0, sendBufferSize [actual|requested]: [300000|300000] recvBufferSize [actual|requested]: [310308|300000] (kafka.network.Acceptor:62)
[2020-01-15 10:21:24,625] DEBUG Processor 0 listening to new connection from /127.0.0.1:59123 (kafka.network.SocketServerTest$$anon$1$$anon$2:62)
[2020-01-15 10:21:24,730] DEBUG Accepted connection from /127.0.0.1:59128 on /127.0.0.1:59120 and assigned it to processor 0, sendBufferSize [actual|requested]: [300000|300000] recvBufferSize [actual|requested]: [310308|300000] (kafka.network.Acceptor:62)
[2020-01-15 10:21:24,730] DEBUG Processor 0 listening to new connection from /127.0.0.1:59128 (kafka.network.SocketServerTest$$anon$1$$anon$2:62)
[2020-01-15 10:21:24,730] DEBUG Closing connection from /127.0.0.1:59128 (kafka.network.SocketServerTest$$anon$1$$anon$2:62)
[2020-01-15 10:21:24,731] ERROR Processor 0 closed connection from /127.0.0.1:59128 (kafka.network.SocketServerTest$$anon$1$$anon$2:76)
java.lang.IllegalStateException: There is already a connection for id 127.0.0.1:1-127.0.0.1:2-0
	at org.apache.kafka.common.network.Selector.ensureNotRegistered(Selector.java:322)
	at org.apache.kafka.common.network.Selector.register(Selector.java:310)
	at kafka.network.SocketServerTest$TestableSelector.super$register(SocketServerTest.scala:1823)
	at kafka.network.SocketServerTest$TestableSelector.$anonfun$register$2(SocketServerTest.scala:1823)
	at scala.runtime.java8.JFunction0$mcV$sp.apply(JFunction0$mcV$sp.java:23)
	at kafka.network.SocketServerTest$TestableSelector.runOp(SocketServerTest.scala:1817)
	at kafka.network.SocketServerTest$TestableSelector.register(SocketServerTest.scala:1823)
	at kafka.network.Processor.configureNewConnections(SocketServer.scala:1024)
	at kafka.network.Processor.run(SocketServer.scala:757)
	at java.lang.Thread.run(Thread.java:748)
[2020-01-15 10:21:24,933] DEBUG Accepted connection from /127.0.0.1:59137 on /127.0.0.1:59120 and assigned it to processor 0, sendBufferSize [actual|requested]: [300000|300000] recvBufferSize [actual|requested]: [310308|300000] (kafka.network.Acceptor:62)
[2020-01-15 10:21:24,933] DEBUG Processor 0 listening to new connection from /127.0.0.1:59137 (kafka.network.SocketServerTest$$anon$1$$anon$2:62)
[2020-01-15 10:21:24,969] TRACE Processor 0 received request: RequestHeader(apiKey=PRODUCE, apiVersion=8, clientId=, correlationId=-1) -- {acks=0,timeout=10000,partitionSizes=[]} (kafka.network.RequestChannel$:39)
[2020-01-15 10:21:25,073] TRACE Not sending PRODUCE response to client  as it's not required. (kafka.network.RequestChannel:54)
[2020-01-15 10:21:25,074] DEBUG Completed request:RequestHeader(apiKey=PRODUCE, apiVersion=8, clientId=, correlationId=-1) -- {acks=0,timeout=10000,partitionSizes=[]},response: from connection 127.0.0.1:1-127.0.0.1:2-0;totalTime:564.272,requestQueueTime:0.0,localTime:6.1086809837E7,remoteTime:0.0,throttleTime:0.0,responseQueueTime:0.599,sendTime:0.006,securityProtocol:SSL,principal:User:ANONYMOUS,listener:SSL,clientInformation:ClientInformation(softwareName=unknown, softwareVersion=unknown) (kafka.request.logger:205)
[2020-01-15 10:21:25,074] TRACE Socket server received empty response to send, registering for read: Response(type=NoOp, request=Request(processor=0, connectionId=127.0.0.1:1-127.0.0.1:2-0, session=Session(User:ANONYMOUS,/127.0.0.1), listenerName=ListenerName(SSL), securityProtocol=SSL, buffer=java.nio.HeapByteBuffer[pos=22 lim=22 cap=22])) (kafka.network.SocketServerTest$$anon$1$$anon$2:54)
[2020-01-15 10:21:25,074] TRACE Processor 0 received request: RequestHeader(apiKey=PRODUCE, apiVersion=8, clientId=, correlationId=-1) -- {acks=0,timeout=10000,partitionSizes=[]} (kafka.network.RequestChannel$:39)
[2020-01-15 10:21:25,076] DEBUG Accepted connection from /127.0.0.1:59140 on /127.0.0.1:59120 and assigned it to processor 0, sendBufferSize [actual|requested]: [300000|300000] recvBufferSize [actual|requested]: [310308|300000] (kafka.network.Acceptor:62)
[2020-01-15 10:21:25,076] DEBUG Processor 0 listening to new connection from /127.0.0.1:59140 (kafka.network.SocketServerTest$$anon$1$$anon$2:62)
[2020-01-15 10:21:25,076] DEBUG Closing connection from /127.0.0.1:59140 (kafka.network.SocketServerTest$$anon$1$$anon$2:62)
[2020-01-15 10:21:25,076] ERROR Processor 0 closed connection from /127.0.0.1:59140 (kafka.network.SocketServerTest$$anon$1$$anon$2:76)
java.lang.IllegalStateException: There is already a connection for id 127.0.0.1:1-127.0.0.1:2-0
	at org.apache.kafka.common.network.Selector.ensureNotRegistered(Selector.java:322)
	at org.apache.kafka.common.network.Selector.register(Selector.java:310)
	at kafka.network.SocketServerTest$TestableSelector.super$register(SocketServerTest.scala:1823)
	at kafka.network.SocketServerTest$TestableSelector.$anonfun$register$2(SocketServerTest.scala:1823)
	at scala.runtime.java8.JFunction0$mcV$sp.apply(JFunction0$mcV$sp.java:23)
	at kafka.network.SocketServerTest$TestableSelector.runOp(SocketServerTest.scala:1817)
	at kafka.network.SocketServerTest$TestableSelector.register(SocketServerTest.scala:1823)
	at kafka.network.Processor.configureNewConnections(SocketServer.scala:1024)
	at kafka.network.Processor.run(SocketServer.scala:757)
	at java.lang.Thread.run(Thread.java:748)
[2020-01-15 10:21:25,178] TRACE Sending PRODUCE response to client  of 26 bytes. (kafka.network.RequestChannel:54)
[2020-01-15 10:21:25,179] TRACE Socket server received response to send to 127.0.0.1:1-127.0.0.1:2-0, registering for write and sending data: Response(type=Send, request=Request(processor=0, connectionId=127.0.0.1:1-127.0.0.1:2-0, session=Session(User:ANONYMOUS,/127.0.0.1), listenerName=ListenerName(SSL), securityProtocol=SSL, buffer=java.nio.HeapByteBuffer[pos=22 lim=22 cap=22]), send=org.apache.kafka.common.network.NetworkSend@922b58d, asString=Some(RequestHeader(apiKey=PRODUCE, apiVersion=8, clientId=, correlationId=-1))) (kafka.network.SocketServerTest$$anon$1$$anon$2:54)
[2020-01-15 10:21:25,179] DEBUG Completed request:RequestHeader(apiKey=PRODUCE, apiVersion=8, clientId=, correlationId=-1) -- {acks=0,timeout=10000,partitionSizes=[]},response:RequestHeader(apiKey=PRODUCE, apiVersion=8, clientId=, correlationId=-1) from connection 127.0.0.1:1-127.0.0.1:2-0;totalTime:670.127,requestQueueTime:0.0,localTime:6.1086915301E7,remoteTime:0.0,throttleTime:0.0,responseQueueTime:0.5,sendTime:0.496,securityProtocol:SSL,principal:User:ANONYMOUS,listener:SSL,clientInformation:ClientInformation(softwareName=unknown, softwareVersion=unknown) (kafka.request.logger:205)
[2020-01-15 10:21:25,281] DEBUG Accepted connection from /127.0.0.1:59141 on /127.0.0.1:59120 and assigned it to processor 0, sendBufferSize [actual|requested]: [300000|300000] recvBufferSize [actual|requested]: [310308|300000] (kafka.network.Acceptor:62)
[2020-01-15 10:21:25,281] DEBUG Processor 0 listening to new connection from /127.0.0.1:59141 (kafka.network.SocketServerTest$$anon$1$$anon$2:62)
[2020-01-15 10:21:25,381] INFO [SocketServer brokerId=0] Shutting down socket server (kafka.network.SocketServerTest$$anon$1:66)
[2020-01-15 10:21:25,382] INFO [SocketServer brokerId=0] Stopping socket server request processors (kafka.network.SocketServerTest$$anon$1:66)
[2020-01-15 10:21:25,382] DEBUG Closing server socket and selector. (kafka.network.Acceptor:62)
[2020-01-15 10:21:25,382] DEBUG Closing selector - processor 0 (kafka.network.SocketServerTest$$anon$1$$anon$2:62)
[2020-01-15 10:21:25,382] DEBUG Closing selector connection 127.0.0.1:1-127.0.0.1:2-0 (kafka.network.SocketServerTest$$anon$1$$anon$2:62)
[2020-01-15 10:21:25,383] INFO [SocketServer brokerId=0] Stopped socket server request processors (kafka.network.SocketServerTest$$anon$1:66)
[2020-01-15 10:21:25,386] INFO [SocketServer brokerId=0] Shutdown completed (kafka.network.SocketServerTest$$anon$1:66)
[2020-01-15 10:21:25,386] INFO [SocketServer brokerId=0] Shutting down socket server (kafka.network.SocketServer:66)
[2020-01-15 10:21:25,387] INFO [SocketServer brokerId=0] Stopping socket server request processors (kafka.network.SocketServer:66)
[2020-01-15 10:21:25,387] DEBUG Closing server socket and selector. (kafka.network.Acceptor:62)
[2020-01-15 10:21:25,387] DEBUG Closing selector - processor 0 (kafka.network.Processor:62)
[2020-01-15 10:21:25,387] INFO [SocketServer brokerId=0] Stopped socket server request processors (kafka.network.SocketServer:66)
[2020-01-15 10:21:25,392] INFO [SocketServer brokerId=0] Shutdown completed (kafka.network.SocketServer:66)
[2020-01-15 10:21:25,459] DEBUG Accepted connection from /127.0.0.1:59147 on /127.0.0.1:59144 and assigned it to processor 0, sendBufferSize [actual|requested]: [300000|300000] recvBufferSize [actual|requested]: [310308|300000] (kafka.network.Acceptor:62)
[2020-01-15 10:21:25,459] DEBUG Processor 0 listening to new connection from /127.0.0.1:59147 (kafka.network.Processor:62)
[2020-01-15 10:21:25,459] TRACE Processor 0 received request: RequestHeader(apiKey=API_VERSIONS, apiVersion=0, clientId=clientId, correlationId=-1) -- {} (kafka.network.RequestChannel$:39)
[2020-01-15 10:21:25,459] TRACE Not sending API_VERSIONS response to client clientId as it's not required. (kafka.network.RequestChannel:54)
[2020-01-15 10:21:25,460] DEBUG Completed request:RequestHeader(apiKey=API_VERSIONS, apiVersion=0, clientId=clientId, correlationId=-1) -- {},response: from connection 127.0.0.1:59144-127.0.0.1:59147-0;totalTime:0.408,requestQueueTime:0.0,localTime:6.1087196378E7,remoteTime:0.0,throttleTime:0.0,responseQueueTime:0.2,sendTime:0.001,securityProtocol:PLAINTEXT,principal:User:ANONYMOUS,listener:PLAINTEXT,clientInformation:ClientInformation(softwareName=unknown, softwareVersion=unknown) (kafka.request.logger:205)
[2020-01-15 10:21:25,460] TRACE Socket server received empty response to send, registering for read: Response(type=NoOp, request=Request(processor=0, connectionId=127.0.0.1:59144-127.0.0.1:59147-0, session=Session(User:ANONYMOUS,/127.0.0.1), listenerName=ListenerName(PLAINTEXT), securityProtocol=PLAINTEXT, buffer=null)) (kafka.network.Processor:54)
[2020-01-15 10:21:25,460] TRACE Processor 0 received request: RequestHeader(apiKey=PRODUCE, apiVersion=8, clientId=, correlationId=-1) -- {acks=0,timeout=10000,partitionSizes=[]} (kafka.network.RequestChannel$:39)
[2020-01-15 10:21:25,460] TRACE Not sending PRODUCE response to client  as it's not required. (kafka.network.RequestChannel:54)
[2020-01-15 10:21:25,461] DEBUG Completed request:RequestHeader(apiKey=PRODUCE, apiVersion=8, clientId=, correlationId=-1) -- {acks=0,timeout=10000,partitionSizes=[]},response: from connection 127.0.0.1:59144-127.0.0.1:59147-0;totalTime:0.338,requestQueueTime:0.0,localTime:6.1087197181E7,remoteTime:0.0,throttleTime:0.0,responseQueueTime:0.218,sendTime:0.0,securityProtocol:PLAINTEXT,principal:User:ANONYMOUS,listener:PLAINTEXT,clientInformation:ClientInformation(softwareName=unknown, softwareVersion=unknown) (kafka.request.logger:205)
[2020-01-15 10:21:25,461] TRACE Socket server received empty response to send, registering for read: Response(type=NoOp, request=Request(processor=0, connectionId=127.0.0.1:59144-127.0.0.1:59147-0, session=Session(User:ANONYMOUS,/127.0.0.1), listenerName=ListenerName(PLAINTEXT), securityProtocol=PLAINTEXT, buffer=java.nio.HeapByteBuffer[pos=22 lim=22 cap=22])) (kafka.network.Processor:54)
[2020-01-15 10:21:25,565] INFO [SocketServer brokerId=0] Shutting down socket server (kafka.network.SocketServer:66)
[2020-01-15 10:21:25,565] INFO [SocketServer brokerId=0] Stopping socket server request processors (kafka.network.SocketServer:66)
[2020-01-15 10:21:25,565] DEBUG Closing server socket and selector. (kafka.network.Acceptor:62)
[2020-01-15 10:21:25,566] DEBUG Closing selector - processor 0 (kafka.network.Processor:62)
[2020-01-15 10:21:25,566] INFO [SocketServer brokerId=0] Stopped socket server request processors (kafka.network.SocketServer:66)
[2020-01-15 10:21:25,570] INFO [SocketServer brokerId=0] Shutdown completed (kafka.network.SocketServer:66)
[2020-01-15 10:21:25,576] INFO [SocketServer brokerId=0] Shutting down socket server (kafka.network.SocketServer:66)
[2020-01-15 10:21:25,577] INFO [SocketServer brokerId=0] Stopping socket server request processors (kafka.network.SocketServer:66)
[2020-01-15 10:21:25,577] DEBUG Closing server socket and selector. (kafka.network.Acceptor:62)
[2020-01-15 10:21:25,577] DEBUG Closing selector - processor 0 (kafka.network.Processor:62)
[2020-01-15 10:21:25,577] INFO [SocketServer brokerId=0] Stopped socket server request processors (kafka.network.SocketServer:66)
[2020-01-15 10:21:25,581] INFO [SocketServer brokerId=0] Shutdown completed (kafka.network.SocketServer:66)
[2020-01-15 10:21:25,582] INFO KafkaConfig values: 
	advertised.host.name = null
	advertised.listeners = null
	advertised.port = null
	alter.config.policy.class.name = null
	alter.log.dirs.replication.quota.window.num = 11
	alter.log.dirs.replication.quota.window.size.seconds = 1
	authorizer.class.name = 
	auto.create.topics.enable = true
	auto.leader.rebalance.enable = true
	background.threads = 10
	broker.id = 0
	broker.id.generation.enable = true
	broker.rack = null
	client.quota.callback.class = null
	compression.type = producer
	connection.failed.authentication.delay.ms = 100
	connections.max.idle.ms = 600000
	connections.max.reauth.ms = 1500
	control.plane.listener.name = null
	controlled.shutdown.enable = true
	controlled.shutdown.max.retries = 3
	controlled.shutdown.retry.backoff.ms = 100
	controller.socket.timeout.ms = 1500
	create.topic.policy.class.name = null
	default.replication.factor = 1
	delegation.token.expiry.check.interval.ms = 3600000
	delegation.token.expiry.time.ms = 86400000
	delegation.token.master.key = null
	delegation.token.max.lifetime.ms = 604800000
	delete.records.purgatory.purge.interval.requests = 1
	delete.topic.enable = true
	fetch.max.bytes = 57671680
	fetch.purgatory.purge.interval.requests = 1000
	group.initial.rebalance.delay.ms = 0
	group.max.session.timeout.ms = 1800000
	group.max.size = 2147483647
	group.min.session.timeout.ms = 6000
	host.name = 
	inter.broker.listener.name = null
	inter.broker.protocol.version = 2.4-IV1
	kafka.metrics.polling.interval.secs = 10
	kafka.metrics.reporters = []
	leader.imbalance.check.interval.seconds = 300
	leader.imbalance.per.broker.percentage = 10
	listener.security.protocol.map = PLAINTEXT:PLAINTEXT,SSL:SSL,SASL_PLAINTEXT:SASL_PLAINTEXT,SASL_SSL:SASL_SSL
	listeners = SASL_PLAINTEXT://localhost:0
	log.cleaner.backoff.ms = 15000
	log.cleaner.dedupe.buffer.size = 2097152
	log.cleaner.delete.retention.ms = 86400000
	log.cleaner.enable = true
	log.cleaner.io.buffer.load.factor = 0.9
	log.cleaner.io.buffer.size = 524288
	log.cleaner.io.max.bytes.per.second = 1.7976931348623157E308
	log.cleaner.max.compaction.lag.ms = 9223372036854775807
	log.cleaner.min.cleanable.ratio = 0.5
	log.cleaner.min.compaction.lag.ms = 0
	log.cleaner.threads = 1
	log.cleanup.policy = [delete]
	log.dir = /var/folders/b3/bhnnh3l53jjdfgphtx91qd1h0000gn/T/kafka-8083482946888432348
	log.dirs = null
	log.flush.interval.messages = 9223372036854775807
	log.flush.interval.ms = null
	log.flush.offset.checkpoint.interval.ms = 60000
	log.flush.scheduler.interval.ms = 9223372036854775807
	log.flush.start.offset.checkpoint.interval.ms = 60000
	log.index.interval.bytes = 4096
	log.index.size.max.bytes = 10485760
	log.message.downconversion.enable = true
	log.message.format.version = 2.4-IV1
	log.message.timestamp.difference.max.ms = 9223372036854775807
	log.message.timestamp.type = CreateTime
	log.preallocate = false
	log.retention.bytes = -1
	log.retention.check.interval.ms = 300000
	log.retention.hours = 168
	log.retention.minutes = null
	log.retention.ms = null
	log.roll.hours = 168
	log.roll.jitter.hours = 0
	log.roll.jitter.ms = null
	log.roll.ms = null
	log.segment.bytes = 1073741824
	log.segment.delete.delay.ms = 1000
	max.connections = 2147483647
	max.connections.per.ip = 2147483647
	max.connections.per.ip.overrides = 
	max.incremental.fetch.session.cache.slots = 1000
	message.max.bytes = 1000012
	metric.reporters = []
	metrics.num.samples = 2
	metrics.recording.level = INFO
	metrics.sample.window.ms = 30000
	min.insync.replicas = 1
	num.io.threads = 8
	num.network.threads = 1
	num.partitions = 1
	num.recovery.threads.per.data.dir = 1
	num.replica.alter.log.dirs.threads = null
	num.replica.fetchers = 1
	offset.metadata.max.bytes = 4096
	offsets.commit.required.acks = -1
	offsets.commit.timeout.ms = 5000
	offsets.load.buffer.size = 5242880
	offsets.retention.check.interval.ms = 600000
	offsets.retention.minutes = 10080
	offsets.topic.compression.codec = 0
	offsets.topic.num.partitions = 5
	offsets.topic.replication.factor = 1
	offsets.topic.segment.bytes = 104857600
	password.encoder.cipher.algorithm = AES/CBC/PKCS5Padding
	password.encoder.iterations = 4096
	password.encoder.key.length = 128
	password.encoder.keyfactory.algorithm = null
	password.encoder.old.secret = null
	password.encoder.secret = null
	port = 9092
	principal.builder.class = null
	producer.purgatory.purge.interval.requests = 1000
	queued.max.request.bytes = -1
	queued.max.requests = 500
	quota.consumer.default = 9223372036854775807
	quota.producer.default = 9223372036854775807
	quota.window.num = 11
	quota.window.size.seconds = 1
	replica.fetch.backoff.ms = 1000
	replica.fetch.max.bytes = 1048576
	replica.fetch.min.bytes = 1
	replica.fetch.response.max.bytes = 10485760
	replica.fetch.wait.max.ms = 500
	replica.high.watermark.checkpoint.interval.ms = 5000
	replica.lag.time.max.ms = 30000
	replica.selector.class = null
	replica.socket.receive.buffer.bytes = 65536
	replica.socket.timeout.ms = 1500
	replication.quota.window.num = 11
	replication.quota.window.size.seconds = 1
	request.timeout.ms = 30000
	reserved.broker.max.id = 1000
	sasl.client.callback.handler.class = null
	sasl.enabled.mechanisms = [GSSAPI]
	sasl.jaas.config = null
	sasl.kerberos.kinit.cmd = /usr/bin/kinit
	sasl.kerberos.min.time.before.relogin = 60000
	sasl.kerberos.principal.to.local.rules = [DEFAULT]
	sasl.kerberos.service.name = null
	sasl.kerberos.ticket.renew.jitter = 0.05
	sasl.kerberos.ticket.renew.window.factor = 0.8
	sasl.login.callback.handler.class = null
	sasl.login.class = null
	sasl.login.refresh.buffer.seconds = 300
	sasl.login.refresh.min.period.seconds = 60
	sasl.login.refresh.window.factor = 0.8
	sasl.login.refresh.window.jitter = 0.05
	sasl.mechanism.inter.broker.protocol = PLAIN
	sasl.server.callback.handler.class = null
	security.inter.broker.protocol = SASL_PLAINTEXT
	security.providers = null
	socket.receive.buffer.bytes = 102400
	socket.request.max.bytes = 104857600
	socket.send.buffer.bytes = 102400
	ssl.cipher.suites = []
	ssl.client.auth = none
	ssl.enabled.protocols = [TLSv1.2, TLSv1.1, TLSv1]
	ssl.endpoint.identification.algorithm = https
	ssl.key.password = null
	ssl.keymanager.algorithm = SunX509
	ssl.keystore.location = null
	ssl.keystore.password = null
	ssl.keystore.type = JKS
	ssl.principal.mapping.rules = DEFAULT
	ssl.protocol = TLS
	ssl.provider = null
	ssl.secure.random.implementation = null
	ssl.trustmanager.algorithm = PKIX
	ssl.truststore.location = null
	ssl.truststore.password = null
	ssl.truststore.type = JKS
	transaction.abort.timed.out.transaction.cleanup.interval.ms = 60000
	transaction.max.timeout.ms = 900000
	transaction.remove.expired.transaction.cleanup.interval.ms = 3600000
	transaction.state.log.load.buffer.size = 5242880
	transaction.state.log.min.isr = 2
	transaction.state.log.num.partitions = 50
	transaction.state.log.replication.factor = 3
	transaction.state.log.segment.bytes = 104857600
	transactional.id.expiration.ms = 604800000
	unclean.leader.election.enable = false
	zookeeper.connect = 127.0.0.1:1
	zookeeper.connection.timeout.ms = 10000
	zookeeper.max.in.flight.requests = 10
	zookeeper.session.timeout.ms = 18000
	zookeeper.set.acl = false
	zookeeper.sync.time.ms = 2000
 (kafka.server.KafkaConfig:347)
[2020-01-15 10:21:25,588] INFO Awaiting socket connections on localhost:59150. (kafka.network.Acceptor:66)
[2020-01-15 10:21:25,590] INFO [SocketServer brokerId=0] Created data-plane acceptor and processors for endpoint : EndPoint(localhost,0,ListenerName(SASL_PLAINTEXT),SASL_PLAINTEXT) (kafka.network.SocketServerTest$TestableSocketServer:66)
[2020-01-15 10:21:25,590] DEBUG [SocketServer brokerId=0] Wait for authorizer to complete start up on listener ListenerName(SASL_PLAINTEXT) (kafka.network.SocketServerTest$TestableSocketServer:62)
[2020-01-15 10:21:25,590] DEBUG [SocketServer brokerId=0] Start processors on listener ListenerName(SASL_PLAINTEXT) (kafka.network.SocketServerTest$TestableSocketServer:62)
[2020-01-15 10:21:25,590] INFO [SocketServer brokerId=0] Started data-plane processors for 1 acceptors (kafka.network.SocketServerTest$TestableSocketServer:66)
[2020-01-15 10:21:25,591] INFO [SocketServer brokerId=0] Started 1 acceptor threads for data-plane (kafka.network.SocketServerTest$TestableSocketServer:66)
[2020-01-15 10:21:25,592] DEBUG Accepted connection from /127.0.0.1:59151 on /127.0.0.1:59150 and assigned it to processor 0, sendBufferSize [actual|requested]: [102400|102400] recvBufferSize [actual|requested]: [375636|102400] (kafka.network.Acceptor:62)
[2020-01-15 10:21:25,592] DEBUG Processor 0 listening to new connection from /127.0.0.1:59151 (kafka.network.SocketServerTest$TestableSocketServer$$anon$8:62)
[2020-01-15 10:21:25,595] DEBUG Disconnecting expired channel: org.apache.kafka.common.network.KafkaChannel@25f64fcc id=127.0.0.1:59150-127.0.0.1:59151-0 : RequestHeader(apiKey=PRODUCE, apiVersion=8, clientId=, correlationId=-1) (kafka.network.SocketServerTest$TestableSocketServer$$anon$8:62)
[...]
[2020-01-15 10:21:42,575] DEBUG Completed request:RequestHeader(apiKey=PRODUCE, apiVersion=8, clientId=, correlationId=-1) -- {acks=0,timeout=10000,partitionSizes=[]},response:RequestHeader(apiKey=PRODUCE, apiVersion=8, clientId=, correlationId=-1) from connection 127.0.0.1:60136-127.0.0.1:60152-1;totalTime:1.097,requestQueueTime:0.0,localTime:6.1104311093E7,remoteTime:0.0,throttleTime:0.0,responseQueueTime:0.404,sendTime:0.289,securityProtocol:SSL,principal:User:ANONYMOUS,listener:SSL,clientInformation:ClientInformation(softwareName=unknown, softwareVersion=unknown) (kafka.request.logger:205)
[2020-01-15 10:21:42,676] DEBUG Accepted connection from /127.0.0.1:60165 on /127.0.0.1:60136 and assigned it to processor 0, sendBufferSize [actual|requested]: [300000|300000] recvBufferSize [actual|requested]: [310308|300000] (kafka.network.Acceptor:62)
[2020-01-15 10:21:42,676] DEBUG Processor 0 listening to new connection from /127.0.0.1:60165 (kafka.network.SocketServerTest$TestableSocketServer$$anon$8:62)
[2020-01-15 10:21:42,687] TRACE Processor 0 received request: RequestHeader(apiKey=PRODUCE, apiVersion=8, clientId=, correlationId=-1) -- {acks=0,timeout=10000,partitionSizes=[]} (kafka.network.RequestChannel$:39)
[2020-01-15 10:21:42,687] TRACE Sending PRODUCE response to client  of 26 bytes. (kafka.network.RequestChannel:54)
[2020-01-15 10:21:42,687] TRACE Socket server received response to send to 127.0.0.1:60136-127.0.0.1:60165-2, registering for write and sending data: Response(type=Send, request=Request(processor=0, connectionId=127.0.0.1:60136-127.0.0.1:60165-2, session=Session(User:ANONYMOUS,/127.0.0.1), listenerName=ListenerName(SSL), securityProtocol=SSL, buffer=java.nio.HeapByteBuffer[pos=22 lim=22 cap=22]), send=org.apache.kafka.common.network.NetworkSend@28da5de, asString=Some(RequestHeader(apiKey=PRODUCE, apiVersion=8, clientId=, correlationId=-1))) (kafka.network.SocketServerTest$TestableSocketServer$$anon$8:54)
[2020-01-15 10:21:42,688] DEBUG Completed request:RequestHeader(apiKey=PRODUCE, apiVersion=8, clientId=, correlationId=-1) -- {acks=0,timeout=10000,partitionSizes=[]},response:RequestHeader(apiKey=PRODUCE, apiVersion=8, clientId=, correlationId=-1) from connection 127.0.0.1:60136-127.0.0.1:60165-2;totalTime:4.329,requestQueueTime:0.0,localTime:6.1104423905E7,remoteTime:0.0,throttleTime:0.0,responseQueueTime:0.234,sendTime:0.372,securityProtocol:SSL,principal:User:ANONYMOUS,listener:SSL,clientInformation:ClientInformation(softwareName=unknown, softwareVersion=unknown) (kafka.request.logger:205)
[2020-01-15 10:21:42,791] INFO [SocketServer brokerId=0] Shutting down socket server (kafka.network.SocketServerTest$TestableSocketServer:66)
[2020-01-15 10:21:42,791] INFO [SocketServer brokerId=0] Stopping socket server request processors (kafka.network.SocketServerTest$TestableSocketServer:66)
[2020-01-15 10:21:42,791] DEBUG Closing server socket and selector. (kafka.network.Acceptor:62)
[2020-01-15 10:21:42,792] DEBUG Closing selector - processor 0 (kafka.network.SocketServerTest$TestableSocketServer$$anon$8:62)
[2020-01-15 10:21:42,792] INFO [SocketServer brokerId=0] Stopped socket server request processors (kafka.network.SocketServerTest$TestableSocketServer:66)
[2020-01-15 10:21:42,795] INFO [SocketServer brokerId=0] Shutdown completed (kafka.network.SocketServerTest$TestableSocketServer:66)
[2020-01-15 10:21:42,795] INFO [SocketServer brokerId=0] Shutting down socket server (kafka.network.SocketServer:66)
[2020-01-15 10:21:42,795] INFO [SocketServer brokerId=0] Stopping socket server request processors (kafka.network.SocketServer:66)
[2020-01-15 10:21:42,796] DEBUG Closing server socket and selector. (kafka.network.Acceptor:62)
[2020-01-15 10:21:42,796] DEBUG Closing selector - processor 0 (kafka.network.Processor:62)
[2020-01-15 10:21:42,796] INFO [SocketServer brokerId=0] Stopped socket server request processors (kafka.network.SocketServer:66)
[2020-01-15 10:21:42,799] INFO [SocketServer brokerId=0] Shutdown completed (kafka.network.SocketServer:66)
[2020-01-15 10:21:43,363] INFO KafkaConfig values: 
	advertised.host.name = null
	advertised.listeners = null
	advertised.port = null
	alter.config.policy.class.name = null
	alter.log.dirs.replication.quota.window.num = 11
	alter.log.dirs.replication.quota.window.size.seconds = 1
	authorizer.class.name = 
	auto.create.topics.enable = true
	auto.leader.rebalance.enable = true
	background.threads = 10
	broker.id = 0
	broker.id.generation.enable = true
	broker.rack = null
	client.quota.callback.class = null
	compression.type = producer
	connection.failed.authentication.delay.ms = 100
	connections.max.idle.ms = 600000
	connections.max.reauth.ms = 0
	control.plane.listener.name = null
	controlled.shutdown.enable = true
	controlled.shutdown.max.retries = 3
	controlled.shutdown.retry.backoff.ms = 100
	controller.socket.timeout.ms = 1500
	create.topic.policy.class.name = null
	default.replication.factor = 1
	delegation.token.expiry.check.interval.ms = 3600000
	delegation.token.expiry.time.ms = 86400000
	delegation.token.master.key = null
	delegation.token.max.lifetime.ms = 604800000
	delete.records.purgatory.purge.interval.requests = 1
	delete.topic.enable = true
	fetch.max.bytes = 57671680
	fetch.purgatory.purge.interval.requests = 1000
	group.initial.rebalance.delay.ms = 0
	group.max.session.timeout.ms = 1800000
	group.max.size = 2147483647
	group.min.session.timeout.ms = 6000
	host.name = 
	inter.broker.listener.name = null
	inter.broker.protocol.version = 2.4-IV1
	kafka.metrics.polling.interval.secs = 10
	kafka.metrics.reporters = []
	leader.imbalance.check.interval.seconds = 300
	leader.imbalance.per.broker.percentage = 10
	listener.security.protocol.map = PLAINTEXT:PLAINTEXT,SSL:SSL,SASL_PLAINTEXT:SASL_PLAINTEXT,SASL_SSL:SASL_SSL
	listeners = SSL://localhost:0
	log.cleaner.backoff.ms = 15000
	log.cleaner.dedupe.buffer.size = 2097152
	log.cleaner.delete.retention.ms = 86400000
	log.cleaner.enable = true
	log.cleaner.io.buffer.load.factor = 0.9
	log.cleaner.io.buffer.size = 524288
	log.cleaner.io.max.bytes.per.second = 1.7976931348623157E308
	log.cleaner.max.compaction.lag.ms = 9223372036854775807
	log.cleaner.min.cleanable.ratio = 0.5
	log.cleaner.min.compaction.lag.ms = 0
	log.cleaner.threads = 1
	log.cleanup.policy = [delete]
	log.dir = /var/folders/b3/bhnnh3l53jjdfgphtx91qd1h0000gn/T/kafka-5085556978532282573
	log.dirs = null
	log.flush.interval.messages = 9223372036854775807
	log.flush.interval.ms = null
	log.flush.offset.checkpoint.interval.ms = 60000
	log.flush.scheduler.interval.ms = 9223372036854775807
	log.flush.start.offset.checkpoint.interval.ms = 60000
	log.index.interval.bytes = 4096
	log.index.size.max.bytes = 10485760
	log.message.downconversion.enable = true
	log.message.format.version = 2.4-IV1
	log.message.timestamp.difference.max.ms = 9223372036854775807
	log.message.timestamp.type = CreateTime
	log.preallocate = false
	log.retention.bytes = -1
	log.retention.check.interval.ms = 300000
	log.retention.hours = 168
	log.retention.minutes = null
	log.retention.ms = null
	log.roll.hours = 168
	log.roll.jitter.hours = 0
	log.roll.jitter.ms = null
	log.roll.ms = null
	log.segment.bytes = 1073741824
	log.segment.delete.delay.ms = 1000
	max.connections = 2147483647
	max.connections.per.ip = 2147483647
	max.connections.per.ip.overrides = 
	max.incremental.fetch.session.cache.slots = 1000
	message.max.bytes = 1000012
	metric.reporters = []
	metrics.num.samples = 2
	metrics.recording.level = INFO
	metrics.sample.window.ms = 30000
	min.insync.replicas = 1
	num.io.threads = 8
	num.network.threads = 3
	num.partitions = 1
	num.recovery.threads.per.data.dir = 1
	num.replica.alter.log.dirs.threads = null
	num.replica.fetchers = 1
	offset.metadata.max.bytes = 4096
	offsets.commit.required.acks = -1
	offsets.commit.timeout.ms = 5000
	offsets.load.buffer.size = 5242880
	offsets.retention.check.interval.ms = 600000
	offsets.retention.minutes = 10080
	offsets.topic.compression.codec = 0
	offsets.topic.num.partitions = 5
	offsets.topic.replication.factor = 1
	offsets.topic.segment.bytes = 104857600
	password.encoder.cipher.algorithm = AES/CBC/PKCS5Padding
	password.encoder.iterations = 4096
	password.encoder.key.length = 128
	password.encoder.keyfactory.algorithm = null
	password.encoder.old.secret = null
	password.encoder.secret = null
	port = 9092
	principal.builder.class = null
	producer.purgatory.purge.interval.requests = 1000
	queued.max.request.bytes = -1
	queued.max.requests = 500
	quota.consumer.default = 9223372036854775807
	quota.producer.default = 9223372036854775807
	quota.window.num = 11
	quota.window.size.seconds = 1
	replica.fetch.backoff.ms = 1000
	replica.fetch.max.bytes = 1048576
	replica.fetch.min.bytes = 1
	replica.fetch.response.max.bytes = 10485760
	replica.fetch.wait.max.ms = 500
	replica.high.watermark.checkpoint.interval.ms = 5000
	replica.lag.time.max.ms = 30000
	replica.selector.class = null
	replica.socket.receive.buffer.bytes = 65536
	replica.socket.timeout.ms = 1500
	replication.quota.window.num = 11
	replication.quota.window.size.seconds = 1
	request.timeout.ms = 30000
	reserved.broker.max.id = 1000
	sasl.client.callback.handler.class = null
	sasl.enabled.mechanisms = [GSSAPI]
	sasl.jaas.config = null
	sasl.kerberos.kinit.cmd = /usr/bin/kinit
	sasl.kerberos.min.time.before.relogin = 60000
	sasl.kerberos.principal.to.local.rules = [DEFAULT]
	sasl.kerberos.service.name = null
	sasl.kerberos.ticket.renew.jitter = 0.05
	sasl.kerberos.ticket.renew.window.factor = 0.8
	sasl.login.callback.handler.class = null
	sasl.login.class = null
	sasl.login.refresh.buffer.seconds = 300
	sasl.login.refresh.min.period.seconds = 60
	sasl.login.refresh.window.factor = 0.8
	sasl.login.refresh.window.jitter = 0.05
	sasl.mechanism.inter.broker.protocol = GSSAPI
	sasl.server.callback.handler.class = null
	security.inter.broker.protocol = SSL
	security.providers = null
	socket.receive.buffer.bytes = 102400
	socket.request.max.bytes = 104857600
	socket.send.buffer.bytes = 102400
	ssl.cipher.suites = []
	ssl.client.auth = none
	ssl.enabled.protocols = [TLSv1.2]
	ssl.endpoint.identification.algorithm = https
	ssl.key.password = [hidden]
	ssl.keymanager.algorithm = PKIX
	ssl.keystore.location = /var/folders/b3/bhnnh3l53jjdfgphtx91qd1h0000gn/T/serverKS6417720272790194184.jks
	ssl.keystore.password = [hidden]
	ssl.keystore.type = JKS
	ssl.principal.mapping.rules = DEFAULT
	ssl.protocol = TLSv1.2
	ssl.provider = null
	ssl.secure.random.implementation = null
	ssl.trustmanager.algorithm = PKIX
	ssl.truststore.location = /var/folders/b3/bhnnh3l53jjdfgphtx91qd1h0000gn/T/truststore1353610333736020212.jks
	ssl.truststore.password = [hidden]
	ssl.truststore.type = JKS
	transaction.abort.timed.out.transaction.cleanup.interval.ms = 60000
	transaction.max.timeout.ms = 900000
	transaction.remove.expired.transaction.cleanup.interval.ms = 3600000
	transaction.state.log.load.buffer.size = 5242880
	transaction.state.log.min.isr = 2
	transaction.state.log.num.partitions = 50
	transaction.state.log.replication.factor = 3
	transaction.state.log.segment.bytes = 104857600
	transactional.id.expiration.ms = 604800000
	unclean.leader.election.enable = false
	zookeeper.connect = 127.0.0.1:1
	zookeeper.connection.timeout.ms = 10000
	zookeeper.max.in.flight.requests = 10
	zookeeper.session.timeout.ms = 18000
	zookeeper.set.acl = false
	zookeeper.sync.time.ms = 2000
 (kafka.server.KafkaConfig:347)
[2020-01-15 10:21:43,368] INFO Awaiting socket connections on localhost:60188. (kafka.network.Acceptor:66)
[2020-01-15 10:21:43,434] INFO [SocketServer brokerId=0] Created data-plane acceptor and processors for endpoint : EndPoint(localhost,0,ListenerName(SSL),SSL) (kafka.network.SocketServer:66)
[2020-01-15 10:21:43,435] DEBUG [SocketServer brokerId=0] Wait for authorizer to complete start up on listener ListenerName(SSL) (kafka.network.SocketServer:62)
[2020-01-15 10:21:43,435] DEBUG [SocketServer brokerId=0] Start processors on listener ListenerName(SSL) (kafka.network.SocketServer:62)
[2020-01-15 10:21:43,435] INFO [SocketServer brokerId=0] Started data-plane processors for 1 acceptors (kafka.network.SocketServer:66)
[2020-01-15 10:21:43,435] INFO [SocketServer brokerId=0] Started 1 acceptor threads for data-plane (kafka.network.SocketServer:66)
[2020-01-15 10:21:43,436] DEBUG Accepted connection from /127.0.0.1:60192 on /127.0.0.1:60188 and assigned it to processor 0, sendBufferSize [actual|requested]: [102400|102400] recvBufferSize [actual|requested]: [375636|102400] (kafka.network.Acceptor:62)
[2020-01-15 10:21:43,436] DEBUG Processor 0 listening to new connection from /127.0.0.1:60192 (kafka.network.Processor:62)
[2020-01-15 10:21:43,445] TRACE Processor 0 received request: RequestHeader(apiKey=PRODUCE, apiVersion=8, clientId=, correlationId=-1) -- {acks=0,timeout=10000,partitionSizes=[]} (kafka.network.RequestChannel$:39)
[2020-01-15 10:21:43,445] TRACE Sending PRODUCE response to client  of 26 bytes. (kafka.network.RequestChannel:54)
[2020-01-15 10:21:43,445] TRACE Socket server received response to send to 127.0.0.1:60188-127.0.0.1:60192-0, registering for write and sending data: Response(type=Send, request=Request(processor=0, connectionId=127.0.0.1:60188-127.0.0.1:60192-0, session=Session(User:ANONYMOUS,/127.0.0.1), listenerName=ListenerName(SSL), securityProtocol=SSL, buffer=java.nio.HeapByteBuffer[pos=22 lim=22 cap=22]), send=org.apache.kafka.common.network.NetworkSend@34644203, asString=Some(RequestHeader(apiKey=PRODUCE, apiVersion=8, clientId=, correlationId=-1))) (kafka.network.Processor:54)
[2020-01-15 10:21:43,446] INFO [SocketServer brokerId=0] Shutting down socket server (kafka.network.SocketServer:66)
[2020-01-15 10:21:43,446] INFO [SocketServer brokerId=0] Stopping socket server request processors (kafka.network.SocketServer:66)
[2020-01-15 10:21:43,446] DEBUG Completed request:RequestHeader(apiKey=PRODUCE, apiVersion=8, clientId=, correlationId=-1) -- {acks=0,timeout=10000,partitionSizes=[]},response:RequestHeader(apiKey=PRODUCE, apiVersion=8, clientId=, correlationId=-1) from connection 127.0.0.1:60188-127.0.0.1:60192-0;totalTime:0.726,requestQueueTime:0.0,localTime:6.1105181987E7,remoteTime:0.0,throttleTime:0.0,responseQueueTime:0.26,sendTime:0.257,securityProtocol:SSL,principal:User:ANONYMOUS,listener:SSL,clientInformation:ClientInformation(softwareName=unknown, softwareVersion=unknown) (kafka.request.logger:205)
[2020-01-15 10:21:43,446] DEBUG Closing server socket and selector. (kafka.network.Acceptor:62)
[2020-01-15 10:21:43,446] DEBUG Closing selector - processor 0 (kafka.network.Processor:62)
[2020-01-15 10:21:43,447] DEBUG Closing selector - processor 1 (kafka.network.Processor:62)
[2020-01-15 10:21:43,447] DEBUG Closing selector - processor 2 (kafka.network.Processor:62)
[2020-01-15 10:21:43,447] INFO [SocketServer brokerId=0] Stopped socket server request processors (kafka.network.SocketServer:66)
[2020-01-15 10:21:43,451] INFO [SocketServer brokerId=0] Shutdown completed (kafka.network.SocketServer:66)
[2020-01-15 10:21:43,451] INFO [SocketServer brokerId=0] Shutting down socket server (kafka.network.SocketServer:66)
[2020-01-15 10:21:43,451] INFO [SocketServer brokerId=0] Stopping socket server request processors (kafka.network.SocketServer:66)
[2020-01-15 10:21:43,451] DEBUG Closing server socket and selector. (kafka.network.Acceptor:62)
[2020-01-15 10:21:43,451] DEBUG Closing selector - processor 0 (kafka.network.Processor:62)
[2020-01-15 10:21:43,452] INFO [SocketServer brokerId=0] Stopped socket server request processors (kafka.network.SocketServer:66)
[2020-01-15 10:21:43,454] INFO [SocketServer brokerId=0] Shutdown completed (kafka.network.SocketServer:66)
[2020-01-15 10:21:43,461] DEBUG Accepted connection from /127.0.0.1:60194 on /127.0.0.1:60193 and assigned it to processor 0, sendBufferSize [actual|requested]: [300000|300000] recvBufferSize [actual|requested]: [310308|300000] (kafka.network.Acceptor:62)
[2020-01-15 10:21:43,461] DEBUG Processor 0 listening to new connection from /127.0.0.1:60194 (kafka.network.Processor:62)
[2020-01-15 10:21:43,461] INFO [SocketServer brokerId=0] Shutting down socket server (kafka.network.SocketServer:66)
[2020-01-15 10:21:43,461] INFO [SocketServer brokerId=0] Stopping socket server request processors (kafka.network.SocketServer:66)
[2020-01-15 10:21:43,462] DEBUG Closing server socket and selector. (kafka.network.Acceptor:62)
[2020-01-15 10:21:43,462] DEBUG Closing selector - processor 0 (kafka.network.Processor:62)
[2020-01-15 10:21:43,462] INFO [SocketServer brokerId=0] Stopped socket server request processors (kafka.network.SocketServer:66)
[2020-01-15 10:21:43,466] INFO [SocketServer brokerId=0] Shutdown completed (kafka.network.SocketServer:66)
[2020-01-15 10:21:43,472] DEBUG Accepted connection from /127.0.0.1:60196 on /127.0.0.1:60195 and assigned it to processor 0, sendBufferSize [actual|requested]: [300000|300000] recvBufferSize [actual|requested]: [310308|300000] (kafka.network.Acceptor:62)
[2020-01-15 10:21:43,472] DEBUG Processor 0 listening to new connection from /127.0.0.1:60196 (kafka.network.Processor:62)
[2020-01-15 10:21:43,473] TRACE Processor 0 received request: RequestHeader(apiKey=PRODUCE, apiVersion=8, clientId=, correlationId=-1) -- {acks=0,timeout=10000,partitionSizes=[]} (kafka.network.RequestChannel$:39)
[2020-01-15 10:21:43,473] TRACE Notifying channel throttling has started for client  for PRODUCE (kafka.network.RequestChannel:54)
[2020-01-15 10:21:43,473] TRACE Not sending PRODUCE response to client  as it's not required. (kafka.network.RequestChannel:54)
[2020-01-15 10:21:43,473] DEBUG Completed request:RequestHeader(apiKey=PRODUCE, apiVersion=8, clientId=, correlationId=-1) -- {acks=0,timeout=10000,partitionSizes=[]},response: from connection 127.0.0.1:60195-127.0.0.1:60196-0;totalTime:0.485,requestQueueTime:0.0,localTime:6.1105209681E7,remoteTime:0.15,throttleTime:0.0,responseQueueTime:0.191,sendTime:0.0,securityProtocol:PLAINTEXT,principal:User:ANONYMOUS,listener:PLAINTEXT,clientInformation:ClientInformation(softwareName=unknown, softwareVersion=unknown) (kafka.request.logger:205)
[2020-01-15 10:21:43,473] TRACE Socket server received empty response to send, registering for read: Response(type=NoOp, request=Request(processor=0, connectionId=127.0.0.1:60195-127.0.0.1:60196-0, session=Session(User:ANONYMOUS,/127.0.0.1), listenerName=ListenerName(PLAINTEXT), securityProtocol=PLAINTEXT, buffer=java.nio.HeapByteBuffer[pos=22 lim=22 cap=22])) (kafka.network.Processor:54)
[2020-01-15 10:21:43,576] INFO [SocketServer brokerId=0] Shutting down socket server (kafka.network.SocketServer:66)
[2020-01-15 10:21:43,577] INFO [SocketServer brokerId=0] Stopping socket server request processors (kafka.network.SocketServer:66)
[2020-01-15 10:21:43,577] DEBUG Closing server socket and selector. (kafka.network.Acceptor:62)
[2020-01-15 10:21:43,577] DEBUG Closing selector - processor 0 (kafka.network.Processor:62)
[2020-01-15 10:21:43,577] DEBUG Closing selector connection 127.0.0.1:60195-127.0.0.1:60196-0 (kafka.network.Processor:62)
[2020-01-15 10:21:43,578] INFO [SocketServer brokerId=0] Stopped socket server request processors (kafka.network.SocketServer:66)
[2020-01-15 10:21:43,581] INFO [SocketServer brokerId=0] Shutdown completed (kafka.network.SocketServer:66)
]]></system-out>
  <system-err><![CDATA[]]></system-err>
</testsuite>
